#
# A fatal error has been detected by the Java Runtime Environment:
#
#  SIGSEGV (0xb) at pc=0x000000010cdfa46f, pid=6173, tid=0x000000000000c90f
#
# JRE version: Java(TM) SE Runtime Environment (8.0_141-b15) (build 1.8.0_141-b15)
# Java VM: Java HotSpot(TM) 64-Bit Server VM (25.141-b15 mixed mode bsd-amd64 compressed oops)
# Problematic frame:
# V  [libjvm.dylib+0x31f46f]
#
# Failed to write core dump. Core dumps have been disabled. To enable core dumping, try "ulimit -c unlimited" before starting Java again
#
# If you would like to submit a bug report, please visit:
#   http://bugreport.java.com/bugreport/crash.jsp
#

---------------  T H R E A D  ---------------

Current thread (0x00007f823f95b800):  JavaThread "Task worker for ':'" [_thread_in_vm, id=51471, stack(0x000000012abe0000,0x000000012ace0000)]

siginfo: si_signo: 11 (SIGSEGV), si_code: 1 (SEGV_MAPERR), si_addr: 0x0000000000000010

Registers:
RAX=0x000000010d3ca060, RBX=0x0000000000000000, RCX=0x0000000000000000, RDX=0x0000000000000000
RSP=0x000000012acdb730, RBP=0x000000012acdb7a0, RSI=0x000000012acdb840, RDI=0x00007f823f95b9f8
R8 =0x0000000000000000, R9 =0x00007fff8b5c1d60, R10=0x000000010d0c4bea, R11=0x00007f812ff3d31f
R12=0x00007f823f95b9f8, R13=0x00007f823f95b800, R14=0x0000000000000000, R15=0x000000012acdb840
RIP=0x000000010cdfa46f, EFLAGS=0x0000000000010246, ERR=0x0000000000000004
  TRAPNO=0x000000000000000e

Top of Stack: (sp=0x000000012acdb730)
0x000000012acdb730:   0000000131b00c10 00007f823f95b800
0x000000012acdb740:   00007f823f95b800 00007f823f95b800
0x000000012acdb750:   00007f8241405838 0000000100000b8b
0x000000012acdb760:   000000010d0da498 00007f823f95b800
0x000000012acdb770:   00007f823f95b800 00007f823f95b9f8
0x000000012acdb780:   000000010cdfa3cf 0000000131b01028
0x000000012acdb790:   000000012acdb840 00000001255b2e39
0x000000012acdb7a0:   000000012acdb7e0 00000001255b1f98
0x000000012acdb7b0:   00000001255b1e90 0000000131b01030
0x000000012acdb7c0:   0000000000000000 0000000131b01028
0x000000012acdb7d0:   000000012acdb848 00007f823f95b800
0x000000012acdb7e0:   000000012acdb830 000000010e4179f4
0x000000012acdb7f0:   000000012acdb7f0 0000000131b01028
0x000000012acdb800:   000000012acdb848 0000000131b01248
0x000000012acdb810:   0000000000000000 0000000131b01030
0x000000012acdb820:   0000000000000000 000000012acdb850
0x000000012acdb830:   000000012acdb890 000000010e4082bd
0x000000012acdb840:   00000007a6ba23e0 000000010e411538
0x000000012acdb850:   000000012acdb850 0000000131b011ac
0x000000012acdb860:   000000012acdb898 0000000131b01248
0x000000012acdb870:   0000000000000000 0000000131b011b8
0x000000012acdb880:   000000012acdb850 000000012acdb8a0
0x000000012acdb890:   000000012acdb900 000000010e4007a7
0x000000012acdb8a0:   0000000100001fa0 000000000000000a
0x000000012acdb8b0:   00007f823f95b800 0000000000000000
0x000000012acdb8c0:   000000010e40071f 0000000131b011b8
0x000000012acdb8d0:   000000012acdb998 000000012acdbad0
0x000000012acdb8e0:   00007f820000000a 0000000131b011b8
0x000000012acdb8f0:   000000010e412c80 000000012acdbae0
0x000000012acdb900:   000000012acdbab0 000000010cdc970a
0x000000012acdb910:   0000000100000000 00007f823f95b800
0x000000012acdb920:   00007f823f95b801 000000012acdbad0 

Instructions: (pc=0x000000010cdfa46f)
0x000000010cdfa44f:   45 a0 48 89 44 24 08 c7 04 24 49 00 00 00 31 f6
0x000000010cdfa45f:   41 b9 01 00 00 00 31 d2 4d 89 f0 e8 2b 54 07 00
0x000000010cdfa46f:   49 63 46 10 49 8b 0e 48 8b 49 68 89 1c 01 90 0f
0x000000010cdfa47f:   1f 40 00 48 83 7d b0 00 74 09 48 8d 7d a8 e8 02 

Register to memory mapping:

RAX=0x000000010d3ca060: _ZN11JvmtiExport31_should_post_field_modificationE+0 in /Library/Java/JavaVirtualMachines/jdk1.8.0_141.jdk/Contents/Home/jre/lib/server/libjvm.dylib at 0x000000010cadb000
RBX=0x0000000000000000 is an unknown value
RCX=0x0000000000000000 is an unknown value
RDX=0x0000000000000000 is an unknown value
RSP=0x000000012acdb730 is pointing into the stack for thread: 0x00007f823f95b800
RBP=0x000000012acdb7a0 is pointing into the stack for thread: 0x00007f823f95b800
RSI=0x000000012acdb840 is pointing into the stack for thread: 0x00007f823f95b800
RDI=0x00007f823f95b9f8 is an unknown value
R8 =0x0000000000000000 is an unknown value
R9 =0x00007fff8b5c1d60: zeroes+0 in /usr/lib/system/libsystem_c.dylib at 0x00007fff8b53a000
R10=0x000000010d0c4bea: _ZL24decode_instructions_name+0x9e2 in /Library/Java/JavaVirtualMachines/jdk1.8.0_141.jdk/Contents/Home/jre/lib/server/libjvm.dylib at 0x000000010cadb000
R11=0x00007f812ff3d31f is an unknown value
R12=0x00007f823f95b9f8 is an unknown value
R13=0x00007f823f95b800 is a thread
R14=0x0000000000000000 is an unknown value
R15=0x000000012acdb840 is pointing into the stack for thread: 0x00007f823f95b800


Stack: [0x000000012abe0000,0x000000012ace0000],  sp=0x000000012acdb730,  free space=1005k
Native frames: (J=compiled Java code, j=interpreted, Vv=VM code, C=native code)
V  [libjvm.dylib+0x31f46f]
C  [libjansi.jnilib+0xf98]  Java_org_fusesource_jansi_internal_CLibrary_init+0x108
j  org.fusesource.jansi.internal.CLibrary.init()V+0
j  org.fusesource.jansi.internal.CLibrary.<clinit>()V+20
v  ~StubRoutines::call_stub
V  [libjvm.dylib+0x2ee70a]
V  [libjvm.dylib+0x2c12c1]
V  [libjvm.dylib+0x2c2925]
V  [libjvm.dylib+0x2c2bbb]
V  [libjvm.dylib+0x3c9b1e]
V  [libjvm.dylib+0x3cc103]
V  [libjvm.dylib+0x2e95f7]
j  org.jetbrains.kotlin.cli.common.messages.PlainTextMessageRenderer.<clinit>()V+21
v  ~StubRoutines::call_stub
V  [libjvm.dylib+0x2ee70a]
V  [libjvm.dylib+0x2c12c1]
V  [libjvm.dylib+0x2c2925]
V  [libjvm.dylib+0x2c2bbb]
V  [libjvm.dylib+0x2c2763]
V  [libjvm.dylib+0x2c2bbb]
V  [libjvm.dylib+0x2ea15c]
j  org.jetbrains.kotlin.cli.common.messages.MessageRenderer.<clinit>()V+10
v  ~StubRoutines::call_stub
V  [libjvm.dylib+0x2ee70a]
V  [libjvm.dylib+0x2c12c1]
V  [libjvm.dylib+0x2c2925]
V  [libjvm.dylib+0x2c2bbb]
V  [libjvm.dylib+0x3c9b1e]
V  [libjvm.dylib+0x3cc103]
V  [libjvm.dylib+0x2e95f7]
j  org.jetbrains.kotlin.compilerRunner.GradleCompilerRunner$loggingMessageCollector$2$1.<init>(Lorg/jetbrains/kotlin/compilerRunner/GradleCompilerRunner$loggingMessageCollector$2;)V+10
j  org.jetbrains.kotlin.compilerRunner.GradleCompilerRunner$loggingMessageCollector$2.invoke()Lorg/jetbrains/kotlin/compilerRunner/GradleCompilerRunner$loggingMessageCollector$2$1;+5
j  org.jetbrains.kotlin.compilerRunner.GradleCompilerRunner$loggingMessageCollector$2.invoke()Ljava/lang/Object;+1
j  kotlin.SynchronizedLazyImpl.getValue()Ljava/lang/Object;+55
j  org.jetbrains.kotlin.compilerRunner.GradleCompilerRunner.getLoggingMessageCollector()Lorg/jetbrains/kotlin/cli/common/messages/MessageCollector;+14
j  org.jetbrains.kotlin.compilerRunner.GradleCompilerRunner.compileOutOfProcess([Ljava/lang/String;Ljava/lang/String;Lorg/jetbrains/kotlin/compilerRunner/GradleCompilerEnvironment;)Lorg/jetbrains/kotlin/cli/common/ExitCode;+238
j  org.jetbrains.kotlin.compilerRunner.GradleCompilerRunner.compileWithDaemonOrFallback(Ljava/lang/String;Lorg/jetbrains/kotlin/cli/common/arguments/CommonCompilerArguments;Lorg/jetbrains/kotlin/compilerRunner/GradleCompilerEnvironment;)Lorg/jetbrains/kotlin/cli/common/ExitCode;+584
j  org.jetbrains.kotlin.compilerRunner.GradleCompilerRunner.compileWithDaemonOrFallback(Ljava/lang/String;Lorg/jetbrains/kotlin/cli/common/arguments/CommonCompilerArguments;Lorg/jetbrains/kotlin/compilerRunner/CompilerEnvironment;)Lorg/jetbrains/kotlin/cli/common/ExitCode;+7
j  org.jetbrains.kotlin.compilerRunner.KotlinCompilerRunner.runCompiler(Ljava/lang/String;Lorg/jetbrains/kotlin/cli/common/arguments/CommonCompilerArguments;Lorg/jetbrains/kotlin/compilerRunner/CompilerEnvironment;)Lorg/jetbrains/kotlin/cli/common/ExitCode;+25
j  org.jetbrains.kotlin.compilerRunner.GradleCompilerRunner.runJvmCompiler(Ljava/util/List;Ljava/lang/Iterable;Lorg/jetbrains/kotlin/cli/common/arguments/K2JVMCompilerArguments;Lorg/jetbrains/kotlin/compilerRunner/GradleCompilerEnvironment;)Lorg/jetbrains/kotlin/cli/common/ExitCode;+234
j  org.jetbrains.kotlin.gradle.tasks.KotlinCompile.callCompiler$kotlin_gradle_plugin(Lorg/jetbrains/kotlin/cli/common/arguments/K2JVMCompilerArguments;Lorg/jetbrains/kotlin/gradle/tasks/SourceRoots;Lorg/jetbrains/kotlin/incremental/ChangedFiles;)V+291
j  org.jetbrains.kotlin.gradle.tasks.KotlinCompile.callCompiler$kotlin_gradle_plugin(Lorg/jetbrains/kotlin/cli/common/arguments/CommonCompilerArguments;Lorg/jetbrains/kotlin/gradle/tasks/SourceRoots;Lorg/jetbrains/kotlin/incremental/ChangedFiles;)V+7
j  org.jetbrains.kotlin.gradle.tasks.AbstractKotlinCompile.execute(Lorg/gradle/api/tasks/incremental/IncrementalTaskInputs;)V+189
v  ~StubRoutines::call_stub
V  [libjvm.dylib+0x2ee70a]
V  [libjvm.dylib+0x4d3c0c]
V  [libjvm.dylib+0x4d4140]
V  [libjvm.dylib+0x346b0c]
J 1357  sun.reflect.NativeMethodAccessorImpl.invoke0(Ljava/lang/reflect/Method;Ljava/lang/Object;[Ljava/lang/Object;)Ljava/lang/Object; (0 bytes) @ 0x000000010e80276d [0x000000010e802680+0xed]
J 1356 C1 sun.reflect.NativeMethodAccessorImpl.invoke(Ljava/lang/Object;[Ljava/lang/Object;)Ljava/lang/Object; (104 bytes) @ 0x000000010e803d14 [0x000000010e802b40+0x11d4]
J 6864 C2 java.lang.reflect.Method.invoke(Ljava/lang/Object;[Ljava/lang/Object;)Ljava/lang/Object; (62 bytes) @ 0x000000010f892c0c [0x000000010f892b80+0x8c]
J 2097 C1 org.gradle.internal.reflect.JavaMethod.invoke(Ljava/lang/Object;[Ljava/lang/Object;)Ljava/lang/Object; (74 bytes) @ 0x000000010eb2dbe4 [0x000000010eb2db60+0x84]
j  org.gradle.api.internal.project.taskfactory.DefaultTaskClassInfoStore$IncrementalTaskAction.doExecute(Lorg/gradle/api/Task;Ljava/lang/String;)V+35
j  org.gradle.api.internal.project.taskfactory.DefaultTaskClassInfoStore$StandardTaskAction.execute(Lorg/gradle/api/Task;)V+32
j  org.gradle.api.internal.project.taskfactory.DefaultTaskClassInfoStore$StandardTaskAction.execute(Ljava/lang/Object;)V+5
j  org.gradle.api.internal.tasks.execution.ExecuteActionsTaskExecuter$1.run(Lorg/gradle/internal/operations/BuildOperationContext;)V+23
J 8779 C1 org.gradle.internal.progress.DefaultBuildOperationExecutor$RunnableBuildOperationWorker.execute(Lorg/gradle/internal/operations/BuildOperation;Lorg/gradle/internal/operations/BuildOperationContext;)V (10 bytes) @ 0x000000010f6b6ff4 [0x000000010f6b6f40+0xb4]
J 7841 C1 org.gradle.internal.progress.DefaultBuildOperationExecutor.execute(Lorg/gradle/internal/operations/BuildOperation;Lorg/gradle/internal/operations/BuildOperationWorker;Lorg/gradle/internal/progress/DefaultBuildOperationExecutor$DefaultBuildOperationState;)V (430 bytes) @ 0x000000010fa3c55c [0x000000010fa3bbc0+0x99c]
J 11042 C1 org.gradle.internal.progress.DefaultBuildOperationExecutor.run(Lorg/gradle/internal/operations/RunnableBuildOperation;)V (38 bytes) @ 0x000000010e8d3864 [0x000000010e8d3760+0x104]
j  org.gradle.api.internal.tasks.execution.ExecuteActionsTaskExecuter.executeAction(Ljava/lang/String;Lorg/gradle/api/internal/TaskInternal;Lorg/gradle/api/internal/tasks/ContextAwareTaskAction;Lorg/gradle/api/internal/tasks/TaskExecutionContext;)V+23
j  org.gradle.api.internal.tasks.execution.ExecuteActionsTaskExecuter.executeActions(Lorg/gradle/api/internal/TaskInternal;Lorg/gradle/api/internal/tasks/TaskStateInternal;Lorg/gradle/api/internal/tasks/TaskExecutionContext;)Lorg/gradle/api/GradleException;+131
j  org.gradle.api.internal.tasks.execution.ExecuteActionsTaskExecuter.execute(Lorg/gradle/api/internal/TaskInternal;Lorg/gradle/api/internal/tasks/TaskStateInternal;Lorg/gradle/api/internal/tasks/TaskExecutionContext;)V+42
j  org.gradle.api.internal.tasks.execution.SkipUpToDateTaskExecuter.execute(Lorg/gradle/api/internal/TaskInternal;Lorg/gradle/api/internal/tasks/TaskStateInternal;Lorg/gradle/api/internal/tasks/TaskExecutionContext;)V+131
j  org.gradle.api.internal.tasks.execution.ResolveTaskOutputCachingStateExecuter.execute(Lorg/gradle/api/internal/TaskInternal;Lorg/gradle/api/internal/tasks/TaskStateInternal;Lorg/gradle/api/internal/tasks/TaskExecutionContext;)V+96
j  org.gradle.api.internal.tasks.execution.ValidatingTaskExecuter.execute(Lorg/gradle/api/internal/TaskInternal;Lorg/gradle/api/internal/tasks/TaskStateInternal;Lorg/gradle/api/internal/tasks/TaskExecutionContext;)V+215
j  org.gradle.api.internal.tasks.execution.SkipEmptySourceFilesTaskExecuter.execute(Lorg/gradle/api/internal/TaskInternal;Lorg/gradle/api/internal/tasks/TaskStateInternal;Lorg/gradle/api/internal/tasks/TaskExecutionContext;)V+335
j  org.gradle.api.internal.tasks.execution.ResolveTaskArtifactStateTaskExecuter.execute(Lorg/gradle/api/internal/TaskInternal;Lorg/gradle/api/internal/tasks/TaskStateInternal;Lorg/gradle/api/internal/tasks/TaskExecutionContext;)V+72
j  org.gradle.api.internal.tasks.execution.SkipTaskWithNoActionsExecuter.execute(Lorg/gradle/api/internal/TaskInternal;Lorg/gradle/api/internal/tasks/TaskStateInternal;Lorg/gradle/api/internal/tasks/TaskExecutionContext;)V+124
j  org.gradle.api.internal.tasks.execution.SkipOnlyIfTaskExecuter.execute(Lorg/gradle/api/internal/TaskInternal;Lorg/gradle/api/internal/tasks/TaskStateInternal;Lorg/gradle/api/internal/tasks/TaskExecutionContext;)V+85
j  org.gradle.api.internal.tasks.execution.ExecuteAtMostOnceTaskExecuter.execute(Lorg/gradle/api/internal/TaskInternal;Lorg/gradle/api/internal/tasks/TaskStateInternal;Lorg/gradle/api/internal/tasks/TaskExecutionContext;)V+26
j  org.gradle.api.internal.tasks.execution.CatchExceptionTaskExecuter.execute(Lorg/gradle/api/internal/TaskInternal;Lorg/gradle/api/internal/tasks/TaskStateInternal;Lorg/gradle/api/internal/tasks/TaskExecutionContext;)V+7
j  org.gradle.execution.taskgraph.DefaultTaskGraphExecuter$EventFiringTaskWorker$1.run(Lorg/gradle/internal/operations/BuildOperationContext;)V+56
J 8779 C1 org.gradle.internal.progress.DefaultBuildOperationExecutor$RunnableBuildOperationWorker.execute(Lorg/gradle/internal/operations/BuildOperation;Lorg/gradle/internal/operations/BuildOperationContext;)V (10 bytes) @ 0x000000010f6b6ff4 [0x000000010f6b6f40+0xb4]
J 7841 C1 org.gradle.internal.progress.DefaultBuildOperationExecutor.execute(Lorg/gradle/internal/operations/BuildOperation;Lorg/gradle/internal/operations/BuildOperationWorker;Lorg/gradle/internal/progress/DefaultBuildOperationExecutor$DefaultBuildOperationState;)V (430 bytes) @ 0x000000010fa3c55c [0x000000010fa3bbc0+0x99c]
J 11042 C1 org.gradle.internal.progress.DefaultBuildOperationExecutor.run(Lorg/gradle/internal/operations/RunnableBuildOperation;)V (38 bytes) @ 0x000000010e8d3864 [0x000000010e8d3760+0x104]
j  org.gradle.execution.taskgraph.DefaultTaskGraphExecuter$EventFiringTaskWorker.execute(Lorg/gradle/api/internal/TaskInternal;)V+16
j  org.gradle.execution.taskgraph.DefaultTaskGraphExecuter$EventFiringTaskWorker.execute(Ljava/lang/Object;)V+5
j  org.gradle.execution.taskgraph.DefaultTaskPlanExecutor$TaskExecutorWorker.processTask(Lorg/gradle/execution/taskgraph/TaskInfo;)V+8
j  org.gradle.execution.taskgraph.DefaultTaskPlanExecutor$TaskExecutorWorker.access$200(Lorg/gradle/execution/taskgraph/DefaultTaskPlanExecutor$TaskExecutorWorker;Lorg/gradle/execution/taskgraph/TaskInfo;)V+2
j  org.gradle.execution.taskgraph.DefaultTaskPlanExecutor$TaskExecutorWorker$1.execute(Lorg/gradle/execution/taskgraph/TaskInfo;)V+38
j  org.gradle.execution.taskgraph.DefaultTaskPlanExecutor$TaskExecutorWorker$1.execute(Ljava/lang/Object;)V+5
j  org.gradle.execution.taskgraph.DefaultTaskExecutionPlan.execute(Lorg/gradle/execution/taskgraph/TaskInfo;Lorg/gradle/internal/work/WorkerLeaseRegistry$WorkerLease;Lorg/gradle/api/Action;)V+14
j  org.gradle.execution.taskgraph.DefaultTaskExecutionPlan.executeWithTask(Lorg/gradle/internal/work/WorkerLeaseRegistry$WorkerLease;Lorg/gradle/api/Action;)Z+53
j  org.gradle.execution.taskgraph.DefaultTaskPlanExecutor$TaskExecutorWorker.run()V+52
J 9425 C1 org.gradle.internal.concurrent.ManagedExecutorImpl$1.run()V (57 bytes) @ 0x000000010fc1eaa4 [0x000000010fc1e580+0x524]
j  java.util.concurrent.ThreadPoolExecutor.runWorker(Ljava/util/concurrent/ThreadPoolExecutor$Worker;)V+95
j  java.util.concurrent.ThreadPoolExecutor$Worker.run()V+5
j  org.gradle.internal.concurrent.ThreadFactoryImpl$ManagedThreadRunnable.run()V+7
j  java.lang.Thread.run()V+11
v  ~StubRoutines::call_stub
V  [libjvm.dylib+0x2ee70a]
V  [libjvm.dylib+0x2eeeae]
V  [libjvm.dylib+0x2ef05a]
V  [libjvm.dylib+0x3497b1]
V  [libjvm.dylib+0x56c0b3]
V  [libjvm.dylib+0x56d7a0]
V  [libjvm.dylib+0x48baee]
C  [libsystem_pthread.dylib+0x405a]  _pthread_body+0x83
C  [libsystem_pthread.dylib+0x3fd7]  _pthread_body+0x0
C  [libsystem_pthread.dylib+0x13ed]  thread_start+0xd
...<more frames>...

Java frames: (J=compiled Java code, j=interpreted, Vv=VM code)
j  org.fusesource.jansi.internal.CLibrary.init()V+0
j  org.fusesource.jansi.internal.CLibrary.<clinit>()V+20
v  ~StubRoutines::call_stub
j  org.jetbrains.kotlin.cli.common.messages.PlainTextMessageRenderer.<clinit>()V+21
v  ~StubRoutines::call_stub
j  org.jetbrains.kotlin.cli.common.messages.MessageRenderer.<clinit>()V+10
v  ~StubRoutines::call_stub
j  org.jetbrains.kotlin.compilerRunner.GradleCompilerRunner$loggingMessageCollector$2$1.<init>(Lorg/jetbrains/kotlin/compilerRunner/GradleCompilerRunner$loggingMessageCollector$2;)V+10
j  org.jetbrains.kotlin.compilerRunner.GradleCompilerRunner$loggingMessageCollector$2.invoke()Lorg/jetbrains/kotlin/compilerRunner/GradleCompilerRunner$loggingMessageCollector$2$1;+5
j  org.jetbrains.kotlin.compilerRunner.GradleCompilerRunner$loggingMessageCollector$2.invoke()Ljava/lang/Object;+1
j  kotlin.SynchronizedLazyImpl.getValue()Ljava/lang/Object;+55
j  org.jetbrains.kotlin.compilerRunner.GradleCompilerRunner.getLoggingMessageCollector()Lorg/jetbrains/kotlin/cli/common/messages/MessageCollector;+14
j  org.jetbrains.kotlin.compilerRunner.GradleCompilerRunner.compileOutOfProcess([Ljava/lang/String;Ljava/lang/String;Lorg/jetbrains/kotlin/compilerRunner/GradleCompilerEnvironment;)Lorg/jetbrains/kotlin/cli/common/ExitCode;+238
j  org.jetbrains.kotlin.compilerRunner.GradleCompilerRunner.compileWithDaemonOrFallback(Ljava/lang/String;Lorg/jetbrains/kotlin/cli/common/arguments/CommonCompilerArguments;Lorg/jetbrains/kotlin/compilerRunner/GradleCompilerEnvironment;)Lorg/jetbrains/kotlin/cli/common/ExitCode;+584
j  org.jetbrains.kotlin.compilerRunner.GradleCompilerRunner.compileWithDaemonOrFallback(Ljava/lang/String;Lorg/jetbrains/kotlin/cli/common/arguments/CommonCompilerArguments;Lorg/jetbrains/kotlin/compilerRunner/CompilerEnvironment;)Lorg/jetbrains/kotlin/cli/common/ExitCode;+7
j  org.jetbrains.kotlin.compilerRunner.KotlinCompilerRunner.runCompiler(Ljava/lang/String;Lorg/jetbrains/kotlin/cli/common/arguments/CommonCompilerArguments;Lorg/jetbrains/kotlin/compilerRunner/CompilerEnvironment;)Lorg/jetbrains/kotlin/cli/common/ExitCode;+25
j  org.jetbrains.kotlin.compilerRunner.GradleCompilerRunner.runJvmCompiler(Ljava/util/List;Ljava/lang/Iterable;Lorg/jetbrains/kotlin/cli/common/arguments/K2JVMCompilerArguments;Lorg/jetbrains/kotlin/compilerRunner/GradleCompilerEnvironment;)Lorg/jetbrains/kotlin/cli/common/ExitCode;+234
j  org.jetbrains.kotlin.gradle.tasks.KotlinCompile.callCompiler$kotlin_gradle_plugin(Lorg/jetbrains/kotlin/cli/common/arguments/K2JVMCompilerArguments;Lorg/jetbrains/kotlin/gradle/tasks/SourceRoots;Lorg/jetbrains/kotlin/incremental/ChangedFiles;)V+291
j  org.jetbrains.kotlin.gradle.tasks.KotlinCompile.callCompiler$kotlin_gradle_plugin(Lorg/jetbrains/kotlin/cli/common/arguments/CommonCompilerArguments;Lorg/jetbrains/kotlin/gradle/tasks/SourceRoots;Lorg/jetbrains/kotlin/incremental/ChangedFiles;)V+7
j  org.jetbrains.kotlin.gradle.tasks.AbstractKotlinCompile.execute(Lorg/gradle/api/tasks/incremental/IncrementalTaskInputs;)V+189
v  ~StubRoutines::call_stub
J 1357  sun.reflect.NativeMethodAccessorImpl.invoke0(Ljava/lang/reflect/Method;Ljava/lang/Object;[Ljava/lang/Object;)Ljava/lang/Object; (0 bytes) @ 0x000000010e8026f7 [0x000000010e802680+0x77]
J 1356 C1 sun.reflect.NativeMethodAccessorImpl.invoke(Ljava/lang/Object;[Ljava/lang/Object;)Ljava/lang/Object; (104 bytes) @ 0x000000010e803d14 [0x000000010e802b40+0x11d4]
J 6864 C2 java.lang.reflect.Method.invoke(Ljava/lang/Object;[Ljava/lang/Object;)Ljava/lang/Object; (62 bytes) @ 0x000000010f892c0c [0x000000010f892b80+0x8c]
J 2097 C1 org.gradle.internal.reflect.JavaMethod.invoke(Ljava/lang/Object;[Ljava/lang/Object;)Ljava/lang/Object; (74 bytes) @ 0x000000010eb2dbe4 [0x000000010eb2db60+0x84]
j  org.gradle.api.internal.project.taskfactory.DefaultTaskClassInfoStore$IncrementalTaskAction.doExecute(Lorg/gradle/api/Task;Ljava/lang/String;)V+35
j  org.gradle.api.internal.project.taskfactory.DefaultTaskClassInfoStore$StandardTaskAction.execute(Lorg/gradle/api/Task;)V+32
j  org.gradle.api.internal.project.taskfactory.DefaultTaskClassInfoStore$StandardTaskAction.execute(Ljava/lang/Object;)V+5
j  org.gradle.api.internal.tasks.execution.ExecuteActionsTaskExecuter$1.run(Lorg/gradle/internal/operations/BuildOperationContext;)V+23
J 8779 C1 org.gradle.internal.progress.DefaultBuildOperationExecutor$RunnableBuildOperationWorker.execute(Lorg/gradle/internal/operations/BuildOperation;Lorg/gradle/internal/operations/BuildOperationContext;)V (10 bytes) @ 0x000000010f6b6ff4 [0x000000010f6b6f40+0xb4]
J 7841 C1 org.gradle.internal.progress.DefaultBuildOperationExecutor.execute(Lorg/gradle/internal/operations/BuildOperation;Lorg/gradle/internal/operations/BuildOperationWorker;Lorg/gradle/internal/progress/DefaultBuildOperationExecutor$DefaultBuildOperationState;)V (430 bytes) @ 0x000000010fa3c55c [0x000000010fa3bbc0+0x99c]
J 11042 C1 org.gradle.internal.progress.DefaultBuildOperationExecutor.run(Lorg/gradle/internal/operations/RunnableBuildOperation;)V (38 bytes) @ 0x000000010e8d3864 [0x000000010e8d3760+0x104]
j  org.gradle.api.internal.tasks.execution.ExecuteActionsTaskExecuter.executeAction(Ljava/lang/String;Lorg/gradle/api/internal/TaskInternal;Lorg/gradle/api/internal/tasks/ContextAwareTaskAction;Lorg/gradle/api/internal/tasks/TaskExecutionContext;)V+23
j  org.gradle.api.internal.tasks.execution.ExecuteActionsTaskExecuter.executeActions(Lorg/gradle/api/internal/TaskInternal;Lorg/gradle/api/internal/tasks/TaskStateInternal;Lorg/gradle/api/internal/tasks/TaskExecutionContext;)Lorg/gradle/api/GradleException;+131
j  org.gradle.api.internal.tasks.execution.ExecuteActionsTaskExecuter.execute(Lorg/gradle/api/internal/TaskInternal;Lorg/gradle/api/internal/tasks/TaskStateInternal;Lorg/gradle/api/internal/tasks/TaskExecutionContext;)V+42
j  org.gradle.api.internal.tasks.execution.SkipUpToDateTaskExecuter.execute(Lorg/gradle/api/internal/TaskInternal;Lorg/gradle/api/internal/tasks/TaskStateInternal;Lorg/gradle/api/internal/tasks/TaskExecutionContext;)V+131
j  org.gradle.api.internal.tasks.execution.ResolveTaskOutputCachingStateExecuter.execute(Lorg/gradle/api/internal/TaskInternal;Lorg/gradle/api/internal/tasks/TaskStateInternal;Lorg/gradle/api/internal/tasks/TaskExecutionContext;)V+96
j  org.gradle.api.internal.tasks.execution.ValidatingTaskExecuter.execute(Lorg/gradle/api/internal/TaskInternal;Lorg/gradle/api/internal/tasks/TaskStateInternal;Lorg/gradle/api/internal/tasks/TaskExecutionContext;)V+215
j  org.gradle.api.internal.tasks.execution.SkipEmptySourceFilesTaskExecuter.execute(Lorg/gradle/api/internal/TaskInternal;Lorg/gradle/api/internal/tasks/TaskStateInternal;Lorg/gradle/api/internal/tasks/TaskExecutionContext;)V+335
j  org.gradle.api.internal.tasks.execution.ResolveTaskArtifactStateTaskExecuter.execute(Lorg/gradle/api/internal/TaskInternal;Lorg/gradle/api/internal/tasks/TaskStateInternal;Lorg/gradle/api/internal/tasks/TaskExecutionContext;)V+72
j  org.gradle.api.internal.tasks.execution.SkipTaskWithNoActionsExecuter.execute(Lorg/gradle/api/internal/TaskInternal;Lorg/gradle/api/internal/tasks/TaskStateInternal;Lorg/gradle/api/internal/tasks/TaskExecutionContext;)V+124
j  org.gradle.api.internal.tasks.execution.SkipOnlyIfTaskExecuter.execute(Lorg/gradle/api/internal/TaskInternal;Lorg/gradle/api/internal/tasks/TaskStateInternal;Lorg/gradle/api/internal/tasks/TaskExecutionContext;)V+85
j  org.gradle.api.internal.tasks.execution.ExecuteAtMostOnceTaskExecuter.execute(Lorg/gradle/api/internal/TaskInternal;Lorg/gradle/api/internal/tasks/TaskStateInternal;Lorg/gradle/api/internal/tasks/TaskExecutionContext;)V+26
j  org.gradle.api.internal.tasks.execution.CatchExceptionTaskExecuter.execute(Lorg/gradle/api/internal/TaskInternal;Lorg/gradle/api/internal/tasks/TaskStateInternal;Lorg/gradle/api/internal/tasks/TaskExecutionContext;)V+7
j  org.gradle.execution.taskgraph.DefaultTaskGraphExecuter$EventFiringTaskWorker$1.run(Lorg/gradle/internal/operations/BuildOperationContext;)V+56
J 8779 C1 org.gradle.internal.progress.DefaultBuildOperationExecutor$RunnableBuildOperationWorker.execute(Lorg/gradle/internal/operations/BuildOperation;Lorg/gradle/internal/operations/BuildOperationContext;)V (10 bytes) @ 0x000000010f6b6ff4 [0x000000010f6b6f40+0xb4]
J 7841 C1 org.gradle.internal.progress.DefaultBuildOperationExecutor.execute(Lorg/gradle/internal/operations/BuildOperation;Lorg/gradle/internal/operations/BuildOperationWorker;Lorg/gradle/internal/progress/DefaultBuildOperationExecutor$DefaultBuildOperationState;)V (430 bytes) @ 0x000000010fa3c55c [0x000000010fa3bbc0+0x99c]
J 11042 C1 org.gradle.internal.progress.DefaultBuildOperationExecutor.run(Lorg/gradle/internal/operations/RunnableBuildOperation;)V (38 bytes) @ 0x000000010e8d3864 [0x000000010e8d3760+0x104]
j  org.gradle.execution.taskgraph.DefaultTaskGraphExecuter$EventFiringTaskWorker.execute(Lorg/gradle/api/internal/TaskInternal;)V+16
j  org.gradle.execution.taskgraph.DefaultTaskGraphExecuter$EventFiringTaskWorker.execute(Ljava/lang/Object;)V+5
j  org.gradle.execution.taskgraph.DefaultTaskPlanExecutor$TaskExecutorWorker.processTask(Lorg/gradle/execution/taskgraph/TaskInfo;)V+8
j  org.gradle.execution.taskgraph.DefaultTaskPlanExecutor$TaskExecutorWorker.access$200(Lorg/gradle/execution/taskgraph/DefaultTaskPlanExecutor$TaskExecutorWorker;Lorg/gradle/execution/taskgraph/TaskInfo;)V+2
j  org.gradle.execution.taskgraph.DefaultTaskPlanExecutor$TaskExecutorWorker$1.execute(Lorg/gradle/execution/taskgraph/TaskInfo;)V+38
j  org.gradle.execution.taskgraph.DefaultTaskPlanExecutor$TaskExecutorWorker$1.execute(Ljava/lang/Object;)V+5
j  org.gradle.execution.taskgraph.DefaultTaskExecutionPlan.execute(Lorg/gradle/execution/taskgraph/TaskInfo;Lorg/gradle/internal/work/WorkerLeaseRegistry$WorkerLease;Lorg/gradle/api/Action;)V+14
j  org.gradle.execution.taskgraph.DefaultTaskExecutionPlan.executeWithTask(Lorg/gradle/internal/work/WorkerLeaseRegistry$WorkerLease;Lorg/gradle/api/Action;)Z+53
j  org.gradle.execution.taskgraph.DefaultTaskPlanExecutor$TaskExecutorWorker.run()V+52
J 9425 C1 org.gradle.internal.concurrent.ManagedExecutorImpl$1.run()V (57 bytes) @ 0x000000010fc1eaa4 [0x000000010fc1e580+0x524]
j  java.util.concurrent.ThreadPoolExecutor.runWorker(Ljava/util/concurrent/ThreadPoolExecutor$Worker;)V+95
j  java.util.concurrent.ThreadPoolExecutor$Worker.run()V+5
j  org.gradle.internal.concurrent.ThreadFactoryImpl$ManagedThreadRunnable.run()V+7
j  java.lang.Thread.run()V+11
v  ~StubRoutines::call_stub

---------------  P R O C E S S  ---------------

Java Threads: ( => current thread )
  0x00007f823d5bd800 JavaThread "Thread-55" [_thread_in_native, id=68963, stack(0x000000012d384000,0x000000012d484000)]
  0x00007f823feb9000 JavaThread "process reaper" daemon [_thread_in_native, id=69639, stack(0x000000012729c000,0x00000001272c4000)]
  0x00007f823fe60000 JavaThread "Task worker for ':' Thread 3" [_thread_blocked, id=39175, stack(0x000000012b410000,0x000000012b510000)]
  0x00007f823c1e2000 JavaThread "Task worker for ':' Thread 2" [_thread_blocked, id=38151, stack(0x000000012b30d000,0x000000012b40d000)]
=>0x00007f823f95b800 JavaThread "Task worker for ':'" [_thread_in_vm, id=51471, stack(0x000000012abe0000,0x000000012ace0000)]
  0x00007f823fc46000 JavaThread "Cache worker for task history cache (/Users/jonathanrichards/Work/MyApplication/.gradle/4.1-milestone-1/taskHistory)" [_thread_blocked, id=68699, stack(0x000000012a4d7000,0x000000012a5d7000)]
  0x00007f823c023800 JavaThread "Cache worker for file content cache (/Users/jonathanrichards/Work/MyApplication/.gradle/4.1-milestone-1/fileContent)" [_thread_blocked, id=50959, stack(0x00000001277b7000,0x00000001278b7000)]
  0x00007f823d4bc800 JavaThread "build operations Thread 4" [_thread_blocked, id=35091, stack(0x000000012bd20000,0x000000012be20000)]
  0x00007f823ffdc000 JavaThread "build operations Thread 3" [_thread_blocked, id=52495, stack(0x000000012ba42000,0x000000012bb42000)]
  0x00007f823d4bb800 JavaThread "build operations Thread 2" [_thread_blocked, id=40975, stack(0x000000012b93f000,0x000000012ba3f000)]
  0x00007f82410fe000 JavaThread "build operations" [_thread_blocked, id=29703, stack(0x000000012b83c000,0x000000012b93c000)]
  0x00007f823d1e7000 JavaThread "Cache worker for Artifact transforms cache (/Users/jonathanrichards/.gradle/caches/transforms-1)" [_thread_blocked, id=30727, stack(0x00000001275b1000,0x00000001276b1000)]
  0x00007f82415a7800 JavaThread "Cache worker for file hash cache (/Users/jonathanrichards/Work/MyApplication/.gradle/4.1-milestone-1/fileHashes)" [_thread_blocked, id=48907, stack(0x0000000126d76000,0x0000000126e76000)]
  0x00007f823fdc2800 JavaThread "Stdin handler" [_thread_blocked, id=31751, stack(0x000000012637c000,0x000000012647c000)]
  0x00007f823d090000 JavaThread "Asynchronous log dispatcher for DefaultDaemonConnection: socket connection from /127.94.0.1:61410 to /127.94.0.1:62977" [_thread_blocked, id=31239, stack(0x0000000126279000,0x0000000126379000)]
  0x00007f82417dc800 JavaThread "Daemon worker Thread 2" [_thread_blocked, id=30227, stack(0x0000000126176000,0x0000000126276000)]
  0x00007f824093c800 JavaThread "Cancel handler" [_thread_blocked, id=46123, stack(0x0000000126073000,0x0000000126173000)]
  0x00007f824093c000 JavaThread "Handler for socket connection from /127.94.0.1:61410 to /127.94.0.1:62977" [_thread_in_native, id=15899, stack(0x0000000125f70000,0x0000000126070000)]
  0x00007f823d045000 JavaThread "Daemon Thread 2" [_thread_blocked, id=21315, stack(0x0000000125e6d000,0x0000000125f6d000)]
  0x00007f823e5dc800 JavaThread "Java2D Disposer" daemon [_thread_blocked, id=66599, stack(0x0000000130f51000,0x0000000131051000)]
  0x00007f824147a000 JavaThread "Java2D Queue Flusher" daemon [_thread_blocked, id=63759, stack(0x0000000130058000,0x0000000130158000)]
  0x00007f8240972800 JavaThread "AWT-AppKit" daemon [_thread_in_native, id=1811, stack(0x00007fff52a24000,0x00007fff53224000)]
  0x00007f823fdb4800 JavaThread "Memory manager" [_thread_blocked, id=27139, stack(0x0000000129780000,0x0000000129880000)]
  0x00007f823e7b8000 JavaThread "pool-1-thread-1" [_thread_blocked, id=26627, stack(0x00000001284b8000,0x00000001285b8000)]
  0x00007f823d014000 JavaThread "File lock request listener" [_thread_in_native, id=23043, stack(0x00000001268d3000,0x00000001269d3000)]
  0x00007f823caaf800 JavaThread "Cache worker for file hash cache (/Users/jonathanrichards/.gradle/caches/4.1-milestone-1/fileHashes)" [_thread_blocked, id=22531, stack(0x00000001267d0000,0x00000001268d0000)]
  0x00007f823cae1000 JavaThread "Daemon periodic checks" [_thread_blocked, id=14087, stack(0x0000000125d6a000,0x0000000125e6a000)]
  0x00007f823c22c000 JavaThread "Incoming local TCP Connector on port 61410" [_thread_in_native, id=12807, stack(0x0000000125c67000,0x0000000125d67000)]
  0x00007f823c22b800 JavaThread "Daemon health stats" [_thread_blocked, id=13323, stack(0x000000012595f000,0x0000000125a5f000)]
  0x00007f823d800000 JavaThread "Service Thread" daemon [_thread_blocked, id=18179, stack(0x0000000124ef4000,0x0000000124ff4000)]
  0x00007f823c00a000 JavaThread "C1 CompilerThread2" daemon [_thread_blocked, id=17667, stack(0x0000000124df1000,0x0000000124ef1000)]
  0x00007f823d011800 JavaThread "C2 CompilerThread1" daemon [_thread_blocked, id=17155, stack(0x0000000124cee000,0x0000000124dee000)]
  0x00007f823c825800 JavaThread "C2 CompilerThread0" daemon [_thread_blocked, id=16643, stack(0x0000000124beb000,0x0000000124ceb000)]
  0x00007f823d005000 JavaThread "Signal Dispatcher" daemon [_thread_blocked, id=16403, stack(0x0000000124ae8000,0x0000000124be8000)]
  0x00007f823c011000 JavaThread "Finalizer" daemon [_thread_blocked, id=11523, stack(0x00000001230c2000,0x00000001231c2000)]
  0x00007f823c008000 JavaThread "Reference Handler" daemon [_thread_blocked, id=11011, stack(0x0000000122fbf000,0x00000001230bf000)]
  0x00007f823d801800 JavaThread "main" [_thread_blocked, id=4867, stack(0x000000010da9a000,0x000000010db9a000)]

Other Threads:
  0x00007f823c812800 VMThread [stack: 0x0000000122ebc000,0x0000000122fbc000] [id=10499]
  0x00007f823c018800 WatcherThread [stack: 0x0000000124ff7000,0x00000001250f7000] [id=18691]

VM state:not at safepoint (normal execution)

VM Mutex/Monitor currently owned by a thread: None

Heap:
 PSYoungGen      total 207872K, used 116289K [0x00000007a0000000, 0x00000007afe00000, 0x00000007c0000000)
  eden space 201728K, 54% used [0x00000007a0000000,0x00000007a6bc6ee8,0x00000007ac500000)
  from space 6144K, 96% used [0x00000007af800000,0x00000007afdc9818,0x00000007afe00000)
  to   space 24064K, 0% used [0x00000007acf00000,0x00000007acf00000,0x00000007ae680000)
 ParOldGen       total 132096K, used 56343K [0x0000000760000000, 0x0000000768100000, 0x00000007a0000000)
  object space 132096K, 42% used [0x0000000760000000,0x0000000763705cc0,0x0000000768100000)
 Metaspace       used 72033K, capacity 75418K, committed 75544K, reserved 1114112K
  class space    used 9611K, capacity 10431K, committed 10528K, reserved 1048576K

Card table byte_map: [0x000000011d7c0000,0x000000011dac1000] byte_map_base: 0x0000000119cc0000

Marking Bits: (ParMarkBitMap*) 0x000000010d3ce5d0
 Begin Bits: [0x000000011e0cd000, 0x000000011f8cd000)
 End Bits:   [0x000000011f8cd000, 0x00000001210cd000)

Polling page: 0x000000010dbdf000

CodeCache: size=245760Kb used=31984Kb max_used=31984Kb free=213775Kb
 bounds [0x000000010e400000, 0x0000000110370000, 0x000000011d400000]
 total_blobs=11167 nmethods=10254 adapters=825
 compilation: enabled

Compilation events (10 events):
Event: 1169.072 Thread 0x00007f823c825800 nmethod 12632 0x0000000110035d10 code [0x0000000110035e60, 0x0000000110035ef8]
Event: 1169.261 Thread 0x00007f823d011800 nmethod 12630 0x000000011035ff10 code [0x0000000110360340, 0x0000000110362b98]
Event: 1169.765 Thread 0x00007f823c00a000 12637       3       java.lang.ClassLoader::preDefineClass (109 bytes)
Event: 1169.767 Thread 0x00007f823c00a000 nmethod 12637 0x000000011035de50 code [0x000000011035e120, 0x000000011035f648]
Event: 1170.011 Thread 0x00007f823c00a000 12638   !   3       java.lang.StringCoding::encode (64 bytes)
Event: 1170.014 Thread 0x00007f823c00a000 nmethod 12638 0x000000010ed14590 code [0x000000010ed14800, 0x000000010ed15508]
Event: 1170.040 Thread 0x00007f823c00a000 12639       3       java.lang.invoke.CallSite::maybeReBoxElements (24 bytes)
Event: 1170.041 Thread 0x00007f823c00a000 nmethod 12639 0x000000011002bd50 code [0x000000011002bf00, 0x000000011002c5c8]
Event: 1180.251 Thread 0x00007f823c00a000 12640       3       org.gradle.internal.logging.sink.ProgressLogEventGenerator$Operation::completeHeader (154 bytes)
Event: 1180.258 Thread 0x00007f823c00a000 nmethod 12640 0x000000011035a050 code [0x000000011035a420, 0x000000011035c748]

GC Heap History (10 events):
Event: 54.655 GC heap before
{Heap before GC invocations=15 (full 2):
 PSYoungGen      total 180224K, used 79022K [0x00000007a0000000, 0x00000007ac380000, 0x00000007c0000000)
  eden space 165888K, 42% used [0x00000007a0000000,0x00000007a444a820,0x00000007aa200000)
  from space 14336K, 63% used [0x00000007ab000000,0x00000007ab8e1230,0x00000007abe00000)
  to   space 14336K, 0% used [0x00000007aa200000,0x00000007aa200000,0x00000007ab000000)
 ParOldGen       total 83968K, used 28754K [0x0000000760000000, 0x0000000765200000, 0x00000007a0000000)
  object space 83968K, 34% used [0x0000000760000000,0x0000000761c14ac0,0x0000000765200000)
 Metaspace       used 57167K, capacity 59054K, committed 59160K, reserved 1099776K
  class space    used 7912K, capacity 8435K, committed 8480K, reserved 1048576K
Event: 54.677 GC heap after
Heap after GC invocations=15 (full 2):
 PSYoungGen      total 180224K, used 8339K [0x00000007a0000000, 0x00000007aed00000, 0x00000007c0000000)
  eden space 165888K, 0% used [0x00000007a0000000,0x00000007a0000000,0x00000007aa200000)
  from space 14336K, 58% used [0x00000007aa200000,0x00000007aaa24c18,0x00000007ab000000)
  to   space 13824K, 0% used [0x00000007adf80000,0x00000007adf80000,0x00000007aed00000)
 ParOldGen       total 83968K, used 32269K [0x0000000760000000, 0x0000000765200000, 0x00000007a0000000)
  object space 83968K, 38% used [0x0000000760000000,0x0000000761f83578,0x0000000765200000)
 Metaspace       used 57167K, capacity 59054K, committed 59160K, reserved 1099776K
  class space    used 7912K, capacity 8435K, committed 8480K, reserved 1048576K
}
Event: 54.677 GC heap before
{Heap before GC invocations=16 (full 3):
 PSYoungGen      total 180224K, used 8339K [0x00000007a0000000, 0x00000007aed00000, 0x00000007c0000000)
  eden space 165888K, 0% used [0x00000007a0000000,0x00000007a0000000,0x00000007aa200000)
  from space 14336K, 58% used [0x00000007aa200000,0x00000007aaa24c18,0x00000007ab000000)
  to   space 13824K, 0% used [0x00000007adf80000,0x00000007adf80000,0x00000007aed00000)
 ParOldGen       total 83968K, used 32269K [0x0000000760000000, 0x0000000765200000, 0x00000007a0000000)
  object space 83968K, 38% used [0x0000000760000000,0x0000000761f83578,0x0000000765200000)
 Metaspace       used 57167K, capacity 59054K, committed 59160K, reserved 1099776K
  class space    used 7912K, capacity 8435K, committed 8480K, reserved 1048576K
Event: 55.213 GC heap after
Heap after GC invocations=16 (full 3):
 PSYoungGen      total 180224K, used 0K [0x00000007a0000000, 0x00000007aed00000, 0x00000007c0000000)
  eden space 165888K, 0% used [0x00000007a0000000,0x00000007a0000000,0x00000007aa200000)
  from space 14336K, 0% used [0x00000007aa200000,0x00000007aa200000,0x00000007ab000000)
  to   space 13824K, 0% used [0x00000007adf80000,0x00000007adf80000,0x00000007aed00000)
 ParOldGen       total 132096K, used 35826K [0x0000000760000000, 0x0000000768100000, 0x00000007a0000000)
  object space 132096K, 27% used [0x0000000760000000,0x00000007622fcb78,0x0000000768100000)
 Metaspace       used 57167K, capacity 59054K, committed 59160K, reserved 1099776K
  class space    used 7912K, capacity 8435K, committed 8480K, reserved 1048576K
}
Event: 61.967 GC heap before
{Heap before GC invocations=17 (full 3):
 PSYoungGen      total 180224K, used 165888K [0x00000007a0000000, 0x00000007aed00000, 0x00000007c0000000)
  eden space 165888K, 100% used [0x00000007a0000000,0x00000007aa200000,0x00000007aa200000)
  from space 14336K, 0% used [0x00000007aa200000,0x00000007aa200000,0x00000007ab000000)
  to   space 13824K, 0% used [0x00000007adf80000,0x00000007adf80000,0x00000007aed00000)
 ParOldGen       total 132096K, used 35826K [0x0000000760000000, 0x0000000768100000, 0x00000007a0000000)
  object space 132096K, 27% used [0x0000000760000000,0x00000007622fcb78,0x0000000768100000)
 Metaspace       used 62964K, capacity 65546K, committed 65816K, reserved 1105920K
  class space    used 8537K, capacity 9198K, committed 9248K, reserved 1048576K
Event: 62.007 GC heap after
Heap after GC invocations=17 (full 3):
 PSYoungGen      total 208896K, used 13802K [0x00000007a0000000, 0x00000007aed00000, 0x00000007c0000000)
  eden space 195072K, 0% used [0x00000007a0000000,0x00000007a0000000,0x00000007abe80000)
  from space 13824K, 99% used [0x00000007adf80000,0x00000007aecfa888,0x00000007aed00000)
  to   space 16896K, 0% used [0x00000007acc00000,0x00000007acc00000,0x00000007adc80000)
 ParOldGen       total 132096K, used 40122K [0x0000000760000000, 0x0000000768100000, 0x00000007a0000000)
  object space 132096K, 30% used [0x0000000760000000,0x000000076272ebe8,0x0000000768100000)
 Metaspace       used 62964K, capacity 65546K, committed 65816K, reserved 1105920K
  class space    used 8537K, capacity 9198K, committed 9248K, reserved 1048576K
}
Event: 73.814 GC heap before
{Heap before GC invocations=18 (full 3):
 PSYoungGen      total 208896K, used 208874K [0x00000007a0000000, 0x00000007aed00000, 0x00000007c0000000)
  eden space 195072K, 100% used [0x00000007a0000000,0x00000007abe80000,0x00000007abe80000)
  from space 13824K, 99% used [0x00000007adf80000,0x00000007aecfa888,0x00000007aed00000)
  to   space 16896K, 0% used [0x00000007acc00000,0x00000007acc00000,0x00000007adc80000)
 ParOldGen       total 132096K, used 40122K [0x0000000760000000, 0x0000000768100000, 0x00000007a0000000)
  object space 132096K, 30% used [0x0000000760000000,0x000000076272ebe8,0x0000000768100000)
 Metaspace       used 66229K, capacity 69094K, committed 69272K, reserved 1110016K
  class space    used 8895K, capacity 9620K, committed 9632K, reserved 1048576K
Event: 73.892 GC heap after
Heap after GC invocations=18 (full 3):
 PSYoungGen      total 225792K, used 16864K [0x00000007a0000000, 0x00000007b1000000, 0x00000007c0000000)
  eden space 208896K, 0% used [0x00000007a0000000,0x00000007a0000000,0x00000007acc00000)
  from space 16896K, 99% used [0x00000007acc00000,0x00000007adc78310,0x00000007adc80000)
  to   space 24576K, 0% used [0x00000007af800000,0x00000007af800000,0x00000007b1000000)
 ParOldGen       total 132096K, used 54495K [0x0000000760000000, 0x0000000768100000, 0x00000007a0000000)
  object space 132096K, 41% used [0x0000000760000000,0x0000000763537c50,0x0000000768100000)
 Metaspace       used 66229K, capacity 69094K, committed 69272K, reserved 1110016K
  class space    used 8895K, capacity 9620K, committed 9632K, reserved 1048576K
}
Event: 1161.968 GC heap before
{Heap before GC invocations=19 (full 3):
 PSYoungGen      total 225792K, used 225760K [0x00000007a0000000, 0x00000007b1000000, 0x00000007c0000000)
  eden space 208896K, 100% used [0x00000007a0000000,0x00000007acc00000,0x00000007acc00000)
  from space 16896K, 99% used [0x00000007acc00000,0x00000007adc78310,0x00000007adc80000)
  to   space 24576K, 0% used [0x00000007af800000,0x00000007af800000,0x00000007b1000000)
 ParOldGen       total 132096K, used 54495K [0x0000000760000000, 0x0000000768100000, 0x00000007a0000000)
  object space 132096K, 41% used [0x0000000760000000,0x0000000763537c50,0x0000000768100000)
 Metaspace       used 70461K, capacity 73766K, committed 74008K, reserved 1114112K
  class space    used 9403K, capacity 10208K, committed 10272K, reserved 1048576K
Event: 1162.488 GC heap after
Heap after GC invocations=19 (full 3):
 PSYoungGen      total 207872K, used 5926K [0x00000007a0000000, 0x00000007afe00000, 0x00000007c0000000)
  eden space 201728K, 0% used [0x00000007a0000000,0x00000007a0000000,0x00000007ac500000)
  from space 6144K, 96% used [0x00000007af800000,0x00000007afdc9818,0x00000007afe00000)
  to   space 24064K, 0% used [0x00000007acf00000,0x00000007acf00000,0x00000007ae680000)
 ParOldGen       total 132096K, used 56343K [0x0000000760000000, 0x0000000768100000, 0x00000007a0000000)
  object space 132096K, 42% used [0x0000000760000000,0x0000000763705cc0,0x0000000768100000)
 Metaspace       used 70461K, capacity 73766K, committed 74008K, reserved 1114112K
  class space    used 9403K, capacity 10208K, committed 10272K, reserved 1048576K
}

Deoptimization events (10 events):
Event: 1164.673 Thread 0x00007f82417dc800 Uncommon trap: reason=null_check action=make_not_entrant pc=0x000000010f5bf204 method=java.lang.ThreadLocal$ThreadLocalMap.set(Ljava/lang/ThreadLocal;Ljava/lang/Object;)V @ 36
Event: 1165.026 Thread 0x00007f82410fe000 Uncommon trap: reason=unstable_if action=reinterpret pc=0x000000011002a5a8 method=java.util.concurrent.ConcurrentHashMap.addCount(JI)V @ 34
Event: 1165.028 Thread 0x00007f823d4bb800 Uncommon trap: reason=unstable_if action=reinterpret pc=0x000000010fbb2a94 method=java.util.concurrent.ConcurrentHashMap.addCount(JI)V @ 7
Event: 1165.903 Thread 0x00007f823c1e2000 Uncommon trap: reason=bimorphic action=maybe_recompile pc=0x000000010fd3aac0 method=com.sun.org.apache.xerces.internal.dom.ElementImpl.getNodeName()Ljava/lang/String; @ 8
Event: 1168.809 Thread 0x00007f823f95b800 Uncommon trap: reason=unstable_if action=reinterpret pc=0x000000010feb8bfc method=java.lang.Integer.parseInt(Ljava/lang/String;I)I @ 1
Event: 1169.023 Thread 0x00007f823f95b800 Uncommon trap: reason=unstable_if action=reinterpret pc=0x000000010f84c5a8 method=java.lang.ClassLoader.checkCerts(Ljava/lang/String;Ljava/security/CodeSource;)V @ 45
Event: 1169.028 Thread 0x00007f823f95b800 Uncommon trap: reason=class_check action=maybe_recompile pc=0x000000010ea98f78 method=java.lang.ClassLoader.checkPackageAccess(Ljava/lang/Class;Ljava/security/ProtectionDomain;)V @ 115
Event: 1169.030 Thread 0x00007f823f95b800 Uncommon trap: reason=class_check action=maybe_recompile pc=0x000000010ea98f78 method=java.lang.ClassLoader.checkPackageAccess(Ljava/lang/Class;Ljava/security/ProtectionDomain;)V @ 115
Event: 1169.030 Thread 0x00007f823f95b800 Uncommon trap: reason=class_check action=maybe_recompile pc=0x000000010ea98f78 method=java.lang.ClassLoader.checkPackageAccess(Ljava/lang/Class;Ljava/security/ProtectionDomain;)V @ 115
Event: 1169.030 Thread 0x00007f823f95b800 Uncommon trap: reason=class_check action=maybe_recompile pc=0x000000010ea98f78 method=java.lang.ClassLoader.checkPackageAccess(Ljava/lang/Class;Ljava/security/ProtectionDomain;)V @ 115

Internal exceptions (10 events):
Event: 1160.860 Thread 0x00007f82417dc800 Exception <a 'sun/nio/fs/UnixException'> (0x00000007abb7b470) thrown at [/Users/java_re/workspace/8-2-build-macosx-x86_64/jdk8u141/9370/hotspot/src/share/vm/prims/jni.cpp, line 709]
Event: 1160.860 Thread 0x00007f82417dc800 Exception <a 'sun/nio/fs/UnixException'> (0x00000007abb7cca8) thrown at [/Users/java_re/workspace/8-2-build-macosx-x86_64/jdk8u141/9370/hotspot/src/share/vm/prims/jni.cpp, line 709]
Event: 1160.861 Thread 0x00007f82417dc800 Exception <a 'sun/nio/fs/UnixException'> (0x00000007abb7eee0) thrown at [/Users/java_re/workspace/8-2-build-macosx-x86_64/jdk8u141/9370/hotspot/src/share/vm/prims/jni.cpp, line 709]
Event: 1160.861 Thread 0x00007f82417dc800 Exception <a 'sun/nio/fs/UnixException'> (0x00000007abb80790) thrown at [/Users/java_re/workspace/8-2-build-macosx-x86_64/jdk8u141/9370/hotspot/src/share/vm/prims/jni.cpp, line 709]
Event: 1160.861 Thread 0x00007f82417dc800 Exception <a 'sun/nio/fs/UnixException'> (0x00000007abb83018) thrown at [/Users/java_re/workspace/8-2-build-macosx-x86_64/jdk8u141/9370/hotspot/src/share/vm/prims/jni.cpp, line 709]
Event: 1160.861 Thread 0x00007f82417dc800 Exception <a 'sun/nio/fs/UnixException'> (0x00000007abb84788) thrown at [/Users/java_re/workspace/8-2-build-macosx-x86_64/jdk8u141/9370/hotspot/src/share/vm/prims/jni.cpp, line 709]
Event: 1164.673 Thread 0x00007f82417dc800 Implicit null exception at 0x000000010f5bef89 to 0x000000010f5bf1d9
Event: 1168.809 Thread 0x00007f823f95b800 Implicit null exception at 0x000000010feb876f to 0x000000010feb8bed
Event: 1180.230 Thread 0x00007f823f95b800 JVM_StopThread thread JavaThread 0x00007f823d5bd800 as oop 0x00000007a6af08f8 [exception 0x000000012acdce38]
Event: 1180.270 Thread 0x00007f823f95b800 Exception <a 'java/lang/NoSuchFieldError': TCSANOW> (0x00000007a6bb1e90) thrown at [/Users/java_re/workspace/8-2-build-macosx-x86_64/jdk8u141/9370/hotspot/src/share/vm/prims/jni.cpp, line 2955]

Events (10 events):
Event: 1180.259 loading class org/jetbrains/kotlin/cli/common/messages/XmlMessageRenderer
Event: 1180.259 loading class org/jetbrains/kotlin/cli/common/messages/XmlMessageRenderer done
Event: 1180.260 loading class org/jetbrains/kotlin/cli/common/messages/MessageRenderer$1
Event: 1180.260 loading class org/jetbrains/kotlin/cli/common/messages/MessageRenderer$1 done
Event: 1180.260 loading class org/jetbrains/kotlin/cli/common/messages/PlainTextMessageRenderer
Event: 1180.260 loading class org/jetbrains/kotlin/cli/common/messages/PlainTextMessageRenderer done
Event: 1180.263 loading class org/fusesource/jansi/internal/CLibrary
Event: 1180.263 loading class org/fusesource/jansi/internal/CLibrary done
Event: 1180.265 loading class org/jetbrains/kotlin/org/fusesource/hawtjni/runtime/Library
Event: 1180.265 loading class org/jetbrains/kotlin/org/fusesource/hawtjni/runtime/Library done


Dynamic libraries:
0x000000000b2a1000 	/System/Library/Frameworks/Cocoa.framework/Versions/A/Cocoa
0x000000000b2a1000 	/System/Library/Frameworks/Security.framework/Versions/A/Security
0x000000000b2a1000 	/System/Library/Frameworks/ApplicationServices.framework/Versions/A/ApplicationServices
0x000000000b2a1000 	/usr/lib/libz.1.dylib
0x000000000b2a1000 	/usr/lib/libSystem.B.dylib
0x000000000b2a1000 	/usr/lib/libobjc.A.dylib
0x000000000b2a1000 	/System/Library/Frameworks/CoreFoundation.framework/Versions/A/CoreFoundation
0x000000000b2a1000 	/System/Library/Frameworks/Foundation.framework/Versions/C/Foundation
0x000000000b2a1000 	/System/Library/Frameworks/AppKit.framework/Versions/C/AppKit
0x000000000b2a1000 	/System/Library/Frameworks/CoreData.framework/Versions/A/CoreData
0x000000000b2a1000 	/System/Library/PrivateFrameworks/RemoteViewServices.framework/Versions/A/RemoteViewServices
0x000000000b2a1000 	/System/Library/PrivateFrameworks/UIFoundation.framework/Versions/A/UIFoundation
0x000000000b2a1000 	/System/Library/Frameworks/IOSurface.framework/Versions/A/IOSurface
0x000000000b2a1000 	/System/Library/Frameworks/AudioToolbox.framework/Versions/A/AudioToolbox
0x000000000b2a1000 	/System/Library/Frameworks/AudioUnit.framework/Versions/A/AudioUnit
0x000000000b2a1000 	/System/Library/PrivateFrameworks/DataDetectorsCore.framework/Versions/A/DataDetectorsCore
0x000000000b2a1000 	/System/Library/PrivateFrameworks/DesktopServicesPriv.framework/Versions/A/DesktopServicesPriv
0x000000000b2a1000 	/System/Library/Frameworks/Carbon.framework/Versions/A/Frameworks/HIToolbox.framework/Versions/A/HIToolbox
0x000000000b2a1000 	/System/Library/Frameworks/QuartzCore.framework/Versions/A/QuartzCore
0x000000000b2a1000 	/System/Library/Frameworks/Carbon.framework/Versions/A/Frameworks/SpeechRecognition.framework/Versions/A/SpeechRecognition
0x000000000b2a1000 	/usr/lib/libauto.dylib
0x000000000b2a1000 	/usr/lib/libicucore.A.dylib
0x000000000b2a1000 	/usr/lib/libxml2.2.dylib
0x000000000b2a1000 	/System/Library/PrivateFrameworks/CoreUI.framework/Versions/A/CoreUI
0x000000000b2a1000 	/System/Library/Frameworks/CoreAudio.framework/Versions/A/CoreAudio
0x000000000b2a1000 	/System/Library/Frameworks/DiskArbitration.framework/Versions/A/DiskArbitration
0x000000000b2a1000 	/usr/lib/liblangid.dylib
0x000000000b2a1000 	/System/Library/PrivateFrameworks/MultitouchSupport.framework/Versions/A/MultitouchSupport
0x000000000b2a1000 	/System/Library/Frameworks/IOKit.framework/Versions/A/IOKit
0x000000000b2a1000 	/usr/lib/libDiagnosticMessagesClient.dylib
0x000000000b2a1000 	/System/Library/Frameworks/CoreServices.framework/Versions/A/CoreServices
0x000000000b2a1000 	/System/Library/PrivateFrameworks/PerformanceAnalysis.framework/Versions/A/PerformanceAnalysis
0x000000000b2a1000 	/System/Library/PrivateFrameworks/GenerationalStorage.framework/Versions/A/GenerationalStorage
0x000000000b2a1000 	/System/Library/Frameworks/OpenGL.framework/Versions/A/OpenGL
0x000000000b2a1000 	/System/Library/PrivateFrameworks/Sharing.framework/Versions/A/Sharing
0x000000000b2a1000 	/System/Library/Frameworks/CoreGraphics.framework/Versions/A/CoreGraphics
0x000000000b2a1000 	/System/Library/Frameworks/CoreText.framework/Versions/A/CoreText
0x000000000b2a1000 	/System/Library/Frameworks/ImageIO.framework/Versions/A/ImageIO
0x000000000b2a1000 	/usr/lib/libextension.dylib
0x000000000b2a1000 	/System/Library/PrivateFrameworks/Backup.framework/Versions/A/Backup
0x000000000b2a1000 	/usr/lib/libarchive.2.dylib
0x000000000b2a1000 	/System/Library/Frameworks/CFNetwork.framework/Versions/A/CFNetwork
0x000000000b2a1000 	/System/Library/Frameworks/SystemConfiguration.framework/Versions/A/SystemConfiguration
0x000000000b2a1000 	/usr/lib/libCRFSuite.dylib
0x000000000b2a1000 	/usr/lib/libc++.1.dylib
0x000000000b2a1000 	/usr/lib/libc++abi.dylib
0x000000000b2a1000 	/usr/lib/system/libcache.dylib
0x000000000b2a1000 	/usr/lib/system/libcommonCrypto.dylib
0x000000000b2a1000 	/usr/lib/system/libcompiler_rt.dylib
0x000000000b2a1000 	/usr/lib/system/libcopyfile.dylib
0x000000000b2a1000 	/usr/lib/system/libcorecrypto.dylib
0x000000000b2a1000 	/usr/lib/system/libdispatch.dylib
0x000000000b2a1000 	/usr/lib/system/libdyld.dylib
0x000000000b2a1000 	/usr/lib/system/libkeymgr.dylib
0x000000000b2a1000 	/usr/lib/system/liblaunch.dylib
0x000000000b2a1000 	/usr/lib/system/libmacho.dylib
0x000000000b2a1000 	/usr/lib/system/libquarantine.dylib
0x000000000b2a1000 	/usr/lib/system/libremovefile.dylib
0x000000000b2a1000 	/usr/lib/system/libsystem_asl.dylib
0x000000000b2a1000 	/usr/lib/system/libsystem_blocks.dylib
0x000000000b2a1000 	/usr/lib/system/libsystem_c.dylib
0x000000000b2a1000 	/usr/lib/system/libsystem_configuration.dylib
0x000000000b2a1000 	/usr/lib/system/libsystem_coreservices.dylib
0x000000000b2a1000 	/usr/lib/system/libsystem_coretls.dylib
0x000000000b2a1000 	/usr/lib/system/libsystem_dnssd.dylib
0x000000000b2a1000 	/usr/lib/system/libsystem_info.dylib
0x000000000b2a1000 	/usr/lib/system/libsystem_kernel.dylib
0x000000000b2a1000 	/usr/lib/system/libsystem_m.dylib
0x000000000b2a1000 	/usr/lib/system/libsystem_malloc.dylib
0x000000000b2a1000 	/usr/lib/system/libsystem_network.dylib
0x000000000b2a1000 	/usr/lib/system/libsystem_networkextension.dylib
0x000000000b2a1000 	/usr/lib/system/libsystem_notify.dylib
0x000000000b2a1000 	/usr/lib/system/libsystem_platform.dylib
0x000000000b2a1000 	/usr/lib/system/libsystem_pthread.dylib
0x000000000b2a1000 	/usr/lib/system/libsystem_sandbox.dylib
0x000000000b2a1000 	/usr/lib/system/libsystem_secinit.dylib
0x000000000b2a1000 	/usr/lib/system/libsystem_stats.dylib
0x000000000b2a1000 	/usr/lib/system/libsystem_trace.dylib
0x000000000b2a1000 	/usr/lib/system/libunc.dylib
0x000000000b2a1000 	/usr/lib/system/libunwind.dylib
0x000000000b2a1000 	/usr/lib/system/libxpc.dylib
0x000000000b2a1000 	/usr/lib/libbz2.1.0.dylib
0x000000000b2a1000 	/usr/lib/liblzma.5.dylib
0x000000000b2a1000 	/usr/lib/libbsm.0.dylib
0x000000000b2a1000 	/usr/lib/libsqlite3.dylib
0x000000000b2a1000 	/usr/lib/system/libkxld.dylib
0x000000000b2a1000 	/usr/lib/libxar.1.dylib
0x000000000b2a1000 	/usr/lib/libpam.2.dylib
0x000000000b2a1000 	/usr/lib/libOpenScriptingUtil.dylib
0x000000000b2a1000 	/System/Library/Frameworks/CoreServices.framework/Versions/A/Frameworks/FSEvents.framework/Versions/A/FSEvents
0x000000000b2a1000 	/System/Library/Frameworks/CoreServices.framework/Versions/A/Frameworks/CarbonCore.framework/Versions/A/CarbonCore
0x000000000b2a1000 	/System/Library/Frameworks/CoreServices.framework/Versions/A/Frameworks/Metadata.framework/Versions/A/Metadata
0x000000000b2a1000 	/System/Library/Frameworks/CoreServices.framework/Versions/A/Frameworks/OSServices.framework/Versions/A/OSServices
0x000000000b2a1000 	/System/Library/Frameworks/CoreServices.framework/Versions/A/Frameworks/SearchKit.framework/Versions/A/SearchKit
0x000000000b2a1000 	/System/Library/Frameworks/CoreServices.framework/Versions/A/Frameworks/AE.framework/Versions/A/AE
0x000000000b2a1000 	/System/Library/Frameworks/CoreServices.framework/Versions/A/Frameworks/LaunchServices.framework/Versions/A/LaunchServices
0x000000000b2a1000 	/System/Library/Frameworks/CoreServices.framework/Versions/A/Frameworks/DictionaryServices.framework/Versions/A/DictionaryServices
0x000000000b2a1000 	/System/Library/Frameworks/NetFS.framework/Versions/A/NetFS
0x000000000b2a1000 	/System/Library/PrivateFrameworks/NetAuth.framework/Versions/A/NetAuth
0x000000000b2a1000 	/System/Library/PrivateFrameworks/login.framework/Versions/A/Frameworks/loginsupport.framework/Versions/A/loginsupport
0x000000000b2a1000 	/System/Library/PrivateFrameworks/TCC.framework/Versions/A/TCC
0x000000000b2a1000 	/usr/lib/libmecabra.dylib
0x000000000b2a1000 	/System/Library/Frameworks/ApplicationServices.framework/Versions/A/Frameworks/ATS.framework/Versions/A/ATS
0x000000000b2a1000 	/System/Library/Frameworks/ApplicationServices.framework/Versions/A/Frameworks/ColorSync.framework/Versions/A/ColorSync
0x000000000b2a1000 	/System/Library/Frameworks/ApplicationServices.framework/Versions/A/Frameworks/HIServices.framework/Versions/A/HIServices
0x000000000b2a1000 	/System/Library/Frameworks/ApplicationServices.framework/Versions/A/Frameworks/LangAnalysis.framework/Versions/A/LangAnalysis
0x000000000b2a1000 	/System/Library/Frameworks/ApplicationServices.framework/Versions/A/Frameworks/PrintCore.framework/Versions/A/PrintCore
0x000000000b2a1000 	/System/Library/Frameworks/ApplicationServices.framework/Versions/A/Frameworks/QD.framework/Versions/A/QD
0x000000000b2a1000 	/System/Library/Frameworks/ApplicationServices.framework/Versions/A/Frameworks/SpeechSynthesis.framework/Versions/A/SpeechSynthesis
0x000000000b2a1000 	/System/Library/Frameworks/Accelerate.framework/Versions/A/Accelerate
0x000000000b2a1000 	/System/Library/Frameworks/Accelerate.framework/Versions/A/Frameworks/vImage.framework/Versions/A/vImage
0x000000000b2a1000 	/System/Library/Frameworks/Accelerate.framework/Versions/A/Frameworks/vecLib.framework/Versions/A/vecLib
0x000000000b2a1000 	/System/Library/Frameworks/Accelerate.framework/Versions/A/Frameworks/vecLib.framework/Versions/A/libvDSP.dylib
0x000000000b2a1000 	/System/Library/Frameworks/Accelerate.framework/Versions/A/Frameworks/vecLib.framework/Versions/A/libvMisc.dylib
0x000000000b2a1000 	/System/Library/Frameworks/Accelerate.framework/Versions/A/Frameworks/vecLib.framework/Versions/A/libLAPACK.dylib
0x000000000b2a1000 	/System/Library/Frameworks/Accelerate.framework/Versions/A/Frameworks/vecLib.framework/Versions/A/libBLAS.dylib
0x000000000b2a1000 	/System/Library/Frameworks/Accelerate.framework/Versions/A/Frameworks/vecLib.framework/Versions/A/libLinearAlgebra.dylib
0x000000000b2a1000 	/System/Library/Frameworks/ApplicationServices.framework/Versions/A/Frameworks/ATS.framework/Versions/A/Resources/libFontParser.dylib
0x000000000b2a1000 	/System/Library/Frameworks/ApplicationServices.framework/Versions/A/Frameworks/ATS.framework/Versions/A/Resources/libFontRegistry.dylib
0x000000000b2a1000 	/System/Library/PrivateFrameworks/AppleVPA.framework/Versions/A/AppleVPA
0x000000000b2a1000 	/System/Library/PrivateFrameworks/AppleJPEG.framework/Versions/A/AppleJPEG
0x000000000b2a1000 	/System/Library/Frameworks/ImageIO.framework/Versions/A/Resources/libJPEG.dylib
0x000000000b2a1000 	/System/Library/Frameworks/ImageIO.framework/Versions/A/Resources/libTIFF.dylib
0x000000000b2a1000 	/System/Library/Frameworks/ImageIO.framework/Versions/A/Resources/libPng.dylib
0x000000000b2a1000 	/System/Library/Frameworks/ImageIO.framework/Versions/A/Resources/libGIF.dylib
0x000000000b2a1000 	/System/Library/Frameworks/ImageIO.framework/Versions/A/Resources/libJP2.dylib
0x000000000b2a1000 	/System/Library/Frameworks/ImageIO.framework/Versions/A/Resources/libRadiance.dylib
0x000000000b2a1000 	/System/Library/Frameworks/CoreVideo.framework/Versions/A/CoreVideo
0x000000000b2a1000 	/System/Library/Frameworks/OpenGL.framework/Versions/A/Libraries/libGLU.dylib
0x000000000b2a1000 	/System/Library/Frameworks/OpenGL.framework/Versions/A/Libraries/libGFXShared.dylib
0x000000000b2a1000 	/System/Library/Frameworks/OpenGL.framework/Versions/A/Libraries/libGL.dylib
0x000000000b2a1000 	/System/Library/Frameworks/OpenGL.framework/Versions/A/Libraries/libGLImage.dylib
0x000000000b2a1000 	/System/Library/Frameworks/OpenGL.framework/Versions/A/Libraries/libCVMSPluginSupport.dylib
0x000000000b2a1000 	/System/Library/Frameworks/OpenGL.framework/Versions/A/Libraries/libCoreVMClient.dylib
0x000000000b2a1000 	/usr/lib/libcups.2.dylib
0x000000000b2a1000 	/System/Library/Frameworks/Kerberos.framework/Versions/A/Kerberos
0x000000000b2a1000 	/System/Library/Frameworks/GSS.framework/Versions/A/GSS
0x000000000b2a1000 	/usr/lib/libresolv.9.dylib
0x000000000b2a1000 	/usr/lib/libiconv.2.dylib
0x000000000b2a1000 	/System/Library/PrivateFrameworks/Heimdal.framework/Versions/A/Heimdal
0x000000000b2a1000 	/usr/lib/libheimdal-asn1.dylib
0x000000000b2a1000 	/System/Library/Frameworks/OpenDirectory.framework/Versions/A/OpenDirectory
0x000000000b2a1000 	/System/Library/PrivateFrameworks/CommonAuth.framework/Versions/A/CommonAuth
0x000000000b2a1000 	/System/Library/Frameworks/OpenDirectory.framework/Versions/A/Frameworks/CFOpenDirectory.framework/Versions/A/CFOpenDirectory
0x000000000b2a1000 	/System/Library/Frameworks/SecurityFoundation.framework/Versions/A/SecurityFoundation
0x000000000b2a1000 	/System/Library/PrivateFrameworks/LanguageModeling.framework/Versions/A/LanguageModeling
0x000000000b2a1000 	/usr/lib/libcmph.dylib
0x000000000b2a1000 	/System/Library/Frameworks/ServiceManagement.framework/Versions/A/ServiceManagement
0x000000000b2a1000 	/usr/lib/libxslt.1.dylib
0x000000000b2a1000 	/System/Library/Frameworks/Carbon.framework/Versions/A/Frameworks/Ink.framework/Versions/A/Ink
0x000000000b2a1000 	/System/Library/Frameworks/QuartzCore.framework/Versions/A/Frameworks/CoreImage.framework/Versions/A/CoreImage
0x000000000b2a1000 	/System/Library/PrivateFrameworks/CrashReporterSupport.framework/Versions/A/CrashReporterSupport
0x000000000b2a1000 	/System/Library/Frameworks/OpenCL.framework/Versions/A/OpenCL
0x000000000b2a1000 	/System/Library/PrivateFrameworks/FaceCore.framework/Versions/A/FaceCore
0x000000000b2a1000 	/System/Library/PrivateFrameworks/Ubiquity.framework/Versions/A/Ubiquity
0x000000000b2a1000 	/System/Library/PrivateFrameworks/IconServices.framework/Versions/A/IconServices
0x000000000b2a1000 	/System/Library/PrivateFrameworks/ChunkingLibrary.framework/Versions/A/ChunkingLibrary
0x000000000b2a1000 	/System/Library/PrivateFrameworks/Apple80211.framework/Versions/A/Apple80211
0x000000000b2a1000 	/System/Library/Frameworks/CoreWLAN.framework/Versions/A/CoreWLAN
0x000000000b2a1000 	/System/Library/Frameworks/IOBluetooth.framework/Versions/A/IOBluetooth
0x000000000b2a1000 	/System/Library/PrivateFrameworks/CoreWiFi.framework/Versions/A/CoreWiFi
0x000000000b2a1000 	/System/Library/Frameworks/CoreBluetooth.framework/Versions/A/CoreBluetooth
0x000000000b2a1000 	/System/Library/PrivateFrameworks/DebugSymbols.framework/Versions/A/DebugSymbols
0x000000000b2a1000 	/System/Library/PrivateFrameworks/CoreSymbolication.framework/Versions/A/CoreSymbolication
0x000000000b2a1000 	/System/Library/PrivateFrameworks/Symbolication.framework/Versions/A/Symbolication
0x000000000b2a1000 	/System/Library/PrivateFrameworks/SpeechRecognitionCore.framework/Versions/A/SpeechRecognitionCore
0x000000010cadb000 	/Library/Java/JavaVirtualMachines/jdk1.8.0_141.jdk/Contents/Home/jre/lib/server/libjvm.dylib
0x000000000b2a1000 	/usr/lib/libstdc++.6.dylib
0x000000010db9c000 	/Library/Java/JavaVirtualMachines/jdk1.8.0_141.jdk/Contents/Home/jre/lib/libverify.dylib
0x000000010dbaa000 	/Library/Java/JavaVirtualMachines/jdk1.8.0_141.jdk/Contents/Home/jre/lib/libjava.dylib
0x000000010dbe9000 	/Library/Java/JavaVirtualMachines/jdk1.8.0_141.jdk/Contents/Home/jre/lib/libzip.dylib
0x00000001231c4000 	/System/Library/Frameworks/JavaVM.framework/Frameworks/JavaRuntimeSupport.framework/JavaRuntimeSupport
0x00000001231df000 	/System/Library/Frameworks/JavaVM.framework/Versions/A/Frameworks/JavaNativeFoundation.framework/Versions/A/JavaNativeFoundation
0x000000010dbf3000 	/System/Library/Frameworks/JavaVM.framework/Versions/A/JavaVM
0x000000000b2a1000 	/System/Library/Frameworks/Carbon.framework/Versions/A/Carbon
0x00000001231f4000 	/System/Library/PrivateFrameworks/JavaLaunching.framework/Versions/A/JavaLaunching
0x000000000b2a1000 	/System/Library/Frameworks/Carbon.framework/Versions/A/Frameworks/CommonPanels.framework/Versions/A/CommonPanels
0x000000000b2a1000 	/System/Library/Frameworks/Carbon.framework/Versions/A/Frameworks/Help.framework/Versions/A/Help
0x000000000b2a1000 	/System/Library/Frameworks/Carbon.framework/Versions/A/Frameworks/ImageCapture.framework/Versions/A/ImageCapture
0x000000000b2a1000 	/System/Library/Frameworks/Carbon.framework/Versions/A/Frameworks/OpenScripting.framework/Versions/A/OpenScripting
0x000000000b2a1000 	/System/Library/Frameworks/Carbon.framework/Versions/A/Frameworks/Print.framework/Versions/A/Print
0x000000000b2a1000 	/System/Library/Frameworks/Carbon.framework/Versions/A/Frameworks/SecurityHI.framework/Versions/A/SecurityHI
0x00000001256d9000 	/Library/Java/JavaVirtualMachines/jdk1.8.0_141.jdk/Contents/Home/jre/lib/libnet.dylib
0x00000001256f0000 	/Library/Java/JavaVirtualMachines/jdk1.8.0_141.jdk/Contents/Home/jre/lib/libnio.dylib
0x00000001232fa000 	/Users/jonathanrichards/.gradle/native/25/osx-amd64/libnative-platform.dylib
0x0000000125950000 	/Library/Java/JavaVirtualMachines/jdk1.8.0_141.jdk/Contents/Home/jre/lib/libmanagement.dylib
0x00000001298fd000 	/private/var/folders/6_/lzlsqnfj0yg2p3y8rs_cmns80000gn/T/aapt2_2756402060688029607/libc++.dylib
0x000000012b512000 	/private/var/folders/6_/lzlsqnfj0yg2p3y8rs_cmns80000gn/T/aapt2_2756402060688029607/libaapt2_jni.dylib
0x0000000129a13000 	/Library/Java/JavaVirtualMachines/jdk1.8.0_141.jdk/Contents/Home/jre/lib/libawt.dylib
0x000000012bb9c000 	/Library/Java/JavaVirtualMachines/jdk1.8.0_141.jdk/Contents/Home/jre/lib/./libmlib_image.dylib
0x000000012bc68000 	/Library/Java/JavaVirtualMachines/jdk1.8.0_141.jdk/Contents/Home/jre/lib/libawt_lwawt.dylib
0x0000000123324000 	/Library/Java/JavaVirtualMachines/jdk1.8.0_141.jdk/Contents/Home/jre/lib/./libosxapp.dylib
0x000000000b2a1000 	/System/Library/Frameworks/ExceptionHandling.framework/Versions/A/ExceptionHandling
0x000000000b2a1000 	/System/Library/PrivateFrameworks/CoreServicesInternal.framework/Versions/A/CoreServicesInternal
0x000000000b2a1000 	/System/Library/PrivateFrameworks/CloudDocs.framework/Versions/A/CloudDocs
0x000000000b2a1000 	/System/Library/PrivateFrameworks/CoreDuet.framework/Versions/A/CoreDuet
0x000000000b2a1000 	/System/Library/Frameworks/CloudKit.framework/Versions/A/CloudKit
0x000000000b2a1000 	/System/Library/PrivateFrameworks/ProtocolBuffer.framework/Versions/A/ProtocolBuffer
0x000000000b2a1000 	/System/Library/PrivateFrameworks/CoreDuetDaemonProtocol.framework/Versions/A/CoreDuetDaemonProtocol
0x000000000b2a1000 	/System/Library/PrivateFrameworks/CoreDuetDebugLogging.framework/Versions/A/CoreDuetDebugLogging
0x000000000b2a1000 	/System/Library/PrivateFrameworks/MMCS.framework/Versions/A/MMCS
0x000000000b2a1000 	/System/Library/Frameworks/CoreLocation.framework/Versions/A/CoreLocation
0x000000000b2a1000 	/System/Library/PrivateFrameworks/ProtectedCloudStorage.framework/Versions/A/ProtectedCloudStorage
0x000000000b2a1000 	/System/Library/PrivateFrameworks/GeoServices.framework/Versions/A/GeoServices
0x000000000b2a1000 	/System/Library/Frameworks/CoreGraphics.framework/Versions/A/Resources/libCGCMS.A.dylib
0x000000000b2a1000 	/System/Library/Frameworks/CoreGraphics.framework/Versions/A/Resources/libRIP.A.dylib
0x000000000b2a1000 	/System/Library/Frameworks/OpenCL.framework/Versions/A/Libraries/libcldcpuengine.dylib
0x000000000b2a1000 	/System/Library/PrivateFrameworks/DiskImages.framework/Versions/A/DiskImages
0x000000000b2a1000 	/System/Library/Frameworks/DiscRecording.framework/Versions/A/DiscRecording
0x000000000b2a1000 	/usr/lib/libcsfde.dylib
0x000000000b2a1000 	/usr/lib/libcurl.4.dylib
0x000000000b2a1000 	/System/Library/PrivateFrameworks/MediaKit.framework/Versions/A/MediaKit
0x000000000b2a1000 	/usr/lib/libCoreStorage.dylib
0x000000000b2a1000 	/System/Library/PrivateFrameworks/EFILogin.framework/Versions/A/EFILogin
0x000000000b2a1000 	/usr/lib/libutil.dylib
0x000000000b2a1000 	/System/Library/PrivateFrameworks/FindMyDevice.framework/Versions/A/FindMyDevice
0x000000000b2a1000 	/System/Library/Frameworks/LDAP.framework/Versions/A/LDAP
0x000000000b2a1000 	/usr/lib/libsasl2.2.dylib
0x000000000b2a1000 	/System/Library/PrivateFrameworks/CoreDaemon.framework/Versions/B/CoreDaemon
0x000000000b2a1000 	/usr/lib/libcrypto.0.9.8.dylib
0x000000000b2a1000 	/System/Library/PrivateFrameworks/AppleSRP.framework/Versions/A/AppleSRP
0x000000000b2a1000 	/System/Library/PrivateFrameworks/TrustEvaluationAgent.framework/Versions/A/TrustEvaluationAgent
0x00000001267cd000 	cl_kernels
0x000000012ed1c000 	/System/Library/Frameworks/OpenCL.framework/Versions/A/Libraries/ImageFormats/unorm8_bgra.dylib
0x0000000126abd000 	cl_kernels
0x000000000b2a1000 	/System/Library/PrivateFrameworks/FamilyControls.framework/Versions/A/FamilyControls
0x000000000b2a1000 	/System/Library/PrivateFrameworks/CommerceKit.framework/Versions/A/Frameworks/CommerceCore.framework/Versions/A/CommerceCore
0x000000000b2a1000 	/System/Library/PrivateFrameworks/SystemAdministration.framework/Versions/A/SystemAdministration
0x000000000b2a1000 	/System/Library/PrivateFrameworks/AppContainer.framework/Versions/A/AppContainer
0x000000000b2a1000 	/System/Library/PrivateFrameworks/SecCodeWrapper.framework/Versions/A/SecCodeWrapper
0x000000000b2a1000 	/System/Library/Frameworks/DirectoryService.framework/Versions/A/DirectoryService
0x000000000b2a1000 	/System/Library/PrivateFrameworks/LoginUIKit.framework/Versions/A/Frameworks/LoginUICore.framework/Versions/A/LoginUICore
0x000000000b2a1000 	/usr/lib/libodfde.dylib
0x000000000b2a1000 	/System/Library/Frameworks/OpenGL.framework/Versions/A/Resources/GLEngine.bundle/GLEngine
0x000000000b2a1000 	/System/Library/Frameworks/OpenGL.framework/Versions/A/Libraries/libGLProgrammability.dylib
0x000000013015a000 	/System/Library/Extensions/AppleIntelBDWGraphicsGLDriver.bundle/Contents/MacOS/AppleIntelBDWGraphicsGLDriver
0x000000000b2a1000 	/System/Library/PrivateFrameworks/IOAccelerator.framework/Versions/A/IOAccelerator
0x000000000b2a1000 	/System/Library/PrivateFrameworks/GPUSupport.framework/Versions/A/Libraries/libGPUSupportMercury.dylib
0x000000000b2a1000 	/System/Library/Frameworks/OpenGL.framework/Versions/A/Resources/GLRendererFloat.bundle/GLRendererFloat
0x0000000131853000 	/Library/Java/JavaVirtualMachines/jdk1.8.0_141.jdk/Contents/Home/jre/lib/libdcpr.dylib
0x00000001255aa000 	/private/var/folders/6_/lzlsqnfj0yg2p3y8rs_cmns80000gn/T/native-platform3763949388988865390dir/libnative-platform.dylib
0x00000001255b1000 	/Users/jonathanrichards/.gradle/native/jansi/1.14/osx/libjansi.jnilib

VM Arguments:
jvm_args: -Xmx1536m -Dfile.encoding=UTF-8 -Duser.country=US -Duser.language=en -Duser.variant 
java_command: org.gradle.launcher.daemon.bootstrap.GradleDaemon 4.1-milestone-1
java_class_path (initial): /Users/jonathanrichards/.gradle/wrapper/dists/gradle-4.1-milestone-1-all/9uoz4qrz3xxqtt8z3tsnbtd3e/gradle-4.1-milestone-1/lib/gradle-launcher-4.1.jar
Launcher Type: SUN_STANDARD

Environment Variables:
PATH=/usr/bin:/bin:/usr/sbin:/sbin:/://platform-tools://usr/bin:/bin:/usr/sbin:/sbin
SHELL=/bin/bash
DISPLAY=/private/tmp/com.apple.launchd.n1cWAH0FtT/org.macosforge.xquartz:0

Signal Handlers:
SIGSEGV: [libjvm.dylib+0x5b26e5], sa_mask[0]=11111111011111110111111111111111, sa_flags=SA_ONSTACK|SA_RESTART|SA_SIGINFO
SIGBUS: [libjvm.dylib+0x5b26e5], sa_mask[0]=11111111011111110111111111111111, sa_flags=SA_RESTART|SA_SIGINFO
SIGFPE: [libjvm.dylib+0x489100], sa_mask[0]=11111111011111110111111111111111, sa_flags=SA_RESTART|SA_SIGINFO
SIGPIPE: [libjvm.dylib+0x489100], sa_mask[0]=11111111011111110111111111111111, sa_flags=SA_RESTART|SA_SIGINFO
SIGXFSZ: [libjvm.dylib+0x489100], sa_mask[0]=11111111011111110111111111111111, sa_flags=SA_RESTART|SA_SIGINFO
SIGILL: [libjvm.dylib+0x489100], sa_mask[0]=11111111011111110111111111111111, sa_flags=SA_RESTART|SA_SIGINFO
SIGUSR1: SIG_DFL, sa_mask[0]=00000000000000000000000000000000, sa_flags=none
SIGUSR2: [libjvm.dylib+0x488c1e], sa_mask[0]=00100000000000000000000000000000, sa_flags=SA_RESTART|SA_SIGINFO
SIGHUP: [libjvm.dylib+0x4871f5], sa_mask[0]=11111111011111110111111111111111, sa_flags=SA_RESTART|SA_SIGINFO
SIGINT: [libjvm.dylib+0x4871f5], sa_mask[0]=11111111011111110111111111111111, sa_flags=SA_RESTART|SA_SIGINFO
SIGTERM: [libjvm.dylib+0x4871f5], sa_mask[0]=11111111011111110111111111111111, sa_flags=SA_RESTART|SA_SIGINFO
SIGQUIT: [libjvm.dylib+0x4871f5], sa_mask[0]=11111111011111110111111111111111, sa_flags=SA_RESTART|SA_SIGINFO


---------------  S Y S T E M  ---------------

OS:Bsduname:Darwin 14.5.0 Darwin Kernel Version 14.5.0: Mon Aug 29 21:14:16 PDT 2016; root:xnu-2782.50.6~1/RELEASE_X86_64 x86_64
rlimit: STACK 8192k, CORE 0k, NPROC 709, NOFILE 10240, AS infinity
load average:8.39 7.83 5.63

CPU:total 4 (initial active 4) (2 cores per cpu, 2 threads per core) family 6 model 61 stepping 4, cmov, cx8, fxsr, mmx, sse, sse2, sse3, ssse3, sse4.1, sse4.2, popcnt, avx, avx2, aes, clmul, erms, 3dnowpref, lzcnt, ht, tsc, tscinvbit, bmi1, bmi2, adx

Memory: 4k page, physical 8388608k(22104k free)

/proc/meminfo:


vm_info: Java HotSpot(TM) 64-Bit Server VM (25.141-b15) for bsd-amd64 JRE (1.8.0_141-b15), built on Jul 12 2017 04:35:23 by "java_re" with gcc 4.2.1 (Based on Apple Inc. build 5658) (LLVM build 2336.11.00)

time: Thu Jul 27 15:34:05 2017
elapsed time: 1180 seconds (0d 0h 19m 40s)

