#
# A fatal error has been detected by the Java Runtime Environment:
#
#  SIGSEGV (0xb) at pc=0x0000000106d1f46f, pid=2439, tid=0x0000000000005203
#
# JRE version: Java(TM) SE Runtime Environment (8.0_141-b15) (build 1.8.0_141-b15)
# Java VM: Java HotSpot(TM) 64-Bit Server VM (25.141-b15 mixed mode bsd-amd64 compressed oops)
# Problematic frame:
# V  [libjvm.dylib+0x31f46f]
#
# Failed to write core dump. Core dumps have been disabled. To enable core dumping, try "ulimit -c unlimited" before starting Java again
#
# If you would like to submit a bug report, please visit:
#   http://bugreport.java.com/bugreport/crash.jsp
#

---------------  T H R E A D  ---------------

Current thread (0x00007fa0da08a000):  JavaThread "Daemon worker" [_thread_in_vm, id=20995, stack(0x000000011f734000,0x000000011f834000)]

siginfo: si_signo: 11 (SIGSEGV), si_code: 1 (SEGV_MAPERR), si_addr: 0x0000000000000010

Registers:
RAX=0x00000001072ef060, RBX=0x0000000000000000, RCX=0x0000000000000000, RDX=0x0000000000000000
RSP=0x000000011f82d890, RBP=0x000000011f82d900, RSI=0x000000011f82d9a0, RDI=0x00007fa0da08a1f8
R8 =0x0000000000000000, R9 =0x00007fff8c5dcd60, R10=0x0000000106fe9bea, R11=0x00007f9fd401ac97
R12=0x00007fa0da08a1f8, R13=0x00007fa0da08a000, R14=0x0000000000000000, R15=0x000000011f82d9a0
RIP=0x0000000106d1f46f, EFLAGS=0x0000000000010246, ERR=0x0000000000000004
  TRAPNO=0x000000000000000e

Top of Stack: (sp=0x000000011f82d890)
0x000000011f82d890:   0000000124595540 00007fa0da08a000
0x000000011f82d8a0:   00007fa0da08a000 00007fa0da08a000
0x000000011f82d8b0:   00007fa0db5df838 0000000100000b8b
0x000000011f82d8c0:   0000000106fff498 00007fa0da08a000
0x000000011f82d8d0:   00007fa0da08a000 00007fa0da08a1f8
0x000000011f82d8e0:   0000000106d1f3cf 0000000124595958
0x000000011f82d8f0:   000000011f82d9a0 000000011ea0de39
0x000000011f82d900:   000000011f82d940 000000011ea0cf98
0x000000011f82d910:   000000011ea0ce90 0000000124595960
0x000000011f82d920:   0000000000000000 0000000124595958
0x000000011f82d930:   000000011f82d9a8 00007fa0da08a000
0x000000011f82d940:   000000011f82d990 00000001079c79f4
0x000000011f82d950:   000000011f82d950 0000000124595958
0x000000011f82d960:   000000011f82d9a8 0000000124595b78
0x000000011f82d970:   0000000000000000 0000000124595960
0x000000011f82d980:   0000000000000000 000000011f82d9b0
0x000000011f82d990:   000000011f82d9f0 00000001079b82bd
0x000000011f82d9a0:   00000007a0bf1b38 00000001079c1538
0x000000011f82d9b0:   000000011f82d9b0 0000000124595adc
0x000000011f82d9c0:   000000011f82d9f8 0000000124595b78
0x000000011f82d9d0:   0000000000000000 0000000124595ae8
0x000000011f82d9e0:   000000011f82d9b0 000000011f82da00
0x000000011f82d9f0:   000000011f82da60 00000001079b07a7
0x000000011f82da00:   0000000100001fa0 000000000000000a
0x000000011f82da10:   00007fa0da08a000 0000000000000000
0x000000011f82da20:   00000001079b071f 0000000124595ae8
0x000000011f82da30:   000000011f82daf8 000000011f82dc30
0x000000011f82da40:   00007fa00000000a 0000000124595ae8
0x000000011f82da50:   00000001079c2c80 000000011f82dc40
0x000000011f82da60:   000000011f82dc10 0000000106cee70a
0x000000011f82da70:   0000000100000000 00007fa0da08a000
0x000000011f82da80:   00007fa0da08a001 000000011f82dc30 

Instructions: (pc=0x0000000106d1f46f)
0x0000000106d1f44f:   45 a0 48 89 44 24 08 c7 04 24 49 00 00 00 31 f6
0x0000000106d1f45f:   41 b9 01 00 00 00 31 d2 4d 89 f0 e8 2b 54 07 00
0x0000000106d1f46f:   49 63 46 10 49 8b 0e 48 8b 49 68 89 1c 01 90 0f
0x0000000106d1f47f:   1f 40 00 48 83 7d b0 00 74 09 48 8d 7d a8 e8 02 

Register to memory mapping:

RAX=0x00000001072ef060: _ZN11JvmtiExport31_should_post_field_modificationE+0 in /Library/Java/JavaVirtualMachines/jdk1.8.0_141.jdk/Contents/Home/jre/lib/server/libjvm.dylib at 0x0000000106a00000
RBX=0x0000000000000000 is an unknown value
RCX=0x0000000000000000 is an unknown value
RDX=0x0000000000000000 is an unknown value
RSP=0x000000011f82d890 is pointing into the stack for thread: 0x00007fa0da08a000
RBP=0x000000011f82d900 is pointing into the stack for thread: 0x00007fa0da08a000
RSI=0x000000011f82d9a0 is pointing into the stack for thread: 0x00007fa0da08a000
RDI=0x00007fa0da08a1f8 is an unknown value
R8 =0x0000000000000000 is an unknown value
R9 =0x00007fff8c5dcd60: zeroes+0 in /usr/lib/system/libsystem_c.dylib at 0x00007fff8c555000
R10=0x0000000106fe9bea: _ZL24decode_instructions_name+0x9e2 in /Library/Java/JavaVirtualMachines/jdk1.8.0_141.jdk/Contents/Home/jre/lib/server/libjvm.dylib at 0x0000000106a00000
R11=0x00007f9fd401ac97 is an unknown value
R12=0x00007fa0da08a1f8 is an unknown value
R13=0x00007fa0da08a000 is a thread
R14=0x0000000000000000 is an unknown value
R15=0x000000011f82d9a0 is pointing into the stack for thread: 0x00007fa0da08a000


Stack: [0x000000011f734000,0x000000011f834000],  sp=0x000000011f82d890,  free space=998k
Native frames: (J=compiled Java code, j=interpreted, Vv=VM code, C=native code)
V  [libjvm.dylib+0x31f46f]
C  [libjansi.jnilib+0xf98]  Java_org_fusesource_jansi_internal_CLibrary_init+0x108
j  org.fusesource.jansi.internal.CLibrary.init()V+0
j  org.fusesource.jansi.internal.CLibrary.<clinit>()V+20
v  ~StubRoutines::call_stub
V  [libjvm.dylib+0x2ee70a]
V  [libjvm.dylib+0x2c12c1]
V  [libjvm.dylib+0x2c2925]
V  [libjvm.dylib+0x2c2bbb]
V  [libjvm.dylib+0x3c9b1e]
V  [libjvm.dylib+0x3cc103]
V  [libjvm.dylib+0x2e95f7]
j  org.jetbrains.kotlin.cli.common.messages.PlainTextMessageRenderer.<clinit>()V+21
v  ~StubRoutines::call_stub
V  [libjvm.dylib+0x2ee70a]
V  [libjvm.dylib+0x2c12c1]
V  [libjvm.dylib+0x2c2925]
V  [libjvm.dylib+0x2c2bbb]
V  [libjvm.dylib+0x2c2763]
V  [libjvm.dylib+0x2c2bbb]
V  [libjvm.dylib+0x2ea15c]
j  org.jetbrains.kotlin.cli.common.messages.MessageRenderer.<clinit>()V+10
v  ~StubRoutines::call_stub
V  [libjvm.dylib+0x2ee70a]
V  [libjvm.dylib+0x2c12c1]
V  [libjvm.dylib+0x2c2925]
V  [libjvm.dylib+0x2c2bbb]
V  [libjvm.dylib+0x3c9b1e]
V  [libjvm.dylib+0x3cc103]
V  [libjvm.dylib+0x2e95f7]
j  org.jetbrains.kotlin.compilerRunner.GradleCompilerRunner$loggingMessageCollector$2$1.<init>(Lorg/jetbrains/kotlin/compilerRunner/GradleCompilerRunner$loggingMessageCollector$2;)V+10
j  org.jetbrains.kotlin.compilerRunner.GradleCompilerRunner$loggingMessageCollector$2.invoke()Lorg/jetbrains/kotlin/compilerRunner/GradleCompilerRunner$loggingMessageCollector$2$1;+5
j  org.jetbrains.kotlin.compilerRunner.GradleCompilerRunner$loggingMessageCollector$2.invoke()Ljava/lang/Object;+1
j  kotlin.SynchronizedLazyImpl.getValue()Ljava/lang/Object;+55
j  org.jetbrains.kotlin.compilerRunner.GradleCompilerRunner.getLoggingMessageCollector()Lorg/jetbrains/kotlin/cli/common/messages/MessageCollector;+14
j  org.jetbrains.kotlin.compilerRunner.GradleCompilerRunner.compileOutOfProcess([Ljava/lang/String;Ljava/lang/String;Lorg/jetbrains/kotlin/compilerRunner/GradleCompilerEnvironment;)Lorg/jetbrains/kotlin/cli/common/ExitCode;+238
j  org.jetbrains.kotlin.compilerRunner.GradleCompilerRunner.compileWithDaemonOrFallback(Ljava/lang/String;Lorg/jetbrains/kotlin/cli/common/arguments/CommonCompilerArguments;Lorg/jetbrains/kotlin/compilerRunner/GradleCompilerEnvironment;)Lorg/jetbrains/kotlin/cli/common/ExitCode;+584
j  org.jetbrains.kotlin.compilerRunner.GradleCompilerRunner.compileWithDaemonOrFallback(Ljava/lang/String;Lorg/jetbrains/kotlin/cli/common/arguments/CommonCompilerArguments;Lorg/jetbrains/kotlin/compilerRunner/CompilerEnvironment;)Lorg/jetbrains/kotlin/cli/common/ExitCode;+7
j  org.jetbrains.kotlin.compilerRunner.KotlinCompilerRunner.runCompiler(Ljava/lang/String;Lorg/jetbrains/kotlin/cli/common/arguments/CommonCompilerArguments;Lorg/jetbrains/kotlin/compilerRunner/CompilerEnvironment;)Lorg/jetbrains/kotlin/cli/common/ExitCode;+25
j  org.jetbrains.kotlin.compilerRunner.GradleCompilerRunner.runJvmCompiler(Ljava/util/List;Ljava/lang/Iterable;Lorg/jetbrains/kotlin/cli/common/arguments/K2JVMCompilerArguments;Lorg/jetbrains/kotlin/compilerRunner/GradleCompilerEnvironment;)Lorg/jetbrains/kotlin/cli/common/ExitCode;+234
j  org.jetbrains.kotlin.gradle.tasks.KotlinCompile.callCompiler$kotlin_gradle_plugin(Lorg/jetbrains/kotlin/cli/common/arguments/K2JVMCompilerArguments;Lorg/jetbrains/kotlin/gradle/tasks/SourceRoots;Lorg/jetbrains/kotlin/incremental/ChangedFiles;)V+291
j  org.jetbrains.kotlin.gradle.tasks.KotlinCompile.callCompiler$kotlin_gradle_plugin(Lorg/jetbrains/kotlin/cli/common/arguments/CommonCompilerArguments;Lorg/jetbrains/kotlin/gradle/tasks/SourceRoots;Lorg/jetbrains/kotlin/incremental/ChangedFiles;)V+7
j  org.jetbrains.kotlin.gradle.tasks.AbstractKotlinCompile.execute(Lorg/gradle/api/tasks/incremental/IncrementalTaskInputs;)V+189
v  ~StubRoutines::call_stub
V  [libjvm.dylib+0x2ee70a]
V  [libjvm.dylib+0x4d3c0c]
V  [libjvm.dylib+0x4d4140]
V  [libjvm.dylib+0x346b0c]
J 1412  sun.reflect.NativeMethodAccessorImpl.invoke0(Ljava/lang/reflect/Method;Ljava/lang/Object;[Ljava/lang/Object;)Ljava/lang/Object; (0 bytes) @ 0x0000000107e19bad [0x0000000107e19ac0+0xed]
J 1411 C1 sun.reflect.NativeMethodAccessorImpl.invoke(Ljava/lang/Object;[Ljava/lang/Object;)Ljava/lang/Object; (104 bytes) @ 0x0000000107e1b154 [0x0000000107e19f80+0x11d4]
J 942 C1 sun.reflect.DelegatingMethodAccessorImpl.invoke(Ljava/lang/Object;[Ljava/lang/Object;)Ljava/lang/Object; (10 bytes) @ 0x0000000107d0abcc [0x0000000107d0aac0+0x10c]
J 941 C1 java.lang.reflect.Method.invoke(Ljava/lang/Object;[Ljava/lang/Object;)Ljava/lang/Object; (62 bytes) @ 0x0000000107d0a5dc [0x0000000107d0a1e0+0x3fc]
J 2109 C1 org.gradle.internal.reflect.JavaMethod.invoke(Ljava/lang/Object;[Ljava/lang/Object;)Ljava/lang/Object; (74 bytes) @ 0x00000001080cf37c [0x00000001080cf260+0x11c]
j  org.gradle.api.internal.project.taskfactory.DefaultTaskClassInfoStore$IncrementalTaskAction.doExecute(Lorg/gradle/api/Task;Ljava/lang/String;)V+35
j  org.gradle.api.internal.project.taskfactory.DefaultTaskClassInfoStore$StandardTaskAction.execute(Lorg/gradle/api/Task;)V+32
j  org.gradle.api.internal.project.taskfactory.DefaultTaskClassInfoStore$StandardTaskAction.execute(Ljava/lang/Object;)V+5
j  org.gradle.api.internal.tasks.execution.ExecuteActionsTaskExecuter$1.run(Lorg/gradle/internal/operations/BuildOperationContext;)V+23
j  org.gradle.internal.progress.DefaultBuildOperationExecutor$RunnableBuildOperationWorker.execute(Lorg/gradle/internal/operations/RunnableBuildOperation;Lorg/gradle/internal/operations/BuildOperationContext;)V+2
j  org.gradle.internal.progress.DefaultBuildOperationExecutor$RunnableBuildOperationWorker.execute(Lorg/gradle/internal/operations/BuildOperation;Lorg/gradle/internal/operations/BuildOperationContext;)V+6
j  org.gradle.internal.progress.DefaultBuildOperationExecutor.execute(Lorg/gradle/internal/operations/BuildOperation;Lorg/gradle/internal/operations/BuildOperationWorker;Lorg/gradle/internal/progress/DefaultBuildOperationExecutor$DefaultBuildOperationState;)V+177
j  org.gradle.internal.progress.DefaultBuildOperationExecutor.run(Lorg/gradle/internal/operations/RunnableBuildOperation;)V+20
j  org.gradle.api.internal.tasks.execution.ExecuteActionsTaskExecuter.executeAction(Ljava/lang/String;Lorg/gradle/api/internal/TaskInternal;Lorg/gradle/api/internal/tasks/ContextAwareTaskAction;Lorg/gradle/api/internal/tasks/TaskExecutionContext;)V+23
j  org.gradle.api.internal.tasks.execution.ExecuteActionsTaskExecuter.executeActions(Lorg/gradle/api/internal/TaskInternal;Lorg/gradle/api/internal/tasks/TaskStateInternal;Lorg/gradle/api/internal/tasks/TaskExecutionContext;)Lorg/gradle/api/GradleException;+131
j  org.gradle.api.internal.tasks.execution.ExecuteActionsTaskExecuter.execute(Lorg/gradle/api/internal/TaskInternal;Lorg/gradle/api/internal/tasks/TaskStateInternal;Lorg/gradle/api/internal/tasks/TaskExecutionContext;)V+42
j  org.gradle.api.internal.tasks.execution.SkipUpToDateTaskExecuter.execute(Lorg/gradle/api/internal/TaskInternal;Lorg/gradle/api/internal/tasks/TaskStateInternal;Lorg/gradle/api/internal/tasks/TaskExecutionContext;)V+131
j  org.gradle.api.internal.tasks.execution.ResolveTaskOutputCachingStateExecuter.execute(Lorg/gradle/api/internal/TaskInternal;Lorg/gradle/api/internal/tasks/TaskStateInternal;Lorg/gradle/api/internal/tasks/TaskExecutionContext;)V+96
j  org.gradle.api.internal.tasks.execution.ValidatingTaskExecuter.execute(Lorg/gradle/api/internal/TaskInternal;Lorg/gradle/api/internal/tasks/TaskStateInternal;Lorg/gradle/api/internal/tasks/TaskExecutionContext;)V+215
j  org.gradle.api.internal.tasks.execution.SkipEmptySourceFilesTaskExecuter.execute(Lorg/gradle/api/internal/TaskInternal;Lorg/gradle/api/internal/tasks/TaskStateInternal;Lorg/gradle/api/internal/tasks/TaskExecutionContext;)V+335
j  org.gradle.api.internal.tasks.execution.ResolveTaskArtifactStateTaskExecuter.execute(Lorg/gradle/api/internal/TaskInternal;Lorg/gradle/api/internal/tasks/TaskStateInternal;Lorg/gradle/api/internal/tasks/TaskExecutionContext;)V+72
j  org.gradle.api.internal.tasks.execution.SkipTaskWithNoActionsExecuter.execute(Lorg/gradle/api/internal/TaskInternal;Lorg/gradle/api/internal/tasks/TaskStateInternal;Lorg/gradle/api/internal/tasks/TaskExecutionContext;)V+124
j  org.gradle.api.internal.tasks.execution.SkipOnlyIfTaskExecuter.execute(Lorg/gradle/api/internal/TaskInternal;Lorg/gradle/api/internal/tasks/TaskStateInternal;Lorg/gradle/api/internal/tasks/TaskExecutionContext;)V+85
j  org.gradle.api.internal.tasks.execution.ExecuteAtMostOnceTaskExecuter.execute(Lorg/gradle/api/internal/TaskInternal;Lorg/gradle/api/internal/tasks/TaskStateInternal;Lorg/gradle/api/internal/tasks/TaskExecutionContext;)V+26
j  org.gradle.api.internal.tasks.execution.CatchExceptionTaskExecuter.execute(Lorg/gradle/api/internal/TaskInternal;Lorg/gradle/api/internal/tasks/TaskStateInternal;Lorg/gradle/api/internal/tasks/TaskExecutionContext;)V+7
j  org.gradle.execution.taskgraph.DefaultTaskGraphExecuter$EventFiringTaskWorker$1.run(Lorg/gradle/internal/operations/BuildOperationContext;)V+56
j  org.gradle.internal.progress.DefaultBuildOperationExecutor$RunnableBuildOperationWorker.execute(Lorg/gradle/internal/operations/RunnableBuildOperation;Lorg/gradle/internal/operations/BuildOperationContext;)V+2
j  org.gradle.internal.progress.DefaultBuildOperationExecutor$RunnableBuildOperationWorker.execute(Lorg/gradle/internal/operations/BuildOperation;Lorg/gradle/internal/operations/BuildOperationContext;)V+6
j  org.gradle.internal.progress.DefaultBuildOperationExecutor.execute(Lorg/gradle/internal/operations/BuildOperation;Lorg/gradle/internal/operations/BuildOperationWorker;Lorg/gradle/internal/progress/DefaultBuildOperationExecutor$DefaultBuildOperationState;)V+177
j  org.gradle.internal.progress.DefaultBuildOperationExecutor.run(Lorg/gradle/internal/operations/RunnableBuildOperation;)V+20
j  org.gradle.execution.taskgraph.DefaultTaskGraphExecuter$EventFiringTaskWorker.execute(Lorg/gradle/api/internal/TaskInternal;)V+16
j  org.gradle.execution.taskgraph.DefaultTaskGraphExecuter$EventFiringTaskWorker.execute(Ljava/lang/Object;)V+5
j  org.gradle.execution.taskgraph.DefaultTaskPlanExecutor$TaskExecutorWorker.processTask(Lorg/gradle/execution/taskgraph/TaskInfo;)V+8
j  org.gradle.execution.taskgraph.DefaultTaskPlanExecutor$TaskExecutorWorker.access$200(Lorg/gradle/execution/taskgraph/DefaultTaskPlanExecutor$TaskExecutorWorker;Lorg/gradle/execution/taskgraph/TaskInfo;)V+2
j  org.gradle.execution.taskgraph.DefaultTaskPlanExecutor$TaskExecutorWorker$1.execute(Lorg/gradle/execution/taskgraph/TaskInfo;)V+38
j  org.gradle.execution.taskgraph.DefaultTaskPlanExecutor$TaskExecutorWorker$1.execute(Ljava/lang/Object;)V+5
j  org.gradle.execution.taskgraph.DefaultTaskExecutionPlan.execute(Lorg/gradle/execution/taskgraph/TaskInfo;Lorg/gradle/internal/work/WorkerLeaseRegistry$WorkerLease;Lorg/gradle/api/Action;)V+14
j  org.gradle.execution.taskgraph.DefaultTaskExecutionPlan.executeWithTask(Lorg/gradle/internal/work/WorkerLeaseRegistry$WorkerLease;Lorg/gradle/api/Action;)Z+53
j  org.gradle.execution.taskgraph.DefaultTaskPlanExecutor$TaskExecutorWorker.run()V+52
j  org.gradle.execution.taskgraph.DefaultTaskPlanExecutor.process(Lorg/gradle/execution/taskgraph/TaskExecutionPlan;Lorg/gradle/api/Action;)V+67
j  org.gradle.execution.taskgraph.DefaultTaskGraphExecuter.execute()V+61
j  org.gradle.execution.SelectedTaskExecutionAction.execute(Lorg/gradle/execution/BuildExecutionContext;)V+55
j  org.gradle.execution.DefaultBuildExecuter.execute(Lorg/gradle/api/internal/GradleInternal;I)V+37
j  org.gradle.execution.DefaultBuildExecuter.access$000(Lorg/gradle/execution/DefaultBuildExecuter;Lorg/gradle/api/internal/GradleInternal;I)V+3
j  org.gradle.execution.DefaultBuildExecuter$1.proceed()V+14
j  org.gradle.execution.DryRunBuildExecutionAction.execute(Lorg/gradle/execution/BuildExecutionContext;)V+121
j  org.gradle.execution.DefaultBuildExecuter.execute(Lorg/gradle/api/internal/GradleInternal;I)V+37
j  org.gradle.execution.DefaultBuildExecuter.execute(Lorg/gradle/api/internal/GradleInternal;)V+3
j  org.gradle.initialization.DefaultGradleLauncher$ExecuteTasks.run(Lorg/gradle/internal/operations/BuildOperationContext;)V+14
j  org.gradle.internal.progress.DefaultBuildOperationExecutor$RunnableBuildOperationWorker.execute(Lorg/gradle/internal/operations/RunnableBuildOperation;Lorg/gradle/internal/operations/BuildOperationContext;)V+2
j  org.gradle.internal.progress.DefaultBuildOperationExecutor$RunnableBuildOperationWorker.execute(Lorg/gradle/internal/operations/BuildOperation;Lorg/gradle/internal/operations/BuildOperationContext;)V+6
j  org.gradle.internal.progress.DefaultBuildOperationExecutor.execute(Lorg/gradle/internal/operations/BuildOperation;Lorg/gradle/internal/operations/BuildOperationWorker;Lorg/gradle/internal/progress/DefaultBuildOperationExecutor$DefaultBuildOperationState;)V+177
...<more frames>...

Java frames: (J=compiled Java code, j=interpreted, Vv=VM code)
j  org.fusesource.jansi.internal.CLibrary.init()V+0
j  org.fusesource.jansi.internal.CLibrary.<clinit>()V+20
v  ~StubRoutines::call_stub
j  org.jetbrains.kotlin.cli.common.messages.PlainTextMessageRenderer.<clinit>()V+21
v  ~StubRoutines::call_stub
j  org.jetbrains.kotlin.cli.common.messages.MessageRenderer.<clinit>()V+10
v  ~StubRoutines::call_stub
j  org.jetbrains.kotlin.compilerRunner.GradleCompilerRunner$loggingMessageCollector$2$1.<init>(Lorg/jetbrains/kotlin/compilerRunner/GradleCompilerRunner$loggingMessageCollector$2;)V+10
j  org.jetbrains.kotlin.compilerRunner.GradleCompilerRunner$loggingMessageCollector$2.invoke()Lorg/jetbrains/kotlin/compilerRunner/GradleCompilerRunner$loggingMessageCollector$2$1;+5
j  org.jetbrains.kotlin.compilerRunner.GradleCompilerRunner$loggingMessageCollector$2.invoke()Ljava/lang/Object;+1
j  kotlin.SynchronizedLazyImpl.getValue()Ljava/lang/Object;+55
j  org.jetbrains.kotlin.compilerRunner.GradleCompilerRunner.getLoggingMessageCollector()Lorg/jetbrains/kotlin/cli/common/messages/MessageCollector;+14
j  org.jetbrains.kotlin.compilerRunner.GradleCompilerRunner.compileOutOfProcess([Ljava/lang/String;Ljava/lang/String;Lorg/jetbrains/kotlin/compilerRunner/GradleCompilerEnvironment;)Lorg/jetbrains/kotlin/cli/common/ExitCode;+238
j  org.jetbrains.kotlin.compilerRunner.GradleCompilerRunner.compileWithDaemonOrFallback(Ljava/lang/String;Lorg/jetbrains/kotlin/cli/common/arguments/CommonCompilerArguments;Lorg/jetbrains/kotlin/compilerRunner/GradleCompilerEnvironment;)Lorg/jetbrains/kotlin/cli/common/ExitCode;+584
j  org.jetbrains.kotlin.compilerRunner.GradleCompilerRunner.compileWithDaemonOrFallback(Ljava/lang/String;Lorg/jetbrains/kotlin/cli/common/arguments/CommonCompilerArguments;Lorg/jetbrains/kotlin/compilerRunner/CompilerEnvironment;)Lorg/jetbrains/kotlin/cli/common/ExitCode;+7
j  org.jetbrains.kotlin.compilerRunner.KotlinCompilerRunner.runCompiler(Ljava/lang/String;Lorg/jetbrains/kotlin/cli/common/arguments/CommonCompilerArguments;Lorg/jetbrains/kotlin/compilerRunner/CompilerEnvironment;)Lorg/jetbrains/kotlin/cli/common/ExitCode;+25
j  org.jetbrains.kotlin.compilerRunner.GradleCompilerRunner.runJvmCompiler(Ljava/util/List;Ljava/lang/Iterable;Lorg/jetbrains/kotlin/cli/common/arguments/K2JVMCompilerArguments;Lorg/jetbrains/kotlin/compilerRunner/GradleCompilerEnvironment;)Lorg/jetbrains/kotlin/cli/common/ExitCode;+234
j  org.jetbrains.kotlin.gradle.tasks.KotlinCompile.callCompiler$kotlin_gradle_plugin(Lorg/jetbrains/kotlin/cli/common/arguments/K2JVMCompilerArguments;Lorg/jetbrains/kotlin/gradle/tasks/SourceRoots;Lorg/jetbrains/kotlin/incremental/ChangedFiles;)V+291
j  org.jetbrains.kotlin.gradle.tasks.KotlinCompile.callCompiler$kotlin_gradle_plugin(Lorg/jetbrains/kotlin/cli/common/arguments/CommonCompilerArguments;Lorg/jetbrains/kotlin/gradle/tasks/SourceRoots;Lorg/jetbrains/kotlin/incremental/ChangedFiles;)V+7
j  org.jetbrains.kotlin.gradle.tasks.AbstractKotlinCompile.execute(Lorg/gradle/api/tasks/incremental/IncrementalTaskInputs;)V+189
v  ~StubRoutines::call_stub
J 1412  sun.reflect.NativeMethodAccessorImpl.invoke0(Ljava/lang/reflect/Method;Ljava/lang/Object;[Ljava/lang/Object;)Ljava/lang/Object; (0 bytes) @ 0x0000000107e19b37 [0x0000000107e19ac0+0x77]
J 1411 C1 sun.reflect.NativeMethodAccessorImpl.invoke(Ljava/lang/Object;[Ljava/lang/Object;)Ljava/lang/Object; (104 bytes) @ 0x0000000107e1b154 [0x0000000107e19f80+0x11d4]
J 942 C1 sun.reflect.DelegatingMethodAccessorImpl.invoke(Ljava/lang/Object;[Ljava/lang/Object;)Ljava/lang/Object; (10 bytes) @ 0x0000000107d0abcc [0x0000000107d0aac0+0x10c]
J 941 C1 java.lang.reflect.Method.invoke(Ljava/lang/Object;[Ljava/lang/Object;)Ljava/lang/Object; (62 bytes) @ 0x0000000107d0a5dc [0x0000000107d0a1e0+0x3fc]
J 2109 C1 org.gradle.internal.reflect.JavaMethod.invoke(Ljava/lang/Object;[Ljava/lang/Object;)Ljava/lang/Object; (74 bytes) @ 0x00000001080cf37c [0x00000001080cf260+0x11c]
j  org.gradle.api.internal.project.taskfactory.DefaultTaskClassInfoStore$IncrementalTaskAction.doExecute(Lorg/gradle/api/Task;Ljava/lang/String;)V+35
j  org.gradle.api.internal.project.taskfactory.DefaultTaskClassInfoStore$StandardTaskAction.execute(Lorg/gradle/api/Task;)V+32
j  org.gradle.api.internal.project.taskfactory.DefaultTaskClassInfoStore$StandardTaskAction.execute(Ljava/lang/Object;)V+5
j  org.gradle.api.internal.tasks.execution.ExecuteActionsTaskExecuter$1.run(Lorg/gradle/internal/operations/BuildOperationContext;)V+23
j  org.gradle.internal.progress.DefaultBuildOperationExecutor$RunnableBuildOperationWorker.execute(Lorg/gradle/internal/operations/RunnableBuildOperation;Lorg/gradle/internal/operations/BuildOperationContext;)V+2
j  org.gradle.internal.progress.DefaultBuildOperationExecutor$RunnableBuildOperationWorker.execute(Lorg/gradle/internal/operations/BuildOperation;Lorg/gradle/internal/operations/BuildOperationContext;)V+6
j  org.gradle.internal.progress.DefaultBuildOperationExecutor.execute(Lorg/gradle/internal/operations/BuildOperation;Lorg/gradle/internal/operations/BuildOperationWorker;Lorg/gradle/internal/progress/DefaultBuildOperationExecutor$DefaultBuildOperationState;)V+177
j  org.gradle.internal.progress.DefaultBuildOperationExecutor.run(Lorg/gradle/internal/operations/RunnableBuildOperation;)V+20
j  org.gradle.api.internal.tasks.execution.ExecuteActionsTaskExecuter.executeAction(Ljava/lang/String;Lorg/gradle/api/internal/TaskInternal;Lorg/gradle/api/internal/tasks/ContextAwareTaskAction;Lorg/gradle/api/internal/tasks/TaskExecutionContext;)V+23
j  org.gradle.api.internal.tasks.execution.ExecuteActionsTaskExecuter.executeActions(Lorg/gradle/api/internal/TaskInternal;Lorg/gradle/api/internal/tasks/TaskStateInternal;Lorg/gradle/api/internal/tasks/TaskExecutionContext;)Lorg/gradle/api/GradleException;+131
j  org.gradle.api.internal.tasks.execution.ExecuteActionsTaskExecuter.execute(Lorg/gradle/api/internal/TaskInternal;Lorg/gradle/api/internal/tasks/TaskStateInternal;Lorg/gradle/api/internal/tasks/TaskExecutionContext;)V+42
j  org.gradle.api.internal.tasks.execution.SkipUpToDateTaskExecuter.execute(Lorg/gradle/api/internal/TaskInternal;Lorg/gradle/api/internal/tasks/TaskStateInternal;Lorg/gradle/api/internal/tasks/TaskExecutionContext;)V+131
j  org.gradle.api.internal.tasks.execution.ResolveTaskOutputCachingStateExecuter.execute(Lorg/gradle/api/internal/TaskInternal;Lorg/gradle/api/internal/tasks/TaskStateInternal;Lorg/gradle/api/internal/tasks/TaskExecutionContext;)V+96
j  org.gradle.api.internal.tasks.execution.ValidatingTaskExecuter.execute(Lorg/gradle/api/internal/TaskInternal;Lorg/gradle/api/internal/tasks/TaskStateInternal;Lorg/gradle/api/internal/tasks/TaskExecutionContext;)V+215
j  org.gradle.api.internal.tasks.execution.SkipEmptySourceFilesTaskExecuter.execute(Lorg/gradle/api/internal/TaskInternal;Lorg/gradle/api/internal/tasks/TaskStateInternal;Lorg/gradle/api/internal/tasks/TaskExecutionContext;)V+335
j  org.gradle.api.internal.tasks.execution.ResolveTaskArtifactStateTaskExecuter.execute(Lorg/gradle/api/internal/TaskInternal;Lorg/gradle/api/internal/tasks/TaskStateInternal;Lorg/gradle/api/internal/tasks/TaskExecutionContext;)V+72
j  org.gradle.api.internal.tasks.execution.SkipTaskWithNoActionsExecuter.execute(Lorg/gradle/api/internal/TaskInternal;Lorg/gradle/api/internal/tasks/TaskStateInternal;Lorg/gradle/api/internal/tasks/TaskExecutionContext;)V+124
j  org.gradle.api.internal.tasks.execution.SkipOnlyIfTaskExecuter.execute(Lorg/gradle/api/internal/TaskInternal;Lorg/gradle/api/internal/tasks/TaskStateInternal;Lorg/gradle/api/internal/tasks/TaskExecutionContext;)V+85
j  org.gradle.api.internal.tasks.execution.ExecuteAtMostOnceTaskExecuter.execute(Lorg/gradle/api/internal/TaskInternal;Lorg/gradle/api/internal/tasks/TaskStateInternal;Lorg/gradle/api/internal/tasks/TaskExecutionContext;)V+26
j  org.gradle.api.internal.tasks.execution.CatchExceptionTaskExecuter.execute(Lorg/gradle/api/internal/TaskInternal;Lorg/gradle/api/internal/tasks/TaskStateInternal;Lorg/gradle/api/internal/tasks/TaskExecutionContext;)V+7
j  org.gradle.execution.taskgraph.DefaultTaskGraphExecuter$EventFiringTaskWorker$1.run(Lorg/gradle/internal/operations/BuildOperationContext;)V+56
j  org.gradle.internal.progress.DefaultBuildOperationExecutor$RunnableBuildOperationWorker.execute(Lorg/gradle/internal/operations/RunnableBuildOperation;Lorg/gradle/internal/operations/BuildOperationContext;)V+2
j  org.gradle.internal.progress.DefaultBuildOperationExecutor$RunnableBuildOperationWorker.execute(Lorg/gradle/internal/operations/BuildOperation;Lorg/gradle/internal/operations/BuildOperationContext;)V+6
j  org.gradle.internal.progress.DefaultBuildOperationExecutor.execute(Lorg/gradle/internal/operations/BuildOperation;Lorg/gradle/internal/operations/BuildOperationWorker;Lorg/gradle/internal/progress/DefaultBuildOperationExecutor$DefaultBuildOperationState;)V+177
j  org.gradle.internal.progress.DefaultBuildOperationExecutor.run(Lorg/gradle/internal/operations/RunnableBuildOperation;)V+20
j  org.gradle.execution.taskgraph.DefaultTaskGraphExecuter$EventFiringTaskWorker.execute(Lorg/gradle/api/internal/TaskInternal;)V+16
j  org.gradle.execution.taskgraph.DefaultTaskGraphExecuter$EventFiringTaskWorker.execute(Ljava/lang/Object;)V+5
j  org.gradle.execution.taskgraph.DefaultTaskPlanExecutor$TaskExecutorWorker.processTask(Lorg/gradle/execution/taskgraph/TaskInfo;)V+8
j  org.gradle.execution.taskgraph.DefaultTaskPlanExecutor$TaskExecutorWorker.access$200(Lorg/gradle/execution/taskgraph/DefaultTaskPlanExecutor$TaskExecutorWorker;Lorg/gradle/execution/taskgraph/TaskInfo;)V+2
j  org.gradle.execution.taskgraph.DefaultTaskPlanExecutor$TaskExecutorWorker$1.execute(Lorg/gradle/execution/taskgraph/TaskInfo;)V+38
j  org.gradle.execution.taskgraph.DefaultTaskPlanExecutor$TaskExecutorWorker$1.execute(Ljava/lang/Object;)V+5
j  org.gradle.execution.taskgraph.DefaultTaskExecutionPlan.execute(Lorg/gradle/execution/taskgraph/TaskInfo;Lorg/gradle/internal/work/WorkerLeaseRegistry$WorkerLease;Lorg/gradle/api/Action;)V+14
j  org.gradle.execution.taskgraph.DefaultTaskExecutionPlan.executeWithTask(Lorg/gradle/internal/work/WorkerLeaseRegistry$WorkerLease;Lorg/gradle/api/Action;)Z+53
j  org.gradle.execution.taskgraph.DefaultTaskPlanExecutor$TaskExecutorWorker.run()V+52
j  org.gradle.execution.taskgraph.DefaultTaskPlanExecutor.process(Lorg/gradle/execution/taskgraph/TaskExecutionPlan;Lorg/gradle/api/Action;)V+67
j  org.gradle.execution.taskgraph.DefaultTaskGraphExecuter.execute()V+61
j  org.gradle.execution.SelectedTaskExecutionAction.execute(Lorg/gradle/execution/BuildExecutionContext;)V+55
j  org.gradle.execution.DefaultBuildExecuter.execute(Lorg/gradle/api/internal/GradleInternal;I)V+37
j  org.gradle.execution.DefaultBuildExecuter.access$000(Lorg/gradle/execution/DefaultBuildExecuter;Lorg/gradle/api/internal/GradleInternal;I)V+3
j  org.gradle.execution.DefaultBuildExecuter$1.proceed()V+14
j  org.gradle.execution.DryRunBuildExecutionAction.execute(Lorg/gradle/execution/BuildExecutionContext;)V+121
j  org.gradle.execution.DefaultBuildExecuter.execute(Lorg/gradle/api/internal/GradleInternal;I)V+37
j  org.gradle.execution.DefaultBuildExecuter.execute(Lorg/gradle/api/internal/GradleInternal;)V+3
j  org.gradle.initialization.DefaultGradleLauncher$ExecuteTasks.run(Lorg/gradle/internal/operations/BuildOperationContext;)V+14
j  org.gradle.internal.progress.DefaultBuildOperationExecutor$RunnableBuildOperationWorker.execute(Lorg/gradle/internal/operations/RunnableBuildOperation;Lorg/gradle/internal/operations/BuildOperationContext;)V+2
j  org.gradle.internal.progress.DefaultBuildOperationExecutor$RunnableBuildOperationWorker.execute(Lorg/gradle/internal/operations/BuildOperation;Lorg/gradle/internal/operations/BuildOperationContext;)V+6
j  org.gradle.internal.progress.DefaultBuildOperationExecutor.execute(Lorg/gradle/internal/operations/BuildOperation;Lorg/gradle/internal/operations/BuildOperationWorker;Lorg/gradle/internal/progress/DefaultBuildOperationExecutor$DefaultBuildOperationState;)V+177
j  org.gradle.internal.progress.DefaultBuildOperationExecutor.run(Lorg/gradle/internal/operations/RunnableBuildOperation;)V+20
j  org.gradle.initialization.DefaultGradleLauncher.runTasks()V+78
j  org.gradle.initialization.DefaultGradleLauncher.doBuildStages(Lorg/gradle/initialization/DefaultGradleLauncher$Stage;)V+56
j  org.gradle.initialization.DefaultGradleLauncher.access$000(Lorg/gradle/initialization/DefaultGradleLauncher;Lorg/gradle/initialization/DefaultGradleLauncher$Stage;)V+2
j  org.gradle.initialization.DefaultGradleLauncher$1.run()V+10
j  org.gradle.internal.work.DefaultWorkerLeaseService.withLocks(Ljava/lang/Iterable;Ljava/lang/Runnable;)V+15
j  org.gradle.initialization.DefaultGradleLauncher.doBuild(Lorg/gradle/initialization/DefaultGradleLauncher$Stage;)Lorg/gradle/BuildResult;+42
j  org.gradle.initialization.DefaultGradleLauncher.run()Lorg/gradle/BuildResult;+4
j  org.gradle.internal.invocation.GradleBuildController.run()Lorg/gradle/api/internal/GradleInternal;+40
j  org.gradle.tooling.internal.provider.runner.ClientProvidedBuildActionRunner.run(Lorg/gradle/internal/invocation/BuildAction;Lorg/gradle/internal/invocation/BuildController;)V+76
j  org.gradle.launcher.exec.ChainingBuildActionRunner.run(Lorg/gradle/internal/invocation/BuildAction;Lorg/gradle/internal/invocation/BuildController;)V+34
j  org.gradle.launcher.exec.ChainingBuildActionRunner.run(Lorg/gradle/internal/invocation/BuildAction;Lorg/gradle/internal/invocation/BuildController;)V+34
j  org.gradle.tooling.internal.provider.ValidatingBuildActionRunner.run(Lorg/gradle/internal/invocation/BuildAction;Lorg/gradle/internal/invocation/BuildController;)V+6
j  org.gradle.launcher.exec.RunAsBuildOperationBuildActionRunner$1.run(Lorg/gradle/internal/operations/BuildOperationContext;)V+15
j  org.gradle.internal.progress.DefaultBuildOperationExecutor$RunnableBuildOperationWorker.execute(Lorg/gradle/internal/operations/RunnableBuildOperation;Lorg/gradle/internal/operations/BuildOperationContext;)V+2
j  org.gradle.internal.progress.DefaultBuildOperationExecutor$RunnableBuildOperationWorker.execute(Lorg/gradle/internal/operations/BuildOperation;Lorg/gradle/internal/operations/BuildOperationContext;)V+6
j  org.gradle.internal.progress.DefaultBuildOperationExecutor.execute(Lorg/gradle/internal/operations/BuildOperation;Lorg/gradle/internal/operations/BuildOperationWorker;Lorg/gradle/internal/progress/DefaultBuildOperationExecutor$DefaultBuildOperationState;)V+177
j  org.gradle.internal.progress.DefaultBuildOperationExecutor.run(Lorg/gradle/internal/operations/RunnableBuildOperation;)V+20
j  org.gradle.launcher.exec.RunAsBuildOperationBuildActionRunner.run(Lorg/gradle/internal/invocation/BuildAction;Lorg/gradle/internal/invocation/BuildController;)V+34
j  org.gradle.tooling.internal.provider.SubscribableBuildActionRunner.run(Lorg/gradle/internal/invocation/BuildAction;Lorg/gradle/internal/invocation/BuildController;)V+40
j  org.gradle.launcher.exec.InProcessBuildActionExecuter.execute(Lorg/gradle/internal/invocation/BuildAction;Lorg/gradle/initialization/BuildRequestContext;Lorg/gradle/launcher/exec/BuildActionParameters;Lorg/gradle/internal/service/ServiceRegistry;)Ljava/lang/Object;+71
j  org.gradle.launcher.exec.InProcessBuildActionExecuter.execute(Lorg/gradle/internal/invocation/BuildAction;Lorg/gradle/initialization/BuildRequestContext;Ljava/lang/Object;Lorg/gradle/internal/service/ServiceRegistry;)Ljava/lang/Object;+9
j  org.gradle.launcher.exec.BuildTreeScopeBuildActionExecuter.execute(Lorg/gradle/internal/invocation/BuildAction;Lorg/gradle/initialization/BuildRequestContext;Lorg/gradle/launcher/exec/BuildActionParameters;Lorg/gradle/internal/service/ServiceRegistry;)Ljava/lang/Object;+41
j  org.gradle.launcher.exec.BuildTreeScopeBuildActionExecuter.execute(Lorg/gradle/internal/invocation/BuildAction;Lorg/gradle/initialization/BuildRequestContext;Ljava/lang/Object;Lorg/gradle/internal/service/ServiceRegistry;)Ljava/lang/Object;+9
j  org.gradle.tooling.internal.provider.ContinuousBuildActionExecuter.execute(Lorg/gradle/internal/invocation/BuildAction;Lorg/gradle/initialization/BuildRequestContext;Lorg/gradle/launcher/exec/BuildActionParameters;Lorg/gradle/internal/service/ServiceRegistry;)Ljava/lang/Object;+28
j  org.gradle.tooling.internal.provider.ContinuousBuildActionExecuter.execute(Lorg/gradle/internal/invocation/BuildAction;Lorg/gradle/initialization/BuildRequestContext;Ljava/lang/Object;Lorg/gradle/internal/service/ServiceRegistry;)Ljava/lang/Object;+9
j  org.gradle.tooling.internal.provider.ServicesSetupBuildActionExecuter.execute(Lorg/gradle/internal/invocation/BuildAction;Lorg/gradle/initialization/BuildRequestContext;Lorg/gradle/launcher/exec/BuildActionParameters;Lorg/gradle/internal/service/ServiceRegistry;)Ljava/lang/Object;+85
j  org.gradle.tooling.internal.provider.ServicesSetupBuildActionExecuter.execute(Lorg/gradle/internal/invocation/BuildAction;Lorg/gradle/initialization/BuildRequestContext;Ljava/lang/Object;Lorg/gradle/internal/service/ServiceRegistry;)Ljava/lang/Object;+9
j  org.gradle.tooling.internal.provider.GradleThreadBuildActionExecuter.execute(Lorg/gradle/internal/invocation/BuildAction;Lorg/gradle/initialization/BuildRequestContext;Lorg/gradle/launcher/exec/BuildActionParameters;Lorg/gradle/internal/service/ServiceRegistry;)Ljava/lang/Object;+12
j  org.gradle.tooling.internal.provider.GradleThreadBuildActionExecuter.execute(Lorg/gradle/internal/invocation/BuildAction;Lorg/gradle/initialization/BuildRequestContext;Ljava/lang/Object;Lorg/gradle/internal/service/ServiceRegistry;)Ljava/lang/Object;+9
j  org.gradle.tooling.internal.provider.ParallelismConfigurationBuildActionExecuter.execute(Lorg/gradle/internal/invocation/BuildAction;Lorg/gradle/initialization/BuildRequestContext;Lorg/gradle/launcher/exec/BuildActionParameters;Lorg/gradle/internal/service/ServiceRegistry;)Ljava/lang/Object;+43
j  org.gradle.tooling.internal.provider.ParallelismConfigurationBuildActionExecuter.execute(Lorg/gradle/internal/invocation/BuildAction;Lorg/gradle/initialization/BuildRequestContext;Ljava/lang/Object;Lorg/gradle/internal/service/ServiceRegistry;)Ljava/lang/Object;+9
j  org.gradle.tooling.internal.provider.StartParamsValidatingActionExecuter.execute(Lorg/gradle/internal/invocation/BuildAction;Lorg/gradle/initialization/BuildRequestContext;Lorg/gradle/launcher/exec/BuildActionParameters;Lorg/gradle/internal/service/ServiceRegistry;)Ljava/lang/Object;+257
j  org.gradle.tooling.internal.provider.StartParamsValidatingActionExecuter.execute(Lorg/gradle/internal/invocation/BuildAction;Lorg/gradle/initialization/BuildRequestContext;Ljava/lang/Object;Lorg/gradle/internal/service/ServiceRegistry;)Ljava/lang/Object;+9
j  org.gradle.tooling.internal.provider.SessionFailureReportingActionExecuter.execute(Lorg/gradle/internal/invocation/BuildAction;Lorg/gradle/initialization/BuildRequestContext;Lorg/gradle/launcher/exec/BuildActionParameters;Lorg/gradle/internal/service/ServiceRegistry;)Ljava/lang/Object;+9
j  org.gradle.tooling.internal.provider.SessionFailureReportingActionExecuter.execute(Lorg/gradle/internal/invocation/BuildAction;Lorg/gradle/initialization/BuildRequestContext;Ljava/lang/Object;Lorg/gradle/internal/service/ServiceRegistry;)Ljava/lang/Object;+9
j  org.gradle.tooling.internal.provider.SetupLoggingActionExecuter.execute(Lorg/gradle/internal/invocation/BuildAction;Lorg/gradle/initialization/BuildRequestContext;Lorg/gradle/launcher/exec/BuildActionParameters;Lorg/gradle/internal/service/ServiceRegistry;)Ljava/lang/Object;+69
j  org.gradle.tooling.internal.provider.SetupLoggingActionExecuter.execute(Lorg/gradle/internal/invocation/BuildAction;Lorg/gradle/initialization/BuildRequestContext;Ljava/lang/Object;Lorg/gradle/internal/service/ServiceRegistry;)Ljava/lang/Object;+9
j  org.gradle.launcher.daemon.server.exec.ExecuteBuild.doBuild(Lorg/gradle/launcher/daemon/server/api/DaemonCommandExecution;Lorg/gradle/launcher/daemon/protocol/Build;)V+114
j  org.gradle.launcher.daemon.server.exec.BuildCommandOnly.execute(Lorg/gradle/launcher/daemon/server/api/DaemonCommandExecution;)V+49
j  org.gradle.launcher.daemon.server.api.DaemonCommandExecution.proceed()Z+28
j  org.gradle.launcher.daemon.server.exec.WatchForDisconnection.execute(Lorg/gradle/launcher/daemon/server/api/DaemonCommandExecution;)V+19
j  org.gradle.launcher.daemon.server.api.DaemonCommandExecution.proceed()Z+28
j  org.gradle.launcher.daemon.server.exec.ResetDeprecationLogger.execute(Lorg/gradle/launcher/daemon/server/api/DaemonCommandExecution;)V+4
j  org.gradle.launcher.daemon.server.api.DaemonCommandExecution.proceed()Z+28
j  org.gradle.launcher.daemon.server.exec.RequestStopIfSingleUsedDaemon.execute(Lorg/gradle/launcher/daemon/server/api/DaemonCommandExecution;)V+33
j  org.gradle.launcher.daemon.server.api.DaemonCommandExecution.proceed()Z+28
j  org.gradle.launcher.daemon.server.exec.ForwardClientInput$2.call()Ljava/lang/Void;+4
j  org.gradle.launcher.daemon.server.exec.ForwardClientInput$2.call()Ljava/lang/Object;+1
j  org.gradle.util.Swapper.swap(Ljava/lang/Object;Ljava/util/concurrent/Callable;)Ljava/lang/Object;+21
j  org.gradle.launcher.daemon.server.exec.ForwardClientInput.execute(Lorg/gradle/launcher/daemon/server/api/DaemonCommandExecution;)V+63
j  org.gradle.launcher.daemon.server.api.DaemonCommandExecution.proceed()Z+28
j  org.gradle.launcher.daemon.server.exec.LogAndCheckHealth.execute(Lorg/gradle/launcher/daemon/server/api/DaemonCommandExecution;)V+28
j  org.gradle.launcher.daemon.server.api.DaemonCommandExecution.proceed()Z+28
j  org.gradle.launcher.daemon.server.exec.LogToClient.doBuild(Lorg/gradle/launcher/daemon/server/api/DaemonCommandExecution;Lorg/gradle/launcher/daemon/protocol/Build;)V+87
j  org.gradle.launcher.daemon.server.exec.BuildCommandOnly.execute(Lorg/gradle/launcher/daemon/server/api/DaemonCommandExecution;)V+49
j  org.gradle.launcher.daemon.server.api.DaemonCommandExecution.proceed()Z+28
j  org.gradle.launcher.daemon.server.exec.EstablishBuildEnvironment.doBuild(Lorg/gradle/launcher/daemon/server/api/DaemonCommandExecution;Lorg/gradle/launcher/daemon/protocol/Build;)V+365
j  org.gradle.launcher.daemon.server.exec.BuildCommandOnly.execute(Lorg/gradle/launcher/daemon/server/api/DaemonCommandExecution;)V+49
j  org.gradle.launcher.daemon.server.api.DaemonCommandExecution.proceed()Z+28
j  org.gradle.launcher.daemon.server.exec.StartBuildOrRespondWithBusy$1.run()V+44
j  org.gradle.launcher.daemon.server.DaemonStateCoordinator$1.run()V+4
j  org.gradle.internal.concurrent.ExecutorPolicy$CatchAndRecordFailures.onExecute(Ljava/lang/Runnable;)V+1
j  org.gradle.internal.concurrent.ManagedExecutorImpl$1.run()V+25
j  java.util.concurrent.ThreadPoolExecutor.runWorker(Ljava/util/concurrent/ThreadPoolExecutor$Worker;)V+95
j  java.util.concurrent.ThreadPoolExecutor$Worker.run()V+5
j  org.gradle.internal.concurrent.ThreadFactoryImpl$ManagedThreadRunnable.run()V+7
j  java.lang.Thread.run()V+11
v  ~StubRoutines::call_stub

---------------  P R O C E S S  ---------------

Java Threads: ( => current thread )
  0x00007fa0df6c3800 JavaThread "Thread-29" [_thread_in_native, id=30215, stack(0x0000000124741000,0x0000000124841000)]
  0x00007fa0deb3e800 JavaThread "process reaper" daemon [_thread_in_native, id=31235, stack(0x00000001205df000,0x0000000120607000)]
  0x00007fa0dddff800 JavaThread "Task worker for ':' Thread 3" [_thread_blocked, id=29699, stack(0x0000000123a9d000,0x0000000123b9d000)]
  0x00007fa0deb2d000 JavaThread "Task worker for ':' Thread 2" [_thread_blocked, id=29187, stack(0x000000012399a000,0x0000000123a9a000)]
  0x00007fa0daf0e800 JavaThread "Task worker for ':'" [_thread_blocked, id=28675, stack(0x0000000123897000,0x0000000123997000)]
  0x00007fa0da4b3800 JavaThread "Cache worker for task history cache (/Users/jonathanrichards/Work/MyApplication/.gradle/4.1-milestone-1/taskHistory)" [_thread_blocked, id=28163, stack(0x0000000122e6c000,0x0000000122f6c000)]
  0x00007fa0def7e000 JavaThread "Cache worker for file content cache (/Users/jonathanrichards/Work/MyApplication/.gradle/4.1-milestone-1/fileContent)" [_thread_blocked, id=27651, stack(0x0000000120d76000,0x0000000120e76000)]
  0x00007fa0e029b800 JavaThread "Memory manager" [_thread_blocked, id=27139, stack(0x00000001228c1000,0x00000001229c1000)]
  0x00007fa0dee42800 JavaThread "pool-1-thread-1" [_thread_blocked, id=26627, stack(0x0000000121ba2000,0x0000000121ca2000)]
  0x00007fa0da7f6800 JavaThread "build operations Thread 4" [_thread_blocked, id=26115, stack(0x0000000121a9f000,0x0000000121b9f000)]
  0x00007fa0dd16d800 JavaThread "build operations Thread 3" [_thread_blocked, id=25603, stack(0x0000000121816000,0x0000000121916000)]
  0x00007fa0dd16d000 JavaThread "build operations Thread 2" [_thread_blocked, id=25091, stack(0x0000000121501000,0x0000000121601000)]
  0x00007fa0da7f5800 JavaThread "build operations" [_thread_blocked, id=24579, stack(0x00000001211f3000,0x00000001212f3000)]
  0x00007fa0db764000 JavaThread "Cache worker for Artifact transforms cache (/Users/jonathanrichards/.gradle/caches/transforms-1)" [_thread_blocked, id=24067, stack(0x0000000120b07000,0x0000000120c07000)]
  0x00007fa0da414800 JavaThread "Cache worker for file hash cache (/Users/jonathanrichards/Work/MyApplication/.gradle/4.1-milestone-1/fileHashes)" [_thread_blocked, id=23555, stack(0x0000000120331000,0x0000000120431000)]
  0x00007fa0da0a4800 JavaThread "File lock request listener" [_thread_in_native, id=23043, stack(0x000000011fe91000,0x000000011ff91000)]
  0x00007fa0daa57800 JavaThread "Cache worker for file hash cache (/Users/jonathanrichards/.gradle/caches/4.1-milestone-1/fileHashes)" [_thread_blocked, id=22531, stack(0x000000011fd8e000,0x000000011fe8e000)]
  0x00007fa0dba62800 JavaThread "Stdin handler" [_thread_blocked, id=22019, stack(0x000000011fb3a000,0x000000011fc3a000)]
  0x00007fa0db29c800 JavaThread "Asynchronous log dispatcher for DefaultDaemonConnection: socket connection from /127.94.0.1:61904 to /127.94.0.1:61905" [_thread_blocked, id=21507, stack(0x000000011f837000,0x000000011f937000)]
=>0x00007fa0da08a000 JavaThread "Daemon worker" [_thread_in_vm, id=20995, stack(0x000000011f734000,0x000000011f834000)]
  0x00007fa0db8c0800 JavaThread "Cancel handler" [_thread_blocked, id=20483, stack(0x000000011f631000,0x000000011f731000)]
  0x00007fa0db265000 JavaThread "Handler for socket connection from /127.94.0.1:61904 to /127.94.0.1:61905" [_thread_in_native, id=19971, stack(0x000000011f52e000,0x000000011f62e000)]
  0x00007fa0dba35800 JavaThread "Daemon" [_thread_blocked, id=19459, stack(0x000000011f42b000,0x000000011f52b000)]
  0x00007fa0dab4f800 JavaThread "Daemon periodic checks" [_thread_blocked, id=18947, stack(0x000000011f328000,0x000000011f428000)]
  0x00007fa0da299800 JavaThread "Incoming local TCP Connector on port 61904" [_thread_in_native, id=13063, stack(0x000000011f225000,0x000000011f325000)]
  0x00007fa0da1c7000 JavaThread "Daemon health stats" [_thread_blocked, id=12039, stack(0x000000011ef1d000,0x000000011f01d000)]
  0x00007fa0da054000 JavaThread "Service Thread" daemon [_thread_blocked, id=17923, stack(0x000000011e42c000,0x000000011e52c000)]
  0x00007fa0da05a000 JavaThread "C1 CompilerThread2" daemon [_thread_blocked, id=17411, stack(0x000000011e329000,0x000000011e429000)]
  0x00007fa0da815000 JavaThread "C2 CompilerThread1" daemon [_thread_blocked, id=16899, stack(0x000000011e226000,0x000000011e326000)]
  0x00007fa0da800800 JavaThread "C2 CompilerThread0" daemon [_thread_blocked, id=16151, stack(0x000000011e123000,0x000000011e223000)]
  0x00007fa0da01e000 JavaThread "Signal Dispatcher" daemon [_thread_blocked, id=13327, stack(0x000000011e020000,0x000000011e120000)]
  0x00007fa0da80c800 JavaThread "Finalizer" daemon [_thread_blocked, id=11523, stack(0x000000011c672000,0x000000011c772000)]
  0x00007fa0da809800 JavaThread "Reference Handler" daemon [_thread_blocked, id=11011, stack(0x000000011c56f000,0x000000011c66f000)]
  0x00007fa0da00d000 JavaThread "main" [_thread_blocked, id=4867, stack(0x00000001060ae000,0x00000001061ae000)]

Other Threads:
  0x00007fa0db809000 VMThread [stack: 0x000000011c46c000,0x000000011c56c000] [id=10499]
  0x00007fa0da01c800 WatcherThread [stack: 0x000000011e52f000,0x000000011e62f000] [id=18435]

VM state:not at safepoint (normal execution)

VM Mutex/Monitor currently owned by a thread: None

Heap:
 PSYoungGen      total 247296K, used 15517K [0x00000007a0000000, 0x00000007b6900000, 0x00000007c0000000)
  eden space 230400K, 6% used [0x00000007a0000000,0x00000007a0f277d0,0x00000007ae100000)
  from space 16896K, 0% used [0x00000007ae100000,0x00000007ae100000,0x00000007af180000)
  to   space 16896K, 0% used [0x00000007b5880000,0x00000007b5880000,0x00000007b6900000)
 ParOldGen       total 105984K, used 31400K [0x0000000760000000, 0x0000000766780000, 0x00000007a0000000)
  object space 105984K, 29% used [0x0000000760000000,0x0000000761eaa2b8,0x0000000766780000)
 Metaspace       used 58184K, capacity 59996K, committed 60208K, reserved 1101824K
  class space    used 7998K, capacity 8434K, committed 8496K, reserved 1048576K

Card table byte_map: [0x0000000116d70000,0x0000000117071000] byte_map_base: 0x0000000113270000

Marking Bits: (ParMarkBitMap*) 0x00000001072f35d0
 Begin Bits: [0x000000011767d000, 0x0000000118e7d000)
 End Bits:   [0x0000000118e7d000, 0x000000011a67d000)

Polling page: 0x00000001061f3000

CodeCache: size=245760Kb used=22310Kb max_used=22350Kb free=223449Kb
 bounds [0x00000001079b0000, 0x0000000108fb0000, 0x00000001169b0000]
 total_blobs=7882 nmethods=7104 adapters=690
 compilation: enabled

Compilation events (10 events):
Event: 60.276 Thread 0x00007fa0da800800 nmethod 8257 0x0000000108f755d0 code [0x0000000108f75a40, 0x0000000108f78398]
Event: 60.277 Thread 0x00007fa0da800800 8256   !   4       com.google.common.collect.MapMakerInternalMap$Segment::runLockedCleanup (38 bytes)
Event: 60.297 Thread 0x00007fa0da800800 nmethod 8256 0x0000000108f68350 code [0x0000000108f68560, 0x0000000108f69468]
Event: 60.593 Thread 0x00007fa0da815000 nmethod 8214 0x0000000108f85b10 code [0x0000000108f86400, 0x0000000108f8efd8]
Event: 62.420 Thread 0x00007fa0da05a000 8258       3       org.gradle.internal.serialize.InputStreamBackedDecoder::readLong (8 bytes)
Event: 62.420 Thread 0x00007fa0da05a000 nmethod 8258 0x0000000108f66490 code [0x0000000108f66600, 0x0000000108f66828]
Event: 68.083 Thread 0x00007fa0da05a000 8259       3       java.util.concurrent.ThreadPoolExecutor::runStateOf (5 bytes)
Event: 68.084 Thread 0x00007fa0da05a000 nmethod 8259 0x0000000108f66190 code [0x0000000108f662e0, 0x0000000108f66410]
Event: 70.026 Thread 0x00007fa0da05a000 8260       3       java.security.CodeSource::getCertificates (98 bytes)
Event: 70.027 Thread 0x00007fa0da05a000 nmethod 8260 0x0000000108f67090 code [0x0000000108f672a0, 0x0000000108f67f88]

GC Heap History (10 events):
Event: 49.506 GC heap before
{Heap before GC invocations=12 (full 2):
 PSYoungGen      total 121344K, used 111616K [0x00000007a0000000, 0x00000007ab400000, 0x00000007c0000000)
  eden space 111616K, 100% used [0x00000007a0000000,0x00000007a6d00000,0x00000007a6d00000)
  from space 9728K, 0% used [0x00000007a6d00000,0x00000007a6d00000,0x00000007a7680000)
  to   space 10240K, 0% used [0x00000007aaa00000,0x00000007aaa00000,0x00000007ab400000)
 ParOldGen       total 68608K, used 16137K [0x0000000760000000, 0x0000000764300000, 0x00000007a0000000)
  object space 68608K, 23% used [0x0000000760000000,0x0000000760fc2568,0x0000000764300000)
 Metaspace       used 41796K, capacity 42574K, committed 42928K, reserved 1085440K
  class space    used 5686K, capacity 5943K, committed 6064K, reserved 1048576K
Event: 49.527 GC heap after
Heap after GC invocations=12 (full 2):
 PSYoungGen      total 172544K, used 10222K [0x00000007a0000000, 0x00000007ab580000, 0x00000007c0000000)
  eden space 162304K, 0% used [0x00000007a0000000,0x00000007a0000000,0x00000007a9e80000)
  from space 10240K, 99% used [0x00000007aaa00000,0x00000007ab3fbbb0,0x00000007ab400000)
  to   space 11776K, 0% used [0x00000007a9e80000,0x00000007a9e80000,0x00000007aaa00000)
 ParOldGen       total 68608K, used 17609K [0x0000000760000000, 0x0000000764300000, 0x00000007a0000000)
  object space 68608K, 25% used [0x0000000760000000,0x00000007611324d8,0x0000000764300000)
 Metaspace       used 41796K, capacity 42574K, committed 42928K, reserved 1085440K
  class space    used 5686K, capacity 5943K, committed 6064K, reserved 1048576K
}
Event: 51.833 GC heap before
{Heap before GC invocations=13 (full 2):
 PSYoungGen      total 172544K, used 172526K [0x00000007a0000000, 0x00000007ab580000, 0x00000007c0000000)
  eden space 162304K, 100% used [0x00000007a0000000,0x00000007a9e80000,0x00000007a9e80000)
  from space 10240K, 99% used [0x00000007aaa00000,0x00000007ab3fbbb0,0x00000007ab400000)
  to   space 11776K, 0% used [0x00000007a9e80000,0x00000007a9e80000,0x00000007aaa00000)
 ParOldGen       total 68608K, used 17609K [0x0000000760000000, 0x0000000764300000, 0x00000007a0000000)
  object space 68608K, 25% used [0x0000000760000000,0x00000007611324d8,0x0000000764300000)
 Metaspace       used 47023K, capacity 48034K, committed 48176K, reserved 1091584K
  class space    used 6375K, capacity 6698K, committed 6704K, reserved 1048576K
Event: 51.852 GC heap after
Heap after GC invocations=13 (full 2):
 PSYoungGen      total 174080K, used 8236K [0x00000007a0000000, 0x00000007afd00000, 0x00000007c0000000)
  eden space 162304K, 0% used [0x00000007a0000000,0x00000007a0000000,0x00000007a9e80000)
  from space 11776K, 69% used [0x00000007a9e80000,0x00000007aa68b250,0x00000007aaa00000)
  to   space 11776K, 0% used [0x00000007af180000,0x00000007af180000,0x00000007afd00000)
 ParOldGen       total 68608K, used 24318K [0x0000000760000000, 0x0000000764300000, 0x00000007a0000000)
  object space 68608K, 35% used [0x0000000760000000,0x00000007617bfa30,0x0000000764300000)
 Metaspace       used 47023K, capacity 48034K, committed 48176K, reserved 1091584K
  class space    used 6375K, capacity 6698K, committed 6704K, reserved 1048576K
}
Event: 55.700 GC heap before
{Heap before GC invocations=14 (full 2):
 PSYoungGen      total 174080K, used 170540K [0x00000007a0000000, 0x00000007afd00000, 0x00000007c0000000)
  eden space 162304K, 100% used [0x00000007a0000000,0x00000007a9e80000,0x00000007a9e80000)
  from space 11776K, 69% used [0x00000007a9e80000,0x00000007aa68b250,0x00000007aaa00000)
  to   space 11776K, 0% used [0x00000007af180000,0x00000007af180000,0x00000007afd00000)
 ParOldGen       total 68608K, used 24318K [0x0000000760000000, 0x0000000764300000, 0x00000007a0000000)
  object space 68608K, 35% used [0x0000000760000000,0x00000007617bfa30,0x0000000764300000)
 Metaspace       used 55108K, capacity 56826K, committed 57008K, reserved 1097728K
  class space    used 7573K, capacity 8000K, committed 8112K, reserved 1048576K
Event: 55.744 GC heap after
Heap after GC invocations=14 (full 2):
 PSYoungGen      total 242176K, used 11744K [0x00000007a0000000, 0x00000007b0800000, 0x00000007c0000000)
  eden space 230400K, 0% used [0x00000007a0000000,0x00000007a0000000,0x00000007ae100000)
  from space 11776K, 99% used [0x00000007af180000,0x00000007afcf8050,0x00000007afd00000)
  to   space 16896K, 0% used [0x00000007ae100000,0x00000007ae100000,0x00000007af180000)
 ParOldGen       total 68608K, used 34326K [0x0000000760000000, 0x0000000764300000, 0x00000007a0000000)
  object space 68608K, 50% used [0x0000000760000000,0x0000000762185858,0x0000000764300000)
 Metaspace       used 55108K, capacity 56826K, committed 57008K, reserved 1097728K
  class space    used 7573K, capacity 8000K, committed 8112K, reserved 1048576K
}
Event: 59.470 GC heap before
{Heap before GC invocations=15 (full 2):
 PSYoungGen      total 242176K, used 74844K [0x00000007a0000000, 0x00000007b0800000, 0x00000007c0000000)
  eden space 230400K, 27% used [0x00000007a0000000,0x00000007a3d9f218,0x00000007ae100000)
  from space 11776K, 99% used [0x00000007af180000,0x00000007afcf8050,0x00000007afd00000)
  to   space 16896K, 0% used [0x00000007ae100000,0x00000007ae100000,0x00000007af180000)
 ParOldGen       total 68608K, used 34326K [0x0000000760000000, 0x0000000764300000, 0x00000007a0000000)
  object space 68608K, 50% used [0x0000000760000000,0x0000000762185858,0x0000000764300000)
 Metaspace       used 57274K, capacity 59090K, committed 59160K, reserved 1099776K
  class space    used 7851K, capacity 8304K, committed 8368K, reserved 1048576K
Event: 59.510 GC heap after
Heap after GC invocations=15 (full 2):
 PSYoungGen      total 247296K, used 2682K [0x00000007a0000000, 0x00000007b6900000, 0x00000007c0000000)
  eden space 230400K, 0% used [0x00000007a0000000,0x00000007a0000000,0x00000007ae100000)
  from space 16896K, 15% used [0x00000007ae100000,0x00000007ae39ea80,0x00000007af180000)
  to   space 16896K, 0% used [0x00000007b5880000,0x00000007b5880000,0x00000007b6900000)
 ParOldGen       total 68608K, used 44356K [0x0000000760000000, 0x0000000764300000, 0x00000007a0000000)
  object space 68608K, 64% used [0x0000000760000000,0x0000000762b511e0,0x0000000764300000)
 Metaspace       used 57274K, capacity 59090K, committed 59160K, reserved 1099776K
  class space    used 7851K, capacity 8304K, committed 8368K, reserved 1048576K
}
Event: 59.510 GC heap before
{Heap before GC invocations=16 (full 3):
 PSYoungGen      total 247296K, used 2682K [0x00000007a0000000, 0x00000007b6900000, 0x00000007c0000000)
  eden space 230400K, 0% used [0x00000007a0000000,0x00000007a0000000,0x00000007ae100000)
  from space 16896K, 15% used [0x00000007ae100000,0x00000007ae39ea80,0x00000007af180000)
  to   space 16896K, 0% used [0x00000007b5880000,0x00000007b5880000,0x00000007b6900000)
 ParOldGen       total 68608K, used 44356K [0x0000000760000000, 0x0000000764300000, 0x00000007a0000000)
  object space 68608K, 64% used [0x0000000760000000,0x0000000762b511e0,0x0000000764300000)
 Metaspace       used 57274K, capacity 59090K, committed 59160K, reserved 1099776K
  class space    used 7851K, capacity 8304K, committed 8368K, reserved 1048576K
Event: 59.807 GC heap after
Heap after GC invocations=16 (full 3):
 PSYoungGen      total 247296K, used 0K [0x00000007a0000000, 0x00000007b6900000, 0x00000007c0000000)
  eden space 230400K, 0% used [0x00000007a0000000,0x00000007a0000000,0x00000007ae100000)
  from space 16896K, 0% used [0x00000007ae100000,0x00000007ae100000,0x00000007af180000)
  to   space 16896K, 0% used [0x00000007b5880000,0x00000007b5880000,0x00000007b6900000)
 ParOldGen       total 105984K, used 31400K [0x0000000760000000, 0x0000000766780000, 0x00000007a0000000)
  object space 105984K, 29% used [0x0000000760000000,0x0000000761eaa2b8,0x0000000766780000)
 Metaspace       used 57272K, capacity 59084K, committed 59160K, reserved 1099776K
  class space    used 7851K, capacity 8303K, committed 8368K, reserved 1048576K
}

Deoptimization events (10 events):
Event: 59.254 Thread 0x00007fa0da414800 Uncommon trap: reason=unstable_if action=reinterpret pc=0x0000000108d55710 method=org.gradle.cache.internal.btree.BTreePersistentIndexedCache$1.create(Ljava/lang/Class;)Ljava/lang/Object; @ 4
Event: 59.255 Thread 0x00007fa0da08a000 Uncommon trap: reason=unstable_if action=reinterpret pc=0x0000000108d4e55c method=java.security.MessageDigest.isEqual([B[B)Z @ 53
Event: 59.259 Thread 0x00007fa0da08a000 Uncommon trap: reason=class_check action=maybe_recompile pc=0x0000000107e01f50 method=java.util.zip.InflaterInputStream.read([BII)I @ 100
Event: 59.259 Thread 0x00007fa0da08a000 Uncommon trap: reason=class_check action=maybe_recompile pc=0x0000000107e01f50 method=java.util.zip.InflaterInputStream.read([BII)I @ 100
Event: 59.259 Thread 0x00007fa0da08a000 Uncommon trap: reason=class_check action=maybe_recompile pc=0x0000000107e01f50 method=java.util.zip.InflaterInputStream.read([BII)I @ 100
Event: 59.259 Thread 0x00007fa0da08a000 Uncommon trap: reason=class_check action=maybe_recompile pc=0x0000000107e01f50 method=java.util.zip.InflaterInputStream.read([BII)I @ 100
Event: 59.373 Thread 0x00007fa0da08a000 Uncommon trap: reason=unstable_if action=reinterpret pc=0x0000000108b8473c method=java.lang.Integer.parseInt(Ljava/lang/String;I)I @ 1
Event: 59.887 Thread 0x00007fa0da08a000 Uncommon trap: reason=unstable_if action=reinterpret pc=0x0000000108b37028 method=java.lang.ClassLoader.checkCerts(Ljava/lang/String;Ljava/security/CodeSource;)V @ 45
Event: 59.931 Thread 0x00007fa0da08a000 Uncommon trap: reason=class_check action=maybe_recompile pc=0x0000000108334994 method=java.util.regex.Matcher.search(I)Z @ 86
Event: 59.931 Thread 0x00007fa0da08a000 Uncommon trap: reason=class_check action=maybe_recompile pc=0x0000000108334994 method=java.util.regex.Matcher.search(I)Z @ 86

Internal exceptions (10 events):
Event: 53.589 Thread 0x00007fa0daf0e800 Exception <a 'java/lang/NoSuchMethodError': <clinit>> (0x00000007a5ad6328) thrown at [/Users/java_re/workspace/8-2-build-macosx-x86_64/jdk8u141/9370/hotspot/src/share/vm/prims/jni.cpp, line 1613]
Event: 55.028 Thread 0x00007fa0deb2d000 Implicit null exception at 0x000000010836513d to 0x00000001083652f5
Event: 55.917 Thread 0x00007fa0da08a000 Exception <a 'java/lang/NoSuchMethodError': <clinit>> (0x00000007a0ec5878) thrown at [/Users/java_re/workspace/8-2-build-macosx-x86_64/jdk8u141/9370/hotspot/src/share/vm/prims/jni.cpp, line 1613]
Event: 55.918 Thread 0x00007fa0da08a000 Exception <a 'java/lang/NoSuchMethodError': <clinit>> (0x00000007a0ed1a28) thrown at [/Users/java_re/workspace/8-2-build-macosx-x86_64/jdk8u141/9370/hotspot/src/share/vm/prims/jni.cpp, line 1613]
Event: 56.219 Thread 0x00007fa0da08a000 Exception <a 'java/lang/IncompatibleClassChangeError': Found class java.lang.Object, but interface was expected> (0x00000007a1d5b2d0) thrown at [/Users/java_re/workspace/8-2-build-macosx-x86_64/jdk8u141/9370/hotspot/src/share/vm/interpreter/linkResolver.c
Event: 56.575 Thread 0x00007fa0da08a000 Exception <a 'java/lang/NoSuchMethodError': java.lang.Object.lambda$negate$1(Ljava/lang/Object;)Z> (0x00000007a2088138) thrown at [/Users/java_re/workspace/8-2-build-macosx-x86_64/jdk8u141/9370/hotspot/src/share/vm/interpreter/linkResolver.cpp, line 582]
Event: 58.943 Thread 0x00007fa0da08a000 Exception <a 'java/lang/NoSuchMethodError': java.lang.Object.lambda$comparingInt$7b0bb60$1(Ljava/util/function/ToIntFunction;Ljava/lang/Object;Ljava/lang/Object;)I> (0x00000007a27867e0) thrown at [/Users/java_re/workspace/8-2-build-macosx-x86_64/jdk8u141/
Event: 59.373 Thread 0x00007fa0da08a000 Implicit null exception at 0x0000000108b842af to 0x0000000108b8472d
Event: 70.016 Thread 0x00007fa0da08a000 JVM_StopThread thread JavaThread 0x00007fa0df6c3800 as oop 0x00000007a0b70360 [exception 0x000000011f82ef98]
Event: 70.329 Thread 0x00007fa0da08a000 Exception <a 'java/lang/NoSuchFieldError': TCSANOW> (0x00000007a0c02390) thrown at [/Users/java_re/workspace/8-2-build-macosx-x86_64/jdk8u141/9370/hotspot/src/share/vm/prims/jni.cpp, line 2955]

Events (10 events):
Event: 70.022 loading class org/jetbrains/kotlin/cli/common/messages/XmlMessageRenderer
Event: 70.022 loading class org/jetbrains/kotlin/cli/common/messages/XmlMessageRenderer done
Event: 70.023 loading class org/jetbrains/kotlin/cli/common/messages/MessageRenderer$1
Event: 70.023 loading class org/jetbrains/kotlin/cli/common/messages/MessageRenderer$1 done
Event: 70.023 loading class org/jetbrains/kotlin/cli/common/messages/PlainTextMessageRenderer
Event: 70.023 loading class org/jetbrains/kotlin/cli/common/messages/PlainTextMessageRenderer done
Event: 70.024 loading class org/fusesource/jansi/internal/CLibrary
Event: 70.024 loading class org/fusesource/jansi/internal/CLibrary done
Event: 70.025 loading class org/jetbrains/kotlin/org/fusesource/hawtjni/runtime/Library
Event: 70.025 loading class org/jetbrains/kotlin/org/fusesource/hawtjni/runtime/Library done


Dynamic libraries:
0x000000000c2bc000 	/System/Library/Frameworks/Cocoa.framework/Versions/A/Cocoa
0x000000000c2bc000 	/System/Library/Frameworks/Security.framework/Versions/A/Security
0x000000000c2bc000 	/System/Library/Frameworks/ApplicationServices.framework/Versions/A/ApplicationServices
0x000000000c2bc000 	/usr/lib/libz.1.dylib
0x000000000c2bc000 	/usr/lib/libSystem.B.dylib
0x000000000c2bc000 	/usr/lib/libobjc.A.dylib
0x000000000c2bc000 	/System/Library/Frameworks/CoreFoundation.framework/Versions/A/CoreFoundation
0x000000000c2bc000 	/System/Library/Frameworks/Foundation.framework/Versions/C/Foundation
0x000000000c2bc000 	/System/Library/Frameworks/AppKit.framework/Versions/C/AppKit
0x000000000c2bc000 	/System/Library/Frameworks/CoreData.framework/Versions/A/CoreData
0x000000000c2bc000 	/System/Library/PrivateFrameworks/RemoteViewServices.framework/Versions/A/RemoteViewServices
0x000000000c2bc000 	/System/Library/PrivateFrameworks/UIFoundation.framework/Versions/A/UIFoundation
0x000000000c2bc000 	/System/Library/Frameworks/IOSurface.framework/Versions/A/IOSurface
0x000000000c2bc000 	/System/Library/Frameworks/AudioToolbox.framework/Versions/A/AudioToolbox
0x000000000c2bc000 	/System/Library/Frameworks/AudioUnit.framework/Versions/A/AudioUnit
0x000000000c2bc000 	/System/Library/PrivateFrameworks/DataDetectorsCore.framework/Versions/A/DataDetectorsCore
0x000000000c2bc000 	/System/Library/PrivateFrameworks/DesktopServicesPriv.framework/Versions/A/DesktopServicesPriv
0x000000000c2bc000 	/System/Library/Frameworks/Carbon.framework/Versions/A/Frameworks/HIToolbox.framework/Versions/A/HIToolbox
0x000000000c2bc000 	/System/Library/Frameworks/QuartzCore.framework/Versions/A/QuartzCore
0x000000000c2bc000 	/System/Library/Frameworks/Carbon.framework/Versions/A/Frameworks/SpeechRecognition.framework/Versions/A/SpeechRecognition
0x000000000c2bc000 	/usr/lib/libauto.dylib
0x000000000c2bc000 	/usr/lib/libicucore.A.dylib
0x000000000c2bc000 	/usr/lib/libxml2.2.dylib
0x000000000c2bc000 	/System/Library/PrivateFrameworks/CoreUI.framework/Versions/A/CoreUI
0x000000000c2bc000 	/System/Library/Frameworks/CoreAudio.framework/Versions/A/CoreAudio
0x000000000c2bc000 	/System/Library/Frameworks/DiskArbitration.framework/Versions/A/DiskArbitration
0x000000000c2bc000 	/usr/lib/liblangid.dylib
0x000000000c2bc000 	/System/Library/PrivateFrameworks/MultitouchSupport.framework/Versions/A/MultitouchSupport
0x000000000c2bc000 	/System/Library/Frameworks/IOKit.framework/Versions/A/IOKit
0x000000000c2bc000 	/usr/lib/libDiagnosticMessagesClient.dylib
0x000000000c2bc000 	/System/Library/Frameworks/CoreServices.framework/Versions/A/CoreServices
0x000000000c2bc000 	/System/Library/PrivateFrameworks/PerformanceAnalysis.framework/Versions/A/PerformanceAnalysis
0x000000000c2bc000 	/System/Library/PrivateFrameworks/GenerationalStorage.framework/Versions/A/GenerationalStorage
0x000000000c2bc000 	/System/Library/Frameworks/OpenGL.framework/Versions/A/OpenGL
0x000000000c2bc000 	/System/Library/PrivateFrameworks/Sharing.framework/Versions/A/Sharing
0x000000000c2bc000 	/System/Library/Frameworks/CoreGraphics.framework/Versions/A/CoreGraphics
0x000000000c2bc000 	/System/Library/Frameworks/CoreText.framework/Versions/A/CoreText
0x000000000c2bc000 	/System/Library/Frameworks/ImageIO.framework/Versions/A/ImageIO
0x000000000c2bc000 	/usr/lib/libextension.dylib
0x000000000c2bc000 	/System/Library/PrivateFrameworks/Backup.framework/Versions/A/Backup
0x000000000c2bc000 	/usr/lib/libarchive.2.dylib
0x000000000c2bc000 	/System/Library/Frameworks/CFNetwork.framework/Versions/A/CFNetwork
0x000000000c2bc000 	/System/Library/Frameworks/SystemConfiguration.framework/Versions/A/SystemConfiguration
0x000000000c2bc000 	/usr/lib/libCRFSuite.dylib
0x000000000c2bc000 	/usr/lib/libc++.1.dylib
0x000000000c2bc000 	/usr/lib/libc++abi.dylib
0x000000000c2bc000 	/usr/lib/system/libcache.dylib
0x000000000c2bc000 	/usr/lib/system/libcommonCrypto.dylib
0x000000000c2bc000 	/usr/lib/system/libcompiler_rt.dylib
0x000000000c2bc000 	/usr/lib/system/libcopyfile.dylib
0x000000000c2bc000 	/usr/lib/system/libcorecrypto.dylib
0x000000000c2bc000 	/usr/lib/system/libdispatch.dylib
0x000000000c2bc000 	/usr/lib/system/libdyld.dylib
0x000000000c2bc000 	/usr/lib/system/libkeymgr.dylib
0x000000000c2bc000 	/usr/lib/system/liblaunch.dylib
0x000000000c2bc000 	/usr/lib/system/libmacho.dylib
0x000000000c2bc000 	/usr/lib/system/libquarantine.dylib
0x000000000c2bc000 	/usr/lib/system/libremovefile.dylib
0x000000000c2bc000 	/usr/lib/system/libsystem_asl.dylib
0x000000000c2bc000 	/usr/lib/system/libsystem_blocks.dylib
0x000000000c2bc000 	/usr/lib/system/libsystem_c.dylib
0x000000000c2bc000 	/usr/lib/system/libsystem_configuration.dylib
0x000000000c2bc000 	/usr/lib/system/libsystem_coreservices.dylib
0x000000000c2bc000 	/usr/lib/system/libsystem_coretls.dylib
0x000000000c2bc000 	/usr/lib/system/libsystem_dnssd.dylib
0x000000000c2bc000 	/usr/lib/system/libsystem_info.dylib
0x000000000c2bc000 	/usr/lib/system/libsystem_kernel.dylib
0x000000000c2bc000 	/usr/lib/system/libsystem_m.dylib
0x000000000c2bc000 	/usr/lib/system/libsystem_malloc.dylib
0x000000000c2bc000 	/usr/lib/system/libsystem_network.dylib
0x000000000c2bc000 	/usr/lib/system/libsystem_networkextension.dylib
0x000000000c2bc000 	/usr/lib/system/libsystem_notify.dylib
0x000000000c2bc000 	/usr/lib/system/libsystem_platform.dylib
0x000000000c2bc000 	/usr/lib/system/libsystem_pthread.dylib
0x000000000c2bc000 	/usr/lib/system/libsystem_sandbox.dylib
0x000000000c2bc000 	/usr/lib/system/libsystem_secinit.dylib
0x000000000c2bc000 	/usr/lib/system/libsystem_stats.dylib
0x000000000c2bc000 	/usr/lib/system/libsystem_trace.dylib
0x000000000c2bc000 	/usr/lib/system/libunc.dylib
0x000000000c2bc000 	/usr/lib/system/libunwind.dylib
0x000000000c2bc000 	/usr/lib/system/libxpc.dylib
0x000000000c2bc000 	/usr/lib/libbz2.1.0.dylib
0x000000000c2bc000 	/usr/lib/liblzma.5.dylib
0x000000000c2bc000 	/usr/lib/libbsm.0.dylib
0x000000000c2bc000 	/usr/lib/libsqlite3.dylib
0x000000000c2bc000 	/usr/lib/system/libkxld.dylib
0x000000000c2bc000 	/usr/lib/libxar.1.dylib
0x000000000c2bc000 	/usr/lib/libpam.2.dylib
0x000000000c2bc000 	/usr/lib/libOpenScriptingUtil.dylib
0x000000000c2bc000 	/System/Library/Frameworks/CoreServices.framework/Versions/A/Frameworks/FSEvents.framework/Versions/A/FSEvents
0x000000000c2bc000 	/System/Library/Frameworks/CoreServices.framework/Versions/A/Frameworks/CarbonCore.framework/Versions/A/CarbonCore
0x000000000c2bc000 	/System/Library/Frameworks/CoreServices.framework/Versions/A/Frameworks/Metadata.framework/Versions/A/Metadata
0x000000000c2bc000 	/System/Library/Frameworks/CoreServices.framework/Versions/A/Frameworks/OSServices.framework/Versions/A/OSServices
0x000000000c2bc000 	/System/Library/Frameworks/CoreServices.framework/Versions/A/Frameworks/SearchKit.framework/Versions/A/SearchKit
0x000000000c2bc000 	/System/Library/Frameworks/CoreServices.framework/Versions/A/Frameworks/AE.framework/Versions/A/AE
0x000000000c2bc000 	/System/Library/Frameworks/CoreServices.framework/Versions/A/Frameworks/LaunchServices.framework/Versions/A/LaunchServices
0x000000000c2bc000 	/System/Library/Frameworks/CoreServices.framework/Versions/A/Frameworks/DictionaryServices.framework/Versions/A/DictionaryServices
0x000000000c2bc000 	/System/Library/Frameworks/NetFS.framework/Versions/A/NetFS
0x000000000c2bc000 	/System/Library/PrivateFrameworks/NetAuth.framework/Versions/A/NetAuth
0x000000000c2bc000 	/System/Library/PrivateFrameworks/login.framework/Versions/A/Frameworks/loginsupport.framework/Versions/A/loginsupport
0x000000000c2bc000 	/System/Library/PrivateFrameworks/TCC.framework/Versions/A/TCC
0x000000000c2bc000 	/usr/lib/libmecabra.dylib
0x000000000c2bc000 	/System/Library/Frameworks/ApplicationServices.framework/Versions/A/Frameworks/ATS.framework/Versions/A/ATS
0x000000000c2bc000 	/System/Library/Frameworks/ApplicationServices.framework/Versions/A/Frameworks/ColorSync.framework/Versions/A/ColorSync
0x000000000c2bc000 	/System/Library/Frameworks/ApplicationServices.framework/Versions/A/Frameworks/HIServices.framework/Versions/A/HIServices
0x000000000c2bc000 	/System/Library/Frameworks/ApplicationServices.framework/Versions/A/Frameworks/LangAnalysis.framework/Versions/A/LangAnalysis
0x000000000c2bc000 	/System/Library/Frameworks/ApplicationServices.framework/Versions/A/Frameworks/PrintCore.framework/Versions/A/PrintCore
0x000000000c2bc000 	/System/Library/Frameworks/ApplicationServices.framework/Versions/A/Frameworks/QD.framework/Versions/A/QD
0x000000000c2bc000 	/System/Library/Frameworks/ApplicationServices.framework/Versions/A/Frameworks/SpeechSynthesis.framework/Versions/A/SpeechSynthesis
0x000000000c2bc000 	/System/Library/Frameworks/Accelerate.framework/Versions/A/Accelerate
0x000000000c2bc000 	/System/Library/Frameworks/Accelerate.framework/Versions/A/Frameworks/vImage.framework/Versions/A/vImage
0x000000000c2bc000 	/System/Library/Frameworks/Accelerate.framework/Versions/A/Frameworks/vecLib.framework/Versions/A/vecLib
0x000000000c2bc000 	/System/Library/Frameworks/Accelerate.framework/Versions/A/Frameworks/vecLib.framework/Versions/A/libvDSP.dylib
0x000000000c2bc000 	/System/Library/Frameworks/Accelerate.framework/Versions/A/Frameworks/vecLib.framework/Versions/A/libvMisc.dylib
0x000000000c2bc000 	/System/Library/Frameworks/Accelerate.framework/Versions/A/Frameworks/vecLib.framework/Versions/A/libLAPACK.dylib
0x000000000c2bc000 	/System/Library/Frameworks/Accelerate.framework/Versions/A/Frameworks/vecLib.framework/Versions/A/libBLAS.dylib
0x000000000c2bc000 	/System/Library/Frameworks/Accelerate.framework/Versions/A/Frameworks/vecLib.framework/Versions/A/libLinearAlgebra.dylib
0x000000000c2bc000 	/System/Library/Frameworks/ApplicationServices.framework/Versions/A/Frameworks/ATS.framework/Versions/A/Resources/libFontParser.dylib
0x000000000c2bc000 	/System/Library/Frameworks/ApplicationServices.framework/Versions/A/Frameworks/ATS.framework/Versions/A/Resources/libFontRegistry.dylib
0x000000000c2bc000 	/System/Library/PrivateFrameworks/AppleVPA.framework/Versions/A/AppleVPA
0x000000000c2bc000 	/System/Library/PrivateFrameworks/AppleJPEG.framework/Versions/A/AppleJPEG
0x000000000c2bc000 	/System/Library/Frameworks/ImageIO.framework/Versions/A/Resources/libJPEG.dylib
0x000000000c2bc000 	/System/Library/Frameworks/ImageIO.framework/Versions/A/Resources/libTIFF.dylib
0x000000000c2bc000 	/System/Library/Frameworks/ImageIO.framework/Versions/A/Resources/libPng.dylib
0x000000000c2bc000 	/System/Library/Frameworks/ImageIO.framework/Versions/A/Resources/libGIF.dylib
0x000000000c2bc000 	/System/Library/Frameworks/ImageIO.framework/Versions/A/Resources/libJP2.dylib
0x000000000c2bc000 	/System/Library/Frameworks/ImageIO.framework/Versions/A/Resources/libRadiance.dylib
0x000000000c2bc000 	/System/Library/Frameworks/CoreVideo.framework/Versions/A/CoreVideo
0x000000000c2bc000 	/System/Library/Frameworks/OpenGL.framework/Versions/A/Libraries/libGLU.dylib
0x000000000c2bc000 	/System/Library/Frameworks/OpenGL.framework/Versions/A/Libraries/libGFXShared.dylib
0x000000000c2bc000 	/System/Library/Frameworks/OpenGL.framework/Versions/A/Libraries/libGL.dylib
0x000000000c2bc000 	/System/Library/Frameworks/OpenGL.framework/Versions/A/Libraries/libGLImage.dylib
0x000000000c2bc000 	/System/Library/Frameworks/OpenGL.framework/Versions/A/Libraries/libCVMSPluginSupport.dylib
0x000000000c2bc000 	/System/Library/Frameworks/OpenGL.framework/Versions/A/Libraries/libCoreVMClient.dylib
0x000000000c2bc000 	/usr/lib/libcups.2.dylib
0x000000000c2bc000 	/System/Library/Frameworks/Kerberos.framework/Versions/A/Kerberos
0x000000000c2bc000 	/System/Library/Frameworks/GSS.framework/Versions/A/GSS
0x000000000c2bc000 	/usr/lib/libresolv.9.dylib
0x000000000c2bc000 	/usr/lib/libiconv.2.dylib
0x000000000c2bc000 	/System/Library/PrivateFrameworks/Heimdal.framework/Versions/A/Heimdal
0x000000000c2bc000 	/usr/lib/libheimdal-asn1.dylib
0x000000000c2bc000 	/System/Library/Frameworks/OpenDirectory.framework/Versions/A/OpenDirectory
0x000000000c2bc000 	/System/Library/PrivateFrameworks/CommonAuth.framework/Versions/A/CommonAuth
0x000000000c2bc000 	/System/Library/Frameworks/OpenDirectory.framework/Versions/A/Frameworks/CFOpenDirectory.framework/Versions/A/CFOpenDirectory
0x000000000c2bc000 	/System/Library/Frameworks/SecurityFoundation.framework/Versions/A/SecurityFoundation
0x000000000c2bc000 	/System/Library/PrivateFrameworks/LanguageModeling.framework/Versions/A/LanguageModeling
0x000000000c2bc000 	/usr/lib/libcmph.dylib
0x000000000c2bc000 	/System/Library/Frameworks/ServiceManagement.framework/Versions/A/ServiceManagement
0x000000000c2bc000 	/usr/lib/libxslt.1.dylib
0x000000000c2bc000 	/System/Library/Frameworks/Carbon.framework/Versions/A/Frameworks/Ink.framework/Versions/A/Ink
0x000000000c2bc000 	/System/Library/Frameworks/QuartzCore.framework/Versions/A/Frameworks/CoreImage.framework/Versions/A/CoreImage
0x000000000c2bc000 	/System/Library/PrivateFrameworks/CrashReporterSupport.framework/Versions/A/CrashReporterSupport
0x000000000c2bc000 	/System/Library/Frameworks/OpenCL.framework/Versions/A/OpenCL
0x000000000c2bc000 	/System/Library/PrivateFrameworks/FaceCore.framework/Versions/A/FaceCore
0x000000000c2bc000 	/System/Library/PrivateFrameworks/Ubiquity.framework/Versions/A/Ubiquity
0x000000000c2bc000 	/System/Library/PrivateFrameworks/IconServices.framework/Versions/A/IconServices
0x000000000c2bc000 	/System/Library/PrivateFrameworks/ChunkingLibrary.framework/Versions/A/ChunkingLibrary
0x000000000c2bc000 	/System/Library/PrivateFrameworks/Apple80211.framework/Versions/A/Apple80211
0x000000000c2bc000 	/System/Library/Frameworks/CoreWLAN.framework/Versions/A/CoreWLAN
0x000000000c2bc000 	/System/Library/Frameworks/IOBluetooth.framework/Versions/A/IOBluetooth
0x000000000c2bc000 	/System/Library/PrivateFrameworks/CoreWiFi.framework/Versions/A/CoreWiFi
0x000000000c2bc000 	/System/Library/Frameworks/CoreBluetooth.framework/Versions/A/CoreBluetooth
0x000000000c2bc000 	/System/Library/PrivateFrameworks/DebugSymbols.framework/Versions/A/DebugSymbols
0x000000000c2bc000 	/System/Library/PrivateFrameworks/CoreSymbolication.framework/Versions/A/CoreSymbolication
0x000000000c2bc000 	/System/Library/PrivateFrameworks/Symbolication.framework/Versions/A/Symbolication
0x000000000c2bc000 	/System/Library/PrivateFrameworks/SpeechRecognitionCore.framework/Versions/A/SpeechRecognitionCore
0x0000000106a00000 	/Library/Java/JavaVirtualMachines/jdk1.8.0_141.jdk/Contents/Home/jre/lib/server/libjvm.dylib
0x000000000c2bc000 	/usr/lib/libstdc++.6.dylib
0x00000001061b0000 	/Library/Java/JavaVirtualMachines/jdk1.8.0_141.jdk/Contents/Home/jre/lib/libverify.dylib
0x00000001061be000 	/Library/Java/JavaVirtualMachines/jdk1.8.0_141.jdk/Contents/Home/jre/lib/libjava.dylib
0x00000001079a7000 	/Library/Java/JavaVirtualMachines/jdk1.8.0_141.jdk/Contents/Home/jre/lib/libzip.dylib
0x000000011c774000 	/System/Library/Frameworks/JavaVM.framework/Frameworks/JavaRuntimeSupport.framework/JavaRuntimeSupport
0x000000011c78f000 	/System/Library/Frameworks/JavaVM.framework/Versions/A/Frameworks/JavaNativeFoundation.framework/Versions/A/JavaNativeFoundation
0x000000011c7a4000 	/System/Library/Frameworks/JavaVM.framework/Versions/A/JavaVM
0x000000000c2bc000 	/System/Library/Frameworks/Carbon.framework/Versions/A/Carbon
0x000000011c7b1000 	/System/Library/PrivateFrameworks/JavaLaunching.framework/Versions/A/JavaLaunching
0x000000000c2bc000 	/System/Library/Frameworks/Carbon.framework/Versions/A/Frameworks/CommonPanels.framework/Versions/A/CommonPanels
0x000000000c2bc000 	/System/Library/Frameworks/Carbon.framework/Versions/A/Frameworks/Help.framework/Versions/A/Help
0x000000000c2bc000 	/System/Library/Frameworks/Carbon.framework/Versions/A/Frameworks/ImageCapture.framework/Versions/A/ImageCapture
0x000000000c2bc000 	/System/Library/Frameworks/Carbon.framework/Versions/A/Frameworks/OpenScripting.framework/Versions/A/OpenScripting
0x000000000c2bc000 	/System/Library/Frameworks/Carbon.framework/Versions/A/Frameworks/Print.framework/Versions/A/Print
0x000000000c2bc000 	/System/Library/Frameworks/Carbon.framework/Versions/A/Frameworks/SecurityHI.framework/Versions/A/SecurityHI
0x000000011ec89000 	/Library/Java/JavaVirtualMachines/jdk1.8.0_141.jdk/Contents/Home/jre/lib/libnet.dylib
0x000000011eca0000 	/Library/Java/JavaVirtualMachines/jdk1.8.0_141.jdk/Contents/Home/jre/lib/libnio.dylib
0x000000011c8b7000 	/Users/jonathanrichards/.gradle/native/25/osx-amd64/libnative-platform.dylib
0x000000011ef0e000 	/Library/Java/JavaVirtualMachines/jdk1.8.0_141.jdk/Contents/Home/jre/lib/libmanagement.dylib
0x000000011ea05000 	/private/var/folders/6_/lzlsqnfj0yg2p3y8rs_cmns80000gn/T/native-platform1740714308084167358dir/libnative-platform.dylib
0x000000011ea0c000 	/Users/jonathanrichards/.gradle/native/jansi/1.14/osx/libjansi.jnilib

VM Arguments:
jvm_args: -Xmx1536m -Dfile.encoding=UTF-8 -Duser.country=US -Duser.language=en -Duser.variant 
java_command: org.gradle.launcher.daemon.bootstrap.GradleDaemon 4.1-milestone-1
java_class_path (initial): /Users/jonathanrichards/.gradle/wrapper/dists/gradle-4.1-milestone-1-all/9uoz4qrz3xxqtt8z3tsnbtd3e/gradle-4.1-milestone-1/lib/gradle-launcher-4.1.jar
Launcher Type: SUN_STANDARD

Environment Variables:
PATH=/usr/bin:/bin:/usr/sbin:/sbin:/://platform-tools://usr/bin:/bin:/usr/sbin:/sbin
SHELL=/bin/bash
DISPLAY=/private/tmp/com.apple.launchd.UuqMfhL2YC/org.macosforge.xquartz:0

Signal Handlers:
SIGSEGV: [libjvm.dylib+0x5b26e5], sa_mask[0]=11111111011111110111111111111111, sa_flags=SA_ONSTACK|SA_RESTART|SA_SIGINFO
SIGBUS: [libjvm.dylib+0x5b26e5], sa_mask[0]=11111111011111110111111111111111, sa_flags=SA_RESTART|SA_SIGINFO
SIGFPE: [libjvm.dylib+0x489100], sa_mask[0]=11111111011111110111111111111111, sa_flags=SA_RESTART|SA_SIGINFO
SIGPIPE: [libjvm.dylib+0x489100], sa_mask[0]=11111111011111110111111111111111, sa_flags=SA_RESTART|SA_SIGINFO
SIGXFSZ: [libjvm.dylib+0x489100], sa_mask[0]=11111111011111110111111111111111, sa_flags=SA_RESTART|SA_SIGINFO
SIGILL: [libjvm.dylib+0x489100], sa_mask[0]=11111111011111110111111111111111, sa_flags=SA_RESTART|SA_SIGINFO
SIGUSR1: SIG_DFL, sa_mask[0]=00000000000000000000000000000000, sa_flags=none
SIGUSR2: [libjvm.dylib+0x488c1e], sa_mask[0]=00100000000000000000000000000000, sa_flags=SA_RESTART|SA_SIGINFO
SIGHUP: [libjvm.dylib+0x4871f5], sa_mask[0]=11111111011111110111111111111111, sa_flags=SA_RESTART|SA_SIGINFO
SIGINT: [libjvm.dylib+0x4871f5], sa_mask[0]=11111111011111110111111111111111, sa_flags=SA_RESTART|SA_SIGINFO
SIGTERM: [libjvm.dylib+0x4871f5], sa_mask[0]=11111111011111110111111111111111, sa_flags=SA_RESTART|SA_SIGINFO
SIGQUIT: [libjvm.dylib+0x4871f5], sa_mask[0]=11111111011111110111111111111111, sa_flags=SA_RESTART|SA_SIGINFO


---------------  S Y S T E M  ---------------

OS:Bsduname:Darwin 14.5.0 Darwin Kernel Version 14.5.0: Mon Aug 29 21:14:16 PDT 2016; root:xnu-2782.50.6~1/RELEASE_X86_64 x86_64
rlimit: STACK 8192k, CORE 0k, NPROC 709, NOFILE 10240, AS infinity
load average:3.35 2.67 2.25

CPU:total 4 (initial active 4) (2 cores per cpu, 2 threads per core) family 6 model 61 stepping 4, cmov, cx8, fxsr, mmx, sse, sse2, sse3, ssse3, sse4.1, sse4.2, popcnt, avx, avx2, aes, clmul, erms, 3dnowpref, lzcnt, ht, tsc, tscinvbit, bmi1, bmi2, adx

Memory: 4k page, physical 8388608k(75336k free)

/proc/meminfo:


vm_info: Java HotSpot(TM) 64-Bit Server VM (25.141-b15) for bsd-amd64 JRE (1.8.0_141-b15), built on Jul 12 2017 04:35:23 by "java_re" with gcc 4.2.1 (Based on Apple Inc. build 5658) (LLVM build 2336.11.00)

time: Tue Aug  8 16:40:36 2017
elapsed time: 70 seconds (0d 0h 1m 10s)

