#
# A fatal error has been detected by the Java Runtime Environment:
#
#  SIGSEGV (0xb) at pc=0x00000001092d502a, pid=4607, tid=0x0000000000011107
#
# JRE version: OpenJDK Runtime Environment (8.0_152-b01) (build 1.8.0_152-release-884-b01)
# Java VM: OpenJDK 64-Bit Server VM (25.152-b01 mixed mode bsd-amd64 compressed oops)
# Problematic frame:
# V  [libjvm.dylib+0x2d502a]  jni_SetStaticIntField+0xb5
#
# Failed to write core dump. Core dumps have been disabled. To enable core dumping, try "ulimit -c unlimited" before starting Java again
#
# If you would like to submit a bug report, please visit:
#   http://bugreport.java.com/bugreport/crash.jsp
#

---------------  T H R E A D  ---------------

Current thread (0x00007f9291263000):  JavaThread "Task worker for ':'" [_thread_in_vm, id=69895, stack(0x0000000128cf9000,0x0000000128df9000)]

siginfo: si_signo: 11 (SIGSEGV), si_code: 1 (SEGV_MAPERR), si_addr: 0x0000000000000000

Registers:
RAX=0x00000001097f1a3c, RBX=0x00007f9291263000, RCX=0x0000000000000000, RDX=0x0000000000000000
RSP=0x0000000128df4f50, RBP=0x0000000128df4fb0, RSI=0x0000000128df5050, RDI=0x00007f92912631e0
R8 =0x0000000000000000, R9 =0x00007fff8b5c1d60, R10=0x0000000109579af5, R11=0x00000001097f0c3b
R12=0x0000000128df5050, R13=0x00007f92912631e0, R14=0x0000000000000000, R15=0x0000000000000000
RIP=0x00000001092d502a, EFLAGS=0x0000000000010246, ERR=0x0000000000000004
  TRAPNO=0x000000000000000e

Top of Stack: (sp=0x0000000128df4f50)
0x0000000128df4f50:   00007f9291263000 00007f9291263000
0x0000000128df4f60:   00007f9290a1fe38 0000000100000b8b
0x0000000128df4f70:   000000010958d077 00007f9291263000
0x0000000128df4f80:   00007f9291263000 00007f92912631e0
0x0000000128df4f90:   00000001092d4f75 0000000124eb6d28
0x0000000128df4fa0:   0000000128df5050 000000011f461e39
0x0000000128df4fb0:   0000000128df4ff0 000000011f460f98
0x0000000128df4fc0:   000000011f460e90 0000000124eb6d30
0x0000000128df4fd0:   0000000000000000 0000000124eb6d28
0x0000000128df4fe0:   0000000128df5058 00007f9291263000
0x0000000128df4ff0:   0000000128df5040 0000000109b7f734
0x0000000128df5000:   0000000128df5000 0000000124eb6d28
0x0000000128df5010:   0000000128df5058 0000000124eb6f48
0x0000000128df5020:   0000000000000000 0000000124eb6d30
0x0000000128df5030:   0000000000000000 0000000128df5060
0x0000000128df5040:   0000000128df50a0 0000000109b6fffd
0x0000000128df5050:   00000007a35727a8 0000000109b79278
0x0000000128df5060:   0000000128df5060 0000000124eb6eac
0x0000000128df5070:   0000000128df50a8 0000000124eb6f48
0x0000000128df5080:   0000000000000000 0000000124eb6eb8
0x0000000128df5090:   0000000128df5060 0000000128df50b0
0x0000000128df50a0:   0000000128df5110 0000000109b684e7
0x0000000128df50b0:   0000000100001fa0 00007f9291263000
0x0000000128df50c0:   00007f9291263000 000000000000000f
0x0000000128df50d0:   000000000000000f 0000000124eb6eb8
0x0000000128df50e0:   0000000128df5188 0000000128df52a0
0x0000000128df50f0:   000000000000000a 0000000124eb6eb8
0x0000000128df5100:   0000000109b7a9c0 0000000128df52c0
0x0000000128df5110:   0000000128df5280 00000001092beec9
0x0000000128df5120:   0000000000000000 00007f9291263000
0x0000000128df5130:   00000000000080b0 00007f9291263000
0x0000000128df5140:   00007f929341f1a0 00007f9290a1fe00 

Instructions: (pc=0x00000001092d502a)
0x00000001092d500a:   30 49 8b 0f 31 f6 31 d2 41 b9 01 00 00 00 48 89
0x00000001092d501a:   df 4d 89 f8 50 6a 49 e8 6a 5a 07 00 48 83 c4 10
0x00000001092d502a:   49 8b 07 48 8b 40 68 49 63 4f 10 44 89 34 08 90
0x00000001092d503a:   0f 1f 40 00 48 83 7d b0 00 74 09 48 8d 7d a8 e8 

Register to memory mapping:

RAX=0x00000001097f1a3c: _ZN11JvmtiExport31_should_post_field_modificationE+0 in /Users/jonathanrichards/Work/Android Studio 3.0 Preview.app/Contents/jre/jdk/Contents/Home/jre/lib/server/libjvm.dylib at 0x0000000109000000
RBX=0x00007f9291263000 is a thread
RCX=0x0000000000000000 is an unknown value
RDX=0x0000000000000000 is an unknown value
RSP=0x0000000128df4f50 is pointing into the stack for thread: 0x00007f9291263000
RBP=0x0000000128df4fb0 is pointing into the stack for thread: 0x00007f9291263000
RSI=0x0000000128df5050 is pointing into the stack for thread: 0x00007f9291263000
RDI=0x00007f92912631e0 is an unknown value
R8 =0x0000000000000000 is an unknown value
R9 =0x00007fff8b5c1d60: zeroes+0 in /usr/lib/system/libsystem_c.dylib at 0x00007fff8b53a000
R10=0x0000000109579af5: _ZN15MutexUnlockerExD2Ev+0x1c599 in /Users/jonathanrichards/Work/Android Studio 3.0 Preview.app/Contents/jre/jdk/Contents/Home/jre/lib/server/libjvm.dylib at 0x0000000109000000
R11=0x00000001097f0c3b: AssumeMP+0 in /Users/jonathanrichards/Work/Android Studio 3.0 Preview.app/Contents/jre/jdk/Contents/Home/jre/lib/server/libjvm.dylib at 0x0000000109000000
R12=0x0000000128df5050 is pointing into the stack for thread: 0x00007f9291263000
R13=0x00007f92912631e0 is an unknown value
R14=0x0000000000000000 is an unknown value
R15=0x0000000000000000 is an unknown value


Stack: [0x0000000128cf9000,0x0000000128df9000],  sp=0x0000000128df4f50,  free space=1007k
Native frames: (J=compiled Java code, j=interpreted, Vv=VM code, C=native code)
V  [libjvm.dylib+0x2d502a]  jni_SetStaticIntField+0xb5
C  [libjansi.jnilib+0xf98]  Java_org_fusesource_jansi_internal_CLibrary_init+0x108
j  org.fusesource.jansi.internal.CLibrary.init()V+0
j  org.fusesource.jansi.internal.CLibrary.<clinit>()V+20
v  ~StubRoutines::call_stub
V  [libjvm.dylib+0x2beec9]  JavaCalls::call_helper(JavaValue*, methodHandle*, JavaCallArguments*, Thread*)+0x597
V  [libjvm.dylib+0x28ec3d]  InstanceKlass::call_class_initializer_impl(instanceKlassHandle, Thread*)+0xe5
V  [libjvm.dylib+0x28daa7]  InstanceKlass::initialize_impl(instanceKlassHandle, Thread*)+0x4d1
V  [libjvm.dylib+0x28d5c2]  InstanceKlass::initialize(Thread*)+0x3a
V  [libjvm.dylib+0x382906]  LinkResolver::resolve_field(fieldDescriptor&, KlassHandle, Symbol*, Symbol*, KlassHandle, Bytecodes::Code, bool, bool, Thread*)+0x300
V  [libjvm.dylib+0x3825f2]  LinkResolver::resolve_field_access(fieldDescriptor&, constantPoolHandle, int, Bytecodes::Code, Thread*)+0x106
V  [libjvm.dylib+0x2b8143]  InterpreterRuntime::resolve_get_put(JavaThread*, Bytecodes::Code)+0x103
j  org.jetbrains.kotlin.cli.common.messages.PlainTextMessageRenderer.<clinit>()V+21
v  ~StubRoutines::call_stub
V  [libjvm.dylib+0x2beec9]  JavaCalls::call_helper(JavaValue*, methodHandle*, JavaCallArguments*, Thread*)+0x597
V  [libjvm.dylib+0x28ec3d]  InstanceKlass::call_class_initializer_impl(instanceKlassHandle, Thread*)+0xe5
V  [libjvm.dylib+0x28daa7]  InstanceKlass::initialize_impl(instanceKlassHandle, Thread*)+0x4d1
V  [libjvm.dylib+0x28d5c2]  InstanceKlass::initialize(Thread*)+0x3a
V  [libjvm.dylib+0x28d89e]  InstanceKlass::initialize_impl(instanceKlassHandle, Thread*)+0x2c8
V  [libjvm.dylib+0x28d5c2]  InstanceKlass::initialize(Thread*)+0x3a
V  [libjvm.dylib+0x2b7122]  InterpreterRuntime::_new(JavaThread*, ConstantPool*, int)+0x5e
j  org.jetbrains.kotlin.cli.common.messages.MessageRenderer.<clinit>()V+10
v  ~StubRoutines::call_stub
V  [libjvm.dylib+0x2beec9]  JavaCalls::call_helper(JavaValue*, methodHandle*, JavaCallArguments*, Thread*)+0x597
V  [libjvm.dylib+0x28ec3d]  InstanceKlass::call_class_initializer_impl(instanceKlassHandle, Thread*)+0xe5
V  [libjvm.dylib+0x28daa7]  InstanceKlass::initialize_impl(instanceKlassHandle, Thread*)+0x4d1
V  [libjvm.dylib+0x28d5c2]  InstanceKlass::initialize(Thread*)+0x3a
V  [libjvm.dylib+0x382906]  LinkResolver::resolve_field(fieldDescriptor&, KlassHandle, Symbol*, Symbol*, KlassHandle, Bytecodes::Code, bool, bool, Thread*)+0x300
V  [libjvm.dylib+0x3825f2]  LinkResolver::resolve_field_access(fieldDescriptor&, constantPoolHandle, int, Bytecodes::Code, Thread*)+0x106
V  [libjvm.dylib+0x2b8143]  InterpreterRuntime::resolve_get_put(JavaThread*, Bytecodes::Code)+0x103
j  org.jetbrains.kotlin.compilerRunner.GradleCompilerRunner$loggingMessageCollector$2$1.<init>(Lorg/jetbrains/kotlin/compilerRunner/GradleCompilerRunner$loggingMessageCollector$2;)V+10
j  org.jetbrains.kotlin.compilerRunner.GradleCompilerRunner$loggingMessageCollector$2.invoke()Lorg/jetbrains/kotlin/compilerRunner/GradleCompilerRunner$loggingMessageCollector$2$1;+5
j  org.jetbrains.kotlin.compilerRunner.GradleCompilerRunner$loggingMessageCollector$2.invoke()Ljava/lang/Object;+1
j  kotlin.SynchronizedLazyImpl.getValue()Ljava/lang/Object;+55
j  org.jetbrains.kotlin.compilerRunner.GradleCompilerRunner.getLoggingMessageCollector()Lorg/jetbrains/kotlin/cli/common/messages/MessageCollector;+14
j  org.jetbrains.kotlin.compilerRunner.GradleCompilerRunner.compileOutOfProcess([Ljava/lang/String;Ljava/lang/String;Lorg/jetbrains/kotlin/compilerRunner/GradleCompilerEnvironment;)Lorg/jetbrains/kotlin/cli/common/ExitCode;+238
j  org.jetbrains.kotlin.compilerRunner.GradleCompilerRunner.compileWithDaemonOrFallback(Ljava/lang/String;Lorg/jetbrains/kotlin/cli/common/arguments/CommonCompilerArguments;Lorg/jetbrains/kotlin/compilerRunner/GradleCompilerEnvironment;)Lorg/jetbrains/kotlin/cli/common/ExitCode;+584
j  org.jetbrains.kotlin.compilerRunner.GradleCompilerRunner.compileWithDaemonOrFallback(Ljava/lang/String;Lorg/jetbrains/kotlin/cli/common/arguments/CommonCompilerArguments;Lorg/jetbrains/kotlin/compilerRunner/CompilerEnvironment;)Lorg/jetbrains/kotlin/cli/common/ExitCode;+7
j  org.jetbrains.kotlin.compilerRunner.KotlinCompilerRunner.runCompiler(Ljava/lang/String;Lorg/jetbrains/kotlin/cli/common/arguments/CommonCompilerArguments;Lorg/jetbrains/kotlin/compilerRunner/CompilerEnvironment;)Lorg/jetbrains/kotlin/cli/common/ExitCode;+25
j  org.jetbrains.kotlin.compilerRunner.GradleCompilerRunner.runJvmCompiler(Ljava/util/List;Ljava/lang/Iterable;Lorg/jetbrains/kotlin/cli/common/arguments/K2JVMCompilerArguments;Lorg/jetbrains/kotlin/compilerRunner/GradleCompilerEnvironment;)Lorg/jetbrains/kotlin/cli/common/ExitCode;+234
j  org.jetbrains.kotlin.gradle.tasks.KotlinCompile.callCompiler$kotlin_gradle_plugin(Lorg/jetbrains/kotlin/cli/common/arguments/K2JVMCompilerArguments;Lorg/jetbrains/kotlin/gradle/tasks/SourceRoots;Lorg/jetbrains/kotlin/incremental/ChangedFiles;)V+291
j  org.jetbrains.kotlin.gradle.tasks.KotlinCompile.callCompiler$kotlin_gradle_plugin(Lorg/jetbrains/kotlin/cli/common/arguments/CommonCompilerArguments;Lorg/jetbrains/kotlin/gradle/tasks/SourceRoots;Lorg/jetbrains/kotlin/incremental/ChangedFiles;)V+7
j  org.jetbrains.kotlin.gradle.tasks.AbstractKotlinCompile.execute(Lorg/gradle/api/tasks/incremental/IncrementalTaskInputs;)V+189
v  ~StubRoutines::call_stub
V  [libjvm.dylib+0x2beec9]  JavaCalls::call_helper(JavaValue*, methodHandle*, JavaCallArguments*, Thread*)+0x597
V  [libjvm.dylib+0x47d3e3]  Reflection::invoke(instanceKlassHandle, methodHandle, Handle, bool, objArrayHandle, BasicType, objArrayHandle, bool, Thread*)+0x6e9
V  [libjvm.dylib+0x47de43]  Reflection::invoke_method(oopDesc*, Handle, objArrayHandle, Thread*)+0x173
V  [libjvm.dylib+0x305f99]  JVM_InvokeMethod+0x1a9
J 1381  sun.reflect.NativeMethodAccessorImpl.invoke0(Ljava/lang/reflect/Method;Ljava/lang/Object;[Ljava/lang/Object;)Ljava/lang/Object; (0 bytes) @ 0x0000000109f960ad [0x0000000109f95fc0+0xed]
J 1380 C1 sun.reflect.NativeMethodAccessorImpl.invoke(Ljava/lang/Object;[Ljava/lang/Object;)Ljava/lang/Object; (104 bytes) @ 0x0000000109f9765c [0x0000000109f96480+0x11dc]
J 7217 C2 java.lang.reflect.Method.invoke(Ljava/lang/Object;[Ljava/lang/Object;)Ljava/lang/Object; (62 bytes) @ 0x000000010a4b3ccc [0x000000010a4b3c40+0x8c]
J 2609 C1 org.gradle.internal.reflect.JavaMethod.invoke(Ljava/lang/Object;[Ljava/lang/Object;)Ljava/lang/Object; (74 bytes) @ 0x000000010a47567c [0x000000010a475560+0x11c]
j  org.gradle.api.internal.project.taskfactory.DefaultTaskClassInfoStore$IncrementalTaskAction.doExecute(Lorg/gradle/api/Task;Ljava/lang/String;)V+35
j  org.gradle.api.internal.project.taskfactory.DefaultTaskClassInfoStore$StandardTaskAction.execute(Lorg/gradle/api/Task;)V+32
j  org.gradle.api.internal.project.taskfactory.DefaultTaskClassInfoStore$StandardTaskAction.execute(Ljava/lang/Object;)V+5
j  org.gradle.api.internal.tasks.execution.ExecuteActionsTaskExecuter$1.run(Lorg/gradle/internal/operations/BuildOperationContext;)V+23
J 8576 C1 org.gradle.internal.progress.DefaultBuildOperationExecutor$RunnableBuildOperationWorker.execute(Lorg/gradle/internal/operations/BuildOperation;Lorg/gradle/internal/operations/BuildOperationContext;)V (10 bytes) @ 0x000000010b25e1bc [0x000000010b25df60+0x25c]
J 9554 C1 org.gradle.internal.progress.DefaultBuildOperationExecutor.execute(Lorg/gradle/internal/operations/BuildOperation;Lorg/gradle/internal/operations/BuildOperationWorker;Lorg/gradle/internal/progress/DefaultBuildOperationExecutor$DefaultBuildOperationState;)V (430 bytes) @ 0x000000010b540c1c [0x000000010b540280+0x99c]
j  org.gradle.internal.progress.DefaultBuildOperationExecutor.run(Lorg/gradle/internal/operations/RunnableBuildOperation;)V+20
j  org.gradle.api.internal.tasks.execution.ExecuteActionsTaskExecuter.executeAction(Ljava/lang/String;Lorg/gradle/api/internal/TaskInternal;Lorg/gradle/api/internal/tasks/ContextAwareTaskAction;Lorg/gradle/api/internal/tasks/TaskExecutionContext;)V+23
j  org.gradle.api.internal.tasks.execution.ExecuteActionsTaskExecuter.executeActions(Lorg/gradle/api/internal/TaskInternal;Lorg/gradle/api/internal/tasks/TaskStateInternal;Lorg/gradle/api/internal/tasks/TaskExecutionContext;)Lorg/gradle/api/GradleException;+131
j  org.gradle.api.internal.tasks.execution.ExecuteActionsTaskExecuter.execute(Lorg/gradle/api/internal/TaskInternal;Lorg/gradle/api/internal/tasks/TaskStateInternal;Lorg/gradle/api/internal/tasks/TaskExecutionContext;)V+42
j  org.gradle.api.internal.tasks.execution.SkipUpToDateTaskExecuter.execute(Lorg/gradle/api/internal/TaskInternal;Lorg/gradle/api/internal/tasks/TaskStateInternal;Lorg/gradle/api/internal/tasks/TaskExecutionContext;)V+131
j  org.gradle.api.internal.tasks.execution.ResolveTaskOutputCachingStateExecuter.execute(Lorg/gradle/api/internal/TaskInternal;Lorg/gradle/api/internal/tasks/TaskStateInternal;Lorg/gradle/api/internal/tasks/TaskExecutionContext;)V+96
j  org.gradle.api.internal.tasks.execution.ValidatingTaskExecuter.execute(Lorg/gradle/api/internal/TaskInternal;Lorg/gradle/api/internal/tasks/TaskStateInternal;Lorg/gradle/api/internal/tasks/TaskExecutionContext;)V+215
j  org.gradle.api.internal.tasks.execution.SkipEmptySourceFilesTaskExecuter.execute(Lorg/gradle/api/internal/TaskInternal;Lorg/gradle/api/internal/tasks/TaskStateInternal;Lorg/gradle/api/internal/tasks/TaskExecutionContext;)V+335
j  org.gradle.api.internal.tasks.execution.ResolveTaskArtifactStateTaskExecuter.execute(Lorg/gradle/api/internal/TaskInternal;Lorg/gradle/api/internal/tasks/TaskStateInternal;Lorg/gradle/api/internal/tasks/TaskExecutionContext;)V+72
j  org.gradle.api.internal.tasks.execution.SkipTaskWithNoActionsExecuter.execute(Lorg/gradle/api/internal/TaskInternal;Lorg/gradle/api/internal/tasks/TaskStateInternal;Lorg/gradle/api/internal/tasks/TaskExecutionContext;)V+124
j  org.gradle.api.internal.tasks.execution.SkipOnlyIfTaskExecuter.execute(Lorg/gradle/api/internal/TaskInternal;Lorg/gradle/api/internal/tasks/TaskStateInternal;Lorg/gradle/api/internal/tasks/TaskExecutionContext;)V+85
j  org.gradle.api.internal.tasks.execution.ExecuteAtMostOnceTaskExecuter.execute(Lorg/gradle/api/internal/TaskInternal;Lorg/gradle/api/internal/tasks/TaskStateInternal;Lorg/gradle/api/internal/tasks/TaskExecutionContext;)V+26
j  org.gradle.api.internal.tasks.execution.CatchExceptionTaskExecuter.execute(Lorg/gradle/api/internal/TaskInternal;Lorg/gradle/api/internal/tasks/TaskStateInternal;Lorg/gradle/api/internal/tasks/TaskExecutionContext;)V+7
j  org.gradle.execution.taskgraph.DefaultTaskGraphExecuter$EventFiringTaskWorker$1.run(Lorg/gradle/internal/operations/BuildOperationContext;)V+56
J 8576 C1 org.gradle.internal.progress.DefaultBuildOperationExecutor$RunnableBuildOperationWorker.execute(Lorg/gradle/internal/operations/BuildOperation;Lorg/gradle/internal/operations/BuildOperationContext;)V (10 bytes) @ 0x000000010b25e1bc [0x000000010b25df60+0x25c]
J 9554 C1 org.gradle.internal.progress.DefaultBuildOperationExecutor.execute(Lorg/gradle/internal/operations/BuildOperation;Lorg/gradle/internal/operations/BuildOperationWorker;Lorg/gradle/internal/progress/DefaultBuildOperationExecutor$DefaultBuildOperationState;)V (430 bytes) @ 0x000000010b540c1c [0x000000010b540280+0x99c]
j  org.gradle.internal.progress.DefaultBuildOperationExecutor.run(Lorg/gradle/internal/operations/RunnableBuildOperation;)V+20
j  org.gradle.execution.taskgraph.DefaultTaskGraphExecuter$EventFiringTaskWorker.execute(Lorg/gradle/api/internal/TaskInternal;)V+16
j  org.gradle.execution.taskgraph.DefaultTaskGraphExecuter$EventFiringTaskWorker.execute(Ljava/lang/Object;)V+5
j  org.gradle.execution.taskgraph.DefaultTaskPlanExecutor$TaskExecutorWorker.processTask(Lorg/gradle/execution/taskgraph/TaskInfo;)V+8
j  org.gradle.execution.taskgraph.DefaultTaskPlanExecutor$TaskExecutorWorker.access$200(Lorg/gradle/execution/taskgraph/DefaultTaskPlanExecutor$TaskExecutorWorker;Lorg/gradle/execution/taskgraph/TaskInfo;)V+2
j  org.gradle.execution.taskgraph.DefaultTaskPlanExecutor$TaskExecutorWorker$1.execute(Lorg/gradle/execution/taskgraph/TaskInfo;)V+38
j  org.gradle.execution.taskgraph.DefaultTaskPlanExecutor$TaskExecutorWorker$1.execute(Ljava/lang/Object;)V+5
j  org.gradle.execution.taskgraph.DefaultTaskExecutionPlan.execute(Lorg/gradle/execution/taskgraph/TaskInfo;Lorg/gradle/internal/work/WorkerLeaseRegistry$WorkerLease;Lorg/gradle/api/Action;)V+14
j  org.gradle.execution.taskgraph.DefaultTaskExecutionPlan.executeWithTask(Lorg/gradle/internal/work/WorkerLeaseRegistry$WorkerLease;Lorg/gradle/api/Action;)Z+53
j  org.gradle.execution.taskgraph.DefaultTaskPlanExecutor$TaskExecutorWorker.run()V+52
J 11877 C1 org.gradle.internal.concurrent.ManagedExecutorImpl$1.run()V (57 bytes) @ 0x000000010b8b80e4 [0x000000010b8b7bc0+0x524]
j  java.util.concurrent.ThreadPoolExecutor.runWorker(Ljava/util/concurrent/ThreadPoolExecutor$Worker;)V+95
j  java.util.concurrent.ThreadPoolExecutor$Worker.run()V+5
j  org.gradle.internal.concurrent.ThreadFactoryImpl$ManagedThreadRunnable.run()V+7
j  java.lang.Thread.run()V+11
v  ~StubRoutines::call_stub
V  [libjvm.dylib+0x2beec9]  JavaCalls::call_helper(JavaValue*, methodHandle*, JavaCallArguments*, Thread*)+0x597
V  [libjvm.dylib+0x2bdffe]  JavaCalls::call_virtual(JavaValue*, KlassHandle, Symbol*, Symbol*, JavaCallArguments*, Thread*)+0x13e
V  [libjvm.dylib+0x2be13d]  JavaCalls::call_virtual(JavaValue*, Handle, KlassHandle, Symbol*, Symbol*, Thread*)+0x57
V  [libjvm.dylib+0x302c32]  thread_entry(JavaThread*, Thread*)+0x78
V  [libjvm.dylib+0x5045b0]  JavaThread::thread_main_inner()+0x82
V  [libjvm.dylib+0x504475]  JavaThread::run()+0x199
V  [libjvm.dylib+0x434161]  java_start(Thread*)+0xfa
C  [libsystem_pthread.dylib+0x405a]  _pthread_body+0x83
C  [libsystem_pthread.dylib+0x3fd7]  _pthread_body+0x0
C  [libsystem_pthread.dylib+0x13ed]  thread_start+0xd
...<more frames>...

Java frames: (J=compiled Java code, j=interpreted, Vv=VM code)
j  org.fusesource.jansi.internal.CLibrary.init()V+0
j  org.fusesource.jansi.internal.CLibrary.<clinit>()V+20
v  ~StubRoutines::call_stub
j  org.jetbrains.kotlin.cli.common.messages.PlainTextMessageRenderer.<clinit>()V+21
v  ~StubRoutines::call_stub
j  org.jetbrains.kotlin.cli.common.messages.MessageRenderer.<clinit>()V+10
v  ~StubRoutines::call_stub
j  org.jetbrains.kotlin.compilerRunner.GradleCompilerRunner$loggingMessageCollector$2$1.<init>(Lorg/jetbrains/kotlin/compilerRunner/GradleCompilerRunner$loggingMessageCollector$2;)V+10
j  org.jetbrains.kotlin.compilerRunner.GradleCompilerRunner$loggingMessageCollector$2.invoke()Lorg/jetbrains/kotlin/compilerRunner/GradleCompilerRunner$loggingMessageCollector$2$1;+5
j  org.jetbrains.kotlin.compilerRunner.GradleCompilerRunner$loggingMessageCollector$2.invoke()Ljava/lang/Object;+1
j  kotlin.SynchronizedLazyImpl.getValue()Ljava/lang/Object;+55
j  org.jetbrains.kotlin.compilerRunner.GradleCompilerRunner.getLoggingMessageCollector()Lorg/jetbrains/kotlin/cli/common/messages/MessageCollector;+14
j  org.jetbrains.kotlin.compilerRunner.GradleCompilerRunner.compileOutOfProcess([Ljava/lang/String;Ljava/lang/String;Lorg/jetbrains/kotlin/compilerRunner/GradleCompilerEnvironment;)Lorg/jetbrains/kotlin/cli/common/ExitCode;+238
j  org.jetbrains.kotlin.compilerRunner.GradleCompilerRunner.compileWithDaemonOrFallback(Ljava/lang/String;Lorg/jetbrains/kotlin/cli/common/arguments/CommonCompilerArguments;Lorg/jetbrains/kotlin/compilerRunner/GradleCompilerEnvironment;)Lorg/jetbrains/kotlin/cli/common/ExitCode;+584
j  org.jetbrains.kotlin.compilerRunner.GradleCompilerRunner.compileWithDaemonOrFallback(Ljava/lang/String;Lorg/jetbrains/kotlin/cli/common/arguments/CommonCompilerArguments;Lorg/jetbrains/kotlin/compilerRunner/CompilerEnvironment;)Lorg/jetbrains/kotlin/cli/common/ExitCode;+7
j  org.jetbrains.kotlin.compilerRunner.KotlinCompilerRunner.runCompiler(Ljava/lang/String;Lorg/jetbrains/kotlin/cli/common/arguments/CommonCompilerArguments;Lorg/jetbrains/kotlin/compilerRunner/CompilerEnvironment;)Lorg/jetbrains/kotlin/cli/common/ExitCode;+25
j  org.jetbrains.kotlin.compilerRunner.GradleCompilerRunner.runJvmCompiler(Ljava/util/List;Ljava/lang/Iterable;Lorg/jetbrains/kotlin/cli/common/arguments/K2JVMCompilerArguments;Lorg/jetbrains/kotlin/compilerRunner/GradleCompilerEnvironment;)Lorg/jetbrains/kotlin/cli/common/ExitCode;+234
j  org.jetbrains.kotlin.gradle.tasks.KotlinCompile.callCompiler$kotlin_gradle_plugin(Lorg/jetbrains/kotlin/cli/common/arguments/K2JVMCompilerArguments;Lorg/jetbrains/kotlin/gradle/tasks/SourceRoots;Lorg/jetbrains/kotlin/incremental/ChangedFiles;)V+291
j  org.jetbrains.kotlin.gradle.tasks.KotlinCompile.callCompiler$kotlin_gradle_plugin(Lorg/jetbrains/kotlin/cli/common/arguments/CommonCompilerArguments;Lorg/jetbrains/kotlin/gradle/tasks/SourceRoots;Lorg/jetbrains/kotlin/incremental/ChangedFiles;)V+7
j  org.jetbrains.kotlin.gradle.tasks.AbstractKotlinCompile.execute(Lorg/gradle/api/tasks/incremental/IncrementalTaskInputs;)V+189
v  ~StubRoutines::call_stub
J 1381  sun.reflect.NativeMethodAccessorImpl.invoke0(Ljava/lang/reflect/Method;Ljava/lang/Object;[Ljava/lang/Object;)Ljava/lang/Object; (0 bytes) @ 0x0000000109f96037 [0x0000000109f95fc0+0x77]
J 1380 C1 sun.reflect.NativeMethodAccessorImpl.invoke(Ljava/lang/Object;[Ljava/lang/Object;)Ljava/lang/Object; (104 bytes) @ 0x0000000109f9765c [0x0000000109f96480+0x11dc]
J 7217 C2 java.lang.reflect.Method.invoke(Ljava/lang/Object;[Ljava/lang/Object;)Ljava/lang/Object; (62 bytes) @ 0x000000010a4b3ccc [0x000000010a4b3c40+0x8c]
J 2609 C1 org.gradle.internal.reflect.JavaMethod.invoke(Ljava/lang/Object;[Ljava/lang/Object;)Ljava/lang/Object; (74 bytes) @ 0x000000010a47567c [0x000000010a475560+0x11c]
j  org.gradle.api.internal.project.taskfactory.DefaultTaskClassInfoStore$IncrementalTaskAction.doExecute(Lorg/gradle/api/Task;Ljava/lang/String;)V+35
j  org.gradle.api.internal.project.taskfactory.DefaultTaskClassInfoStore$StandardTaskAction.execute(Lorg/gradle/api/Task;)V+32
j  org.gradle.api.internal.project.taskfactory.DefaultTaskClassInfoStore$StandardTaskAction.execute(Ljava/lang/Object;)V+5
j  org.gradle.api.internal.tasks.execution.ExecuteActionsTaskExecuter$1.run(Lorg/gradle/internal/operations/BuildOperationContext;)V+23
J 8576 C1 org.gradle.internal.progress.DefaultBuildOperationExecutor$RunnableBuildOperationWorker.execute(Lorg/gradle/internal/operations/BuildOperation;Lorg/gradle/internal/operations/BuildOperationContext;)V (10 bytes) @ 0x000000010b25e1bc [0x000000010b25df60+0x25c]
J 9554 C1 org.gradle.internal.progress.DefaultBuildOperationExecutor.execute(Lorg/gradle/internal/operations/BuildOperation;Lorg/gradle/internal/operations/BuildOperationWorker;Lorg/gradle/internal/progress/DefaultBuildOperationExecutor$DefaultBuildOperationState;)V (430 bytes) @ 0x000000010b540c1c [0x000000010b540280+0x99c]
j  org.gradle.internal.progress.DefaultBuildOperationExecutor.run(Lorg/gradle/internal/operations/RunnableBuildOperation;)V+20
j  org.gradle.api.internal.tasks.execution.ExecuteActionsTaskExecuter.executeAction(Ljava/lang/String;Lorg/gradle/api/internal/TaskInternal;Lorg/gradle/api/internal/tasks/ContextAwareTaskAction;Lorg/gradle/api/internal/tasks/TaskExecutionContext;)V+23
j  org.gradle.api.internal.tasks.execution.ExecuteActionsTaskExecuter.executeActions(Lorg/gradle/api/internal/TaskInternal;Lorg/gradle/api/internal/tasks/TaskStateInternal;Lorg/gradle/api/internal/tasks/TaskExecutionContext;)Lorg/gradle/api/GradleException;+131
j  org.gradle.api.internal.tasks.execution.ExecuteActionsTaskExecuter.execute(Lorg/gradle/api/internal/TaskInternal;Lorg/gradle/api/internal/tasks/TaskStateInternal;Lorg/gradle/api/internal/tasks/TaskExecutionContext;)V+42
j  org.gradle.api.internal.tasks.execution.SkipUpToDateTaskExecuter.execute(Lorg/gradle/api/internal/TaskInternal;Lorg/gradle/api/internal/tasks/TaskStateInternal;Lorg/gradle/api/internal/tasks/TaskExecutionContext;)V+131
j  org.gradle.api.internal.tasks.execution.ResolveTaskOutputCachingStateExecuter.execute(Lorg/gradle/api/internal/TaskInternal;Lorg/gradle/api/internal/tasks/TaskStateInternal;Lorg/gradle/api/internal/tasks/TaskExecutionContext;)V+96
j  org.gradle.api.internal.tasks.execution.ValidatingTaskExecuter.execute(Lorg/gradle/api/internal/TaskInternal;Lorg/gradle/api/internal/tasks/TaskStateInternal;Lorg/gradle/api/internal/tasks/TaskExecutionContext;)V+215
j  org.gradle.api.internal.tasks.execution.SkipEmptySourceFilesTaskExecuter.execute(Lorg/gradle/api/internal/TaskInternal;Lorg/gradle/api/internal/tasks/TaskStateInternal;Lorg/gradle/api/internal/tasks/TaskExecutionContext;)V+335
j  org.gradle.api.internal.tasks.execution.ResolveTaskArtifactStateTaskExecuter.execute(Lorg/gradle/api/internal/TaskInternal;Lorg/gradle/api/internal/tasks/TaskStateInternal;Lorg/gradle/api/internal/tasks/TaskExecutionContext;)V+72
j  org.gradle.api.internal.tasks.execution.SkipTaskWithNoActionsExecuter.execute(Lorg/gradle/api/internal/TaskInternal;Lorg/gradle/api/internal/tasks/TaskStateInternal;Lorg/gradle/api/internal/tasks/TaskExecutionContext;)V+124
j  org.gradle.api.internal.tasks.execution.SkipOnlyIfTaskExecuter.execute(Lorg/gradle/api/internal/TaskInternal;Lorg/gradle/api/internal/tasks/TaskStateInternal;Lorg/gradle/api/internal/tasks/TaskExecutionContext;)V+85
j  org.gradle.api.internal.tasks.execution.ExecuteAtMostOnceTaskExecuter.execute(Lorg/gradle/api/internal/TaskInternal;Lorg/gradle/api/internal/tasks/TaskStateInternal;Lorg/gradle/api/internal/tasks/TaskExecutionContext;)V+26
j  org.gradle.api.internal.tasks.execution.CatchExceptionTaskExecuter.execute(Lorg/gradle/api/internal/TaskInternal;Lorg/gradle/api/internal/tasks/TaskStateInternal;Lorg/gradle/api/internal/tasks/TaskExecutionContext;)V+7
j  org.gradle.execution.taskgraph.DefaultTaskGraphExecuter$EventFiringTaskWorker$1.run(Lorg/gradle/internal/operations/BuildOperationContext;)V+56
J 8576 C1 org.gradle.internal.progress.DefaultBuildOperationExecutor$RunnableBuildOperationWorker.execute(Lorg/gradle/internal/operations/BuildOperation;Lorg/gradle/internal/operations/BuildOperationContext;)V (10 bytes) @ 0x000000010b25e1bc [0x000000010b25df60+0x25c]
J 9554 C1 org.gradle.internal.progress.DefaultBuildOperationExecutor.execute(Lorg/gradle/internal/operations/BuildOperation;Lorg/gradle/internal/operations/BuildOperationWorker;Lorg/gradle/internal/progress/DefaultBuildOperationExecutor$DefaultBuildOperationState;)V (430 bytes) @ 0x000000010b540c1c [0x000000010b540280+0x99c]
j  org.gradle.internal.progress.DefaultBuildOperationExecutor.run(Lorg/gradle/internal/operations/RunnableBuildOperation;)V+20
j  org.gradle.execution.taskgraph.DefaultTaskGraphExecuter$EventFiringTaskWorker.execute(Lorg/gradle/api/internal/TaskInternal;)V+16
j  org.gradle.execution.taskgraph.DefaultTaskGraphExecuter$EventFiringTaskWorker.execute(Ljava/lang/Object;)V+5
j  org.gradle.execution.taskgraph.DefaultTaskPlanExecutor$TaskExecutorWorker.processTask(Lorg/gradle/execution/taskgraph/TaskInfo;)V+8
j  org.gradle.execution.taskgraph.DefaultTaskPlanExecutor$TaskExecutorWorker.access$200(Lorg/gradle/execution/taskgraph/DefaultTaskPlanExecutor$TaskExecutorWorker;Lorg/gradle/execution/taskgraph/TaskInfo;)V+2
j  org.gradle.execution.taskgraph.DefaultTaskPlanExecutor$TaskExecutorWorker$1.execute(Lorg/gradle/execution/taskgraph/TaskInfo;)V+38
j  org.gradle.execution.taskgraph.DefaultTaskPlanExecutor$TaskExecutorWorker$1.execute(Ljava/lang/Object;)V+5
j  org.gradle.execution.taskgraph.DefaultTaskExecutionPlan.execute(Lorg/gradle/execution/taskgraph/TaskInfo;Lorg/gradle/internal/work/WorkerLeaseRegistry$WorkerLease;Lorg/gradle/api/Action;)V+14
j  org.gradle.execution.taskgraph.DefaultTaskExecutionPlan.executeWithTask(Lorg/gradle/internal/work/WorkerLeaseRegistry$WorkerLease;Lorg/gradle/api/Action;)Z+53
j  org.gradle.execution.taskgraph.DefaultTaskPlanExecutor$TaskExecutorWorker.run()V+52
J 11877 C1 org.gradle.internal.concurrent.ManagedExecutorImpl$1.run()V (57 bytes) @ 0x000000010b8b80e4 [0x000000010b8b7bc0+0x524]
j  java.util.concurrent.ThreadPoolExecutor.runWorker(Ljava/util/concurrent/ThreadPoolExecutor$Worker;)V+95
j  java.util.concurrent.ThreadPoolExecutor$Worker.run()V+5
j  org.gradle.internal.concurrent.ThreadFactoryImpl$ManagedThreadRunnable.run()V+7
j  java.lang.Thread.run()V+11
v  ~StubRoutines::call_stub

---------------  P R O C E S S  ---------------

Java Threads: ( => current thread )
  0x00007f928cbeb000 JavaThread "Thread-54" [_thread_in_native, id=69643, stack(0x0000000128dfc000,0x0000000128efc000)]
  0x00007f9291dc1000 JavaThread "process reaper" daemon [_thread_in_native, id=54539, stack(0x0000000120290000,0x00000001202b8000)]
  0x00007f928c760800 JavaThread "Task worker for ':' Thread 3" [_thread_blocked, id=68903, stack(0x000000012a5ba000,0x000000012a6ba000)]
  0x00007f9290d7a800 JavaThread "Task worker for ':' Thread 2" [_thread_blocked, id=70151, stack(0x00000001297cf000,0x00000001298cf000)]
=>0x00007f9291263000 JavaThread "Task worker for ':'" [_thread_in_vm, id=69895, stack(0x0000000128cf9000,0x0000000128df9000)]
  0x00007f92910d0800 JavaThread "Cache worker for task history cache (/Users/jonathanrichards/Work/MyApplication/.gradle/4.1-milestone-1/taskHistory)" [_thread_blocked, id=50239, stack(0x00000001278ca000,0x00000001279ca000)]
  0x00007f928c73e000 JavaThread "Cache worker for file content cache (/Users/jonathanrichards/Work/MyApplication/.gradle/4.1-milestone-1/fileContent)" [_thread_blocked, id=45591, stack(0x00000001275c9000,0x00000001276c9000)]
  0x00007f9290dcb000 JavaThread "build operations Thread 4" [_thread_blocked, id=51747, stack(0x00000001273dd000,0x00000001274dd000)]
  0x00007f928c6ee800 JavaThread "build operations Thread 3" [_thread_blocked, id=52003, stack(0x0000000125161000,0x0000000125261000)]
  0x00007f928cd7b000 JavaThread "build operations Thread 2" [_thread_blocked, id=30727, stack(0x000000012231b000,0x000000012241b000)]
  0x00007f928cd7a000 JavaThread "build operations" [_thread_blocked, id=30215, stack(0x0000000120133000,0x0000000120233000)]
  0x00007f928eb15000 JavaThread "Cache worker for Artifact transforms cache (/Users/jonathanrichards/.gradle/caches/transforms-1)" [_thread_blocked, id=37127, stack(0x000000012270e000,0x000000012280e000)]
  0x00007f928d474800 JavaThread "Cache worker for file hash cache (/Users/jonathanrichards/Work/MyApplication/.gradle/4.1-milestone-1/fileHashes)" [_thread_blocked, id=42759, stack(0x0000000122218000,0x0000000122318000)]
  0x00007f928db6f000 JavaThread "Stdin handler" [_thread_blocked, id=42503, stack(0x0000000121aa9000,0x0000000121ba9000)]
  0x00007f9291569000 JavaThread "Asynchronous log dispatcher for DefaultDaemonConnection: socket connection from /127.94.0.1:54174 to /127.94.0.1:60016" [_thread_blocked, id=43027, stack(0x00000001216b8000,0x00000001217b8000)]
  0x00007f9291a6b800 JavaThread "Daemon worker Thread 2" [_thread_blocked, id=36635, stack(0x0000000120e74000,0x0000000120f74000)]
  0x00007f928c7ba800 JavaThread "Cancel handler" [_thread_blocked, id=19287, stack(0x0000000120c4c000,0x0000000120d4c000)]
  0x00007f928dcf3800 JavaThread "Handler for socket connection from /127.94.0.1:54174 to /127.94.0.1:60016" [_thread_in_native, id=20943, stack(0x000000011ffc4000,0x00000001200c4000)]
  0x00007f928d829800 JavaThread "Daemon Thread 2" [_thread_blocked, id=20687, stack(0x000000011fd25000,0x000000011fe25000)]
  0x00007f92912e1800 JavaThread "Java2D Disposer" daemon [_thread_blocked, id=68119, stack(0x000000012cc45000,0x000000012cd45000)]
  0x00007f92918f5800 JavaThread "Java2D Queue Flusher" daemon [_thread_blocked, id=65803, stack(0x000000012be0c000,0x000000012bf0c000)]
  0x00007f928cfad000 JavaThread "AWT-AppKit" daemon [_thread_in_native, id=1811, stack(0x00007fff56e0d000,0x00007fff5760d000)]
  0x00007f92917ce000 JavaThread "Memory manager" [_thread_blocked, id=26627, stack(0x0000000122ecb000,0x0000000122fcb000)]
  0x00007f928e80a000 JavaThread "pool-1-thread-1" [_thread_blocked, id=26115, stack(0x0000000122dc8000,0x0000000122ec8000)]
  0x00007f928d82a800 JavaThread "File lock request listener" [_thread_in_native, id=22531, stack(0x0000000120739000,0x0000000120839000)]
  0x00007f928c9d3800 JavaThread "Cache worker for file hash cache (/Users/jonathanrichards/.gradle/caches/4.1-milestone-1/fileHashes)" [_thread_blocked, id=22019, stack(0x0000000120636000,0x0000000120736000)]
  0x00007f928db6e000 JavaThread "Daemon periodic checks" [_thread_blocked, id=12807, stack(0x000000011fc22000,0x000000011fd22000)]
  0x00007f928db6c000 JavaThread "Incoming local TCP Connector on port 54174" [_thread_in_native, id=12299, stack(0x000000011fb1f000,0x000000011fc1f000)]
  0x00007f928c860800 JavaThread "Service Thread" daemon [_thread_blocked, id=18179, stack(0x000000011ee21000,0x000000011ef21000)]
  0x00007f928c85d800 JavaThread "C1 CompilerThread2" daemon [_thread_blocked, id=17667, stack(0x000000011ed1e000,0x000000011ee1e000)]
  0x00007f928c85d000 JavaThread "C2 CompilerThread1" daemon [_thread_blocked, id=17155, stack(0x000000011ec1b000,0x000000011ed1b000)]
  0x00007f928c85b800 JavaThread "C2 CompilerThread0" daemon [_thread_blocked, id=16643, stack(0x000000011eb18000,0x000000011ec18000)]
  0x00007f928c83a000 JavaThread "Signal Dispatcher" daemon [_thread_blocked, id=13591, stack(0x000000011ea15000,0x000000011eb15000)]
  0x00007f928c850800 JavaThread "Finalizer" daemon [_thread_blocked, id=11523, stack(0x000000011e77e000,0x000000011e87e000)]
  0x00007f928c84e000 JavaThread "Reference Handler" daemon [_thread_blocked, id=11011, stack(0x000000011e67b000,0x000000011e77b000)]
  0x00007f928d806800 JavaThread "main" [_thread_blocked, id=4867, stack(0x0000000109a66000,0x0000000109b66000)]

Other Threads:
  0x00007f928c84b800 VMThread [stack: 0x000000011e578000,0x000000011e678000] [id=10499]
  0x00007f928c005800 WatcherThread [stack: 0x000000011ef24000,0x000000011f024000] [id=18691]

VM state:not at safepoint (normal execution)

VM Mutex/Monitor currently owned by a thread: None

Heap:
 PSYoungGen      total 366080K, used 80515K [0x00000007a0000000, 0x00000007b8c80000, 0x00000007c0000000)
  eden space 340480K, 16% used [0x00000007a0000000,0x00000007a35a2d60,0x00000007b4c80000)
  from space 25600K, 99% used [0x00000007b5a80000,0x00000007b737e228,0x00000007b7380000)
  to   space 25600K, 0% used [0x00000007b7380000,0x00000007b7380000,0x00000007b8c80000)
 ParOldGen       total 121344K, used 71777K [0x0000000760000000, 0x0000000767680000, 0x00000007a0000000)
  object space 121344K, 59% used [0x0000000760000000,0x0000000764618478,0x0000000767680000)
 Metaspace       used 76753K, capacity 80442K, committed 80728K, reserved 1120256K
  class space    used 9926K, capacity 10828K, committed 10880K, reserved 1048576K

Card table byte_map: [0x0000000118f28000,0x0000000119229000] byte_map_base: 0x0000000115428000

Marking Bits: (ParMarkBitMap*) 0x00000001097f6008
 Begin Bits: [0x0000000119835000, 0x000000011b035000)
 End Bits:   [0x000000011b035000, 0x000000011c835000)

Polling page: 0x0000000108744000

CodeCache: size=245760Kb used=35674Kb max_used=35714Kb free=210085Kb
 bounds [0x0000000109b68000, 0x000000010be88000, 0x0000000118b68000]
 total_blobs=12030 nmethods=11067 adapters=875
 compilation: enabled

Compilation events (10 events):
Event: 2473.205 Thread 0x00007f928c85d000 nmethod 13637 0x000000010be59050 code [0x000000010be593e0, 0x000000010be5a970]
Event: 2473.207 Thread 0x00007f928c85d000 13644       4       sun.misc.Resource::getByteBuffer (24 bytes)
Event: 2473.211 Thread 0x00007f928c85d000 nmethod 13644 0x0000000109efb490 code [0x0000000109efb600, 0x0000000109efba08]
Event: 2473.213 Thread 0x00007f928c85d000 13634       4       com.google.common.collect.AbstractIterator::next (34 bytes)
Event: 2473.218 Thread 0x00007f928c85d000 nmethod 13634 0x000000010a539710 code [0x000000010a5398a0, 0x000000010a539b18]
Event: 2473.223 Thread 0x00007f928c85d800 13647       3       java.lang.invoke.MethodHandles$Lookup::findBoundCallerClass (36 bytes)
Event: 2473.224 Thread 0x00007f928c85d800 nmethod 13647 0x000000010a63a550 code [0x000000010a63a740, 0x000000010a63b098]
Event: 2473.348 Thread 0x00007f928c85b800 nmethod 13628 0x000000010be6e2d0 code [0x000000010be6e8a0, 0x000000010be74d30]
Event: 2481.623 Thread 0x00007f928c85d800 13648       3       org.gradle.util.CollectionUtils::filter (49 bytes)
Event: 2481.624 Thread 0x00007f928c85d800 nmethod 13648 0x000000010a72cc90 code [0x000000010a72ce60, 0x000000010a72d468]

GC Heap History (10 events):
Event: 43.460 GC heap before
{Heap before GC invocations=12 (full 2):
 PSYoungGen      total 225280K, used 213624K [0x00000007a0000000, 0x00000007b3580000, 0x00000007c0000000)
  eden space 212992K, 94% used [0x00000007a0000000,0x00000007ac49fe00,0x00000007ad000000)
  from space 12288K, 99% used [0x00000007ad000000,0x00000007adbfe570,0x00000007adc00000)
  to   space 16384K, 0% used [0x00000007b2580000,0x00000007b2580000,0x00000007b3580000)
 ParOldGen       total 74240K, used 22416K [0x0000000760000000, 0x0000000764880000, 0x00000007a0000000)
  object space 74240K, 30% used [0x0000000760000000,0x00000007615e4100,0x0000000764880000)
 Metaspace       used 57183K, capacity 58922K, committed 59028K, reserved 1099776K
  class space    used 7656K, capacity 8136K, committed 8192K, reserved 1048576K
Event: 43.520 GC heap after
Heap after GC invocations=12 (full 2):
 PSYoungGen      total 294400K, used 16364K [0x00000007a0000000, 0x00000007b4580000, 0x00000007c0000000)
  eden space 278016K, 0% used [0x00000007a0000000,0x00000007a0000000,0x00000007b0f80000)
  from space 16384K, 99% used [0x00000007b2580000,0x00000007b357b2f0,0x00000007b3580000)
  to   space 22528K, 0% used [0x00000007b0f80000,0x00000007b0f80000,0x00000007b2580000)
 ParOldGen       total 74240K, used 32720K [0x0000000760000000, 0x0000000764880000, 0x00000007a0000000)
  object space 74240K, 44% used [0x0000000760000000,0x0000000761ff43f0,0x0000000764880000)
 Metaspace       used 57183K, capacity 58922K, committed 59028K, reserved 1099776K
  class space    used 7656K, capacity 8136K, committed 8192K, reserved 1048576K
}
Event: 43.520 GC heap before
{Heap before GC invocations=13 (full 3):
 PSYoungGen      total 294400K, used 16364K [0x00000007a0000000, 0x00000007b4580000, 0x00000007c0000000)
  eden space 278016K, 0% used [0x00000007a0000000,0x00000007a0000000,0x00000007b0f80000)
  from space 16384K, 99% used [0x00000007b2580000,0x00000007b357b2f0,0x00000007b3580000)
  to   space 22528K, 0% used [0x00000007b0f80000,0x00000007b0f80000,0x00000007b2580000)
 ParOldGen       total 74240K, used 32720K [0x0000000760000000, 0x0000000764880000, 0x00000007a0000000)
  object space 74240K, 44% used [0x0000000760000000,0x0000000761ff43f0,0x0000000764880000)
 Metaspace       used 57183K, capacity 58922K, committed 59028K, reserved 1099776K
  class space    used 7656K, capacity 8136K, committed 8192K, reserved 1048576K
Event: 43.840 GC heap after
Heap after GC invocations=13 (full 3):
 PSYoungGen      total 294400K, used 0K [0x00000007a0000000, 0x00000007b4580000, 0x00000007c0000000)
  eden space 278016K, 0% used [0x00000007a0000000,0x00000007a0000000,0x00000007b0f80000)
  from space 16384K, 0% used [0x00000007b2580000,0x00000007b2580000,0x00000007b3580000)
  to   space 22528K, 0% used [0x00000007b0f80000,0x00000007b0f80000,0x00000007b2580000)
 ParOldGen       total 121344K, used 40985K [0x0000000760000000, 0x0000000767680000, 0x00000007a0000000)
  object space 121344K, 33% used [0x0000000760000000,0x0000000762806488,0x0000000767680000)
 Metaspace       used 57159K, capacity 58834K, committed 59028K, reserved 1099776K
  class space    used 7649K, capacity 8128K, committed 8192K, reserved 1048576K
}
Event: 68.283 GC heap before
{Heap before GC invocations=14 (full 3):
 PSYoungGen      total 294400K, used 278016K [0x00000007a0000000, 0x00000007b4580000, 0x00000007c0000000)
  eden space 278016K, 100% used [0x00000007a0000000,0x00000007b0f80000,0x00000007b0f80000)
  from space 16384K, 0% used [0x00000007b2580000,0x00000007b2580000,0x00000007b3580000)
  to   space 22528K, 0% used [0x00000007b0f80000,0x00000007b0f80000,0x00000007b2580000)
 ParOldGen       total 121344K, used 40985K [0x0000000760000000, 0x0000000767680000, 0x00000007a0000000)
  object space 121344K, 33% used [0x0000000760000000,0x0000000762806488,0x0000000767680000)
 Metaspace       used 66979K, capacity 69900K, committed 70232K, reserved 1110016K
  class space    used 8793K, capacity 9503K, committed 9600K, reserved 1048576K
Event: 68.338 GC heap after
Heap after GC invocations=14 (full 3):
 PSYoungGen      total 300544K, used 22498K [0x00000007a0000000, 0x00000007b8e80000, 0x00000007c0000000)
  eden space 278016K, 0% used [0x00000007a0000000,0x00000007a0000000,0x00000007b0f80000)
  from space 22528K, 99% used [0x00000007b0f80000,0x00000007b25789c8,0x00000007b2580000)
  to   space 26624K, 0% used [0x00000007b7480000,0x00000007b7480000,0x00000007b8e80000)
 ParOldGen       total 121344K, used 43821K [0x0000000760000000, 0x0000000767680000, 0x00000007a0000000)
  object space 121344K, 36% used [0x0000000760000000,0x0000000762acb450,0x0000000767680000)
 Metaspace       used 66979K, capacity 69900K, committed 70232K, reserved 1110016K
  class space    used 8793K, capacity 9503K, committed 9600K, reserved 1048576K
}
Event: 79.169 GC heap before
{Heap before GC invocations=15 (full 3):
 PSYoungGen      total 300544K, used 300514K [0x00000007a0000000, 0x00000007b8e80000, 0x00000007c0000000)
  eden space 278016K, 100% used [0x00000007a0000000,0x00000007b0f80000,0x00000007b0f80000)
  from space 22528K, 99% used [0x00000007b0f80000,0x00000007b25789c8,0x00000007b2580000)
  to   space 26624K, 0% used [0x00000007b7480000,0x00000007b7480000,0x00000007b8e80000)
 ParOldGen       total 121344K, used 43821K [0x0000000760000000, 0x0000000767680000, 0x00000007a0000000)
  object space 121344K, 36% used [0x0000000760000000,0x0000000762acb450,0x0000000767680000)
 Metaspace       used 73398K, capacity 76506K, committed 76632K, reserved 1116160K
  class space    used 9554K, capacity 10344K, committed 10368K, reserved 1048576K
Event: 79.283 GC heap after
Heap after GC invocations=15 (full 3):
 PSYoungGen      total 379392K, used 9503K [0x00000007a0000000, 0x00000007b8c80000, 0x00000007c0000000)
  eden space 354816K, 0% used [0x00000007a0000000,0x00000007a0000000,0x00000007b5a80000)
  from space 24576K, 38% used [0x00000007b7480000,0x00000007b7dc7d08,0x00000007b8c80000)
  to   space 25600K, 0% used [0x00000007b5a80000,0x00000007b5a80000,0x00000007b7380000)
 ParOldGen       total 121344K, used 63475K [0x0000000760000000, 0x0000000767680000, 0x00000007a0000000)
  object space 121344K, 52% used [0x0000000760000000,0x0000000763dfcf60,0x0000000767680000)
 Metaspace       used 73398K, capacity 76506K, committed 76632K, reserved 1116160K
  class space    used 9554K, capacity 10344K, committed 10368K, reserved 1048576K
}
Event: 2469.093 GC heap before
{Heap before GC invocations=16 (full 3):
 PSYoungGen      total 379392K, used 364319K [0x00000007a0000000, 0x00000007b8c80000, 0x00000007c0000000)
  eden space 354816K, 100% used [0x00000007a0000000,0x00000007b5a80000,0x00000007b5a80000)
  from space 24576K, 38% used [0x00000007b7480000,0x00000007b7dc7d08,0x00000007b8c80000)
  to   space 25600K, 0% used [0x00000007b5a80000,0x00000007b5a80000,0x00000007b7380000)
 ParOldGen       total 121344K, used 63475K [0x0000000760000000, 0x0000000767680000, 0x00000007a0000000)
  object space 121344K, 52% used [0x0000000760000000,0x0000000763dfcf60,0x0000000767680000)
 Metaspace       used 75090K, capacity 78542K, committed 78680K, reserved 1118208K
  class space    used 9690K, capacity 10556K, committed 10624K, reserved 1048576K
Event: 2469.340 GC heap after
Heap after GC invocations=16 (full 3):
 PSYoungGen      total 366080K, used 25592K [0x00000007a0000000, 0x00000007b8c80000, 0x00000007c0000000)
  eden space 340480K, 0% used [0x00000007a0000000,0x00000007a0000000,0x00000007b4c80000)
  from space 25600K, 99% used [0x00000007b5a80000,0x00000007b737e228,0x00000007b7380000)
  to   space 25600K, 0% used [0x00000007b7380000,0x00000007b7380000,0x00000007b8c80000)
 ParOldGen       total 121344K, used 71777K [0x0000000760000000, 0x0000000767680000, 0x00000007a0000000)
  object space 121344K, 59% used [0x0000000760000000,0x0000000764618478,0x0000000767680000)
 Metaspace       used 75090K, capacity 78542K, committed 78680K, reserved 1118208K
  class space    used 9690K, capacity 10556K, committed 10624K, reserved 1048576K
}

Deoptimization events (10 events):
Event: 2467.661 Thread 0x00007f9291a6b800 Uncommon trap: reason=class_check action=maybe_recompile pc=0x000000010ba01850 method=com.sun.org.apache.xerces.internal.dom.NodeImpl.getOwnerDocument()Lorg/w3c/dom/Document; @ 19
Event: 2467.726 Thread 0x00007f9291a6b800 Uncommon trap: reason=class_check action=maybe_recompile pc=0x000000010ba01850 method=com.sun.org.apache.xerces.internal.dom.NodeImpl.getOwnerDocument()Lorg/w3c/dom/Document; @ 19
Event: 2467.732 Thread 0x00007f9291a6b800 Uncommon trap: reason=unstable_if action=reinterpret pc=0x000000010afa378c method=com.sun.org.apache.xerces.internal.dom.NodeImpl.isNormalized(Z)V @ 1
Event: 2468.863 Thread 0x00007f9291a6b800 Uncommon trap: reason=unstable_if action=reinterpret pc=0x000000010b8df5e4 method=com.google.gson.stream.JsonReader.peekKeyword()I @ 37
Event: 2468.864 Thread 0x00007f9291a6b800 Uncommon trap: reason=unstable_if action=reinterpret pc=0x000000010b8d1c14 method=com.google.gson.stream.JsonReader.peekKeyword()I @ 37
Event: 2468.985 Thread 0x00007f9291a6b800 Uncommon trap: reason=unstable_if action=reinterpret pc=0x000000010ba85b4c method=com.google.common.base.CharMatcher$IsEither.matches(C)Z @ 5
Event: 2469.340 Thread 0x00007f928c84e000 Uncommon trap: reason=unstable_if action=reinterpret pc=0x000000010ac395c8 method=java.lang.ref.Reference.tryHandlePending(Z)Z @ 20
Event: 2469.817 Thread 0x00007f928cd7b000 Uncommon trap: reason=range_check action=make_not_entrant pc=0x000000010bd6a3ac method=sun.nio.fs.UnixDirectoryStream$UnixDirectoryIterator.isSelfOrParent([B)Z @ 2
Event: 2472.850 Thread 0x00007f9291263000 Uncommon trap: reason=unstable_if action=reinterpret pc=0x000000010bbbf54c method=sun.nio.cs.StreamEncoder.implWrite([CII)V @ 51
Event: 2472.988 Thread 0x00007f9291263000 Uncommon trap: reason=unstable_if action=reinterpret pc=0x000000010b134ab8 method=java.lang.Integer.parseInt(Ljava/lang/String;I)I @ 1

Classes redefined (0 events):
No events

Internal exceptions (10 events):
Event: 2467.032 Thread 0x00007f9291a6b800 Exception <a 'java/lang/NoSuchMethodError': <clinit>> (0x00000007b21092f0) thrown at [/Volumes/android/AOSP-openjdk-git/jdk8u/hotspot/src/share/vm/prims/jni.cpp, line 1613]
Event: 2467.069 Thread 0x00007f9291a6b800 Exception <a 'java/lang/NoSuchMethodError': <clinit>> (0x00000007b2197520) thrown at [/Volumes/android/AOSP-openjdk-git/jdk8u/hotspot/src/share/vm/prims/jni.cpp, line 1613]
Event: 2467.070 Thread 0x00007f9291a6b800 Exception <a 'java/lang/NoSuchMethodError': <clinit>> (0x00000007b219b178) thrown at [/Volumes/android/AOSP-openjdk-git/jdk8u/hotspot/src/share/vm/prims/jni.cpp, line 1613]
Event: 2467.070 Thread 0x00007f9291a6b800 Exception <a 'java/lang/NoSuchMethodError': <clinit>> (0x00000007b219cc80) thrown at [/Volumes/android/AOSP-openjdk-git/jdk8u/hotspot/src/share/vm/prims/jni.cpp, line 1613]
Event: 2467.327 Thread 0x00007f9291a6b800 Exception <a 'java/lang/ClassNotFoundException': sync_local_repo253_34b7lax7w9udlls4b1l38atxwBeanInfo> (0x00000007b2377190) thrown at [/Volumes/android/AOSP-openjdk-git/jdk8u/hotspot/src/share/vm/classfile/systemDictionary.cpp, line 210]
Event: 2467.328 Thread 0x00007f9291a6b800 Exception <a 'java/lang/ClassNotFoundException': sync_local_repo253_34b7lax7w9udlls4b1l38atxwCustomizer> (0x00000007b2382cb0) thrown at [/Volumes/android/AOSP-openjdk-git/jdk8u/hotspot/src/share/vm/classfile/systemDictionary.cpp, line 210]
Event: 2468.796 Thread 0x00007f9291a6b800 Exception <a 'sun/nio/fs/UnixException'> (0x00000007b54dd738) thrown at [/Volumes/android/AOSP-openjdk-git/jdk8u/hotspot/src/share/vm/prims/jni.cpp, line 709]
Event: 2472.988 Thread 0x00007f9291263000 Implicit null exception at 0x000000010b1345b1 to 0x000000010b134aa9
Event: 2483.307 Thread 0x00007f9291263000 JVM_StopThread thread JavaThread 0x00007f928cbeb000 as oop 0x00000007a34a1420 [exception 0x0000000128df6168]
Event: 2489.990 Thread 0x00007f9291263000 Exception <a 'java/lang/NoSuchFieldError': TCSANOW> (0x00000007a3582258) thrown at [/Volumes/android/AOSP-openjdk-git/jdk8u/hotspot/src/share/vm/prims/jni.cpp, line 2955]

Events (10 events):
Event: 2483.312 loading class org/jetbrains/kotlin/cli/common/messages/XmlMessageRenderer
Event: 2483.312 loading class org/jetbrains/kotlin/cli/common/messages/XmlMessageRenderer done
Event: 2483.312 loading class org/jetbrains/kotlin/cli/common/messages/MessageRenderer$1
Event: 2483.312 loading class org/jetbrains/kotlin/cli/common/messages/MessageRenderer$1 done
Event: 2483.313 loading class org/jetbrains/kotlin/cli/common/messages/PlainTextMessageRenderer
Event: 2483.313 loading class org/jetbrains/kotlin/cli/common/messages/PlainTextMessageRenderer done
Event: 2483.313 loading class org/fusesource/jansi/internal/CLibrary
Event: 2483.313 loading class org/fusesource/jansi/internal/CLibrary done
Event: 2483.314 loading class org/jetbrains/kotlin/org/fusesource/hawtjni/runtime/Library
Event: 2483.314 loading class org/jetbrains/kotlin/org/fusesource/hawtjni/runtime/Library done


Dynamic libraries:
0x000000000b2a1000 	/System/Library/Frameworks/Cocoa.framework/Versions/A/Cocoa
0x000000000b2a1000 	/System/Library/Frameworks/Security.framework/Versions/A/Security
0x000000000b2a1000 	/System/Library/Frameworks/ApplicationServices.framework/Versions/A/ApplicationServices
0x000000000b2a1000 	/usr/lib/libz.1.dylib
0x000000000b2a1000 	/usr/lib/libSystem.B.dylib
0x000000000b2a1000 	/System/Library/Frameworks/CoreFoundation.framework/Versions/A/CoreFoundation
0x000000000b2a1000 	/System/Library/Frameworks/Foundation.framework/Versions/C/Foundation
0x000000000b2a1000 	/usr/lib/libobjc.A.dylib
0x000000000b2a1000 	/System/Library/Frameworks/AppKit.framework/Versions/C/AppKit
0x000000000b2a1000 	/System/Library/Frameworks/CoreData.framework/Versions/A/CoreData
0x000000000b2a1000 	/System/Library/PrivateFrameworks/RemoteViewServices.framework/Versions/A/RemoteViewServices
0x000000000b2a1000 	/System/Library/PrivateFrameworks/UIFoundation.framework/Versions/A/UIFoundation
0x000000000b2a1000 	/System/Library/Frameworks/IOSurface.framework/Versions/A/IOSurface
0x000000000b2a1000 	/System/Library/Frameworks/AudioToolbox.framework/Versions/A/AudioToolbox
0x000000000b2a1000 	/System/Library/Frameworks/AudioUnit.framework/Versions/A/AudioUnit
0x000000000b2a1000 	/System/Library/PrivateFrameworks/DataDetectorsCore.framework/Versions/A/DataDetectorsCore
0x000000000b2a1000 	/System/Library/PrivateFrameworks/DesktopServicesPriv.framework/Versions/A/DesktopServicesPriv
0x000000000b2a1000 	/System/Library/Frameworks/Carbon.framework/Versions/A/Frameworks/HIToolbox.framework/Versions/A/HIToolbox
0x000000000b2a1000 	/System/Library/Frameworks/QuartzCore.framework/Versions/A/QuartzCore
0x000000000b2a1000 	/System/Library/Frameworks/Carbon.framework/Versions/A/Frameworks/SpeechRecognition.framework/Versions/A/SpeechRecognition
0x000000000b2a1000 	/usr/lib/libauto.dylib
0x000000000b2a1000 	/usr/lib/libicucore.A.dylib
0x000000000b2a1000 	/usr/lib/libxml2.2.dylib
0x000000000b2a1000 	/System/Library/PrivateFrameworks/CoreUI.framework/Versions/A/CoreUI
0x000000000b2a1000 	/System/Library/Frameworks/CoreAudio.framework/Versions/A/CoreAudio
0x000000000b2a1000 	/System/Library/Frameworks/DiskArbitration.framework/Versions/A/DiskArbitration
0x000000000b2a1000 	/usr/lib/liblangid.dylib
0x000000000b2a1000 	/System/Library/PrivateFrameworks/MultitouchSupport.framework/Versions/A/MultitouchSupport
0x000000000b2a1000 	/System/Library/Frameworks/IOKit.framework/Versions/A/IOKit
0x000000000b2a1000 	/usr/lib/libDiagnosticMessagesClient.dylib
0x000000000b2a1000 	/System/Library/Frameworks/CoreServices.framework/Versions/A/CoreServices
0x000000000b2a1000 	/System/Library/PrivateFrameworks/PerformanceAnalysis.framework/Versions/A/PerformanceAnalysis
0x000000000b2a1000 	/System/Library/PrivateFrameworks/GenerationalStorage.framework/Versions/A/GenerationalStorage
0x000000000b2a1000 	/System/Library/Frameworks/OpenGL.framework/Versions/A/OpenGL
0x000000000b2a1000 	/System/Library/PrivateFrameworks/Sharing.framework/Versions/A/Sharing
0x000000000b2a1000 	/System/Library/Frameworks/CoreGraphics.framework/Versions/A/CoreGraphics
0x000000000b2a1000 	/System/Library/Frameworks/CoreText.framework/Versions/A/CoreText
0x000000000b2a1000 	/System/Library/Frameworks/ImageIO.framework/Versions/A/ImageIO
0x000000000b2a1000 	/usr/lib/libextension.dylib
0x000000000b2a1000 	/System/Library/PrivateFrameworks/Backup.framework/Versions/A/Backup
0x000000000b2a1000 	/usr/lib/libarchive.2.dylib
0x000000000b2a1000 	/System/Library/Frameworks/CFNetwork.framework/Versions/A/CFNetwork
0x000000000b2a1000 	/System/Library/Frameworks/SystemConfiguration.framework/Versions/A/SystemConfiguration
0x000000000b2a1000 	/usr/lib/libCRFSuite.dylib
0x000000000b2a1000 	/usr/lib/libc++.1.dylib
0x000000000b2a1000 	/usr/lib/libc++abi.dylib
0x000000000b2a1000 	/usr/lib/system/libcache.dylib
0x000000000b2a1000 	/usr/lib/system/libcommonCrypto.dylib
0x000000000b2a1000 	/usr/lib/system/libcompiler_rt.dylib
0x000000000b2a1000 	/usr/lib/system/libcopyfile.dylib
0x000000000b2a1000 	/usr/lib/system/libcorecrypto.dylib
0x000000000b2a1000 	/usr/lib/system/libdispatch.dylib
0x000000000b2a1000 	/usr/lib/system/libdyld.dylib
0x000000000b2a1000 	/usr/lib/system/libkeymgr.dylib
0x000000000b2a1000 	/usr/lib/system/liblaunch.dylib
0x000000000b2a1000 	/usr/lib/system/libmacho.dylib
0x000000000b2a1000 	/usr/lib/system/libquarantine.dylib
0x000000000b2a1000 	/usr/lib/system/libremovefile.dylib
0x000000000b2a1000 	/usr/lib/system/libsystem_asl.dylib
0x000000000b2a1000 	/usr/lib/system/libsystem_blocks.dylib
0x000000000b2a1000 	/usr/lib/system/libsystem_c.dylib
0x000000000b2a1000 	/usr/lib/system/libsystem_configuration.dylib
0x000000000b2a1000 	/usr/lib/system/libsystem_coreservices.dylib
0x000000000b2a1000 	/usr/lib/system/libsystem_coretls.dylib
0x000000000b2a1000 	/usr/lib/system/libsystem_dnssd.dylib
0x000000000b2a1000 	/usr/lib/system/libsystem_info.dylib
0x000000000b2a1000 	/usr/lib/system/libsystem_kernel.dylib
0x000000000b2a1000 	/usr/lib/system/libsystem_m.dylib
0x000000000b2a1000 	/usr/lib/system/libsystem_malloc.dylib
0x000000000b2a1000 	/usr/lib/system/libsystem_network.dylib
0x000000000b2a1000 	/usr/lib/system/libsystem_networkextension.dylib
0x000000000b2a1000 	/usr/lib/system/libsystem_notify.dylib
0x000000000b2a1000 	/usr/lib/system/libsystem_platform.dylib
0x000000000b2a1000 	/usr/lib/system/libsystem_pthread.dylib
0x000000000b2a1000 	/usr/lib/system/libsystem_sandbox.dylib
0x000000000b2a1000 	/usr/lib/system/libsystem_secinit.dylib
0x000000000b2a1000 	/usr/lib/system/libsystem_stats.dylib
0x000000000b2a1000 	/usr/lib/system/libsystem_trace.dylib
0x000000000b2a1000 	/usr/lib/system/libunc.dylib
0x000000000b2a1000 	/usr/lib/system/libunwind.dylib
0x000000000b2a1000 	/usr/lib/system/libxpc.dylib
0x000000000b2a1000 	/usr/lib/libbz2.1.0.dylib
0x000000000b2a1000 	/usr/lib/liblzma.5.dylib
0x000000000b2a1000 	/usr/lib/libbsm.0.dylib
0x000000000b2a1000 	/usr/lib/libsqlite3.dylib
0x000000000b2a1000 	/usr/lib/system/libkxld.dylib
0x000000000b2a1000 	/usr/lib/libxar.1.dylib
0x000000000b2a1000 	/usr/lib/libpam.2.dylib
0x000000000b2a1000 	/usr/lib/libOpenScriptingUtil.dylib
0x000000000b2a1000 	/System/Library/Frameworks/CoreServices.framework/Versions/A/Frameworks/FSEvents.framework/Versions/A/FSEvents
0x000000000b2a1000 	/System/Library/Frameworks/CoreServices.framework/Versions/A/Frameworks/CarbonCore.framework/Versions/A/CarbonCore
0x000000000b2a1000 	/System/Library/Frameworks/CoreServices.framework/Versions/A/Frameworks/Metadata.framework/Versions/A/Metadata
0x000000000b2a1000 	/System/Library/Frameworks/CoreServices.framework/Versions/A/Frameworks/OSServices.framework/Versions/A/OSServices
0x000000000b2a1000 	/System/Library/Frameworks/CoreServices.framework/Versions/A/Frameworks/SearchKit.framework/Versions/A/SearchKit
0x000000000b2a1000 	/System/Library/Frameworks/CoreServices.framework/Versions/A/Frameworks/AE.framework/Versions/A/AE
0x000000000b2a1000 	/System/Library/Frameworks/CoreServices.framework/Versions/A/Frameworks/LaunchServices.framework/Versions/A/LaunchServices
0x000000000b2a1000 	/System/Library/Frameworks/CoreServices.framework/Versions/A/Frameworks/DictionaryServices.framework/Versions/A/DictionaryServices
0x000000000b2a1000 	/System/Library/Frameworks/NetFS.framework/Versions/A/NetFS
0x000000000b2a1000 	/System/Library/PrivateFrameworks/NetAuth.framework/Versions/A/NetAuth
0x000000000b2a1000 	/System/Library/PrivateFrameworks/login.framework/Versions/A/Frameworks/loginsupport.framework/Versions/A/loginsupport
0x000000000b2a1000 	/System/Library/PrivateFrameworks/TCC.framework/Versions/A/TCC
0x000000000b2a1000 	/usr/lib/libmecabra.dylib
0x000000000b2a1000 	/System/Library/Frameworks/ApplicationServices.framework/Versions/A/Frameworks/ATS.framework/Versions/A/ATS
0x000000000b2a1000 	/System/Library/Frameworks/ApplicationServices.framework/Versions/A/Frameworks/ColorSync.framework/Versions/A/ColorSync
0x000000000b2a1000 	/System/Library/Frameworks/ApplicationServices.framework/Versions/A/Frameworks/HIServices.framework/Versions/A/HIServices
0x000000000b2a1000 	/System/Library/Frameworks/ApplicationServices.framework/Versions/A/Frameworks/LangAnalysis.framework/Versions/A/LangAnalysis
0x000000000b2a1000 	/System/Library/Frameworks/ApplicationServices.framework/Versions/A/Frameworks/PrintCore.framework/Versions/A/PrintCore
0x000000000b2a1000 	/System/Library/Frameworks/ApplicationServices.framework/Versions/A/Frameworks/QD.framework/Versions/A/QD
0x000000000b2a1000 	/System/Library/Frameworks/ApplicationServices.framework/Versions/A/Frameworks/SpeechSynthesis.framework/Versions/A/SpeechSynthesis
0x000000000b2a1000 	/System/Library/Frameworks/Accelerate.framework/Versions/A/Accelerate
0x000000000b2a1000 	/System/Library/Frameworks/Accelerate.framework/Versions/A/Frameworks/vImage.framework/Versions/A/vImage
0x000000000b2a1000 	/System/Library/Frameworks/Accelerate.framework/Versions/A/Frameworks/vecLib.framework/Versions/A/vecLib
0x000000000b2a1000 	/System/Library/Frameworks/Accelerate.framework/Versions/A/Frameworks/vecLib.framework/Versions/A/libvDSP.dylib
0x000000000b2a1000 	/System/Library/Frameworks/Accelerate.framework/Versions/A/Frameworks/vecLib.framework/Versions/A/libvMisc.dylib
0x000000000b2a1000 	/System/Library/Frameworks/Accelerate.framework/Versions/A/Frameworks/vecLib.framework/Versions/A/libLAPACK.dylib
0x000000000b2a1000 	/System/Library/Frameworks/Accelerate.framework/Versions/A/Frameworks/vecLib.framework/Versions/A/libBLAS.dylib
0x000000000b2a1000 	/System/Library/Frameworks/Accelerate.framework/Versions/A/Frameworks/vecLib.framework/Versions/A/libLinearAlgebra.dylib
0x000000000b2a1000 	/System/Library/Frameworks/ApplicationServices.framework/Versions/A/Frameworks/ATS.framework/Versions/A/Resources/libFontParser.dylib
0x000000000b2a1000 	/System/Library/Frameworks/ApplicationServices.framework/Versions/A/Frameworks/ATS.framework/Versions/A/Resources/libFontRegistry.dylib
0x000000000b2a1000 	/System/Library/PrivateFrameworks/AppleVPA.framework/Versions/A/AppleVPA
0x000000000b2a1000 	/System/Library/PrivateFrameworks/AppleJPEG.framework/Versions/A/AppleJPEG
0x000000000b2a1000 	/System/Library/Frameworks/ImageIO.framework/Versions/A/Resources/libJPEG.dylib
0x000000000b2a1000 	/System/Library/Frameworks/ImageIO.framework/Versions/A/Resources/libTIFF.dylib
0x000000000b2a1000 	/System/Library/Frameworks/ImageIO.framework/Versions/A/Resources/libPng.dylib
0x000000000b2a1000 	/System/Library/Frameworks/ImageIO.framework/Versions/A/Resources/libGIF.dylib
0x000000000b2a1000 	/System/Library/Frameworks/ImageIO.framework/Versions/A/Resources/libJP2.dylib
0x000000000b2a1000 	/System/Library/Frameworks/ImageIO.framework/Versions/A/Resources/libRadiance.dylib
0x000000000b2a1000 	/System/Library/Frameworks/CoreVideo.framework/Versions/A/CoreVideo
0x000000000b2a1000 	/System/Library/Frameworks/OpenGL.framework/Versions/A/Libraries/libGLU.dylib
0x000000000b2a1000 	/System/Library/Frameworks/OpenGL.framework/Versions/A/Libraries/libGFXShared.dylib
0x000000000b2a1000 	/System/Library/Frameworks/OpenGL.framework/Versions/A/Libraries/libGL.dylib
0x000000000b2a1000 	/System/Library/Frameworks/OpenGL.framework/Versions/A/Libraries/libGLImage.dylib
0x000000000b2a1000 	/System/Library/Frameworks/OpenGL.framework/Versions/A/Libraries/libCVMSPluginSupport.dylib
0x000000000b2a1000 	/System/Library/Frameworks/OpenGL.framework/Versions/A/Libraries/libCoreVMClient.dylib
0x000000000b2a1000 	/usr/lib/libcups.2.dylib
0x000000000b2a1000 	/System/Library/Frameworks/Kerberos.framework/Versions/A/Kerberos
0x000000000b2a1000 	/System/Library/Frameworks/GSS.framework/Versions/A/GSS
0x000000000b2a1000 	/usr/lib/libresolv.9.dylib
0x000000000b2a1000 	/usr/lib/libiconv.2.dylib
0x000000000b2a1000 	/System/Library/PrivateFrameworks/Heimdal.framework/Versions/A/Heimdal
0x000000000b2a1000 	/usr/lib/libheimdal-asn1.dylib
0x000000000b2a1000 	/System/Library/Frameworks/OpenDirectory.framework/Versions/A/OpenDirectory
0x000000000b2a1000 	/System/Library/PrivateFrameworks/CommonAuth.framework/Versions/A/CommonAuth
0x000000000b2a1000 	/System/Library/Frameworks/OpenDirectory.framework/Versions/A/Frameworks/CFOpenDirectory.framework/Versions/A/CFOpenDirectory
0x000000000b2a1000 	/System/Library/Frameworks/SecurityFoundation.framework/Versions/A/SecurityFoundation
0x000000000b2a1000 	/System/Library/PrivateFrameworks/LanguageModeling.framework/Versions/A/LanguageModeling
0x000000000b2a1000 	/usr/lib/libcmph.dylib
0x000000000b2a1000 	/System/Library/Frameworks/ServiceManagement.framework/Versions/A/ServiceManagement
0x000000000b2a1000 	/usr/lib/libxslt.1.dylib
0x000000000b2a1000 	/System/Library/Frameworks/Carbon.framework/Versions/A/Frameworks/Ink.framework/Versions/A/Ink
0x000000000b2a1000 	/System/Library/Frameworks/QuartzCore.framework/Versions/A/Frameworks/CoreImage.framework/Versions/A/CoreImage
0x000000000b2a1000 	/System/Library/PrivateFrameworks/CrashReporterSupport.framework/Versions/A/CrashReporterSupport
0x000000000b2a1000 	/System/Library/Frameworks/OpenCL.framework/Versions/A/OpenCL
0x000000000b2a1000 	/System/Library/PrivateFrameworks/FaceCore.framework/Versions/A/FaceCore
0x000000000b2a1000 	/System/Library/PrivateFrameworks/Ubiquity.framework/Versions/A/Ubiquity
0x000000000b2a1000 	/System/Library/PrivateFrameworks/IconServices.framework/Versions/A/IconServices
0x000000000b2a1000 	/System/Library/PrivateFrameworks/ChunkingLibrary.framework/Versions/A/ChunkingLibrary
0x000000000b2a1000 	/System/Library/PrivateFrameworks/Apple80211.framework/Versions/A/Apple80211
0x000000000b2a1000 	/System/Library/Frameworks/CoreWLAN.framework/Versions/A/CoreWLAN
0x000000000b2a1000 	/System/Library/Frameworks/IOBluetooth.framework/Versions/A/IOBluetooth
0x000000000b2a1000 	/System/Library/PrivateFrameworks/CoreWiFi.framework/Versions/A/CoreWiFi
0x000000000b2a1000 	/System/Library/Frameworks/CoreBluetooth.framework/Versions/A/CoreBluetooth
0x000000000b2a1000 	/System/Library/PrivateFrameworks/DebugSymbols.framework/Versions/A/DebugSymbols
0x000000000b2a1000 	/System/Library/PrivateFrameworks/CoreSymbolication.framework/Versions/A/CoreSymbolication
0x000000000b2a1000 	/System/Library/PrivateFrameworks/Symbolication.framework/Versions/A/Symbolication
0x000000000b2a1000 	/System/Library/PrivateFrameworks/SpeechRecognitionCore.framework/Versions/A/SpeechRecognitionCore
0x0000000109000000 	/Users/jonathanrichards/Work/Android Studio 3.0 Preview.app/Contents/jre/jdk/Contents/Home/jre/lib/server/libjvm.dylib
0x000000000b2a1000 	/usr/lib/libstdc++.6.dylib
0x0000000108704000 	/Users/jonathanrichards/Work/Android Studio 3.0 Preview.app/Contents/jre/jdk/Contents/Home/jre/lib/libverify.dylib
0x0000000108710000 	/Users/jonathanrichards/Work/Android Studio 3.0 Preview.app/Contents/jre/jdk/Contents/Home/jre/lib/libjava.dylib
0x000000010874e000 	/Users/jonathanrichards/Work/Android Studio 3.0 Preview.app/Contents/jre/jdk/Contents/Home/jre/lib/libzip.dylib
0x000000011f54c000 	/Users/jonathanrichards/Work/Android Studio 3.0 Preview.app/Contents/jre/jdk/Contents/Home/jre/lib/libnet.dylib
0x000000011f563000 	/Users/jonathanrichards/Work/Android Studio 3.0 Preview.app/Contents/jre/jdk/Contents/Home/jre/lib/libnio.dylib
0x000000011e97f000 	/Users/jonathanrichards/.gradle/native/25/osx-amd64/libnative-platform.dylib
0x000000011f90f000 	/Users/jonathanrichards/Work/Android Studio 3.0 Preview.app/Contents/jre/jdk/Contents/Home/jre/lib/libmanagement.dylib
0x000000011f47d000 	/Users/jonathanrichards/Work/Android Studio 3.0 Preview.app/Contents/jre/jdk/Contents/Home/jre/lib/libsunec.dylib
0x0000000121283000 	/private/var/folders/6_/lzlsqnfj0yg2p3y8rs_cmns80000gn/T/aapt2_2321589513959395323/libc++.dylib
0x000000012574c000 	/private/var/folders/6_/lzlsqnfj0yg2p3y8rs_cmns80000gn/T/aapt2_2321589513959395323/libaapt2_jni.dylib
0x0000000123445000 	/Users/jonathanrichards/Work/Android Studio 3.0 Preview.app/Contents/jre/jdk/Contents/Home/jre/lib/libawt.dylib
0x0000000125263000 	/Users/jonathanrichards/Work/Android Studio 3.0 Preview.app/Contents/jre/jdk/Contents/Home/jre/lib/./libmlib_image.dylib
0x000000011f3b2000 	/System/Library/Frameworks/JavaVM.framework/Versions/A/Frameworks/JavaNativeFoundation.framework/Versions/A/JavaNativeFoundation
0x000000011f3c7000 	/System/Library/Frameworks/JavaVM.framework/Versions/A/Frameworks/JavaRuntimeSupport.framework/Versions/A/JavaRuntimeSupport
0x000000011f502000 	/System/Library/Frameworks/JavaVM.framework/Versions/A/JavaVM
0x000000011f50f000 	/System/Library/PrivateFrameworks/JavaLaunching.framework/Versions/A/JavaLaunching
0x000000000b2a1000 	/System/Library/Frameworks/Carbon.framework/Versions/A/Carbon
0x000000000b2a1000 	/System/Library/Frameworks/Carbon.framework/Versions/A/Frameworks/CommonPanels.framework/Versions/A/CommonPanels
0x000000000b2a1000 	/System/Library/Frameworks/Carbon.framework/Versions/A/Frameworks/Help.framework/Versions/A/Help
0x000000000b2a1000 	/System/Library/Frameworks/Carbon.framework/Versions/A/Frameworks/ImageCapture.framework/Versions/A/ImageCapture
0x000000000b2a1000 	/System/Library/Frameworks/Carbon.framework/Versions/A/Frameworks/OpenScripting.framework/Versions/A/OpenScripting
0x000000000b2a1000 	/System/Library/Frameworks/Carbon.framework/Versions/A/Frameworks/Print.framework/Versions/A/Print
0x000000000b2a1000 	/System/Library/Frameworks/Carbon.framework/Versions/A/Frameworks/SecurityHI.framework/Versions/A/SecurityHI
0x0000000125bd0000 	/Users/jonathanrichards/Work/Android Studio 3.0 Preview.app/Contents/jre/jdk/Contents/Home/jre/lib/libawt_lwawt.dylib
0x000000011f5b6000 	/Users/jonathanrichards/Work/Android Studio 3.0 Preview.app/Contents/jre/jdk/Contents/Home/jre/lib/./libosxapp.dylib
0x000000000b2a1000 	/System/Library/Frameworks/ExceptionHandling.framework/Versions/A/ExceptionHandling
0x000000000b2a1000 	/System/Library/PrivateFrameworks/CoreServicesInternal.framework/Versions/A/CoreServicesInternal
0x000000000b2a1000 	/System/Library/PrivateFrameworks/CloudDocs.framework/Versions/A/CloudDocs
0x000000000b2a1000 	/System/Library/PrivateFrameworks/CoreDuet.framework/Versions/A/CoreDuet
0x000000000b2a1000 	/System/Library/Frameworks/CloudKit.framework/Versions/A/CloudKit
0x000000000b2a1000 	/System/Library/PrivateFrameworks/ProtocolBuffer.framework/Versions/A/ProtocolBuffer
0x000000000b2a1000 	/System/Library/PrivateFrameworks/CoreDuetDaemonProtocol.framework/Versions/A/CoreDuetDaemonProtocol
0x000000000b2a1000 	/System/Library/PrivateFrameworks/CoreDuetDebugLogging.framework/Versions/A/CoreDuetDebugLogging
0x000000000b2a1000 	/System/Library/PrivateFrameworks/MMCS.framework/Versions/A/MMCS
0x000000000b2a1000 	/System/Library/Frameworks/CoreLocation.framework/Versions/A/CoreLocation
0x000000000b2a1000 	/System/Library/PrivateFrameworks/ProtectedCloudStorage.framework/Versions/A/ProtectedCloudStorage
0x000000000b2a1000 	/System/Library/PrivateFrameworks/GeoServices.framework/Versions/A/GeoServices
0x000000000b2a1000 	/System/Library/Frameworks/CoreGraphics.framework/Versions/A/Resources/libCGCMS.A.dylib
0x000000000b2a1000 	/System/Library/Frameworks/CoreGraphics.framework/Versions/A/Resources/libRIP.A.dylib
0x000000000b2a1000 	/System/Library/Frameworks/OpenCL.framework/Versions/A/Libraries/libcldcpuengine.dylib
0x000000000b2a1000 	/System/Library/PrivateFrameworks/DiskImages.framework/Versions/A/DiskImages
0x000000000b2a1000 	/System/Library/Frameworks/DiscRecording.framework/Versions/A/DiscRecording
0x000000000b2a1000 	/usr/lib/libcsfde.dylib
0x000000000b2a1000 	/usr/lib/libcurl.4.dylib
0x000000000b2a1000 	/System/Library/PrivateFrameworks/MediaKit.framework/Versions/A/MediaKit
0x000000000b2a1000 	/usr/lib/libCoreStorage.dylib
0x000000000b2a1000 	/System/Library/PrivateFrameworks/EFILogin.framework/Versions/A/EFILogin
0x000000000b2a1000 	/usr/lib/libutil.dylib
0x000000000b2a1000 	/System/Library/PrivateFrameworks/FindMyDevice.framework/Versions/A/FindMyDevice
0x000000000b2a1000 	/System/Library/Frameworks/LDAP.framework/Versions/A/LDAP
0x000000000b2a1000 	/usr/lib/libsasl2.2.dylib
0x000000000b2a1000 	/System/Library/PrivateFrameworks/CoreDaemon.framework/Versions/B/CoreDaemon
0x000000000b2a1000 	/usr/lib/libcrypto.0.9.8.dylib
0x000000000b2a1000 	/System/Library/PrivateFrameworks/AppleSRP.framework/Versions/A/AppleSRP
0x000000000b2a1000 	/System/Library/PrivateFrameworks/TrustEvaluationAgent.framework/Versions/A/TrustEvaluationAgent
0x000000011f678000 	cl_kernels
0x000000012a491000 	/System/Library/Frameworks/OpenCL.framework/Versions/A/Libraries/ImageFormats/unorm8_bgra.dylib
0x0000000120594000 	cl_kernels
0x00000001224ac000 	/Users/jonathanrichards/Work/Android Studio 3.0 Preview.app/Contents/jre/jdk/Contents/Home/jre/lib/libosx.dylib
0x000000000b2a1000 	/System/Library/Frameworks/OpenGL.framework/Versions/A/Resources/GLEngine.bundle/GLEngine
0x000000000b2a1000 	/System/Library/Frameworks/OpenGL.framework/Versions/A/Libraries/libGLProgrammability.dylib
0x000000012bf0e000 	/System/Library/Extensions/AppleIntelBDWGraphicsGLDriver.bundle/Contents/MacOS/AppleIntelBDWGraphicsGLDriver
0x000000000b2a1000 	/System/Library/PrivateFrameworks/IOAccelerator.framework/Versions/A/IOAccelerator
0x000000000b2a1000 	/System/Library/PrivateFrameworks/GPUSupport.framework/Versions/A/Libraries/libGPUSupportMercury.dylib
0x000000000b2a1000 	/System/Library/Frameworks/OpenGL.framework/Versions/A/Resources/GLRendererFloat.bundle/GLRendererFloat
0x000000011f459000 	/private/var/folders/6_/lzlsqnfj0yg2p3y8rs_cmns80000gn/T/native-platform7671139231945228812dir/libnative-platform.dylib
0x000000011f460000 	/Users/jonathanrichards/.gradle/native/jansi/1.14/osx/libjansi.jnilib

VM Arguments:
jvm_args: -Xmx1536m -Dfile.encoding=UTF-8 -Duser.country=US -Duser.language=en -Duser.variant 
java_command: org.gradle.launcher.daemon.bootstrap.GradleDaemon 4.1-milestone-1
java_class_path (initial): /Users/jonathanrichards/.gradle/wrapper/dists/gradle-4.1-milestone-1-all/9uoz4qrz3xxqtt8z3tsnbtd3e/gradle-4.1-milestone-1/lib/gradle-launcher-4.1.jar
Launcher Type: SUN_STANDARD

Environment Variables:
PATH=/usr/bin:/bin:/usr/sbin:/sbin:/://platform-tools://usr/bin:/bin:/usr/sbin:/sbin
SHELL=/bin/bash
DISPLAY=/private/tmp/com.apple.launchd.n1cWAH0FtT/org.macosforge.xquartz:0

Signal Handlers:
SIGSEGV: [libjvm.dylib+0x53dc23], sa_mask[0]=11111111011111110111111111111111, sa_flags=SA_ONSTACK|SA_RESTART|SA_SIGINFO
SIGBUS: [libjvm.dylib+0x53dc23], sa_mask[0]=11111111011111110111111111111111, sa_flags=SA_RESTART|SA_SIGINFO
SIGFPE: [libjvm.dylib+0x436537], sa_mask[0]=11111111011111110111111111111111, sa_flags=SA_RESTART|SA_SIGINFO
SIGPIPE: [libjvm.dylib+0x436537], sa_mask[0]=11111111011111110111111111111111, sa_flags=SA_RESTART|SA_SIGINFO
SIGXFSZ: [libjvm.dylib+0x436537], sa_mask[0]=11111111011111110111111111111111, sa_flags=SA_RESTART|SA_SIGINFO
SIGILL: [libjvm.dylib+0x436537], sa_mask[0]=11111111011111110111111111111111, sa_flags=SA_RESTART|SA_SIGINFO
SIGUSR1: SIG_DFL, sa_mask[0]=00000000000000000000000000000000, sa_flags=none
SIGUSR2: [libjvm.dylib+0x436e5c], sa_mask[0]=00100000000000000000000000000000, sa_flags=SA_RESTART|SA_SIGINFO
SIGHUP: [libjvm.dylib+0x435051], sa_mask[0]=11111111011111110111111111111111, sa_flags=SA_RESTART|SA_SIGINFO
SIGINT: [libjvm.dylib+0x435051], sa_mask[0]=11111111011111110111111111111111, sa_flags=SA_RESTART|SA_SIGINFO
SIGTERM: [libjvm.dylib+0x435051], sa_mask[0]=11111111011111110111111111111111, sa_flags=SA_RESTART|SA_SIGINFO
SIGQUIT: [libjvm.dylib+0x435051], sa_mask[0]=11111111011111110111111111111111, sa_flags=SA_RESTART|SA_SIGINFO


---------------  S Y S T E M  ---------------

OS:Bsduname:Darwin 14.5.0 Darwin Kernel Version 14.5.0: Mon Aug 29 21:14:16 PDT 2016; root:xnu-2782.50.6~1/RELEASE_X86_64 x86_64
rlimit: STACK 8192k, CORE 0k, NPROC 709, NOFILE 10240, AS infinity
load average:3.50 2.64 3.01

CPU:total 4 (initial active 4) (2 cores per cpu, 2 threads per core) family 6 model 61 stepping 4, cmov, cx8, fxsr, mmx, sse, sse2, sse3, ssse3, sse4.1, sse4.2, popcnt, avx, avx2, aes, clmul, erms, 3dnowpref, lzcnt, ht, tsc, tscinvbit, bmi1, bmi2, adx

Memory: 4k page, physical 8388608k(116920k free)

/proc/meminfo:


vm_info: OpenJDK 64-Bit Server VM (25.152-b01) for bsd-amd64 JRE (1.8.0_152-release-884-b01), built on Jun 14 2017 14:25:15 by "builder" with gcc 4.2.1 Compatible Apple LLVM 8.1.0 (clang-802.0.42)

time: Thu Jul 27 14:48:57 2017
elapsed time: 2490 seconds (0d 0h 41m 30s)

