#
# A fatal error has been detected by the Java Runtime Environment:
#
#  SIGSEGV (0xb) at pc=0x0000000105d2402a, pid=5811, tid=0x0000000000007003
#
# JRE version: OpenJDK Runtime Environment (8.0_152-b01) (build 1.8.0_152-release-884-b01)
# Java VM: OpenJDK 64-Bit Server VM (25.152-b01 mixed mode bsd-amd64 compressed oops)
# Problematic frame:
# V  [libjvm.dylib+0x2d502a]  jni_SetStaticIntField+0xb5
#
# Failed to write core dump. Core dumps have been disabled. To enable core dumping, try "ulimit -c unlimited" before starting Java again
#
# If you would like to submit a bug report, please visit:
#   http://bugreport.java.com/bugreport/crash.jsp
#

---------------  T H R E A D  ---------------

Current thread (0x00007fc71a15b000):  JavaThread "Task worker for ':' Thread 2" [_thread_in_vm, id=28675, stack(0x00000001215ba000,0x00000001216ba000)]

siginfo: si_signo: 11 (SIGSEGV), si_code: 1 (SEGV_MAPERR), si_addr: 0x0000000000000000

Registers:
RAX=0x0000000106240a3c, RBX=0x00007fc71a15b000, RCX=0x0000000000000000, RDX=0x0000000000000000
RSP=0x00000001216b5e90, RBP=0x00000001216b5ef0, RSI=0x00000001216b5f90, RDI=0x00007fc71a15b1e0
R8 =0x0000000000000000, R9 =0x00007fff8b5c1d60, R10=0x0000000105fc8af5, R11=0x000000010623fc3b
R12=0x00000001216b5f90, R13=0x00007fc71a15b1e0, R14=0x0000000000000000, R15=0x0000000000000000
RIP=0x0000000105d2402a, EFLAGS=0x0000000000010246, ERR=0x0000000000000004
  TRAPNO=0x000000000000000e

Top of Stack: (sp=0x00000001216b5e90)
0x00000001216b5e90:   00007fc71a15b000 00007fc71a15b000
0x00000001216b5ea0:   00007fc71f2aa438 0000000100000b8b
0x00000001216b5eb0:   0000000105fdc077 00007fc71a15b000
0x00000001216b5ec0:   00007fc71a15b000 00007fc71a15b1e0
0x00000001216b5ed0:   0000000105d23f75 000000011fb334a0
0x00000001216b5ee0:   00000001216b5f90 000000011c752e39
0x00000001216b5ef0:   00000001216b5f30 000000011c751f98
0x00000001216b5f00:   000000011c751e90 000000011fb334a8
0x00000001216b5f10:   0000000000000000 000000011fb334a0
0x00000001216b5f20:   00000001216b5f98 00007fc71a15b000
0x00000001216b5f30:   00000001216b5f80 0000000106e4b734
0x00000001216b5f40:   00000001216b5f40 000000011fb334a0
0x00000001216b5f50:   00000001216b5f98 000000011fb336c0
0x00000001216b5f60:   0000000000000000 000000011fb334a8
0x00000001216b5f70:   0000000000000000 00000001216b5fa0
0x00000001216b5f80:   00000001216b5fe0 0000000106e3bffd
0x00000001216b5f90:   00000007a2c39408 0000000106e45278
0x00000001216b5fa0:   00000001216b5fa0 000000011fb33624
0x00000001216b5fb0:   00000001216b5fe8 000000011fb336c0
0x00000001216b5fc0:   0000000000000000 000000011fb33630
0x00000001216b5fd0:   00000001216b5fa0 00000001216b5ff0
0x00000001216b5fe0:   00000001216b6050 0000000106e344e7
0x00000001216b5ff0:   0000000100001fa0 00007fc71a15b000
0x00000001216b6000:   00007fc71a15b000 000000000000000f
0x00000001216b6010:   000000000000000f 000000011fb33630
0x00000001216b6020:   00000001216b60c8 00000001216b61e0
0x00000001216b6030:   000000000000000a 000000011fb33630
0x00000001216b6040:   0000000106e469c0 00000001216b6200
0x00000001216b6050:   00000001216b61c0 0000000105d0dec9
0x00000001216b6060:   0000000000000000 00007fc71a15b000
0x00000001216b6070:   00000000000080b0 00007fc71a15b000
0x00000001216b6080:   00007fc71bce3d90 00007fc71f2aa400 

Instructions: (pc=0x0000000105d2402a)
0x0000000105d2400a:   30 49 8b 0f 31 f6 31 d2 41 b9 01 00 00 00 48 89
0x0000000105d2401a:   df 4d 89 f8 50 6a 49 e8 6a 5a 07 00 48 83 c4 10
0x0000000105d2402a:   49 8b 07 48 8b 40 68 49 63 4f 10 44 89 34 08 90
0x0000000105d2403a:   0f 1f 40 00 48 83 7d b0 00 74 09 48 8d 7d a8 e8 

Register to memory mapping:

RAX=0x0000000106240a3c: _ZN11JvmtiExport31_should_post_field_modificationE+0 in /Users/jonathanrichards/Work/Android Studio 3.0 Preview.app/Contents/jre/jdk/Contents/Home/jre/lib/server/libjvm.dylib at 0x0000000105a4f000
RBX=0x00007fc71a15b000 is a thread
RCX=0x0000000000000000 is an unknown value
RDX=0x0000000000000000 is an unknown value
RSP=0x00000001216b5e90 is pointing into the stack for thread: 0x00007fc71a15b000
RBP=0x00000001216b5ef0 is pointing into the stack for thread: 0x00007fc71a15b000
RSI=0x00000001216b5f90 is pointing into the stack for thread: 0x00007fc71a15b000
RDI=0x00007fc71a15b1e0 is an unknown value
R8 =0x0000000000000000 is an unknown value
R9 =0x00007fff8b5c1d60: zeroes+0 in /usr/lib/system/libsystem_c.dylib at 0x00007fff8b53a000
R10=0x0000000105fc8af5: _ZN15MutexUnlockerExD2Ev+0x1c599 in /Users/jonathanrichards/Work/Android Studio 3.0 Preview.app/Contents/jre/jdk/Contents/Home/jre/lib/server/libjvm.dylib at 0x0000000105a4f000
R11=0x000000010623fc3b: AssumeMP+0 in /Users/jonathanrichards/Work/Android Studio 3.0 Preview.app/Contents/jre/jdk/Contents/Home/jre/lib/server/libjvm.dylib at 0x0000000105a4f000
R12=0x00000001216b5f90 is pointing into the stack for thread: 0x00007fc71a15b000
R13=0x00007fc71a15b1e0 is an unknown value
R14=0x0000000000000000 is an unknown value
R15=0x0000000000000000 is an unknown value


Stack: [0x00000001215ba000,0x00000001216ba000],  sp=0x00000001216b5e90,  free space=1007k
Native frames: (J=compiled Java code, j=interpreted, Vv=VM code, C=native code)
V  [libjvm.dylib+0x2d502a]  jni_SetStaticIntField+0xb5
C  [libjansi.jnilib+0xf98]  Java_org_fusesource_jansi_internal_CLibrary_init+0x108
j  org.fusesource.jansi.internal.CLibrary.init()V+0
j  org.fusesource.jansi.internal.CLibrary.<clinit>()V+20
v  ~StubRoutines::call_stub
V  [libjvm.dylib+0x2beec9]  JavaCalls::call_helper(JavaValue*, methodHandle*, JavaCallArguments*, Thread*)+0x597
V  [libjvm.dylib+0x28ec3d]  InstanceKlass::call_class_initializer_impl(instanceKlassHandle, Thread*)+0xe5
V  [libjvm.dylib+0x28daa7]  InstanceKlass::initialize_impl(instanceKlassHandle, Thread*)+0x4d1
V  [libjvm.dylib+0x28d5c2]  InstanceKlass::initialize(Thread*)+0x3a
V  [libjvm.dylib+0x382906]  LinkResolver::resolve_field(fieldDescriptor&, KlassHandle, Symbol*, Symbol*, KlassHandle, Bytecodes::Code, bool, bool, Thread*)+0x300
V  [libjvm.dylib+0x3825f2]  LinkResolver::resolve_field_access(fieldDescriptor&, constantPoolHandle, int, Bytecodes::Code, Thread*)+0x106
V  [libjvm.dylib+0x2b8143]  InterpreterRuntime::resolve_get_put(JavaThread*, Bytecodes::Code)+0x103
j  org.jetbrains.kotlin.cli.common.messages.PlainTextMessageRenderer.<clinit>()V+21
v  ~StubRoutines::call_stub
V  [libjvm.dylib+0x2beec9]  JavaCalls::call_helper(JavaValue*, methodHandle*, JavaCallArguments*, Thread*)+0x597
V  [libjvm.dylib+0x28ec3d]  InstanceKlass::call_class_initializer_impl(instanceKlassHandle, Thread*)+0xe5
V  [libjvm.dylib+0x28daa7]  InstanceKlass::initialize_impl(instanceKlassHandle, Thread*)+0x4d1
V  [libjvm.dylib+0x28d5c2]  InstanceKlass::initialize(Thread*)+0x3a
V  [libjvm.dylib+0x28d89e]  InstanceKlass::initialize_impl(instanceKlassHandle, Thread*)+0x2c8
V  [libjvm.dylib+0x28d5c2]  InstanceKlass::initialize(Thread*)+0x3a
V  [libjvm.dylib+0x2b7122]  InterpreterRuntime::_new(JavaThread*, ConstantPool*, int)+0x5e
j  org.jetbrains.kotlin.cli.common.messages.MessageRenderer.<clinit>()V+10
v  ~StubRoutines::call_stub
V  [libjvm.dylib+0x2beec9]  JavaCalls::call_helper(JavaValue*, methodHandle*, JavaCallArguments*, Thread*)+0x597
V  [libjvm.dylib+0x28ec3d]  InstanceKlass::call_class_initializer_impl(instanceKlassHandle, Thread*)+0xe5
V  [libjvm.dylib+0x28daa7]  InstanceKlass::initialize_impl(instanceKlassHandle, Thread*)+0x4d1
V  [libjvm.dylib+0x28d5c2]  InstanceKlass::initialize(Thread*)+0x3a
V  [libjvm.dylib+0x382906]  LinkResolver::resolve_field(fieldDescriptor&, KlassHandle, Symbol*, Symbol*, KlassHandle, Bytecodes::Code, bool, bool, Thread*)+0x300
V  [libjvm.dylib+0x3825f2]  LinkResolver::resolve_field_access(fieldDescriptor&, constantPoolHandle, int, Bytecodes::Code, Thread*)+0x106
V  [libjvm.dylib+0x2b8143]  InterpreterRuntime::resolve_get_put(JavaThread*, Bytecodes::Code)+0x103
j  org.jetbrains.kotlin.compilerRunner.GradleCompilerRunner$loggingMessageCollector$2$1.<init>(Lorg/jetbrains/kotlin/compilerRunner/GradleCompilerRunner$loggingMessageCollector$2;)V+10
j  org.jetbrains.kotlin.compilerRunner.GradleCompilerRunner$loggingMessageCollector$2.invoke()Lorg/jetbrains/kotlin/compilerRunner/GradleCompilerRunner$loggingMessageCollector$2$1;+5
j  org.jetbrains.kotlin.compilerRunner.GradleCompilerRunner$loggingMessageCollector$2.invoke()Ljava/lang/Object;+1
j  kotlin.SynchronizedLazyImpl.getValue()Ljava/lang/Object;+55
j  org.jetbrains.kotlin.compilerRunner.GradleCompilerRunner.getLoggingMessageCollector()Lorg/jetbrains/kotlin/cli/common/messages/MessageCollector;+14
j  org.jetbrains.kotlin.compilerRunner.GradleCompilerRunner.compileOutOfProcess([Ljava/lang/String;Ljava/lang/String;Lorg/jetbrains/kotlin/compilerRunner/GradleCompilerEnvironment;)Lorg/jetbrains/kotlin/cli/common/ExitCode;+238
j  org.jetbrains.kotlin.compilerRunner.GradleCompilerRunner.compileWithDaemonOrFallback(Ljava/lang/String;Lorg/jetbrains/kotlin/cli/common/arguments/CommonCompilerArguments;Lorg/jetbrains/kotlin/compilerRunner/GradleCompilerEnvironment;)Lorg/jetbrains/kotlin/cli/common/ExitCode;+584
j  org.jetbrains.kotlin.compilerRunner.GradleCompilerRunner.compileWithDaemonOrFallback(Ljava/lang/String;Lorg/jetbrains/kotlin/cli/common/arguments/CommonCompilerArguments;Lorg/jetbrains/kotlin/compilerRunner/CompilerEnvironment;)Lorg/jetbrains/kotlin/cli/common/ExitCode;+7
j  org.jetbrains.kotlin.compilerRunner.KotlinCompilerRunner.runCompiler(Ljava/lang/String;Lorg/jetbrains/kotlin/cli/common/arguments/CommonCompilerArguments;Lorg/jetbrains/kotlin/compilerRunner/CompilerEnvironment;)Lorg/jetbrains/kotlin/cli/common/ExitCode;+25
j  org.jetbrains.kotlin.compilerRunner.GradleCompilerRunner.runJvmCompiler(Ljava/util/List;Ljava/lang/Iterable;Lorg/jetbrains/kotlin/cli/common/arguments/K2JVMCompilerArguments;Lorg/jetbrains/kotlin/compilerRunner/GradleCompilerEnvironment;)Lorg/jetbrains/kotlin/cli/common/ExitCode;+234
j  org.jetbrains.kotlin.gradle.tasks.KotlinCompile.callCompiler$kotlin_gradle_plugin(Lorg/jetbrains/kotlin/cli/common/arguments/K2JVMCompilerArguments;Lorg/jetbrains/kotlin/gradle/tasks/SourceRoots;Lorg/jetbrains/kotlin/incremental/ChangedFiles;)V+291
j  org.jetbrains.kotlin.gradle.tasks.KotlinCompile.callCompiler$kotlin_gradle_plugin(Lorg/jetbrains/kotlin/cli/common/arguments/CommonCompilerArguments;Lorg/jetbrains/kotlin/gradle/tasks/SourceRoots;Lorg/jetbrains/kotlin/incremental/ChangedFiles;)V+7
j  org.jetbrains.kotlin.gradle.tasks.AbstractKotlinCompile.execute(Lorg/gradle/api/tasks/incremental/IncrementalTaskInputs;)V+189
v  ~StubRoutines::call_stub
V  [libjvm.dylib+0x2beec9]  JavaCalls::call_helper(JavaValue*, methodHandle*, JavaCallArguments*, Thread*)+0x597
V  [libjvm.dylib+0x47d3e3]  Reflection::invoke(instanceKlassHandle, methodHandle, Handle, bool, objArrayHandle, BasicType, objArrayHandle, bool, Thread*)+0x6e9
V  [libjvm.dylib+0x47de43]  Reflection::invoke_method(oopDesc*, Handle, objArrayHandle, Thread*)+0x173
V  [libjvm.dylib+0x305f99]  JVM_InvokeMethod+0x1a9
J 2087  sun.reflect.NativeMethodAccessorImpl.invoke0(Ljava/lang/reflect/Method;Ljava/lang/Object;[Ljava/lang/Object;)Ljava/lang/Object; (0 bytes) @ 0x000000010751146d [0x0000000107511380+0xed]
J 2086 C1 sun.reflect.NativeMethodAccessorImpl.invoke(Ljava/lang/Object;[Ljava/lang/Object;)Ljava/lang/Object; (104 bytes) @ 0x0000000107512a1c [0x0000000107511840+0x11dc]
J 956 C1 sun.reflect.DelegatingMethodAccessorImpl.invoke(Ljava/lang/Object;[Ljava/lang/Object;)Ljava/lang/Object; (10 bytes) @ 0x00000001071acf4c [0x00000001071ace40+0x10c]
J 1029 C1 java.lang.reflect.Method.invoke(Ljava/lang/Object;[Ljava/lang/Object;)Ljava/lang/Object; (62 bytes) @ 0x00000001071d979c [0x00000001071d93a0+0x3fc]
J 2101 C1 org.gradle.internal.reflect.JavaMethod.invoke(Ljava/lang/Object;[Ljava/lang/Object;)Ljava/lang/Object; (74 bytes) @ 0x0000000107522ffc [0x0000000107522ee0+0x11c]
j  org.gradle.api.internal.project.taskfactory.DefaultTaskClassInfoStore$IncrementalTaskAction.doExecute(Lorg/gradle/api/Task;Ljava/lang/String;)V+35
j  org.gradle.api.internal.project.taskfactory.DefaultTaskClassInfoStore$StandardTaskAction.execute(Lorg/gradle/api/Task;)V+32
j  org.gradle.api.internal.project.taskfactory.DefaultTaskClassInfoStore$StandardTaskAction.execute(Ljava/lang/Object;)V+5
j  org.gradle.api.internal.tasks.execution.ExecuteActionsTaskExecuter$1.run(Lorg/gradle/internal/operations/BuildOperationContext;)V+23
j  org.gradle.internal.progress.DefaultBuildOperationExecutor$RunnableBuildOperationWorker.execute(Lorg/gradle/internal/operations/RunnableBuildOperation;Lorg/gradle/internal/operations/BuildOperationContext;)V+2
j  org.gradle.internal.progress.DefaultBuildOperationExecutor$RunnableBuildOperationWorker.execute(Lorg/gradle/internal/operations/BuildOperation;Lorg/gradle/internal/operations/BuildOperationContext;)V+6
J 7240 C1 org.gradle.internal.progress.DefaultBuildOperationExecutor.execute(Lorg/gradle/internal/operations/BuildOperation;Lorg/gradle/internal/operations/BuildOperationWorker;Lorg/gradle/internal/progress/DefaultBuildOperationExecutor$DefaultBuildOperationState;)V (430 bytes) @ 0x0000000108200db4 [0x00000001081fe4a0+0x2914]
j  org.gradle.internal.progress.DefaultBuildOperationExecutor.run(Lorg/gradle/internal/operations/RunnableBuildOperation;)V+20
j  org.gradle.api.internal.tasks.execution.ExecuteActionsTaskExecuter.executeAction(Ljava/lang/String;Lorg/gradle/api/internal/TaskInternal;Lorg/gradle/api/internal/tasks/ContextAwareTaskAction;Lorg/gradle/api/internal/tasks/TaskExecutionContext;)V+23
j  org.gradle.api.internal.tasks.execution.ExecuteActionsTaskExecuter.executeActions(Lorg/gradle/api/internal/TaskInternal;Lorg/gradle/api/internal/tasks/TaskStateInternal;Lorg/gradle/api/internal/tasks/TaskExecutionContext;)Lorg/gradle/api/GradleException;+131
j  org.gradle.api.internal.tasks.execution.ExecuteActionsTaskExecuter.execute(Lorg/gradle/api/internal/TaskInternal;Lorg/gradle/api/internal/tasks/TaskStateInternal;Lorg/gradle/api/internal/tasks/TaskExecutionContext;)V+42
j  org.gradle.api.internal.tasks.execution.SkipUpToDateTaskExecuter.execute(Lorg/gradle/api/internal/TaskInternal;Lorg/gradle/api/internal/tasks/TaskStateInternal;Lorg/gradle/api/internal/tasks/TaskExecutionContext;)V+131
j  org.gradle.api.internal.tasks.execution.ResolveTaskOutputCachingStateExecuter.execute(Lorg/gradle/api/internal/TaskInternal;Lorg/gradle/api/internal/tasks/TaskStateInternal;Lorg/gradle/api/internal/tasks/TaskExecutionContext;)V+96
j  org.gradle.api.internal.tasks.execution.ValidatingTaskExecuter.execute(Lorg/gradle/api/internal/TaskInternal;Lorg/gradle/api/internal/tasks/TaskStateInternal;Lorg/gradle/api/internal/tasks/TaskExecutionContext;)V+215
j  org.gradle.api.internal.tasks.execution.SkipEmptySourceFilesTaskExecuter.execute(Lorg/gradle/api/internal/TaskInternal;Lorg/gradle/api/internal/tasks/TaskStateInternal;Lorg/gradle/api/internal/tasks/TaskExecutionContext;)V+335
j  org.gradle.api.internal.tasks.execution.ResolveTaskArtifactStateTaskExecuter.execute(Lorg/gradle/api/internal/TaskInternal;Lorg/gradle/api/internal/tasks/TaskStateInternal;Lorg/gradle/api/internal/tasks/TaskExecutionContext;)V+72
j  org.gradle.api.internal.tasks.execution.SkipTaskWithNoActionsExecuter.execute(Lorg/gradle/api/internal/TaskInternal;Lorg/gradle/api/internal/tasks/TaskStateInternal;Lorg/gradle/api/internal/tasks/TaskExecutionContext;)V+124
j  org.gradle.api.internal.tasks.execution.SkipOnlyIfTaskExecuter.execute(Lorg/gradle/api/internal/TaskInternal;Lorg/gradle/api/internal/tasks/TaskStateInternal;Lorg/gradle/api/internal/tasks/TaskExecutionContext;)V+85
j  org.gradle.api.internal.tasks.execution.ExecuteAtMostOnceTaskExecuter.execute(Lorg/gradle/api/internal/TaskInternal;Lorg/gradle/api/internal/tasks/TaskStateInternal;Lorg/gradle/api/internal/tasks/TaskExecutionContext;)V+26
j  org.gradle.api.internal.tasks.execution.CatchExceptionTaskExecuter.execute(Lorg/gradle/api/internal/TaskInternal;Lorg/gradle/api/internal/tasks/TaskStateInternal;Lorg/gradle/api/internal/tasks/TaskExecutionContext;)V+7
j  org.gradle.execution.taskgraph.DefaultTaskGraphExecuter$EventFiringTaskWorker$1.run(Lorg/gradle/internal/operations/BuildOperationContext;)V+56
j  org.gradle.internal.progress.DefaultBuildOperationExecutor$RunnableBuildOperationWorker.execute(Lorg/gradle/internal/operations/RunnableBuildOperation;Lorg/gradle/internal/operations/BuildOperationContext;)V+2
j  org.gradle.internal.progress.DefaultBuildOperationExecutor$RunnableBuildOperationWorker.execute(Lorg/gradle/internal/operations/BuildOperation;Lorg/gradle/internal/operations/BuildOperationContext;)V+6
J 7240 C1 org.gradle.internal.progress.DefaultBuildOperationExecutor.execute(Lorg/gradle/internal/operations/BuildOperation;Lorg/gradle/internal/operations/BuildOperationWorker;Lorg/gradle/internal/progress/DefaultBuildOperationExecutor$DefaultBuildOperationState;)V (430 bytes) @ 0x0000000108200db4 [0x00000001081fe4a0+0x2914]
j  org.gradle.internal.progress.DefaultBuildOperationExecutor.run(Lorg/gradle/internal/operations/RunnableBuildOperation;)V+20
j  org.gradle.execution.taskgraph.DefaultTaskGraphExecuter$EventFiringTaskWorker.execute(Lorg/gradle/api/internal/TaskInternal;)V+16
j  org.gradle.execution.taskgraph.DefaultTaskGraphExecuter$EventFiringTaskWorker.execute(Ljava/lang/Object;)V+5
j  org.gradle.execution.taskgraph.DefaultTaskPlanExecutor$TaskExecutorWorker.processTask(Lorg/gradle/execution/taskgraph/TaskInfo;)V+8
j  org.gradle.execution.taskgraph.DefaultTaskPlanExecutor$TaskExecutorWorker.access$200(Lorg/gradle/execution/taskgraph/DefaultTaskPlanExecutor$TaskExecutorWorker;Lorg/gradle/execution/taskgraph/TaskInfo;)V+2
j  org.gradle.execution.taskgraph.DefaultTaskPlanExecutor$TaskExecutorWorker$1.execute(Lorg/gradle/execution/taskgraph/TaskInfo;)V+38
j  org.gradle.execution.taskgraph.DefaultTaskPlanExecutor$TaskExecutorWorker$1.execute(Ljava/lang/Object;)V+5
j  org.gradle.execution.taskgraph.DefaultTaskExecutionPlan.execute(Lorg/gradle/execution/taskgraph/TaskInfo;Lorg/gradle/internal/work/WorkerLeaseRegistry$WorkerLease;Lorg/gradle/api/Action;)V+14
j  org.gradle.execution.taskgraph.DefaultTaskExecutionPlan.executeWithTask(Lorg/gradle/internal/work/WorkerLeaseRegistry$WorkerLease;Lorg/gradle/api/Action;)Z+53
j  org.gradle.execution.taskgraph.DefaultTaskPlanExecutor$TaskExecutorWorker.run()V+52
j  org.gradle.internal.concurrent.ExecutorPolicy$CatchAndRecordFailures.onExecute(Ljava/lang/Runnable;)V+1
j  org.gradle.internal.concurrent.ManagedExecutorImpl$1.run()V+25
j  java.util.concurrent.ThreadPoolExecutor.runWorker(Ljava/util/concurrent/ThreadPoolExecutor$Worker;)V+95
j  java.util.concurrent.ThreadPoolExecutor$Worker.run()V+5
j  org.gradle.internal.concurrent.ThreadFactoryImpl$ManagedThreadRunnable.run()V+7
j  java.lang.Thread.run()V+11
v  ~StubRoutines::call_stub
V  [libjvm.dylib+0x2beec9]  JavaCalls::call_helper(JavaValue*, methodHandle*, JavaCallArguments*, Thread*)+0x597
V  [libjvm.dylib+0x2bdffe]  JavaCalls::call_virtual(JavaValue*, KlassHandle, Symbol*, Symbol*, JavaCallArguments*, Thread*)+0x13e
V  [libjvm.dylib+0x2be13d]  JavaCalls::call_virtual(JavaValue*, Handle, KlassHandle, Symbol*, Symbol*, Thread*)+0x57
V  [libjvm.dylib+0x302c32]  thread_entry(JavaThread*, Thread*)+0x78
V  [libjvm.dylib+0x5045b0]  JavaThread::thread_main_inner()+0x82
V  [libjvm.dylib+0x504475]  JavaThread::run()+0x199
...<more frames>...

Java frames: (J=compiled Java code, j=interpreted, Vv=VM code)
j  org.fusesource.jansi.internal.CLibrary.init()V+0
j  org.fusesource.jansi.internal.CLibrary.<clinit>()V+20
v  ~StubRoutines::call_stub
j  org.jetbrains.kotlin.cli.common.messages.PlainTextMessageRenderer.<clinit>()V+21
v  ~StubRoutines::call_stub
j  org.jetbrains.kotlin.cli.common.messages.MessageRenderer.<clinit>()V+10
v  ~StubRoutines::call_stub
j  org.jetbrains.kotlin.compilerRunner.GradleCompilerRunner$loggingMessageCollector$2$1.<init>(Lorg/jetbrains/kotlin/compilerRunner/GradleCompilerRunner$loggingMessageCollector$2;)V+10
j  org.jetbrains.kotlin.compilerRunner.GradleCompilerRunner$loggingMessageCollector$2.invoke()Lorg/jetbrains/kotlin/compilerRunner/GradleCompilerRunner$loggingMessageCollector$2$1;+5
j  org.jetbrains.kotlin.compilerRunner.GradleCompilerRunner$loggingMessageCollector$2.invoke()Ljava/lang/Object;+1
j  kotlin.SynchronizedLazyImpl.getValue()Ljava/lang/Object;+55
j  org.jetbrains.kotlin.compilerRunner.GradleCompilerRunner.getLoggingMessageCollector()Lorg/jetbrains/kotlin/cli/common/messages/MessageCollector;+14
j  org.jetbrains.kotlin.compilerRunner.GradleCompilerRunner.compileOutOfProcess([Ljava/lang/String;Ljava/lang/String;Lorg/jetbrains/kotlin/compilerRunner/GradleCompilerEnvironment;)Lorg/jetbrains/kotlin/cli/common/ExitCode;+238
j  org.jetbrains.kotlin.compilerRunner.GradleCompilerRunner.compileWithDaemonOrFallback(Ljava/lang/String;Lorg/jetbrains/kotlin/cli/common/arguments/CommonCompilerArguments;Lorg/jetbrains/kotlin/compilerRunner/GradleCompilerEnvironment;)Lorg/jetbrains/kotlin/cli/common/ExitCode;+584
j  org.jetbrains.kotlin.compilerRunner.GradleCompilerRunner.compileWithDaemonOrFallback(Ljava/lang/String;Lorg/jetbrains/kotlin/cli/common/arguments/CommonCompilerArguments;Lorg/jetbrains/kotlin/compilerRunner/CompilerEnvironment;)Lorg/jetbrains/kotlin/cli/common/ExitCode;+7
j  org.jetbrains.kotlin.compilerRunner.KotlinCompilerRunner.runCompiler(Ljava/lang/String;Lorg/jetbrains/kotlin/cli/common/arguments/CommonCompilerArguments;Lorg/jetbrains/kotlin/compilerRunner/CompilerEnvironment;)Lorg/jetbrains/kotlin/cli/common/ExitCode;+25
j  org.jetbrains.kotlin.compilerRunner.GradleCompilerRunner.runJvmCompiler(Ljava/util/List;Ljava/lang/Iterable;Lorg/jetbrains/kotlin/cli/common/arguments/K2JVMCompilerArguments;Lorg/jetbrains/kotlin/compilerRunner/GradleCompilerEnvironment;)Lorg/jetbrains/kotlin/cli/common/ExitCode;+234
j  org.jetbrains.kotlin.gradle.tasks.KotlinCompile.callCompiler$kotlin_gradle_plugin(Lorg/jetbrains/kotlin/cli/common/arguments/K2JVMCompilerArguments;Lorg/jetbrains/kotlin/gradle/tasks/SourceRoots;Lorg/jetbrains/kotlin/incremental/ChangedFiles;)V+291
j  org.jetbrains.kotlin.gradle.tasks.KotlinCompile.callCompiler$kotlin_gradle_plugin(Lorg/jetbrains/kotlin/cli/common/arguments/CommonCompilerArguments;Lorg/jetbrains/kotlin/gradle/tasks/SourceRoots;Lorg/jetbrains/kotlin/incremental/ChangedFiles;)V+7
j  org.jetbrains.kotlin.gradle.tasks.AbstractKotlinCompile.execute(Lorg/gradle/api/tasks/incremental/IncrementalTaskInputs;)V+189
v  ~StubRoutines::call_stub
J 2087  sun.reflect.NativeMethodAccessorImpl.invoke0(Ljava/lang/reflect/Method;Ljava/lang/Object;[Ljava/lang/Object;)Ljava/lang/Object; (0 bytes) @ 0x00000001075113f7 [0x0000000107511380+0x77]
J 2086 C1 sun.reflect.NativeMethodAccessorImpl.invoke(Ljava/lang/Object;[Ljava/lang/Object;)Ljava/lang/Object; (104 bytes) @ 0x0000000107512a1c [0x0000000107511840+0x11dc]
J 956 C1 sun.reflect.DelegatingMethodAccessorImpl.invoke(Ljava/lang/Object;[Ljava/lang/Object;)Ljava/lang/Object; (10 bytes) @ 0x00000001071acf4c [0x00000001071ace40+0x10c]
J 1029 C1 java.lang.reflect.Method.invoke(Ljava/lang/Object;[Ljava/lang/Object;)Ljava/lang/Object; (62 bytes) @ 0x00000001071d979c [0x00000001071d93a0+0x3fc]
J 2101 C1 org.gradle.internal.reflect.JavaMethod.invoke(Ljava/lang/Object;[Ljava/lang/Object;)Ljava/lang/Object; (74 bytes) @ 0x0000000107522ffc [0x0000000107522ee0+0x11c]
j  org.gradle.api.internal.project.taskfactory.DefaultTaskClassInfoStore$IncrementalTaskAction.doExecute(Lorg/gradle/api/Task;Ljava/lang/String;)V+35
j  org.gradle.api.internal.project.taskfactory.DefaultTaskClassInfoStore$StandardTaskAction.execute(Lorg/gradle/api/Task;)V+32
j  org.gradle.api.internal.project.taskfactory.DefaultTaskClassInfoStore$StandardTaskAction.execute(Ljava/lang/Object;)V+5
j  org.gradle.api.internal.tasks.execution.ExecuteActionsTaskExecuter$1.run(Lorg/gradle/internal/operations/BuildOperationContext;)V+23
j  org.gradle.internal.progress.DefaultBuildOperationExecutor$RunnableBuildOperationWorker.execute(Lorg/gradle/internal/operations/RunnableBuildOperation;Lorg/gradle/internal/operations/BuildOperationContext;)V+2
j  org.gradle.internal.progress.DefaultBuildOperationExecutor$RunnableBuildOperationWorker.execute(Lorg/gradle/internal/operations/BuildOperation;Lorg/gradle/internal/operations/BuildOperationContext;)V+6
J 7240 C1 org.gradle.internal.progress.DefaultBuildOperationExecutor.execute(Lorg/gradle/internal/operations/BuildOperation;Lorg/gradle/internal/operations/BuildOperationWorker;Lorg/gradle/internal/progress/DefaultBuildOperationExecutor$DefaultBuildOperationState;)V (430 bytes) @ 0x0000000108200db4 [0x00000001081fe4a0+0x2914]
j  org.gradle.internal.progress.DefaultBuildOperationExecutor.run(Lorg/gradle/internal/operations/RunnableBuildOperation;)V+20
j  org.gradle.api.internal.tasks.execution.ExecuteActionsTaskExecuter.executeAction(Ljava/lang/String;Lorg/gradle/api/internal/TaskInternal;Lorg/gradle/api/internal/tasks/ContextAwareTaskAction;Lorg/gradle/api/internal/tasks/TaskExecutionContext;)V+23
j  org.gradle.api.internal.tasks.execution.ExecuteActionsTaskExecuter.executeActions(Lorg/gradle/api/internal/TaskInternal;Lorg/gradle/api/internal/tasks/TaskStateInternal;Lorg/gradle/api/internal/tasks/TaskExecutionContext;)Lorg/gradle/api/GradleException;+131
j  org.gradle.api.internal.tasks.execution.ExecuteActionsTaskExecuter.execute(Lorg/gradle/api/internal/TaskInternal;Lorg/gradle/api/internal/tasks/TaskStateInternal;Lorg/gradle/api/internal/tasks/TaskExecutionContext;)V+42
j  org.gradle.api.internal.tasks.execution.SkipUpToDateTaskExecuter.execute(Lorg/gradle/api/internal/TaskInternal;Lorg/gradle/api/internal/tasks/TaskStateInternal;Lorg/gradle/api/internal/tasks/TaskExecutionContext;)V+131
j  org.gradle.api.internal.tasks.execution.ResolveTaskOutputCachingStateExecuter.execute(Lorg/gradle/api/internal/TaskInternal;Lorg/gradle/api/internal/tasks/TaskStateInternal;Lorg/gradle/api/internal/tasks/TaskExecutionContext;)V+96
j  org.gradle.api.internal.tasks.execution.ValidatingTaskExecuter.execute(Lorg/gradle/api/internal/TaskInternal;Lorg/gradle/api/internal/tasks/TaskStateInternal;Lorg/gradle/api/internal/tasks/TaskExecutionContext;)V+215
j  org.gradle.api.internal.tasks.execution.SkipEmptySourceFilesTaskExecuter.execute(Lorg/gradle/api/internal/TaskInternal;Lorg/gradle/api/internal/tasks/TaskStateInternal;Lorg/gradle/api/internal/tasks/TaskExecutionContext;)V+335
j  org.gradle.api.internal.tasks.execution.ResolveTaskArtifactStateTaskExecuter.execute(Lorg/gradle/api/internal/TaskInternal;Lorg/gradle/api/internal/tasks/TaskStateInternal;Lorg/gradle/api/internal/tasks/TaskExecutionContext;)V+72
j  org.gradle.api.internal.tasks.execution.SkipTaskWithNoActionsExecuter.execute(Lorg/gradle/api/internal/TaskInternal;Lorg/gradle/api/internal/tasks/TaskStateInternal;Lorg/gradle/api/internal/tasks/TaskExecutionContext;)V+124
j  org.gradle.api.internal.tasks.execution.SkipOnlyIfTaskExecuter.execute(Lorg/gradle/api/internal/TaskInternal;Lorg/gradle/api/internal/tasks/TaskStateInternal;Lorg/gradle/api/internal/tasks/TaskExecutionContext;)V+85
j  org.gradle.api.internal.tasks.execution.ExecuteAtMostOnceTaskExecuter.execute(Lorg/gradle/api/internal/TaskInternal;Lorg/gradle/api/internal/tasks/TaskStateInternal;Lorg/gradle/api/internal/tasks/TaskExecutionContext;)V+26
j  org.gradle.api.internal.tasks.execution.CatchExceptionTaskExecuter.execute(Lorg/gradle/api/internal/TaskInternal;Lorg/gradle/api/internal/tasks/TaskStateInternal;Lorg/gradle/api/internal/tasks/TaskExecutionContext;)V+7
j  org.gradle.execution.taskgraph.DefaultTaskGraphExecuter$EventFiringTaskWorker$1.run(Lorg/gradle/internal/operations/BuildOperationContext;)V+56
j  org.gradle.internal.progress.DefaultBuildOperationExecutor$RunnableBuildOperationWorker.execute(Lorg/gradle/internal/operations/RunnableBuildOperation;Lorg/gradle/internal/operations/BuildOperationContext;)V+2
j  org.gradle.internal.progress.DefaultBuildOperationExecutor$RunnableBuildOperationWorker.execute(Lorg/gradle/internal/operations/BuildOperation;Lorg/gradle/internal/operations/BuildOperationContext;)V+6
J 7240 C1 org.gradle.internal.progress.DefaultBuildOperationExecutor.execute(Lorg/gradle/internal/operations/BuildOperation;Lorg/gradle/internal/operations/BuildOperationWorker;Lorg/gradle/internal/progress/DefaultBuildOperationExecutor$DefaultBuildOperationState;)V (430 bytes) @ 0x0000000108200db4 [0x00000001081fe4a0+0x2914]
j  org.gradle.internal.progress.DefaultBuildOperationExecutor.run(Lorg/gradle/internal/operations/RunnableBuildOperation;)V+20
j  org.gradle.execution.taskgraph.DefaultTaskGraphExecuter$EventFiringTaskWorker.execute(Lorg/gradle/api/internal/TaskInternal;)V+16
j  org.gradle.execution.taskgraph.DefaultTaskGraphExecuter$EventFiringTaskWorker.execute(Ljava/lang/Object;)V+5
j  org.gradle.execution.taskgraph.DefaultTaskPlanExecutor$TaskExecutorWorker.processTask(Lorg/gradle/execution/taskgraph/TaskInfo;)V+8
j  org.gradle.execution.taskgraph.DefaultTaskPlanExecutor$TaskExecutorWorker.access$200(Lorg/gradle/execution/taskgraph/DefaultTaskPlanExecutor$TaskExecutorWorker;Lorg/gradle/execution/taskgraph/TaskInfo;)V+2
j  org.gradle.execution.taskgraph.DefaultTaskPlanExecutor$TaskExecutorWorker$1.execute(Lorg/gradle/execution/taskgraph/TaskInfo;)V+38
j  org.gradle.execution.taskgraph.DefaultTaskPlanExecutor$TaskExecutorWorker$1.execute(Ljava/lang/Object;)V+5
j  org.gradle.execution.taskgraph.DefaultTaskExecutionPlan.execute(Lorg/gradle/execution/taskgraph/TaskInfo;Lorg/gradle/internal/work/WorkerLeaseRegistry$WorkerLease;Lorg/gradle/api/Action;)V+14
j  org.gradle.execution.taskgraph.DefaultTaskExecutionPlan.executeWithTask(Lorg/gradle/internal/work/WorkerLeaseRegistry$WorkerLease;Lorg/gradle/api/Action;)Z+53
j  org.gradle.execution.taskgraph.DefaultTaskPlanExecutor$TaskExecutorWorker.run()V+52
j  org.gradle.internal.concurrent.ExecutorPolicy$CatchAndRecordFailures.onExecute(Ljava/lang/Runnable;)V+1
j  org.gradle.internal.concurrent.ManagedExecutorImpl$1.run()V+25
j  java.util.concurrent.ThreadPoolExecutor.runWorker(Ljava/util/concurrent/ThreadPoolExecutor$Worker;)V+95
j  java.util.concurrent.ThreadPoolExecutor$Worker.run()V+5
j  org.gradle.internal.concurrent.ThreadFactoryImpl$ManagedThreadRunnable.run()V+7
j  java.lang.Thread.run()V+11
v  ~StubRoutines::call_stub

---------------  P R O C E S S  ---------------

Java Threads: ( => current thread )
  0x00007fc71f5b4000 JavaThread "Thread-23" [_thread_in_native, id=30211, stack(0x0000000120118000,0x0000000120218000)]
  0x00007fc71c5bd800 JavaThread "process reaper" daemon [_thread_in_native, id=29699, stack(0x000000011d910000,0x000000011d938000)]
  0x00007fc71ff30000 JavaThread "Task worker for ':' Thread 3" [_thread_blocked, id=29187, stack(0x00000001218c9000,0x00000001219c9000)]
=>0x00007fc71a15b000 JavaThread "Task worker for ':' Thread 2" [_thread_in_vm, id=28675, stack(0x00000001215ba000,0x00000001216ba000)]
  0x00007fc71c7dd800 JavaThread "Task worker for ':'" [_thread_blocked, id=28163, stack(0x00000001214b7000,0x00000001215b7000)]
  0x00007fc71f03b800 JavaThread "Cache worker for task history cache (/Users/jonathanrichards/Work/MyApplication/.gradle/4.1-milestone-1/taskHistory)" [_thread_blocked, id=27651, stack(0x0000000121216000,0x0000000121316000)]
  0x00007fc71f86c000 JavaThread "Cache worker for file content cache (/Users/jonathanrichards/Work/MyApplication/.gradle/4.1-milestone-1/fileContent)" [_thread_blocked, id=27139, stack(0x000000011e7df000,0x000000011e8df000)]
  0x00007fc71b1b8800 JavaThread "Memory manager" [_thread_blocked, id=26627, stack(0x00000001213b4000,0x00000001214b4000)]
  0x00007fc71a440800 JavaThread "pool-1-thread-1" [_thread_blocked, id=26115, stack(0x0000000120713000,0x0000000120813000)]
  0x00007fc71af5a800 JavaThread "build operations Thread 4" [_thread_blocked, id=25603, stack(0x000000011ed85000,0x000000011ee85000)]
  0x00007fc71c627800 JavaThread "build operations Thread 3" [_thread_blocked, id=25091, stack(0x000000011ea11000,0x000000011eb11000)]
  0x00007fc71c20e800 JavaThread "build operations Thread 2" [_thread_blocked, id=24579, stack(0x000000011e6bb000,0x000000011e7bb000)]
  0x00007fc71c20d800 JavaThread "build operations" [_thread_blocked, id=24067, stack(0x000000011e5b8000,0x000000011e6b8000)]
  0x00007fc71e91e800 JavaThread "Cache worker for Artifact transforms cache (/Users/jonathanrichards/.gradle/caches/transforms-1)" [_thread_blocked, id=23555, stack(0x000000011f620000,0x000000011f720000)]
  0x00007fc71a48b800 JavaThread "Cache worker for file hash cache (/Users/jonathanrichards/Work/MyApplication/.gradle/4.1-milestone-1/fileHashes)" [_thread_blocked, id=23043, stack(0x000000011dc15000,0x000000011dd15000)]
  0x00007fc71a041000 JavaThread "File lock request listener" [_thread_in_native, id=22531, stack(0x000000011db12000,0x000000011dc12000)]
  0x00007fc71a3e3000 JavaThread "Cache worker for file hash cache (/Users/jonathanrichards/.gradle/caches/4.1-milestone-1/fileHashes)" [_thread_blocked, id=22019, stack(0x000000011da0f000,0x000000011db0f000)]
  0x00007fc71a84d000 JavaThread "Stdin handler" [_thread_blocked, id=21507, stack(0x000000011d60d000,0x000000011d70d000)]
  0x00007fc71a3e0000 JavaThread "Asynchronous log dispatcher for DefaultDaemonConnection: socket connection from /127.94.0.1:60367 to /127.94.0.1:60368" [_thread_blocked, id=20995, stack(0x000000011d50a000,0x000000011d60a000)]
  0x00007fc719ba1800 JavaThread "Daemon worker" [_thread_blocked, id=20483, stack(0x000000011d407000,0x000000011d507000)]
  0x00007fc71a3df000 JavaThread "Cancel handler" [_thread_blocked, id=19971, stack(0x000000011d304000,0x000000011d404000)]
  0x00007fc719ae0800 JavaThread "Daemon periodic checks" [_thread_blocked, id=19459, stack(0x000000011d201000,0x000000011d301000)]
  0x00007fc71a3db000 JavaThread "Handler for socket connection from /127.94.0.1:60367 to /127.94.0.1:60368" [_thread_in_native, id=12807, stack(0x000000011d0fe000,0x000000011d1fe000)]
  0x00007fc71a3d6000 JavaThread "Daemon" [_thread_blocked, id=14087, stack(0x000000011cffb000,0x000000011d0fb000)]
  0x00007fc71a3c1800 JavaThread "Incoming local TCP Connector on port 60367" [_thread_in_native, id=12299, stack(0x000000011cef8000,0x000000011cff8000)]
  0x00007fc71981e000 JavaThread "Service Thread" daemon [_thread_blocked, id=18179, stack(0x000000011c183000,0x000000011c283000)]
  0x00007fc71a852800 JavaThread "C1 CompilerThread2" daemon [_thread_blocked, id=17667, stack(0x000000011c080000,0x000000011c180000)]
  0x00007fc71b05c000 JavaThread "C2 CompilerThread1" daemon [_thread_blocked, id=17155, stack(0x000000011bf7d000,0x000000011c07d000)]
  0x00007fc719805000 JavaThread "C2 CompilerThread0" daemon [_thread_blocked, id=16643, stack(0x000000011be7a000,0x000000011bf7a000)]
  0x00007fc71b00d800 JavaThread "Signal Dispatcher" daemon [_thread_blocked, id=16403, stack(0x000000011bd77000,0x000000011be77000)]
  0x00007fc71a82f800 JavaThread "Finalizer" daemon [_thread_blocked, id=11523, stack(0x000000011baeb000,0x000000011bbeb000)]
  0x00007fc71a028800 JavaThread "Reference Handler" daemon [_thread_blocked, id=11011, stack(0x000000011b9e8000,0x000000011bae8000)]
  0x00007fc719806800 JavaThread "main" [_thread_blocked, id=4867, stack(0x00000001064cc000,0x00000001065cc000)]

Other Threads:
  0x00007fc71981d000 VMThread [stack: 0x000000011b8e5000,0x000000011b9e5000] [id=10499]
  0x00007fc71a038800 WatcherThread [stack: 0x000000011c286000,0x000000011c386000] [id=18691]

VM state:not at safepoint (normal execution)

VM Mutex/Monitor currently owned by a thread: None

Heap:
 PSYoungGen      total 292864K, used 60414K [0x00000007a0000000, 0x00000007b3880000, 0x00000007c0000000)
  eden space 278016K, 16% used [0x00000007a0000000,0x00000007a2c866e0,0x00000007b0f80000)
  from space 14848K, 99% used [0x00000007b2300000,0x00000007b31792f0,0x00000007b3180000)
  to   space 19968K, 0% used [0x00000007b0f80000,0x00000007b0f80000,0x00000007b2300000)
 ParOldGen       total 72192K, used 28996K [0x0000000760000000, 0x0000000764680000, 0x00000007a0000000)
  object space 72192K, 40% used [0x0000000760000000,0x0000000761c51318,0x0000000764680000)
 Metaspace       used 56364K, capacity 58110K, committed 58200K, reserved 1099776K
  class space    used 7593K, capacity 8015K, committed 8064K, reserved 1048576K

Card table byte_map: [0x00000001161f4000,0x00000001164f5000] byte_map_base: 0x00000001126f4000

Marking Bits: (ParMarkBitMap*) 0x0000000106245008
 Begin Bits: [0x0000000116b01000, 0x0000000118301000)
 End Bits:   [0x0000000118301000, 0x0000000119b01000)

Polling page: 0x00000001065da000

CodeCache: size=245760Kb used=19287Kb max_used=20193Kb free=226472Kb
 bounds [0x0000000106e34000, 0x0000000108214000, 0x0000000115e34000]
 total_blobs=7212 nmethods=6436 adapters=689
 compilation: enabled

Compilation events (10 events):
Event: 46.451 Thread 0x00007fc71a852800 7629       3       java.security.SecureClassLoader::defineClass (16 bytes)
Event: 46.451 Thread 0x00007fc71a852800 nmethod 7629 0x000000010758e0d0 code [0x000000010758e240, 0x000000010758e4b8]
Event: 46.519 Thread 0x00007fc71a852800 7630       3       java.lang.invoke.MethodHandle::intrinsicName (4 bytes)
Event: 46.519 Thread 0x00007fc71a852800 nmethod 7630 0x00000001072ace90 code [0x00000001072ad000, 0x00000001072ad150]
Event: 52.180 Thread 0x00007fc71a852800 7631       3       java.io.BufferedInputStream::read1 (108 bytes)
Event: 52.181 Thread 0x00007fc71a852800 nmethod 7631 0x0000000107257610 code [0x0000000107257820, 0x00000001072580f8]
Event: 52.182 Thread 0x00007fc71a852800 7633  s    3       java.io.BufferedInputStream::read (113 bytes)
Event: 52.183 Thread 0x00007fc71a852800 nmethod 7633 0x000000010713a610 code [0x000000010713a800, 0x000000010713b178]
Event: 52.184 Thread 0x00007fc71a852800 7632       3       org.gradle.internal.serialize.AbstractDecoder::readSmallInt (5 bytes)
Event: 52.184 Thread 0x00007fc71a852800 nmethod 7632 0x0000000106faa1d0 code [0x0000000106faa340, 0x0000000106faa548]

GC Heap History (10 events):
Event: 30.572 GC heap before
{Heap before GC invocations=8 (full 1):
 PSYoungGen      total 124928K, used 124423K [0x00000007a0000000, 0x00000007a9380000, 0x00000007c0000000)
  eden space 117760K, 100% used [0x00000007a0000000,0x00000007a7300000,0x00000007a7300000)
  from space 7168K, 92% used [0x00000007a8c80000,0x00000007a9301c50,0x00000007a9380000)
  to   space 10240K, 0% used [0x00000007a7f80000,0x00000007a7f80000,0x00000007a8980000)
 ParOldGen       total 54272K, used 8834K [0x0000000760000000, 0x0000000763500000, 0x00000007a0000000)
  object space 54272K, 16% used [0x0000000760000000,0x00000007608a0ad0,0x0000000763500000)
 Metaspace       used 31536K, capacity 32064K, committed 32512K, reserved 1077248K
  class space    used 4297K, capacity 4513K, committed 4608K, reserved 1048576K
Event: 30.616 GC heap after
Heap after GC invocations=8 (full 1):
 PSYoungGen      total 140800K, used 10029K [0x00000007a0000000, 0x00000007adc00000, 0x00000007c0000000)
  eden space 130560K, 0% used [0x00000007a0000000,0x00000007a0000000,0x00000007a7f80000)
  from space 10240K, 97% used [0x00000007a7f80000,0x00000007a894b570,0x00000007a8980000)
  to   space 11264K, 0% used [0x00000007ad100000,0x00000007ad100000,0x00000007adc00000)
 ParOldGen       total 54272K, used 8914K [0x0000000760000000, 0x0000000763500000, 0x00000007a0000000)
  object space 54272K, 16% used [0x0000000760000000,0x00000007608b4ae0,0x0000000763500000)
 Metaspace       used 31536K, capacity 32064K, committed 32512K, reserved 1077248K
  class space    used 4297K, capacity 4513K, committed 4608K, reserved 1048576K
}
Event: 31.733 GC heap before
{Heap before GC invocations=9 (full 1):
 PSYoungGen      total 140800K, used 28262K [0x00000007a0000000, 0x00000007adc00000, 0x00000007c0000000)
  eden space 130560K, 13% used [0x00000007a0000000,0x00000007a11ce3d0,0x00000007a7f80000)
  from space 10240K, 97% used [0x00000007a7f80000,0x00000007a894b570,0x00000007a8980000)
  to   space 11264K, 0% used [0x00000007ad100000,0x00000007ad100000,0x00000007adc00000)
 ParOldGen       total 54272K, used 8914K [0x0000000760000000, 0x0000000763500000, 0x00000007a0000000)
  object space 54272K, 16% used [0x0000000760000000,0x00000007608b4ae0,0x0000000763500000)
 Metaspace       used 34679K, capacity 35248K, committed 35416K, reserved 1079296K
  class space    used 4709K, capacity 4936K, committed 4992K, reserved 1048576K
Event: 31.760 GC heap after
Heap after GC invocations=9 (full 1):
 PSYoungGen      total 214016K, used 8104K [0x00000007a0000000, 0x00000007af700000, 0x00000007c0000000)
  eden space 202752K, 0% used [0x00000007a0000000,0x00000007a0000000,0x00000007ac600000)
  from space 11264K, 71% used [0x00000007ad100000,0x00000007ad8ea2e8,0x00000007adc00000)
  to   space 11264K, 0% used [0x00000007ac600000,0x00000007ac600000,0x00000007ad100000)
 ParOldGen       total 54272K, used 8922K [0x0000000760000000, 0x0000000763500000, 0x00000007a0000000)
  object space 54272K, 16% used [0x0000000760000000,0x00000007608b6ae0,0x0000000763500000)
 Metaspace       used 34679K, capacity 35248K, committed 35416K, reserved 1079296K
  class space    used 4709K, capacity 4936K, committed 4992K, reserved 1048576K
}
Event: 31.761 GC heap before
{Heap before GC invocations=10 (full 2):
 PSYoungGen      total 214016K, used 8104K [0x00000007a0000000, 0x00000007af700000, 0x00000007c0000000)
  eden space 202752K, 0% used [0x00000007a0000000,0x00000007a0000000,0x00000007ac600000)
  from space 11264K, 71% used [0x00000007ad100000,0x00000007ad8ea2e8,0x00000007adc00000)
  to   space 11264K, 0% used [0x00000007ac600000,0x00000007ac600000,0x00000007ad100000)
 ParOldGen       total 54272K, used 8922K [0x0000000760000000, 0x0000000763500000, 0x00000007a0000000)
  object space 54272K, 16% used [0x0000000760000000,0x00000007608b6ae0,0x0000000763500000)
 Metaspace       used 34679K, capacity 35248K, committed 35416K, reserved 1079296K
  class space    used 4709K, capacity 4936K, committed 4992K, reserved 1048576K
Event: 31.906 GC heap after
Heap after GC invocations=10 (full 2):
 PSYoungGen      total 214016K, used 0K [0x00000007a0000000, 0x00000007af700000, 0x00000007c0000000)
  eden space 202752K, 0% used [0x00000007a0000000,0x00000007a0000000,0x00000007ac600000)
  from space 11264K, 0% used [0x00000007ad100000,0x00000007ad100000,0x00000007adc00000)
  to   space 11264K, 0% used [0x00000007ac600000,0x00000007ac600000,0x00000007ad100000)
 ParOldGen       total 72192K, used 14757K [0x0000000760000000, 0x0000000764680000, 0x00000007a0000000)
  object space 72192K, 20% used [0x0000000760000000,0x0000000760e694a0,0x0000000764680000)
 Metaspace       used 34679K, capacity 35248K, committed 35416K, reserved 1079296K
  class space    used 4709K, capacity 4936K, committed 4992K, reserved 1048576K
}
Event: 38.613 GC heap before
{Heap before GC invocations=11 (full 2):
 PSYoungGen      total 214016K, used 202752K [0x00000007a0000000, 0x00000007af700000, 0x00000007c0000000)
  eden space 202752K, 100% used [0x00000007a0000000,0x00000007ac600000,0x00000007ac600000)
  from space 11264K, 0% used [0x00000007ad100000,0x00000007ad100000,0x00000007adc00000)
  to   space 11264K, 0% used [0x00000007ac600000,0x00000007ac600000,0x00000007ad100000)
 ParOldGen       total 72192K, used 14757K [0x0000000760000000, 0x0000000764680000, 0x00000007a0000000)
  object space 72192K, 20% used [0x0000000760000000,0x0000000760e694a0,0x0000000764680000)
 Metaspace       used 46289K, capacity 47144K, committed 47448K, reserved 1089536K
  class space    used 6152K, capacity 6417K, committed 6528K, reserved 1048576K
Event: 38.641 GC heap after
Heap after GC invocations=11 (full 2):
 PSYoungGen      total 214016K, used 11232K [0x00000007a0000000, 0x00000007b3180000, 0x00000007c0000000)
  eden space 202752K, 0% used [0x00000007a0000000,0x00000007a0000000,0x00000007ac600000)
  from space 11264K, 99% used [0x00000007ac600000,0x00000007ad0f8238,0x00000007ad100000)
  to   space 14848K, 0% used [0x00000007b2300000,0x00000007b2300000,0x00000007b3180000)
 ParOldGen       total 72192K, used 20052K [0x0000000760000000, 0x0000000764680000, 0x00000007a0000000)
  object space 72192K, 27% used [0x0000000760000000,0x00000007613953c8,0x0000000764680000)
 Metaspace       used 46289K, capacity 47144K, committed 47448K, reserved 1089536K
  class space    used 6152K, capacity 6417K, committed 6528K, reserved 1048576K
}
Event: 44.042 GC heap before
{Heap before GC invocations=12 (full 2):
 PSYoungGen      total 214016K, used 213984K [0x00000007a0000000, 0x00000007b3180000, 0x00000007c0000000)
  eden space 202752K, 100% used [0x00000007a0000000,0x00000007ac600000,0x00000007ac600000)
  from space 11264K, 99% used [0x00000007ac600000,0x00000007ad0f8238,0x00000007ad100000)
  to   space 14848K, 0% used [0x00000007b2300000,0x00000007b2300000,0x00000007b3180000)
 ParOldGen       total 72192K, used 20052K [0x0000000760000000, 0x0000000764680000, 0x00000007a0000000)
  object space 72192K, 27% used [0x0000000760000000,0x00000007613953c8,0x0000000764680000)
 Metaspace       used 53994K, capacity 55682K, committed 55768K, reserved 1097728K
  class space    used 7283K, capacity 7658K, committed 7680K, reserved 1048576K
Event: 44.079 GC heap after
Heap after GC invocations=12 (full 2):
 PSYoungGen      total 292864K, used 14820K [0x00000007a0000000, 0x00000007b3880000, 0x00000007c0000000)
  eden space 278016K, 0% used [0x00000007a0000000,0x00000007a0000000,0x00000007b0f80000)
  from space 14848K, 99% used [0x00000007b2300000,0x00000007b31792f0,0x00000007b3180000)
  to   space 19968K, 0% used [0x00000007b0f80000,0x00000007b0f80000,0x00000007b2300000)
 ParOldGen       total 72192K, used 28996K [0x0000000760000000, 0x0000000764680000, 0x00000007a0000000)
  object space 72192K, 40% used [0x0000000760000000,0x0000000761c51318,0x0000000764680000)
 Metaspace       used 53994K, capacity 55682K, committed 55768K, reserved 1097728K
  class space    used 7283K, capacity 7658K, committed 7680K, reserved 1048576K
}

Deoptimization events (10 events):
Event: 45.939 Thread 0x00007fc71c7dd800 Uncommon trap: reason=class_check action=maybe_recompile pc=0x0000000106fe1c10 method=com.google.common.collect.ImmutableList$1.get(I)Ljava/lang/Object; @ 5
Event: 45.939 Thread 0x00007fc71c7dd800 Uncommon trap: reason=class_check action=maybe_recompile pc=0x0000000106fe1c10 method=com.google.common.collect.ImmutableList$1.get(I)Ljava/lang/Object; @ 5
Event: 45.939 Thread 0x00007fc71c7dd800 Uncommon trap: reason=class_check action=maybe_recompile pc=0x0000000106fe1c10 method=com.google.common.collect.ImmutableList$1.get(I)Ljava/lang/Object; @ 5
Event: 45.939 Thread 0x00007fc71c7dd800 Uncommon trap: reason=class_check action=maybe_recompile pc=0x0000000106fe1c10 method=com.google.common.collect.ImmutableList$1.get(I)Ljava/lang/Object; @ 5
Event: 45.964 Thread 0x00007fc71c7dd800 Uncommon trap: reason=unstable_if action=reinterpret pc=0x00000001072d03e4 method=java.io.BufferedOutputStream.write([BII)V @ 6
Event: 46.051 Thread 0x00007fc71c7dd800 Uncommon trap: reason=bimorphic action=maybe_recompile pc=0x00000001081a9670 method=java.io.BufferedInputStream.read1([BII)I @ 39
Event: 46.060 Thread 0x00007fc71c7dd800 Uncommon trap: reason=bimorphic action=maybe_recompile pc=0x00000001081b0ff0 method=java.io.BufferedInputStream.read1([BII)I @ 39
Event: 46.099 Thread 0x00007fc71f03b800 Uncommon trap: reason=unstable_if action=reinterpret pc=0x00000001081aed74 method=com.esotericsoftware.kryo.io.Output.writeString(Ljava/lang/CharSequence;)V @ 50
Event: 46.103 Thread 0x00007fc71f03b800 Uncommon trap: reason=unstable_if action=reinterpret pc=0x000000010773d138 method=java.io.BufferedOutputStream.write([BII)V @ 35
Event: 46.372 Thread 0x00007fc71a15b000 Uncommon trap: reason=unstable_if action=reinterpret pc=0x0000000108045a8c method=java.lang.ClassLoader.checkCerts(Ljava/lang/String;Ljava/security/CodeSource;)V @ 45

Classes redefined (0 events):
No events

Internal exceptions (10 events):
Event: 42.751 Thread 0x00007fc71a15b000 Exception <a 'java/lang/NoSuchMethodError': <clinit>> (0x00000007a976a2f8) thrown at [/Volumes/android/AOSP-openjdk-git/jdk8u/hotspot/src/share/vm/prims/jni.cpp, line 1613]
Event: 42.753 Thread 0x00007fc71a15b000 Exception <a 'java/lang/NoSuchMethodError': <clinit>> (0x00000007a977d100) thrown at [/Volumes/android/AOSP-openjdk-git/jdk8u/hotspot/src/share/vm/prims/jni.cpp, line 1613]
Event: 42.753 Thread 0x00007fc71a15b000 Exception <a 'java/lang/NoSuchMethodError': <clinit>> (0x00000007a977e9b0) thrown at [/Volumes/android/AOSP-openjdk-git/jdk8u/hotspot/src/share/vm/prims/jni.cpp, line 1613]
Event: 43.612 Thread 0x00007fc71ff30000 Exception <a 'java/lang/NoSuchMethodError': <clinit>> (0x00000007ab961a88) thrown at [/Volumes/android/AOSP-openjdk-git/jdk8u/hotspot/src/share/vm/prims/jni.cpp, line 1613]
Event: 43.615 Thread 0x00007fc71ff30000 Exception <a 'java/lang/NoSuchMethodError': <clinit>> (0x00000007ab96ca68) thrown at [/Volumes/android/AOSP-openjdk-git/jdk8u/hotspot/src/share/vm/prims/jni.cpp, line 1613]
Event: 43.978 Thread 0x00007fc71c7dd800 Exception <a 'java/lang/IncompatibleClassChangeError': Found class java.lang.Object, but interface was expected> (0x00000007ac4e4e88) thrown at [/Volumes/android/AOSP-openjdk-git/jdk8u/hotspot/src/share/vm/interpreter/linkResolver.cpp, line 643]
Event: 44.437 Thread 0x00007fc71c7dd800 Exception <a 'java/lang/NoSuchMethodError': java.lang.Object.lambda$negate$1(Ljava/lang/Object;)Z> (0x00000007a0f843f8) thrown at [/Volumes/android/AOSP-openjdk-git/jdk8u/hotspot/src/share/vm/interpreter/linkResolver.cpp, line 584]
Event: 45.736 Thread 0x00007fc71c7dd800 Exception <a 'java/lang/NoSuchMethodError': java.lang.Object.lambda$comparingInt$7b0bb60$1(Ljava/util/function/ToIntFunction;Ljava/lang/Object;Ljava/lang/Object;)I> (0x00000007a11a5b50) thrown at [/Volumes/android/AOSP-openjdk-git/jdk8u/hotspot/src/share/
Event: 56.596 Thread 0x00007fc71a15b000 JVM_StopThread thread JavaThread 0x00007fc71f5b4000 as oop 0x00000007a2a7c820 [exception 0x00000001216b70a8]
Event: 56.615 Thread 0x00007fc71a15b000 Exception <a 'java/lang/NoSuchFieldError': TCSANOW> (0x00000007a2c49250) thrown at [/Volumes/android/AOSP-openjdk-git/jdk8u/hotspot/src/share/vm/prims/jni.cpp, line 2955]

Events (10 events):
Event: 56.607 loading class org/jetbrains/kotlin/cli/common/messages/XmlMessageRenderer
Event: 56.607 loading class org/jetbrains/kotlin/cli/common/messages/XmlMessageRenderer done
Event: 56.608 loading class org/jetbrains/kotlin/cli/common/messages/MessageRenderer$1
Event: 56.608 loading class org/jetbrains/kotlin/cli/common/messages/MessageRenderer$1 done
Event: 56.608 loading class org/jetbrains/kotlin/cli/common/messages/PlainTextMessageRenderer
Event: 56.608 loading class org/jetbrains/kotlin/cli/common/messages/PlainTextMessageRenderer done
Event: 56.609 loading class org/fusesource/jansi/internal/CLibrary
Event: 56.609 loading class org/fusesource/jansi/internal/CLibrary done
Event: 56.610 loading class org/jetbrains/kotlin/org/fusesource/hawtjni/runtime/Library
Event: 56.610 loading class org/jetbrains/kotlin/org/fusesource/hawtjni/runtime/Library done


Dynamic libraries:
0x000000000b2a1000 	/System/Library/Frameworks/Cocoa.framework/Versions/A/Cocoa
0x000000000b2a1000 	/System/Library/Frameworks/Security.framework/Versions/A/Security
0x000000000b2a1000 	/System/Library/Frameworks/ApplicationServices.framework/Versions/A/ApplicationServices
0x000000000b2a1000 	/usr/lib/libz.1.dylib
0x000000000b2a1000 	/usr/lib/libSystem.B.dylib
0x000000000b2a1000 	/System/Library/Frameworks/CoreFoundation.framework/Versions/A/CoreFoundation
0x000000000b2a1000 	/System/Library/Frameworks/Foundation.framework/Versions/C/Foundation
0x000000000b2a1000 	/usr/lib/libobjc.A.dylib
0x000000000b2a1000 	/System/Library/Frameworks/AppKit.framework/Versions/C/AppKit
0x000000000b2a1000 	/System/Library/Frameworks/CoreData.framework/Versions/A/CoreData
0x000000000b2a1000 	/System/Library/PrivateFrameworks/RemoteViewServices.framework/Versions/A/RemoteViewServices
0x000000000b2a1000 	/System/Library/PrivateFrameworks/UIFoundation.framework/Versions/A/UIFoundation
0x000000000b2a1000 	/System/Library/Frameworks/IOSurface.framework/Versions/A/IOSurface
0x000000000b2a1000 	/System/Library/Frameworks/AudioToolbox.framework/Versions/A/AudioToolbox
0x000000000b2a1000 	/System/Library/Frameworks/AudioUnit.framework/Versions/A/AudioUnit
0x000000000b2a1000 	/System/Library/PrivateFrameworks/DataDetectorsCore.framework/Versions/A/DataDetectorsCore
0x000000000b2a1000 	/System/Library/PrivateFrameworks/DesktopServicesPriv.framework/Versions/A/DesktopServicesPriv
0x000000000b2a1000 	/System/Library/Frameworks/Carbon.framework/Versions/A/Frameworks/HIToolbox.framework/Versions/A/HIToolbox
0x000000000b2a1000 	/System/Library/Frameworks/QuartzCore.framework/Versions/A/QuartzCore
0x000000000b2a1000 	/System/Library/Frameworks/Carbon.framework/Versions/A/Frameworks/SpeechRecognition.framework/Versions/A/SpeechRecognition
0x000000000b2a1000 	/usr/lib/libauto.dylib
0x000000000b2a1000 	/usr/lib/libicucore.A.dylib
0x000000000b2a1000 	/usr/lib/libxml2.2.dylib
0x000000000b2a1000 	/System/Library/PrivateFrameworks/CoreUI.framework/Versions/A/CoreUI
0x000000000b2a1000 	/System/Library/Frameworks/CoreAudio.framework/Versions/A/CoreAudio
0x000000000b2a1000 	/System/Library/Frameworks/DiskArbitration.framework/Versions/A/DiskArbitration
0x000000000b2a1000 	/usr/lib/liblangid.dylib
0x000000000b2a1000 	/System/Library/PrivateFrameworks/MultitouchSupport.framework/Versions/A/MultitouchSupport
0x000000000b2a1000 	/System/Library/Frameworks/IOKit.framework/Versions/A/IOKit
0x000000000b2a1000 	/usr/lib/libDiagnosticMessagesClient.dylib
0x000000000b2a1000 	/System/Library/Frameworks/CoreServices.framework/Versions/A/CoreServices
0x000000000b2a1000 	/System/Library/PrivateFrameworks/PerformanceAnalysis.framework/Versions/A/PerformanceAnalysis
0x000000000b2a1000 	/System/Library/PrivateFrameworks/GenerationalStorage.framework/Versions/A/GenerationalStorage
0x000000000b2a1000 	/System/Library/Frameworks/OpenGL.framework/Versions/A/OpenGL
0x000000000b2a1000 	/System/Library/PrivateFrameworks/Sharing.framework/Versions/A/Sharing
0x000000000b2a1000 	/System/Library/Frameworks/CoreGraphics.framework/Versions/A/CoreGraphics
0x000000000b2a1000 	/System/Library/Frameworks/CoreText.framework/Versions/A/CoreText
0x000000000b2a1000 	/System/Library/Frameworks/ImageIO.framework/Versions/A/ImageIO
0x000000000b2a1000 	/usr/lib/libextension.dylib
0x000000000b2a1000 	/System/Library/PrivateFrameworks/Backup.framework/Versions/A/Backup
0x000000000b2a1000 	/usr/lib/libarchive.2.dylib
0x000000000b2a1000 	/System/Library/Frameworks/CFNetwork.framework/Versions/A/CFNetwork
0x000000000b2a1000 	/System/Library/Frameworks/SystemConfiguration.framework/Versions/A/SystemConfiguration
0x000000000b2a1000 	/usr/lib/libCRFSuite.dylib
0x000000000b2a1000 	/usr/lib/libc++.1.dylib
0x000000000b2a1000 	/usr/lib/libc++abi.dylib
0x000000000b2a1000 	/usr/lib/system/libcache.dylib
0x000000000b2a1000 	/usr/lib/system/libcommonCrypto.dylib
0x000000000b2a1000 	/usr/lib/system/libcompiler_rt.dylib
0x000000000b2a1000 	/usr/lib/system/libcopyfile.dylib
0x000000000b2a1000 	/usr/lib/system/libcorecrypto.dylib
0x000000000b2a1000 	/usr/lib/system/libdispatch.dylib
0x000000000b2a1000 	/usr/lib/system/libdyld.dylib
0x000000000b2a1000 	/usr/lib/system/libkeymgr.dylib
0x000000000b2a1000 	/usr/lib/system/liblaunch.dylib
0x000000000b2a1000 	/usr/lib/system/libmacho.dylib
0x000000000b2a1000 	/usr/lib/system/libquarantine.dylib
0x000000000b2a1000 	/usr/lib/system/libremovefile.dylib
0x000000000b2a1000 	/usr/lib/system/libsystem_asl.dylib
0x000000000b2a1000 	/usr/lib/system/libsystem_blocks.dylib
0x000000000b2a1000 	/usr/lib/system/libsystem_c.dylib
0x000000000b2a1000 	/usr/lib/system/libsystem_configuration.dylib
0x000000000b2a1000 	/usr/lib/system/libsystem_coreservices.dylib
0x000000000b2a1000 	/usr/lib/system/libsystem_coretls.dylib
0x000000000b2a1000 	/usr/lib/system/libsystem_dnssd.dylib
0x000000000b2a1000 	/usr/lib/system/libsystem_info.dylib
0x000000000b2a1000 	/usr/lib/system/libsystem_kernel.dylib
0x000000000b2a1000 	/usr/lib/system/libsystem_m.dylib
0x000000000b2a1000 	/usr/lib/system/libsystem_malloc.dylib
0x000000000b2a1000 	/usr/lib/system/libsystem_network.dylib
0x000000000b2a1000 	/usr/lib/system/libsystem_networkextension.dylib
0x000000000b2a1000 	/usr/lib/system/libsystem_notify.dylib
0x000000000b2a1000 	/usr/lib/system/libsystem_platform.dylib
0x000000000b2a1000 	/usr/lib/system/libsystem_pthread.dylib
0x000000000b2a1000 	/usr/lib/system/libsystem_sandbox.dylib
0x000000000b2a1000 	/usr/lib/system/libsystem_secinit.dylib
0x000000000b2a1000 	/usr/lib/system/libsystem_stats.dylib
0x000000000b2a1000 	/usr/lib/system/libsystem_trace.dylib
0x000000000b2a1000 	/usr/lib/system/libunc.dylib
0x000000000b2a1000 	/usr/lib/system/libunwind.dylib
0x000000000b2a1000 	/usr/lib/system/libxpc.dylib
0x000000000b2a1000 	/usr/lib/libbz2.1.0.dylib
0x000000000b2a1000 	/usr/lib/liblzma.5.dylib
0x000000000b2a1000 	/usr/lib/libbsm.0.dylib
0x000000000b2a1000 	/usr/lib/libsqlite3.dylib
0x000000000b2a1000 	/usr/lib/system/libkxld.dylib
0x000000000b2a1000 	/usr/lib/libxar.1.dylib
0x000000000b2a1000 	/usr/lib/libpam.2.dylib
0x000000000b2a1000 	/usr/lib/libOpenScriptingUtil.dylib
0x000000000b2a1000 	/System/Library/Frameworks/CoreServices.framework/Versions/A/Frameworks/FSEvents.framework/Versions/A/FSEvents
0x000000000b2a1000 	/System/Library/Frameworks/CoreServices.framework/Versions/A/Frameworks/CarbonCore.framework/Versions/A/CarbonCore
0x000000000b2a1000 	/System/Library/Frameworks/CoreServices.framework/Versions/A/Frameworks/Metadata.framework/Versions/A/Metadata
0x000000000b2a1000 	/System/Library/Frameworks/CoreServices.framework/Versions/A/Frameworks/OSServices.framework/Versions/A/OSServices
0x000000000b2a1000 	/System/Library/Frameworks/CoreServices.framework/Versions/A/Frameworks/SearchKit.framework/Versions/A/SearchKit
0x000000000b2a1000 	/System/Library/Frameworks/CoreServices.framework/Versions/A/Frameworks/AE.framework/Versions/A/AE
0x000000000b2a1000 	/System/Library/Frameworks/CoreServices.framework/Versions/A/Frameworks/LaunchServices.framework/Versions/A/LaunchServices
0x000000000b2a1000 	/System/Library/Frameworks/CoreServices.framework/Versions/A/Frameworks/DictionaryServices.framework/Versions/A/DictionaryServices
0x000000000b2a1000 	/System/Library/Frameworks/NetFS.framework/Versions/A/NetFS
0x000000000b2a1000 	/System/Library/PrivateFrameworks/NetAuth.framework/Versions/A/NetAuth
0x000000000b2a1000 	/System/Library/PrivateFrameworks/login.framework/Versions/A/Frameworks/loginsupport.framework/Versions/A/loginsupport
0x000000000b2a1000 	/System/Library/PrivateFrameworks/TCC.framework/Versions/A/TCC
0x000000000b2a1000 	/usr/lib/libmecabra.dylib
0x000000000b2a1000 	/System/Library/Frameworks/ApplicationServices.framework/Versions/A/Frameworks/ATS.framework/Versions/A/ATS
0x000000000b2a1000 	/System/Library/Frameworks/ApplicationServices.framework/Versions/A/Frameworks/ColorSync.framework/Versions/A/ColorSync
0x000000000b2a1000 	/System/Library/Frameworks/ApplicationServices.framework/Versions/A/Frameworks/HIServices.framework/Versions/A/HIServices
0x000000000b2a1000 	/System/Library/Frameworks/ApplicationServices.framework/Versions/A/Frameworks/LangAnalysis.framework/Versions/A/LangAnalysis
0x000000000b2a1000 	/System/Library/Frameworks/ApplicationServices.framework/Versions/A/Frameworks/PrintCore.framework/Versions/A/PrintCore
0x000000000b2a1000 	/System/Library/Frameworks/ApplicationServices.framework/Versions/A/Frameworks/QD.framework/Versions/A/QD
0x000000000b2a1000 	/System/Library/Frameworks/ApplicationServices.framework/Versions/A/Frameworks/SpeechSynthesis.framework/Versions/A/SpeechSynthesis
0x000000000b2a1000 	/System/Library/Frameworks/Accelerate.framework/Versions/A/Accelerate
0x000000000b2a1000 	/System/Library/Frameworks/Accelerate.framework/Versions/A/Frameworks/vImage.framework/Versions/A/vImage
0x000000000b2a1000 	/System/Library/Frameworks/Accelerate.framework/Versions/A/Frameworks/vecLib.framework/Versions/A/vecLib
0x000000000b2a1000 	/System/Library/Frameworks/Accelerate.framework/Versions/A/Frameworks/vecLib.framework/Versions/A/libvDSP.dylib
0x000000000b2a1000 	/System/Library/Frameworks/Accelerate.framework/Versions/A/Frameworks/vecLib.framework/Versions/A/libvMisc.dylib
0x000000000b2a1000 	/System/Library/Frameworks/Accelerate.framework/Versions/A/Frameworks/vecLib.framework/Versions/A/libLAPACK.dylib
0x000000000b2a1000 	/System/Library/Frameworks/Accelerate.framework/Versions/A/Frameworks/vecLib.framework/Versions/A/libBLAS.dylib
0x000000000b2a1000 	/System/Library/Frameworks/Accelerate.framework/Versions/A/Frameworks/vecLib.framework/Versions/A/libLinearAlgebra.dylib
0x000000000b2a1000 	/System/Library/Frameworks/ApplicationServices.framework/Versions/A/Frameworks/ATS.framework/Versions/A/Resources/libFontParser.dylib
0x000000000b2a1000 	/System/Library/Frameworks/ApplicationServices.framework/Versions/A/Frameworks/ATS.framework/Versions/A/Resources/libFontRegistry.dylib
0x000000000b2a1000 	/System/Library/PrivateFrameworks/AppleVPA.framework/Versions/A/AppleVPA
0x000000000b2a1000 	/System/Library/PrivateFrameworks/AppleJPEG.framework/Versions/A/AppleJPEG
0x000000000b2a1000 	/System/Library/Frameworks/ImageIO.framework/Versions/A/Resources/libJPEG.dylib
0x000000000b2a1000 	/System/Library/Frameworks/ImageIO.framework/Versions/A/Resources/libTIFF.dylib
0x000000000b2a1000 	/System/Library/Frameworks/ImageIO.framework/Versions/A/Resources/libPng.dylib
0x000000000b2a1000 	/System/Library/Frameworks/ImageIO.framework/Versions/A/Resources/libGIF.dylib
0x000000000b2a1000 	/System/Library/Frameworks/ImageIO.framework/Versions/A/Resources/libJP2.dylib
0x000000000b2a1000 	/System/Library/Frameworks/ImageIO.framework/Versions/A/Resources/libRadiance.dylib
0x000000000b2a1000 	/System/Library/Frameworks/CoreVideo.framework/Versions/A/CoreVideo
0x000000000b2a1000 	/System/Library/Frameworks/OpenGL.framework/Versions/A/Libraries/libGLU.dylib
0x000000000b2a1000 	/System/Library/Frameworks/OpenGL.framework/Versions/A/Libraries/libGFXShared.dylib
0x000000000b2a1000 	/System/Library/Frameworks/OpenGL.framework/Versions/A/Libraries/libGL.dylib
0x000000000b2a1000 	/System/Library/Frameworks/OpenGL.framework/Versions/A/Libraries/libGLImage.dylib
0x000000000b2a1000 	/System/Library/Frameworks/OpenGL.framework/Versions/A/Libraries/libCVMSPluginSupport.dylib
0x000000000b2a1000 	/System/Library/Frameworks/OpenGL.framework/Versions/A/Libraries/libCoreVMClient.dylib
0x000000000b2a1000 	/usr/lib/libcups.2.dylib
0x000000000b2a1000 	/System/Library/Frameworks/Kerberos.framework/Versions/A/Kerberos
0x000000000b2a1000 	/System/Library/Frameworks/GSS.framework/Versions/A/GSS
0x000000000b2a1000 	/usr/lib/libresolv.9.dylib
0x000000000b2a1000 	/usr/lib/libiconv.2.dylib
0x000000000b2a1000 	/System/Library/PrivateFrameworks/Heimdal.framework/Versions/A/Heimdal
0x000000000b2a1000 	/usr/lib/libheimdal-asn1.dylib
0x000000000b2a1000 	/System/Library/Frameworks/OpenDirectory.framework/Versions/A/OpenDirectory
0x000000000b2a1000 	/System/Library/PrivateFrameworks/CommonAuth.framework/Versions/A/CommonAuth
0x000000000b2a1000 	/System/Library/Frameworks/OpenDirectory.framework/Versions/A/Frameworks/CFOpenDirectory.framework/Versions/A/CFOpenDirectory
0x000000000b2a1000 	/System/Library/Frameworks/SecurityFoundation.framework/Versions/A/SecurityFoundation
0x000000000b2a1000 	/System/Library/PrivateFrameworks/LanguageModeling.framework/Versions/A/LanguageModeling
0x000000000b2a1000 	/usr/lib/libcmph.dylib
0x000000000b2a1000 	/System/Library/Frameworks/ServiceManagement.framework/Versions/A/ServiceManagement
0x000000000b2a1000 	/usr/lib/libxslt.1.dylib
0x000000000b2a1000 	/System/Library/Frameworks/Carbon.framework/Versions/A/Frameworks/Ink.framework/Versions/A/Ink
0x000000000b2a1000 	/System/Library/Frameworks/QuartzCore.framework/Versions/A/Frameworks/CoreImage.framework/Versions/A/CoreImage
0x000000000b2a1000 	/System/Library/PrivateFrameworks/CrashReporterSupport.framework/Versions/A/CrashReporterSupport
0x000000000b2a1000 	/System/Library/Frameworks/OpenCL.framework/Versions/A/OpenCL
0x000000000b2a1000 	/System/Library/PrivateFrameworks/FaceCore.framework/Versions/A/FaceCore
0x000000000b2a1000 	/System/Library/PrivateFrameworks/Ubiquity.framework/Versions/A/Ubiquity
0x000000000b2a1000 	/System/Library/PrivateFrameworks/IconServices.framework/Versions/A/IconServices
0x000000000b2a1000 	/System/Library/PrivateFrameworks/ChunkingLibrary.framework/Versions/A/ChunkingLibrary
0x000000000b2a1000 	/System/Library/PrivateFrameworks/Apple80211.framework/Versions/A/Apple80211
0x000000000b2a1000 	/System/Library/Frameworks/CoreWLAN.framework/Versions/A/CoreWLAN
0x000000000b2a1000 	/System/Library/Frameworks/IOBluetooth.framework/Versions/A/IOBluetooth
0x000000000b2a1000 	/System/Library/PrivateFrameworks/CoreWiFi.framework/Versions/A/CoreWiFi
0x000000000b2a1000 	/System/Library/Frameworks/CoreBluetooth.framework/Versions/A/CoreBluetooth
0x000000000b2a1000 	/System/Library/PrivateFrameworks/DebugSymbols.framework/Versions/A/DebugSymbols
0x000000000b2a1000 	/System/Library/PrivateFrameworks/CoreSymbolication.framework/Versions/A/CoreSymbolication
0x000000000b2a1000 	/System/Library/PrivateFrameworks/Symbolication.framework/Versions/A/Symbolication
0x000000000b2a1000 	/System/Library/PrivateFrameworks/SpeechRecognitionCore.framework/Versions/A/SpeechRecognitionCore
0x0000000105a4f000 	/Users/jonathanrichards/Work/Android Studio 3.0 Preview.app/Contents/jre/jdk/Contents/Home/jre/lib/server/libjvm.dylib
0x000000000b2a1000 	/usr/lib/libstdc++.6.dylib
0x00000001065ce000 	/Users/jonathanrichards/Work/Android Studio 3.0 Preview.app/Contents/jre/jdk/Contents/Home/jre/lib/libverify.dylib
0x0000000106e00000 	/Users/jonathanrichards/Work/Android Studio 3.0 Preview.app/Contents/jre/jdk/Contents/Home/jre/lib/libjava.dylib
0x00000001065e4000 	/Users/jonathanrichards/Work/Android Studio 3.0 Preview.app/Contents/jre/jdk/Contents/Home/jre/lib/libzip.dylib
0x000000011c928000 	/Users/jonathanrichards/Work/Android Studio 3.0 Preview.app/Contents/jre/jdk/Contents/Home/jre/lib/libnet.dylib
0x000000011bd63000 	/Users/jonathanrichards/Work/Android Studio 3.0 Preview.app/Contents/jre/jdk/Contents/Home/jre/lib/libnio.dylib
0x000000011c93f000 	/Users/jonathanrichards/.gradle/native/25/osx-amd64/libnative-platform.dylib
0x000000011cce8000 	/Users/jonathanrichards/Work/Android Studio 3.0 Preview.app/Contents/jre/jdk/Contents/Home/jre/lib/libmanagement.dylib
0x000000011e8e1000 	/private/var/folders/6_/lzlsqnfj0yg2p3y8rs_cmns80000gn/T/aapt2_3044282925886266482/libc++.dylib
0x000000012204b000 	/private/var/folders/6_/lzlsqnfj0yg2p3y8rs_cmns80000gn/T/aapt2_3044282925886266482/libaapt2_jni.dylib
0x000000011c74a000 	/private/var/folders/6_/lzlsqnfj0yg2p3y8rs_cmns80000gn/T/native-platform1475355791844709387dir/libnative-platform.dylib
0x000000011c751000 	/Users/jonathanrichards/.gradle/native/jansi/1.14/osx/libjansi.jnilib

VM Arguments:
jvm_args: -Xmx1536m -Dfile.encoding=UTF-8 -Duser.country=US -Duser.language=en -Duser.variant 
java_command: org.gradle.launcher.daemon.bootstrap.GradleDaemon 4.1-milestone-1
java_class_path (initial): /Users/jonathanrichards/.gradle/wrapper/dists/gradle-4.1-milestone-1-all/9uoz4qrz3xxqtt8z3tsnbtd3e/gradle-4.1-milestone-1/lib/gradle-launcher-4.1.jar
Launcher Type: SUN_STANDARD

Environment Variables:
PATH=/usr/bin:/bin:/usr/sbin:/sbin:/://platform-tools://usr/bin:/bin:/usr/sbin:/sbin
SHELL=/bin/bash
DISPLAY=/private/tmp/com.apple.launchd.n1cWAH0FtT/org.macosforge.xquartz:0

Signal Handlers:
SIGSEGV: [libjvm.dylib+0x53dc23], sa_mask[0]=11111111011111110111111111111111, sa_flags=SA_ONSTACK|SA_RESTART|SA_SIGINFO
SIGBUS: [libjvm.dylib+0x53dc23], sa_mask[0]=11111111011111110111111111111111, sa_flags=SA_RESTART|SA_SIGINFO
SIGFPE: [libjvm.dylib+0x436537], sa_mask[0]=11111111011111110111111111111111, sa_flags=SA_RESTART|SA_SIGINFO
SIGPIPE: [libjvm.dylib+0x436537], sa_mask[0]=11111111011111110111111111111111, sa_flags=SA_RESTART|SA_SIGINFO
SIGXFSZ: [libjvm.dylib+0x436537], sa_mask[0]=11111111011111110111111111111111, sa_flags=SA_RESTART|SA_SIGINFO
SIGILL: [libjvm.dylib+0x436537], sa_mask[0]=11111111011111110111111111111111, sa_flags=SA_RESTART|SA_SIGINFO
SIGUSR1: SIG_DFL, sa_mask[0]=00000000000000000000000000000000, sa_flags=none
SIGUSR2: [libjvm.dylib+0x436e5c], sa_mask[0]=00100000000000000000000000000000, sa_flags=SA_RESTART|SA_SIGINFO
SIGHUP: [libjvm.dylib+0x435051], sa_mask[0]=11111111011111110111111111111111, sa_flags=SA_RESTART|SA_SIGINFO
SIGINT: [libjvm.dylib+0x435051], sa_mask[0]=11111111011111110111111111111111, sa_flags=SA_RESTART|SA_SIGINFO
SIGTERM: [libjvm.dylib+0x435051], sa_mask[0]=11111111011111110111111111111111, sa_flags=SA_RESTART|SA_SIGINFO
SIGQUIT: [libjvm.dylib+0x435051], sa_mask[0]=11111111011111110111111111111111, sa_flags=SA_RESTART|SA_SIGINFO


---------------  S Y S T E M  ---------------

OS:Bsduname:Darwin 14.5.0 Darwin Kernel Version 14.5.0: Mon Aug 29 21:14:16 PDT 2016; root:xnu-2782.50.6~1/RELEASE_X86_64 x86_64
rlimit: STACK 8192k, CORE 0k, NPROC 709, NOFILE 10240, AS infinity
load average:6.27 3.76 3.35

CPU:total 4 (initial active 4) (2 cores per cpu, 2 threads per core) family 6 model 61 stepping 4, cmov, cx8, fxsr, mmx, sse, sse2, sse3, ssse3, sse4.1, sse4.2, popcnt, avx, avx2, aes, clmul, erms, 3dnowpref, lzcnt, ht, tsc, tscinvbit, bmi1, bmi2, adx

Memory: 4k page, physical 8388608k(224968k free)

/proc/meminfo:


vm_info: OpenJDK 64-Bit Server VM (25.152-b01) for bsd-amd64 JRE (1.8.0_152-release-884-b01), built on Jun 14 2017 14:25:15 by "builder" with gcc 4.2.1 Compatible Apple LLVM 8.1.0 (clang-802.0.42)

time: Thu Jul 27 14:52:45 2017
elapsed time: 56 seconds (0d 0h 0m 56s)

