#
# A fatal error has been detected by the Java Runtime Environment:
#
#  SIGSEGV (0xb) at pc=0x000000010b7e346f, pid=1555, tid=0x0000000000007403
#
# JRE version: Java(TM) SE Runtime Environment (8.0_141-b15) (build 1.8.0_141-b15)
# Java VM: Java HotSpot(TM) 64-Bit Server VM (25.141-b15 mixed mode bsd-amd64 compressed oops)
# Problematic frame:
# V  [libjvm.dylib+0x31f46f]  jni_SetStaticIntField+0xa0
#
# Failed to write core dump. Core dumps have been disabled. To enable core dumping, try "ulimit -c unlimited" before starting Java again
#
# If you would like to submit a bug report, please visit:
#   http://bugreport.java.com/bugreport/crash.jsp
#

---------------  T H R E A D  ---------------

Current thread (0x00007fab95a18000):  JavaThread "Task worker for ':' Thread 3" [_thread_in_vm, id=29699, stack(0x00000001279e2000,0x0000000127ae2000)]

siginfo: si_signo: 11 (SIGSEGV), si_code: 1 (SEGV_MAPERR), si_addr: 0x0000000000000010

Registers:
RAX=0x000000010bdb3060, RBX=0x0000000000000000, RCX=0x0000000000000000, RDX=0x0000000000000000
RSP=0x0000000127add6a0, RBP=0x0000000127add710, RSI=0x0000000127add7b0, RDI=0x00007fab95a181f8
R8 =0x0000000000000000, R9 =0x00007fff85e7fd60, R10=0x000000010baadbea, R11=0x00007faa88d536ef
R12=0x00007fab95a181f8, R13=0x00007fab95a18000, R14=0x0000000000000000, R15=0x0000000127add7b0
RIP=0x000000010b7e346f, EFLAGS=0x0000000000010246, ERR=0x0000000000000004
  TRAPNO=0x000000000000000e

Top of Stack: (sp=0x0000000127add6a0)
0x0000000127add6a0:   000000012ff46548 00007fab95a18000
0x0000000127add6b0:   00007fab95a18000 00007fab95a18000
0x0000000127add6c0:   00007fab95faac38 0000000100000b8b
0x0000000127add6d0:   000000010bac3498 00007fab95a18000
0x0000000127add6e0:   00007fab95a18000 00007fab95a181f8
0x0000000127add6f0:   000000010b7e33cf 000000012ff46960
0x0000000127add700:   0000000127add7b0 000000012513be39
0x0000000127add710:   0000000127add750 000000012513af98
0x0000000127add720:   000000012513ae90 000000012ff46968
0x0000000127add730:   0000000000000000 000000012ff46960
0x0000000127add740:   0000000127add7b8 00007fab95a18000
0x0000000127add750:   0000000127add7a0 000000010ce179f4
0x0000000127add760:   0000000127add760 000000012ff46960
0x0000000127add770:   0000000127add7b8 000000012ff46b80
0x0000000127add780:   0000000000000000 000000012ff46968
0x0000000127add790:   0000000000000000 0000000127add7c0
0x0000000127add7a0:   0000000127add800 000000010ce082bd
0x0000000127add7b0:   00000007a35d9a48 000000010ce11538
0x0000000127add7c0:   0000000127add7c0 000000012ff46ae4
0x0000000127add7d0:   0000000127add808 000000012ff46b80
0x0000000127add7e0:   0000000000000000 000000012ff46af0
0x0000000127add7f0:   0000000127add7c0 0000000127add810
0x0000000127add800:   0000000127add870 000000010ce007a7
0x0000000127add810:   0000000100001fa0 000000000000000a
0x0000000127add820:   00007fab95a18000 0000000000000000
0x0000000127add830:   000000010ce0071f 000000012ff46af0
0x0000000127add840:   0000000127add908 0000000127adda40
0x0000000127add850:   00007fab0000000a 000000012ff46af0
0x0000000127add860:   000000010ce12c80 0000000127adda50
0x0000000127add870:   0000000127adda20 000000010b7b270a
0x0000000127add880:   0000000100000000 00007fab95a18000
0x0000000127add890:   00007fab95a18001 0000000127adda40 

Instructions: (pc=0x000000010b7e346f)
0x000000010b7e344f:   45 a0 48 89 44 24 08 c7 04 24 49 00 00 00 31 f6
0x000000010b7e345f:   41 b9 01 00 00 00 31 d2 4d 89 f0 e8 2b 54 07 00
0x000000010b7e346f:   49 63 46 10 49 8b 0e 48 8b 49 68 89 1c 01 90 0f
0x000000010b7e347f:   1f 40 00 48 83 7d b0 00 74 09 48 8d 7d a8 e8 02 

Register to memory mapping:

RAX=0x000000010bdb3060: _ZN11JvmtiExport31_should_post_field_modificationE+0 in /Library/Java/JavaVirtualMachines/jdk1.8.0_141.jdk/Contents/Home/jre/lib/server/libjvm.dylib at 0x000000010b4c4000
RBX=0x0000000000000000 is an unknown value
RCX=0x0000000000000000 is an unknown value
RDX=0x0000000000000000 is an unknown value
RSP=0x0000000127add6a0 is pointing into the stack for thread: 0x00007fab95a18000
RBP=0x0000000127add710 is pointing into the stack for thread: 0x00007fab95a18000
RSI=0x0000000127add7b0 is pointing into the stack for thread: 0x00007fab95a18000
RDI=0x00007fab95a181f8 is an unknown value
R8 =0x0000000000000000 is an unknown value
R9 =0x00007fff85e7fd60: zeroes+0 in /usr/lib/system/libsystem_c.dylib at 0x00007fff85df8000
R10=0x000000010baadbea: _ZL24decode_instructions_name+0x9e2 in /Library/Java/JavaVirtualMachines/jdk1.8.0_141.jdk/Contents/Home/jre/lib/server/libjvm.dylib at 0x000000010b4c4000
R11=0x00007faa88d536ef is an unknown value
R12=0x00007fab95a181f8 is an unknown value
R13=0x00007fab95a18000 is a thread
R14=0x0000000000000000 is an unknown value
R15=0x0000000127add7b0 is pointing into the stack for thread: 0x00007fab95a18000


Stack: [0x00000001279e2000,0x0000000127ae2000],  sp=0x0000000127add6a0,  free space=1005k
Native frames: (J=compiled Java code, j=interpreted, Vv=VM code, C=native code)
V  [libjvm.dylib+0x31f46f]  jni_SetStaticIntField+0xa0
C  [libjansi.jnilib+0xf98]  Java_org_fusesource_jansi_internal_CLibrary_init+0x108
j  org.fusesource.jansi.internal.CLibrary.init()V+0
j  org.fusesource.jansi.internal.CLibrary.<clinit>()V+20
v  ~StubRoutines::call_stub
V  [libjvm.dylib+0x2ee70a]  JavaCalls::call_helper(JavaValue*, methodHandle*, JavaCallArguments*, Thread*)+0x6ae
V  [libjvm.dylib+0x2c12c1]  InstanceKlass::call_class_initializer_impl(instanceKlassHandle, Thread*)+0xbf
V  [libjvm.dylib+0x2c2925]  InstanceKlass::initialize_impl(instanceKlassHandle, Thread*)+0x4b5
V  [libjvm.dylib+0x2c2bbb]  InstanceKlass::initialize(Thread*)+0x3d
V  [libjvm.dylib+0x3c9b1e]  LinkResolver::resolve_field(fieldDescriptor&, KlassHandle, Symbol*, Symbol*, KlassHandle, Bytecodes::Code, bool, bool, Thread*)+0x31a
V  [libjvm.dylib+0x3cc103]  LinkResolver::resolve_field_access(fieldDescriptor&, constantPoolHandle, int, Bytecodes::Code, Thread*)+0x101
V  [libjvm.dylib+0x2e95f7]  InterpreterRuntime::resolve_get_put(JavaThread*, Bytecodes::Code)+0x119
j  org.jetbrains.kotlin.cli.common.messages.PlainTextMessageRenderer.<clinit>()V+21
v  ~StubRoutines::call_stub
V  [libjvm.dylib+0x2ee70a]  JavaCalls::call_helper(JavaValue*, methodHandle*, JavaCallArguments*, Thread*)+0x6ae
V  [libjvm.dylib+0x2c12c1]  InstanceKlass::call_class_initializer_impl(instanceKlassHandle, Thread*)+0xbf
V  [libjvm.dylib+0x2c2925]  InstanceKlass::initialize_impl(instanceKlassHandle, Thread*)+0x4b5
V  [libjvm.dylib+0x2c2bbb]  InstanceKlass::initialize(Thread*)+0x3d
V  [libjvm.dylib+0x2c2763]  InstanceKlass::initialize_impl(instanceKlassHandle, Thread*)+0x2f3
V  [libjvm.dylib+0x2c2bbb]  InstanceKlass::initialize(Thread*)+0x3d
V  [libjvm.dylib+0x2ea15c]  InterpreterRuntime::_new(JavaThread*, ConstantPool*, int)+0x5e
j  org.jetbrains.kotlin.cli.common.messages.MessageRenderer.<clinit>()V+10
v  ~StubRoutines::call_stub
V  [libjvm.dylib+0x2ee70a]  JavaCalls::call_helper(JavaValue*, methodHandle*, JavaCallArguments*, Thread*)+0x6ae
V  [libjvm.dylib+0x2c12c1]  InstanceKlass::call_class_initializer_impl(instanceKlassHandle, Thread*)+0xbf
V  [libjvm.dylib+0x2c2925]  InstanceKlass::initialize_impl(instanceKlassHandle, Thread*)+0x4b5
V  [libjvm.dylib+0x2c2bbb]  InstanceKlass::initialize(Thread*)+0x3d
V  [libjvm.dylib+0x3c9b1e]  LinkResolver::resolve_field(fieldDescriptor&, KlassHandle, Symbol*, Symbol*, KlassHandle, Bytecodes::Code, bool, bool, Thread*)+0x31a
V  [libjvm.dylib+0x3cc103]  LinkResolver::resolve_field_access(fieldDescriptor&, constantPoolHandle, int, Bytecodes::Code, Thread*)+0x101
V  [libjvm.dylib+0x2e95f7]  InterpreterRuntime::resolve_get_put(JavaThread*, Bytecodes::Code)+0x119
j  org.jetbrains.kotlin.compilerRunner.GradleCompilerRunner$loggingMessageCollector$2$1.<init>(Lorg/jetbrains/kotlin/compilerRunner/GradleCompilerRunner$loggingMessageCollector$2;)V+10
j  org.jetbrains.kotlin.compilerRunner.GradleCompilerRunner$loggingMessageCollector$2.invoke()Lorg/jetbrains/kotlin/compilerRunner/GradleCompilerRunner$loggingMessageCollector$2$1;+5
j  org.jetbrains.kotlin.compilerRunner.GradleCompilerRunner$loggingMessageCollector$2.invoke()Ljava/lang/Object;+1
j  kotlin.SynchronizedLazyImpl.getValue()Ljava/lang/Object;+49
j  org.jetbrains.kotlin.compilerRunner.GradleCompilerRunner.getLoggingMessageCollector()Lorg/jetbrains/kotlin/cli/common/messages/MessageCollector;+14
j  org.jetbrains.kotlin.compilerRunner.GradleCompilerRunner.compileOutOfProcess([Ljava/lang/String;Ljava/lang/String;Lorg/jetbrains/kotlin/compilerRunner/GradleCompilerEnvironment;)Lorg/jetbrains/kotlin/cli/common/ExitCode;+238
j  org.jetbrains.kotlin.compilerRunner.GradleCompilerRunner.compileWithDaemonOrFallback(Ljava/lang/String;Lorg/jetbrains/kotlin/cli/common/arguments/CommonCompilerArguments;Lorg/jetbrains/kotlin/compilerRunner/GradleCompilerEnvironment;)Lorg/jetbrains/kotlin/cli/common/ExitCode;+584
j  org.jetbrains.kotlin.compilerRunner.GradleCompilerRunner.compileWithDaemonOrFallback(Ljava/lang/String;Lorg/jetbrains/kotlin/cli/common/arguments/CommonCompilerArguments;Lorg/jetbrains/kotlin/compilerRunner/CompilerEnvironment;)Lorg/jetbrains/kotlin/cli/common/ExitCode;+7
j  org.jetbrains.kotlin.compilerRunner.KotlinCompilerRunner.runCompiler(Ljava/lang/String;Lorg/jetbrains/kotlin/cli/common/arguments/CommonCompilerArguments;Lorg/jetbrains/kotlin/compilerRunner/CompilerEnvironment;)Lorg/jetbrains/kotlin/cli/common/ExitCode;+25
j  org.jetbrains.kotlin.compilerRunner.GradleCompilerRunner.runJvmCompiler(Ljava/util/List;Ljava/lang/Iterable;Lorg/jetbrains/kotlin/cli/common/arguments/K2JVMCompilerArguments;Lorg/jetbrains/kotlin/compilerRunner/GradleCompilerEnvironment;)Lorg/jetbrains/kotlin/cli/common/ExitCode;+234
j  org.jetbrains.kotlin.gradle.tasks.KotlinCompile.callCompiler$kotlin_gradle_plugin(Lorg/jetbrains/kotlin/cli/common/arguments/K2JVMCompilerArguments;Lorg/jetbrains/kotlin/gradle/tasks/SourceRoots;Lorg/jetbrains/kotlin/incremental/ChangedFiles;)V+291
j  org.jetbrains.kotlin.gradle.tasks.KotlinCompile.callCompiler$kotlin_gradle_plugin(Lorg/jetbrains/kotlin/cli/common/arguments/CommonCompilerArguments;Lorg/jetbrains/kotlin/gradle/tasks/SourceRoots;Lorg/jetbrains/kotlin/incremental/ChangedFiles;)V+7
j  org.jetbrains.kotlin.gradle.tasks.AbstractKotlinCompile.execute(Lorg/gradle/api/tasks/incremental/IncrementalTaskInputs;)V+189
v  ~StubRoutines::call_stub
V  [libjvm.dylib+0x2ee70a]  JavaCalls::call_helper(JavaValue*, methodHandle*, JavaCallArguments*, Thread*)+0x6ae
V  [libjvm.dylib+0x4d3c0c]  Reflection::invoke(instanceKlassHandle, methodHandle, Handle, bool, objArrayHandle, BasicType, objArrayHandle, bool, Thread*)+0xe12
V  [libjvm.dylib+0x4d4140]  Reflection::invoke_method(oopDesc*, Handle, objArrayHandle, Thread*)+0x16c
V  [libjvm.dylib+0x346b0c]  JVM_InvokeMethod+0x166
J 2557  sun.reflect.NativeMethodAccessorImpl.invoke0(Ljava/lang/reflect/Method;Ljava/lang/Object;[Ljava/lang/Object;)Ljava/lang/Object; (0 bytes) @ 0x000000010d63e4ad [0x000000010d63e3c0+0xed]
J 2556 C1 sun.reflect.NativeMethodAccessorImpl.invoke(Ljava/lang/Object;[Ljava/lang/Object;)Ljava/lang/Object; (104 bytes) @ 0x000000010d640214 [0x000000010d63f040+0x11d4]
J 960 C1 sun.reflect.DelegatingMethodAccessorImpl.invoke(Ljava/lang/Object;[Ljava/lang/Object;)Ljava/lang/Object; (10 bytes) @ 0x000000010d16dc8c [0x000000010d16db80+0x10c]
J 930 C1 java.lang.reflect.Method.invoke(Ljava/lang/Object;[Ljava/lang/Object;)Ljava/lang/Object; (62 bytes) @ 0x000000010d15961c [0x000000010d159220+0x3fc]
J 1982 C1 org.gradle.internal.reflect.JavaMethod.invoke(Ljava/lang/Object;[Ljava/lang/Object;)Ljava/lang/Object; (74 bytes) @ 0x000000010d4f81e4 [0x000000010d4f8160+0x84]
j  org.gradle.api.internal.project.taskfactory.DefaultTaskClassInfoStore$IncrementalTaskAction.doExecute(Lorg/gradle/api/Task;Ljava/lang/String;)V+35
j  org.gradle.api.internal.project.taskfactory.DefaultTaskClassInfoStore$StandardTaskAction.execute(Lorg/gradle/api/Task;)V+32
j  org.gradle.api.internal.project.taskfactory.DefaultTaskClassInfoStore$StandardTaskAction.execute(Ljava/lang/Object;)V+5
j  org.gradle.api.internal.tasks.execution.ExecuteActionsTaskExecuter$1.run(Lorg/gradle/internal/operations/BuildOperationContext;)V+23
j  org.gradle.internal.progress.DefaultBuildOperationExecutor$RunnableBuildOperationWorker.execute(Lorg/gradle/internal/operations/RunnableBuildOperation;Lorg/gradle/internal/operations/BuildOperationContext;)V+2
j  org.gradle.internal.progress.DefaultBuildOperationExecutor$RunnableBuildOperationWorker.execute(Lorg/gradle/internal/operations/BuildOperation;Lorg/gradle/internal/operations/BuildOperationContext;)V+6
J 8241 C1 org.gradle.internal.progress.DefaultBuildOperationExecutor.execute(Lorg/gradle/internal/operations/BuildOperation;Lorg/gradle/internal/operations/BuildOperationWorker;Lorg/gradle/internal/progress/DefaultBuildOperationExecutor$DefaultBuildOperationState;)V (430 bytes) @ 0x000000010e026584 [0x000000010e023cc0+0x28c4]
j  org.gradle.internal.progress.DefaultBuildOperationExecutor.run(Lorg/gradle/internal/operations/RunnableBuildOperation;)V+20
j  org.gradle.api.internal.tasks.execution.ExecuteActionsTaskExecuter.executeAction(Ljava/lang/String;Lorg/gradle/api/internal/TaskInternal;Lorg/gradle/api/internal/tasks/ContextAwareTaskAction;Lorg/gradle/api/internal/tasks/TaskExecutionContext;)V+23
j  org.gradle.api.internal.tasks.execution.ExecuteActionsTaskExecuter.executeActions(Lorg/gradle/api/internal/TaskInternal;Lorg/gradle/api/internal/tasks/TaskStateInternal;Lorg/gradle/api/internal/tasks/TaskExecutionContext;)Lorg/gradle/api/GradleException;+131
j  org.gradle.api.internal.tasks.execution.ExecuteActionsTaskExecuter.execute(Lorg/gradle/api/internal/TaskInternal;Lorg/gradle/api/internal/tasks/TaskStateInternal;Lorg/gradle/api/internal/tasks/TaskExecutionContext;)V+42
j  org.gradle.api.internal.tasks.execution.SkipUpToDateTaskExecuter.execute(Lorg/gradle/api/internal/TaskInternal;Lorg/gradle/api/internal/tasks/TaskStateInternal;Lorg/gradle/api/internal/tasks/TaskExecutionContext;)V+124
j  org.gradle.api.internal.tasks.execution.ResolveTaskOutputCachingStateExecuter.execute(Lorg/gradle/api/internal/TaskInternal;Lorg/gradle/api/internal/tasks/TaskStateInternal;Lorg/gradle/api/internal/tasks/TaskExecutionContext;)V+96
j  org.gradle.api.internal.tasks.execution.ValidatingTaskExecuter.execute(Lorg/gradle/api/internal/TaskInternal;Lorg/gradle/api/internal/tasks/TaskStateInternal;Lorg/gradle/api/internal/tasks/TaskExecutionContext;)V+215
j  org.gradle.api.internal.tasks.execution.SkipEmptySourceFilesTaskExecuter.execute(Lorg/gradle/api/internal/TaskInternal;Lorg/gradle/api/internal/tasks/TaskStateInternal;Lorg/gradle/api/internal/tasks/TaskExecutionContext;)V+335
j  org.gradle.api.internal.tasks.execution.ResolveTaskArtifactStateTaskExecuter.execute(Lorg/gradle/api/internal/TaskInternal;Lorg/gradle/api/internal/tasks/TaskStateInternal;Lorg/gradle/api/internal/tasks/TaskExecutionContext;)V+72
j  org.gradle.api.internal.tasks.execution.SkipTaskWithNoActionsExecuter.execute(Lorg/gradle/api/internal/TaskInternal;Lorg/gradle/api/internal/tasks/TaskStateInternal;Lorg/gradle/api/internal/tasks/TaskExecutionContext;)V+124
j  org.gradle.api.internal.tasks.execution.SkipOnlyIfTaskExecuter.execute(Lorg/gradle/api/internal/TaskInternal;Lorg/gradle/api/internal/tasks/TaskStateInternal;Lorg/gradle/api/internal/tasks/TaskExecutionContext;)V+85
j  org.gradle.api.internal.tasks.execution.ExecuteAtMostOnceTaskExecuter.execute(Lorg/gradle/api/internal/TaskInternal;Lorg/gradle/api/internal/tasks/TaskStateInternal;Lorg/gradle/api/internal/tasks/TaskExecutionContext;)V+26
j  org.gradle.api.internal.tasks.execution.CatchExceptionTaskExecuter.execute(Lorg/gradle/api/internal/TaskInternal;Lorg/gradle/api/internal/tasks/TaskStateInternal;Lorg/gradle/api/internal/tasks/TaskExecutionContext;)V+7
j  org.gradle.execution.taskgraph.DefaultTaskGraphExecuter$EventFiringTaskWorker$1.run(Lorg/gradle/internal/operations/BuildOperationContext;)V+56
j  org.gradle.internal.progress.DefaultBuildOperationExecutor$RunnableBuildOperationWorker.execute(Lorg/gradle/internal/operations/RunnableBuildOperation;Lorg/gradle/internal/operations/BuildOperationContext;)V+2
j  org.gradle.internal.progress.DefaultBuildOperationExecutor$RunnableBuildOperationWorker.execute(Lorg/gradle/internal/operations/BuildOperation;Lorg/gradle/internal/operations/BuildOperationContext;)V+6
J 8241 C1 org.gradle.internal.progress.DefaultBuildOperationExecutor.execute(Lorg/gradle/internal/operations/BuildOperation;Lorg/gradle/internal/operations/BuildOperationWorker;Lorg/gradle/internal/progress/DefaultBuildOperationExecutor$DefaultBuildOperationState;)V (430 bytes) @ 0x000000010e026584 [0x000000010e023cc0+0x28c4]
j  org.gradle.internal.progress.DefaultBuildOperationExecutor.run(Lorg/gradle/internal/operations/RunnableBuildOperation;)V+20
j  org.gradle.execution.taskgraph.DefaultTaskGraphExecuter$EventFiringTaskWorker.execute(Lorg/gradle/api/internal/TaskInternal;)V+16
j  org.gradle.execution.taskgraph.DefaultTaskGraphExecuter$EventFiringTaskWorker.execute(Ljava/lang/Object;)V+5
j  org.gradle.execution.taskgraph.DefaultTaskPlanExecutor$TaskExecutorWorker.processTask(Lorg/gradle/execution/taskgraph/TaskInfo;)V+8
j  org.gradle.execution.taskgraph.DefaultTaskPlanExecutor$TaskExecutorWorker.access$200(Lorg/gradle/execution/taskgraph/DefaultTaskPlanExecutor$TaskExecutorWorker;Lorg/gradle/execution/taskgraph/TaskInfo;)V+2
j  org.gradle.execution.taskgraph.DefaultTaskPlanExecutor$TaskExecutorWorker$1.execute(Lorg/gradle/execution/taskgraph/TaskInfo;)V+38
j  org.gradle.execution.taskgraph.DefaultTaskPlanExecutor$TaskExecutorWorker$1.execute(Ljava/lang/Object;)V+5
j  org.gradle.execution.taskgraph.DefaultTaskExecutionPlan.execute(Lorg/gradle/execution/taskgraph/TaskInfo;Lorg/gradle/internal/work/WorkerLeaseRegistry$WorkerLease;Lorg/gradle/api/Action;)V+14
j  org.gradle.execution.taskgraph.DefaultTaskExecutionPlan.executeWithTask(Lorg/gradle/internal/work/WorkerLeaseRegistry$WorkerLease;Lorg/gradle/api/Action;)Z+53
j  org.gradle.execution.taskgraph.DefaultTaskPlanExecutor$TaskExecutorWorker.run()V+52
j  org.gradle.internal.concurrent.ExecutorPolicy$CatchAndRecordFailures.onExecute(Ljava/lang/Runnable;)V+1
j  org.gradle.internal.concurrent.ManagedExecutorImpl$1.run()V+25
j  java.util.concurrent.ThreadPoolExecutor.runWorker(Ljava/util/concurrent/ThreadPoolExecutor$Worker;)V+95
j  java.util.concurrent.ThreadPoolExecutor$Worker.run()V+5
j  org.gradle.internal.concurrent.ThreadFactoryImpl$ManagedThreadRunnable.run()V+7
j  java.lang.Thread.run()V+11
v  ~StubRoutines::call_stub
V  [libjvm.dylib+0x2ee70a]  JavaCalls::call_helper(JavaValue*, methodHandle*, JavaCallArguments*, Thread*)+0x6ae
V  [libjvm.dylib+0x2eeeae]  JavaCalls::call_virtual(JavaValue*, KlassHandle, Symbol*, Symbol*, JavaCallArguments*, Thread*)+0x164
V  [libjvm.dylib+0x2ef05a]  JavaCalls::call_virtual(JavaValue*, Handle, KlassHandle, Symbol*, Symbol*, Thread*)+0x4a
V  [libjvm.dylib+0x3497b1]  thread_entry(JavaThread*, Thread*)+0x7c
V  [libjvm.dylib+0x56c0b3]  JavaThread::thread_main_inner()+0x9b
V  [libjvm.dylib+0x56d7a0]  JavaThread::run()+0x1c2
...<more frames>...

Java frames: (J=compiled Java code, j=interpreted, Vv=VM code)
j  org.fusesource.jansi.internal.CLibrary.init()V+0
j  org.fusesource.jansi.internal.CLibrary.<clinit>()V+20
v  ~StubRoutines::call_stub
j  org.jetbrains.kotlin.cli.common.messages.PlainTextMessageRenderer.<clinit>()V+21
v  ~StubRoutines::call_stub
j  org.jetbrains.kotlin.cli.common.messages.MessageRenderer.<clinit>()V+10
v  ~StubRoutines::call_stub
j  org.jetbrains.kotlin.compilerRunner.GradleCompilerRunner$loggingMessageCollector$2$1.<init>(Lorg/jetbrains/kotlin/compilerRunner/GradleCompilerRunner$loggingMessageCollector$2;)V+10
j  org.jetbrains.kotlin.compilerRunner.GradleCompilerRunner$loggingMessageCollector$2.invoke()Lorg/jetbrains/kotlin/compilerRunner/GradleCompilerRunner$loggingMessageCollector$2$1;+5
j  org.jetbrains.kotlin.compilerRunner.GradleCompilerRunner$loggingMessageCollector$2.invoke()Ljava/lang/Object;+1
j  kotlin.SynchronizedLazyImpl.getValue()Ljava/lang/Object;+49
j  org.jetbrains.kotlin.compilerRunner.GradleCompilerRunner.getLoggingMessageCollector()Lorg/jetbrains/kotlin/cli/common/messages/MessageCollector;+14
j  org.jetbrains.kotlin.compilerRunner.GradleCompilerRunner.compileOutOfProcess([Ljava/lang/String;Ljava/lang/String;Lorg/jetbrains/kotlin/compilerRunner/GradleCompilerEnvironment;)Lorg/jetbrains/kotlin/cli/common/ExitCode;+238
j  org.jetbrains.kotlin.compilerRunner.GradleCompilerRunner.compileWithDaemonOrFallback(Ljava/lang/String;Lorg/jetbrains/kotlin/cli/common/arguments/CommonCompilerArguments;Lorg/jetbrains/kotlin/compilerRunner/GradleCompilerEnvironment;)Lorg/jetbrains/kotlin/cli/common/ExitCode;+584
j  org.jetbrains.kotlin.compilerRunner.GradleCompilerRunner.compileWithDaemonOrFallback(Ljava/lang/String;Lorg/jetbrains/kotlin/cli/common/arguments/CommonCompilerArguments;Lorg/jetbrains/kotlin/compilerRunner/CompilerEnvironment;)Lorg/jetbrains/kotlin/cli/common/ExitCode;+7
j  org.jetbrains.kotlin.compilerRunner.KotlinCompilerRunner.runCompiler(Ljava/lang/String;Lorg/jetbrains/kotlin/cli/common/arguments/CommonCompilerArguments;Lorg/jetbrains/kotlin/compilerRunner/CompilerEnvironment;)Lorg/jetbrains/kotlin/cli/common/ExitCode;+25
j  org.jetbrains.kotlin.compilerRunner.GradleCompilerRunner.runJvmCompiler(Ljava/util/List;Ljava/lang/Iterable;Lorg/jetbrains/kotlin/cli/common/arguments/K2JVMCompilerArguments;Lorg/jetbrains/kotlin/compilerRunner/GradleCompilerEnvironment;)Lorg/jetbrains/kotlin/cli/common/ExitCode;+234
j  org.jetbrains.kotlin.gradle.tasks.KotlinCompile.callCompiler$kotlin_gradle_plugin(Lorg/jetbrains/kotlin/cli/common/arguments/K2JVMCompilerArguments;Lorg/jetbrains/kotlin/gradle/tasks/SourceRoots;Lorg/jetbrains/kotlin/incremental/ChangedFiles;)V+291
j  org.jetbrains.kotlin.gradle.tasks.KotlinCompile.callCompiler$kotlin_gradle_plugin(Lorg/jetbrains/kotlin/cli/common/arguments/CommonCompilerArguments;Lorg/jetbrains/kotlin/gradle/tasks/SourceRoots;Lorg/jetbrains/kotlin/incremental/ChangedFiles;)V+7
j  org.jetbrains.kotlin.gradle.tasks.AbstractKotlinCompile.execute(Lorg/gradle/api/tasks/incremental/IncrementalTaskInputs;)V+189
v  ~StubRoutines::call_stub
J 2557  sun.reflect.NativeMethodAccessorImpl.invoke0(Ljava/lang/reflect/Method;Ljava/lang/Object;[Ljava/lang/Object;)Ljava/lang/Object; (0 bytes) @ 0x000000010d63e437 [0x000000010d63e3c0+0x77]
J 2556 C1 sun.reflect.NativeMethodAccessorImpl.invoke(Ljava/lang/Object;[Ljava/lang/Object;)Ljava/lang/Object; (104 bytes) @ 0x000000010d640214 [0x000000010d63f040+0x11d4]
J 960 C1 sun.reflect.DelegatingMethodAccessorImpl.invoke(Ljava/lang/Object;[Ljava/lang/Object;)Ljava/lang/Object; (10 bytes) @ 0x000000010d16dc8c [0x000000010d16db80+0x10c]
J 930 C1 java.lang.reflect.Method.invoke(Ljava/lang/Object;[Ljava/lang/Object;)Ljava/lang/Object; (62 bytes) @ 0x000000010d15961c [0x000000010d159220+0x3fc]
J 1982 C1 org.gradle.internal.reflect.JavaMethod.invoke(Ljava/lang/Object;[Ljava/lang/Object;)Ljava/lang/Object; (74 bytes) @ 0x000000010d4f81e4 [0x000000010d4f8160+0x84]
j  org.gradle.api.internal.project.taskfactory.DefaultTaskClassInfoStore$IncrementalTaskAction.doExecute(Lorg/gradle/api/Task;Ljava/lang/String;)V+35
j  org.gradle.api.internal.project.taskfactory.DefaultTaskClassInfoStore$StandardTaskAction.execute(Lorg/gradle/api/Task;)V+32
j  org.gradle.api.internal.project.taskfactory.DefaultTaskClassInfoStore$StandardTaskAction.execute(Ljava/lang/Object;)V+5
j  org.gradle.api.internal.tasks.execution.ExecuteActionsTaskExecuter$1.run(Lorg/gradle/internal/operations/BuildOperationContext;)V+23
j  org.gradle.internal.progress.DefaultBuildOperationExecutor$RunnableBuildOperationWorker.execute(Lorg/gradle/internal/operations/RunnableBuildOperation;Lorg/gradle/internal/operations/BuildOperationContext;)V+2
j  org.gradle.internal.progress.DefaultBuildOperationExecutor$RunnableBuildOperationWorker.execute(Lorg/gradle/internal/operations/BuildOperation;Lorg/gradle/internal/operations/BuildOperationContext;)V+6
J 8241 C1 org.gradle.internal.progress.DefaultBuildOperationExecutor.execute(Lorg/gradle/internal/operations/BuildOperation;Lorg/gradle/internal/operations/BuildOperationWorker;Lorg/gradle/internal/progress/DefaultBuildOperationExecutor$DefaultBuildOperationState;)V (430 bytes) @ 0x000000010e026584 [0x000000010e023cc0+0x28c4]
j  org.gradle.internal.progress.DefaultBuildOperationExecutor.run(Lorg/gradle/internal/operations/RunnableBuildOperation;)V+20
j  org.gradle.api.internal.tasks.execution.ExecuteActionsTaskExecuter.executeAction(Ljava/lang/String;Lorg/gradle/api/internal/TaskInternal;Lorg/gradle/api/internal/tasks/ContextAwareTaskAction;Lorg/gradle/api/internal/tasks/TaskExecutionContext;)V+23
j  org.gradle.api.internal.tasks.execution.ExecuteActionsTaskExecuter.executeActions(Lorg/gradle/api/internal/TaskInternal;Lorg/gradle/api/internal/tasks/TaskStateInternal;Lorg/gradle/api/internal/tasks/TaskExecutionContext;)Lorg/gradle/api/GradleException;+131
j  org.gradle.api.internal.tasks.execution.ExecuteActionsTaskExecuter.execute(Lorg/gradle/api/internal/TaskInternal;Lorg/gradle/api/internal/tasks/TaskStateInternal;Lorg/gradle/api/internal/tasks/TaskExecutionContext;)V+42
j  org.gradle.api.internal.tasks.execution.SkipUpToDateTaskExecuter.execute(Lorg/gradle/api/internal/TaskInternal;Lorg/gradle/api/internal/tasks/TaskStateInternal;Lorg/gradle/api/internal/tasks/TaskExecutionContext;)V+124
j  org.gradle.api.internal.tasks.execution.ResolveTaskOutputCachingStateExecuter.execute(Lorg/gradle/api/internal/TaskInternal;Lorg/gradle/api/internal/tasks/TaskStateInternal;Lorg/gradle/api/internal/tasks/TaskExecutionContext;)V+96
j  org.gradle.api.internal.tasks.execution.ValidatingTaskExecuter.execute(Lorg/gradle/api/internal/TaskInternal;Lorg/gradle/api/internal/tasks/TaskStateInternal;Lorg/gradle/api/internal/tasks/TaskExecutionContext;)V+215
j  org.gradle.api.internal.tasks.execution.SkipEmptySourceFilesTaskExecuter.execute(Lorg/gradle/api/internal/TaskInternal;Lorg/gradle/api/internal/tasks/TaskStateInternal;Lorg/gradle/api/internal/tasks/TaskExecutionContext;)V+335
j  org.gradle.api.internal.tasks.execution.ResolveTaskArtifactStateTaskExecuter.execute(Lorg/gradle/api/internal/TaskInternal;Lorg/gradle/api/internal/tasks/TaskStateInternal;Lorg/gradle/api/internal/tasks/TaskExecutionContext;)V+72
j  org.gradle.api.internal.tasks.execution.SkipTaskWithNoActionsExecuter.execute(Lorg/gradle/api/internal/TaskInternal;Lorg/gradle/api/internal/tasks/TaskStateInternal;Lorg/gradle/api/internal/tasks/TaskExecutionContext;)V+124
j  org.gradle.api.internal.tasks.execution.SkipOnlyIfTaskExecuter.execute(Lorg/gradle/api/internal/TaskInternal;Lorg/gradle/api/internal/tasks/TaskStateInternal;Lorg/gradle/api/internal/tasks/TaskExecutionContext;)V+85
j  org.gradle.api.internal.tasks.execution.ExecuteAtMostOnceTaskExecuter.execute(Lorg/gradle/api/internal/TaskInternal;Lorg/gradle/api/internal/tasks/TaskStateInternal;Lorg/gradle/api/internal/tasks/TaskExecutionContext;)V+26
j  org.gradle.api.internal.tasks.execution.CatchExceptionTaskExecuter.execute(Lorg/gradle/api/internal/TaskInternal;Lorg/gradle/api/internal/tasks/TaskStateInternal;Lorg/gradle/api/internal/tasks/TaskExecutionContext;)V+7
j  org.gradle.execution.taskgraph.DefaultTaskGraphExecuter$EventFiringTaskWorker$1.run(Lorg/gradle/internal/operations/BuildOperationContext;)V+56
j  org.gradle.internal.progress.DefaultBuildOperationExecutor$RunnableBuildOperationWorker.execute(Lorg/gradle/internal/operations/RunnableBuildOperation;Lorg/gradle/internal/operations/BuildOperationContext;)V+2
j  org.gradle.internal.progress.DefaultBuildOperationExecutor$RunnableBuildOperationWorker.execute(Lorg/gradle/internal/operations/BuildOperation;Lorg/gradle/internal/operations/BuildOperationContext;)V+6
J 8241 C1 org.gradle.internal.progress.DefaultBuildOperationExecutor.execute(Lorg/gradle/internal/operations/BuildOperation;Lorg/gradle/internal/operations/BuildOperationWorker;Lorg/gradle/internal/progress/DefaultBuildOperationExecutor$DefaultBuildOperationState;)V (430 bytes) @ 0x000000010e026584 [0x000000010e023cc0+0x28c4]
j  org.gradle.internal.progress.DefaultBuildOperationExecutor.run(Lorg/gradle/internal/operations/RunnableBuildOperation;)V+20
j  org.gradle.execution.taskgraph.DefaultTaskGraphExecuter$EventFiringTaskWorker.execute(Lorg/gradle/api/internal/TaskInternal;)V+16
j  org.gradle.execution.taskgraph.DefaultTaskGraphExecuter$EventFiringTaskWorker.execute(Ljava/lang/Object;)V+5
j  org.gradle.execution.taskgraph.DefaultTaskPlanExecutor$TaskExecutorWorker.processTask(Lorg/gradle/execution/taskgraph/TaskInfo;)V+8
j  org.gradle.execution.taskgraph.DefaultTaskPlanExecutor$TaskExecutorWorker.access$200(Lorg/gradle/execution/taskgraph/DefaultTaskPlanExecutor$TaskExecutorWorker;Lorg/gradle/execution/taskgraph/TaskInfo;)V+2
j  org.gradle.execution.taskgraph.DefaultTaskPlanExecutor$TaskExecutorWorker$1.execute(Lorg/gradle/execution/taskgraph/TaskInfo;)V+38
j  org.gradle.execution.taskgraph.DefaultTaskPlanExecutor$TaskExecutorWorker$1.execute(Ljava/lang/Object;)V+5
j  org.gradle.execution.taskgraph.DefaultTaskExecutionPlan.execute(Lorg/gradle/execution/taskgraph/TaskInfo;Lorg/gradle/internal/work/WorkerLeaseRegistry$WorkerLease;Lorg/gradle/api/Action;)V+14
j  org.gradle.execution.taskgraph.DefaultTaskExecutionPlan.executeWithTask(Lorg/gradle/internal/work/WorkerLeaseRegistry$WorkerLease;Lorg/gradle/api/Action;)Z+53
j  org.gradle.execution.taskgraph.DefaultTaskPlanExecutor$TaskExecutorWorker.run()V+52
j  org.gradle.internal.concurrent.ExecutorPolicy$CatchAndRecordFailures.onExecute(Ljava/lang/Runnable;)V+1
j  org.gradle.internal.concurrent.ManagedExecutorImpl$1.run()V+25
j  java.util.concurrent.ThreadPoolExecutor.runWorker(Ljava/util/concurrent/ThreadPoolExecutor$Worker;)V+95
j  java.util.concurrent.ThreadPoolExecutor$Worker.run()V+5
j  org.gradle.internal.concurrent.ThreadFactoryImpl$ManagedThreadRunnable.run()V+7
j  java.lang.Thread.run()V+11
v  ~StubRoutines::call_stub

---------------  P R O C E S S  ---------------

Java Threads: ( => current thread )
  0x00007fab97c22000 JavaThread "Thread-42" [_thread_in_native, id=78859, stack(0x0000000129c04000,0x0000000129d04000)]
  0x00007fab948bb800 JavaThread "process reaper" daemon [_thread_blocked, id=73475, stack(0x0000000127b3b000,0x0000000127b63000)]
  0x00007fab95799000 JavaThread "process reaper" daemon [_thread_blocked, id=72963, stack(0x0000000127b10000,0x0000000127b38000)]
  0x00007fab948b5000 JavaThread "process reaper" daemon [_thread_blocked, id=72451, stack(0x0000000127ae5000,0x0000000127b0d000)]
  0x00007fab948b4800 JavaThread "process reaper" daemon [_thread_in_native, id=45615, stack(0x0000000126f84000,0x0000000126fac000)]
  0x00007fab980bf000 JavaThread "process reaper" daemon [_thread_blocked, id=71687, stack(0x0000000126f59000,0x0000000126f81000)]
  0x00007fab980c3000 JavaThread "Java2D Disposer" daemon [_thread_blocked, id=70935, stack(0x000000012f312000,0x000000012f412000)]
  0x00007fab94d75800 JavaThread "Java2D Queue Flusher" daemon [_thread_blocked, id=68383, stack(0x000000012e359000,0x000000012e459000)]
  0x00007fab980a3800 JavaThread "Worker Daemon Execution Thread 13" [_thread_blocked, id=48155, stack(0x000000012c0d5000,0x000000012c1d5000)]
  0x00007fab98976800 JavaThread "Worker Daemon Execution Thread 12" [_thread_blocked, id=47363, stack(0x000000012b67f000,0x000000012b77f000)]
  0x00007fab980a2800 JavaThread "Worker Daemon Execution Thread 11" [_thread_blocked, id=46851, stack(0x000000012b57c000,0x000000012b67c000)]
  0x00007fab98a08800 JavaThread "Worker Daemon Execution Thread 10" [_thread_blocked, id=39687, stack(0x0000000129d0a000,0x0000000129e0a000)]
  0x00007fab98a07800 JavaThread "AWT-AppKit" daemon [_thread_in_native, id=1811, stack(0x00007fff5403b000,0x00007fff5483b000)]
  0x00007fab94da3000 JavaThread "Worker Daemon Execution Thread 9" [_thread_blocked, id=34307, stack(0x0000000129b01000,0x0000000129c01000)]
  0x00007fab98a07000 JavaThread "Worker Daemon Execution Thread 8" [_thread_blocked, id=33795, stack(0x00000001299fe000,0x0000000129afe000)]
  0x00007fab94e3a800 JavaThread "Worker Daemon Execution Thread 7" [_thread_blocked, id=33283, stack(0x00000001298fb000,0x00000001299fb000)]
  0x00007fab945b0000 JavaThread "Worker Daemon Execution Thread 6" [_thread_blocked, id=32771, stack(0x00000001297f8000,0x00000001298f8000)]
  0x00007fab95ee3800 JavaThread "Worker Daemon Execution Thread 5" [_thread_blocked, id=32259, stack(0x00000001296f5000,0x00000001297f5000)]
  0x00007fab9879a000 JavaThread "Worker Daemon Execution Thread 4" [_thread_blocked, id=31747, stack(0x0000000129526000,0x0000000129626000)]
  0x00007fab97f6f800 JavaThread "Worker Daemon Execution Thread 3" [_thread_blocked, id=31235, stack(0x0000000129423000,0x0000000129523000)]
  0x00007fab945ad800 JavaThread "Worker Daemon Execution Thread 2" [_thread_blocked, id=30723, stack(0x0000000129320000,0x0000000129420000)]
  0x00007fab95acf800 JavaThread "Worker Daemon Execution" [_thread_blocked, id=30211, stack(0x0000000127d9b000,0x0000000127e9b000)]
=>0x00007fab95a18000 JavaThread "Task worker for ':' Thread 3" [_thread_in_vm, id=29699, stack(0x00000001279e2000,0x0000000127ae2000)]
  0x00007fab982ab800 JavaThread "Task worker for ':' Thread 2" [_thread_blocked, id=29187, stack(0x000000012778c000,0x000000012788c000)]
  0x00007fab97e50800 JavaThread "Task worker for ':'" [_thread_blocked, id=28675, stack(0x00000001274c6000,0x00000001275c6000)]
  0x00007fab94d40800 JavaThread "Cache worker for task history cache (/Users/jonathanrichards/Work/MyApplication/.gradle/4.1-rc-1/taskHistory)" [_thread_blocked, id=28163, stack(0x0000000126df8000,0x0000000126ef8000)]
  0x00007fab9466c000 JavaThread "Cache worker for file content cache (/Users/jonathanrichards/Work/MyApplication/.gradle/4.1-rc-1/fileContent)" [_thread_blocked, id=27651, stack(0x000000012649d000,0x000000012659d000)]
  0x00007fab97826000 JavaThread "Memory manager" [_thread_blocked, id=27139, stack(0x0000000128a1d000,0x0000000128b1d000)]
  0x00007fab98679800 JavaThread "pool-1-thread-1" [_thread_blocked, id=26627, stack(0x0000000127689000,0x0000000127789000)]
  0x00007fab96ac9000 JavaThread "build operations Thread 4" [_thread_blocked, id=26115, stack(0x0000000125f0a000,0x000000012600a000)]
  0x00007fab95dba000 JavaThread "build operations Thread 3" [_thread_blocked, id=25603, stack(0x0000000125ca7000,0x0000000125da7000)]
  0x00007fab95db9000 JavaThread "build operations Thread 2" [_thread_blocked, id=25091, stack(0x0000000125928000,0x0000000125a28000)]
  0x00007fab97070000 JavaThread "build operations" [_thread_blocked, id=24579, stack(0x0000000125400000,0x0000000125500000)]
  0x00007fab98818800 JavaThread "Cache worker for Artifact transforms cache (/Users/jonathanrichards/.gradle/caches/transforms-1)" [_thread_blocked, id=24067, stack(0x00000001278df000,0x00000001279df000)]
  0x00007fab94c6c000 JavaThread "Cache worker for file hash cache (/Users/jonathanrichards/Work/MyApplication/.gradle/4.1-rc-1/fileHashes)" [_thread_blocked, id=23555, stack(0x0000000125825000,0x0000000125925000)]
  0x00007fab95b65800 JavaThread "File lock request listener" [_thread_in_native, id=23043, stack(0x00000001252fd000,0x00000001253fd000)]
  0x00007fab94c2b000 JavaThread "Cache worker for file hash cache (/Users/jonathanrichards/.gradle/caches/4.1-rc-1/fileHashes)" [_thread_blocked, id=22531, stack(0x00000001251fa000,0x00000001252fa000)]
  0x00007fab95b66800 JavaThread "Stdin handler" [_thread_blocked, id=22019, stack(0x0000000124da6000,0x0000000124ea6000)]
  0x00007fab9589a000 JavaThread "Asynchronous log dispatcher for DefaultDaemonConnection: socket connection from /0:0:0:0:0:0:0:1:56097 to /0:0:0:0:0:0:0:1:56098" [_thread_blocked, id=21507, stack(0x0000000124ca3000,0x0000000124da3000)]
  0x00007fab95b65000 JavaThread "Daemon worker" [_thread_blocked, id=20995, stack(0x0000000124ba0000,0x0000000124ca0000)]
  0x00007fab940cc800 JavaThread "Cancel handler" [_thread_blocked, id=20483, stack(0x0000000124a9d000,0x0000000124b9d000)]
  0x00007fab94173000 JavaThread "Handler for socket connection from /0:0:0:0:0:0:0:1:56097 to /0:0:0:0:0:0:0:1:56098" [_thread_in_native, id=19971, stack(0x000000012499a000,0x0000000124a9a000)]
  0x00007fab940cf800 JavaThread "Daemon" [_thread_blocked, id=19459, stack(0x0000000124897000,0x0000000124997000)]
  0x00007fab95add800 JavaThread "Daemon periodic checks" [_thread_blocked, id=14087, stack(0x0000000124794000,0x0000000124894000)]
  0x00007fab94b6f800 JavaThread "Incoming local TCP Connector on port 56097" [_thread_in_native, id=12299, stack(0x0000000124691000,0x0000000124791000)]
  0x00007fab95adc000 JavaThread "Daemon health stats" [_thread_blocked, id=12039, stack(0x0000000124389000,0x0000000124489000)]
  0x00007fab95801000 JavaThread "Service Thread" daemon [_thread_blocked, id=18179, stack(0x00000001238df000,0x00000001239df000)]
  0x00007fab9483c800 JavaThread "C1 CompilerThread2" daemon [_thread_blocked, id=17667, stack(0x00000001237dc000,0x00000001238dc000)]
  0x00007fab9483c000 JavaThread "C2 CompilerThread1" daemon [_thread_blocked, id=17155, stack(0x00000001236d9000,0x00000001237d9000)]
  0x00007fab9501b000 JavaThread "C2 CompilerThread0" daemon [_thread_blocked, id=16643, stack(0x00000001235d6000,0x00000001236d6000)]
  0x00007fab95028000 JavaThread "Signal Dispatcher" daemon [_thread_blocked, id=13331, stack(0x00000001234d3000,0x00000001235d3000)]
  0x00007fab9482c000 JavaThread "Finalizer" daemon [_thread_blocked, id=11523, stack(0x0000000121aa4000,0x0000000121ba4000)]
  0x00007fab95824000 JavaThread "Reference Handler" daemon [_thread_blocked, id=11011, stack(0x00000001219a1000,0x0000000121aa1000)]
  0x00007fab95802800 JavaThread "main" [_thread_blocked, id=4867, stack(0x000000010c483000,0x000000010c583000)]

Other Threads:
  0x00007fab94829800 VMThread [stack: 0x000000012189e000,0x000000012199e000] [id=10499]
  0x00007fab94833000 WatcherThread [stack: 0x00000001239e2000,0x0000000123ae2000] [id=18691]

VM state:not at safepoint (normal execution)

VM Mutex/Monitor currently owned by a thread: None

Heap:
 PSYoungGen      total 278016K, used 56702K [0x00000007a0000000, 0x00000007b9a00000, 0x00000007c0000000)
  eden space 261120K, 21% used [0x00000007a0000000,0x00000007a375f818,0x00000007aff00000)
  from space 16896K, 0% used [0x00000007aff00000,0x00000007aff00000,0x00000007b0f80000)
  to   space 16896K, 0% used [0x00000007b8980000,0x00000007b8980000,0x00000007b9a00000)
 ParOldGen       total 91136K, used 30342K [0x0000000760000000, 0x0000000765900000, 0x00000007a0000000)
  object space 91136K, 33% used [0x0000000760000000,0x0000000761da1870,0x0000000765900000)
 Metaspace       used 60137K, capacity 61832K, committed 62208K, reserved 1103872K
  class space    used 8166K, capacity 8580K, committed 8704K, reserved 1048576K

Card table byte_map: [0x000000011c1c0000,0x000000011c4c1000] byte_map_base: 0x00000001186c0000

Marking Bits: (ParMarkBitMap*) 0x000000010bdb75d0
 Begin Bits: [0x000000011cacd000, 0x000000011e2cd000)
 End Bits:   [0x000000011e2cd000, 0x000000011facd000)

Polling page: 0x000000010c5c8000

CodeCache: size=245760Kb used=22461Kb max_used=22463Kb free=223298Kb
 bounds [0x000000010ce00000, 0x000000010e410000, 0x000000011be00000]
 total_blobs=8157 nmethods=7280 adapters=789
 compilation: enabled

Compilation events (10 events):
Event: 95.270 Thread 0x00007fab9501b000 nmethod 8583 0x000000010d919250 code [0x000000010d9193a0, 0x000000010d9194d8]
Event: 95.270 Thread 0x00007fab9483c000 nmethod 8584 0x000000010e30d190 code [0x000000010e30d2e0, 0x000000010e30d418]
Event: 95.286 Thread 0x00007fab9483c800 8585       3       java.security.SecureClassLoader::defineClass (16 bytes)
Event: 95.286 Thread 0x00007fab9483c800 nmethod 8585 0x000000010d91a650 code [0x000000010d91a7c0, 0x000000010d91aa38]
Event: 105.350 Thread 0x00007fab9483c800 8586       3       java.io.OutputStreamWriter::flushBuffer (8 bytes)
Event: 105.351 Thread 0x00007fab9483c800 nmethod 8586 0x000000010d91a050 code [0x000000010d91a1c0, 0x000000010d91a368]
Event: 105.351 Thread 0x00007fab9483c800 8587   !   3       sun.nio.cs.StreamEncoder::flushBuffer (42 bytes)
Event: 105.351 Thread 0x00007fab9483c800 nmethod 8587 0x000000010d919610 code [0x000000010d9197c0, 0x000000010d919d78]
Event: 105.351 Thread 0x00007fab9483c800 8588   !   3       java.io.PrintStream::write (69 bytes)
Event: 105.352 Thread 0x00007fab9483c800 nmethod 8588 0x000000010e30e110 code [0x000000010e30e2e0, 0x000000010e30ea58]

GC Heap History (10 events):
Event: 53.664 GC heap before
{Heap before GC invocations=12 (full 2):
 PSYoungGen      total 125952K, used 114688K [0x00000007a0000000, 0x00000007ac280000, 0x00000007c0000000)
  eden space 114688K, 100% used [0x00000007a0000000,0x00000007a7000000,0x00000007a7000000)
  from space 11264K, 0% used [0x00000007a7000000,0x00000007a7000000,0x00000007a7b00000)
  to   space 10752K, 0% used [0x00000007ab800000,0x00000007ab800000,0x00000007ac280000)
 ParOldGen       total 59904K, used 13690K [0x0000000760000000, 0x0000000763a80000, 0x00000007a0000000)
  object space 59904K, 22% used [0x0000000760000000,0x0000000760d5e9d8,0x0000000763a80000)
 Metaspace       used 43328K, capacity 44132K, committed 44416K, reserved 1087488K
  class space    used 6005K, capacity 6251K, committed 6272K, reserved 1048576K
Event: 53.684 GC heap after
Heap after GC invocations=12 (full 2):
 PSYoungGen      total 185856K, used 10744K [0x00000007a0000000, 0x00000007ac300000, 0x00000007c0000000)
  eden space 175104K, 0% used [0x00000007a0000000,0x00000007a0000000,0x00000007aab00000)
  from space 10752K, 99% used [0x00000007ab800000,0x00000007ac27e3b8,0x00000007ac280000)
  to   space 12288K, 0% used [0x00000007aab00000,0x00000007aab00000,0x00000007ab700000)
 ParOldGen       total 59904K, used 14774K [0x0000000760000000, 0x0000000763a80000, 0x00000007a0000000)
  object space 59904K, 24% used [0x0000000760000000,0x0000000760e6d8f0,0x0000000763a80000)
 Metaspace       used 43328K, capacity 44132K, committed 44416K, reserved 1087488K
  class space    used 6005K, capacity 6251K, committed 6272K, reserved 1048576K
}
Event: 56.961 GC heap before
{Heap before GC invocations=13 (full 2):
 PSYoungGen      total 185856K, used 185848K [0x00000007a0000000, 0x00000007ac300000, 0x00000007c0000000)
  eden space 175104K, 100% used [0x00000007a0000000,0x00000007aab00000,0x00000007aab00000)
  from space 10752K, 99% used [0x00000007ab800000,0x00000007ac27e3b8,0x00000007ac280000)
  to   space 12288K, 0% used [0x00000007aab00000,0x00000007aab00000,0x00000007ab700000)
 ParOldGen       total 59904K, used 14774K [0x0000000760000000, 0x0000000763a80000, 0x00000007a0000000)
  object space 59904K, 24% used [0x0000000760000000,0x0000000760e6d8f0,0x0000000763a80000)
 Metaspace       used 47971K, capacity 49076K, committed 49152K, reserved 1091584K
  class space    used 6561K, capacity 6881K, committed 6912K, reserved 1048576K
Event: 56.994 GC heap after
Heap after GC invocations=13 (full 2):
 PSYoungGen      total 187392K, used 8676K [0x00000007a0000000, 0x00000007b1b80000, 0x00000007c0000000)
  eden space 175104K, 0% used [0x00000007a0000000,0x00000007a0000000,0x00000007aab00000)
  from space 12288K, 70% used [0x00000007aab00000,0x00000007ab379258,0x00000007ab700000)
  to   space 12288K, 0% used [0x00000007b0f80000,0x00000007b0f80000,0x00000007b1b80000)
 ParOldGen       total 59904K, used 22914K [0x0000000760000000, 0x0000000763a80000, 0x00000007a0000000)
  object space 59904K, 38% used [0x0000000760000000,0x0000000761660b38,0x0000000763a80000)
 Metaspace       used 47971K, capacity 49076K, committed 49152K, reserved 1091584K
  class space    used 6561K, capacity 6881K, committed 6912K, reserved 1048576K
}
Event: 63.677 GC heap before
{Heap before GC invocations=14 (full 2):
 PSYoungGen      total 187392K, used 183780K [0x00000007a0000000, 0x00000007b1b80000, 0x00000007c0000000)
  eden space 175104K, 100% used [0x00000007a0000000,0x00000007aab00000,0x00000007aab00000)
  from space 12288K, 70% used [0x00000007aab00000,0x00000007ab379258,0x00000007ab700000)
  to   space 12288K, 0% used [0x00000007b0f80000,0x00000007b0f80000,0x00000007b1b80000)
 ParOldGen       total 59904K, used 22914K [0x0000000760000000, 0x0000000763a80000, 0x00000007a0000000)
  object space 59904K, 38% used [0x0000000760000000,0x0000000761660b38,0x0000000763a80000)
 Metaspace       used 54374K, capacity 55882K, committed 56192K, reserved 1097728K
  class space    used 7439K, capacity 7760K, committed 7808K, reserved 1048576K
Event: 63.723 GC heap after
Heap after GC invocations=14 (full 2):
 PSYoungGen      total 273408K, used 12286K [0x00000007a0000000, 0x00000007b2200000, 0x00000007c0000000)
  eden space 261120K, 0% used [0x00000007a0000000,0x00000007a0000000,0x00000007aff00000)
  from space 12288K, 99% used [0x00000007b0f80000,0x00000007b1b7fb18,0x00000007b1b80000)
  to   space 16896K, 0% used [0x00000007aff00000,0x00000007aff00000,0x00000007b0f80000)
 ParOldGen       total 59904K, used 30513K [0x0000000760000000, 0x0000000763a80000, 0x00000007a0000000)
  object space 59904K, 50% used [0x0000000760000000,0x0000000761dcc6c8,0x0000000763a80000)
 Metaspace       used 54374K, capacity 55882K, committed 56192K, reserved 1097728K
  class space    used 7439K, capacity 7760K, committed 7808K, reserved 1048576K
}
Event: 91.555 GC heap before
{Heap before GC invocations=15 (full 2):
 PSYoungGen      total 273408K, used 144362K [0x00000007a0000000, 0x00000007b2200000, 0x00000007c0000000)
  eden space 261120K, 50% used [0x00000007a0000000,0x00000007a80fadf0,0x00000007aff00000)
  from space 12288K, 99% used [0x00000007b0f80000,0x00000007b1b7fb18,0x00000007b1b80000)
  to   space 16896K, 0% used [0x00000007aff00000,0x00000007aff00000,0x00000007b0f80000)
 ParOldGen       total 59904K, used 30513K [0x0000000760000000, 0x0000000763a80000, 0x00000007a0000000)
  object space 59904K, 50% used [0x0000000760000000,0x0000000761dcc6c8,0x0000000763a80000)
 Metaspace       used 57419K, capacity 58988K, committed 59028K, reserved 1099776K
  class space    used 7790K, capacity 8159K, committed 8192K, reserved 1048576K
Event: 91.593 GC heap after
Heap after GC invocations=15 (full 2):
 PSYoungGen      total 278016K, used 2693K [0x00000007a0000000, 0x00000007b9a00000, 0x00000007c0000000)
  eden space 261120K, 0% used [0x00000007a0000000,0x00000007a0000000,0x00000007aff00000)
  from space 16896K, 15% used [0x00000007aff00000,0x00000007b01a1428,0x00000007b0f80000)
  to   space 16896K, 0% used [0x00000007b8980000,0x00000007b8980000,0x00000007b9a00000)
 ParOldGen       total 59904K, used 41181K [0x0000000760000000, 0x0000000763a80000, 0x00000007a0000000)
  object space 59904K, 68% used [0x0000000760000000,0x0000000762837548,0x0000000763a80000)
 Metaspace       used 57419K, capacity 58988K, committed 59028K, reserved 1099776K
  class space    used 7790K, capacity 8159K, committed 8192K, reserved 1048576K
}
Event: 91.594 GC heap before
{Heap before GC invocations=16 (full 3):
 PSYoungGen      total 278016K, used 2693K [0x00000007a0000000, 0x00000007b9a00000, 0x00000007c0000000)
  eden space 261120K, 0% used [0x00000007a0000000,0x00000007a0000000,0x00000007aff00000)
  from space 16896K, 15% used [0x00000007aff00000,0x00000007b01a1428,0x00000007b0f80000)
  to   space 16896K, 0% used [0x00000007b8980000,0x00000007b8980000,0x00000007b9a00000)
 ParOldGen       total 59904K, used 41181K [0x0000000760000000, 0x0000000763a80000, 0x00000007a0000000)
  object space 59904K, 68% used [0x0000000760000000,0x0000000762837548,0x0000000763a80000)
 Metaspace       used 57419K, capacity 58988K, committed 59028K, reserved 1099776K
  class space    used 7790K, capacity 8159K, committed 8192K, reserved 1048576K
Event: 91.966 GC heap after
Heap after GC invocations=16 (full 3):
 PSYoungGen      total 278016K, used 0K [0x00000007a0000000, 0x00000007b9a00000, 0x00000007c0000000)
  eden space 261120K, 0% used [0x00000007a0000000,0x00000007a0000000,0x00000007aff00000)
  from space 16896K, 0% used [0x00000007aff00000,0x00000007aff00000,0x00000007b0f80000)
  to   space 16896K, 0% used [0x00000007b8980000,0x00000007b8980000,0x00000007b9a00000)
 ParOldGen       total 91136K, used 30342K [0x0000000760000000, 0x0000000765900000, 0x00000007a0000000)
  object space 91136K, 33% used [0x0000000760000000,0x0000000761da1870,0x0000000765900000)
 Metaspace       used 57412K, capacity 58970K, committed 59028K, reserved 1099776K
  class space    used 7788K, capacity 8156K, committed 8192K, reserved 1048576K
}

Deoptimization events (10 events):
Event: 94.946 Thread 0x00007fab95a18000 Uncommon trap: reason=unstable_if action=reinterpret pc=0x000000010e168b34 method=com.sun.org.apache.xerces.internal.impl.XMLDocumentFragmentScannerImpl.getString()Lcom/sun/org/apache/xerces/internal/xni/XMLString; @ 8
Event: 95.022 Thread 0x00007fab94d40800 Uncommon trap: reason=unstable_if action=reinterpret pc=0x000000010d9e7424 method=java.math.BigInteger.makePositive([B)[I @ 33
Event: 95.109 Thread 0x00007fab95a18000 Uncommon trap: reason=unstable_if action=reinterpret pc=0x000000010e0f5610 method=java.lang.Integer.parseInt(Ljava/lang/String;I)I @ 1
Event: 95.109 Thread 0x00007fab95a18000 Uncommon trap: reason=unstable_if action=reinterpret pc=0x000000010db53c44 method=java.lang.Integer.parseInt(Ljava/lang/String;I)I @ 1
Event: 95.213 Thread 0x00007fab95a18000 Uncommon trap: reason=unstable_if action=reinterpret pc=0x000000010d8b1734 method=java.lang.Long.stringSize(J)I @ 11
Event: 95.230 Thread 0x00007fab95a18000 Uncommon trap: reason=unstable_if action=reinterpret pc=0x000000010dbf9e58 method=java.lang.ClassLoader.checkCerts(Ljava/lang/String;Ljava/security/CodeSource;)V @ 45
Event: 95.230 Thread 0x00007fab95a18000 Uncommon trap: reason=class_check action=maybe_recompile pc=0x000000010d5d7938 method=java.lang.ClassLoader.checkPackageAccess(Ljava/lang/Class;Ljava/security/ProtectionDomain;)V @ 115
Event: 95.230 Thread 0x00007fab95a18000 Uncommon trap: reason=class_check action=maybe_recompile pc=0x000000010d5d7938 method=java.lang.ClassLoader.checkPackageAccess(Ljava/lang/Class;Ljava/security/ProtectionDomain;)V @ 115
Event: 95.231 Thread 0x00007fab95a18000 Uncommon trap: reason=class_check action=maybe_recompile pc=0x000000010d5d7938 method=java.lang.ClassLoader.checkPackageAccess(Ljava/lang/Class;Ljava/security/ProtectionDomain;)V @ 115
Event: 95.231 Thread 0x00007fab95a18000 Uncommon trap: reason=class_check action=maybe_recompile pc=0x000000010d5d7938 method=java.lang.ClassLoader.checkPackageAccess(Ljava/lang/Class;Ljava/security/ProtectionDomain;)V @ 115

Internal exceptions (10 events):
Event: 92.753 Thread 0x00007fab95db9000 Exception <a 'sun/nio/fs/UnixException'> (0x00000007a17c0b10) thrown at [/Users/java_re/workspace/8-2-build-macosx-x86_64/jdk8u141/9370/hotspot/src/share/vm/prims/jni.cpp, line 709]
Event: 92.755 Thread 0x00007fab95dba000 Exception <a 'sun/nio/fs/UnixException'> (0x00000007a0802a58) thrown at [/Users/java_re/workspace/8-2-build-macosx-x86_64/jdk8u141/9370/hotspot/src/share/vm/prims/jni.cpp, line 709]
Event: 92.760 Thread 0x00007fab97070000 Exception <a 'sun/nio/fs/UnixException'> (0x00000007a17a0d18) thrown at [/Users/java_re/workspace/8-2-build-macosx-x86_64/jdk8u141/9370/hotspot/src/share/vm/prims/jni.cpp, line 709]
Event: 92.766 Thread 0x00007fab97070000 Exception <a 'sun/nio/fs/UnixException'> (0x00000007a17b05b0) thrown at [/Users/java_re/workspace/8-2-build-macosx-x86_64/jdk8u141/9370/hotspot/src/share/vm/prims/jni.cpp, line 709]
Event: 92.860 Thread 0x00007fab95a18000 Exception <a 'java/lang/NoSuchMethodError': java.lang.Object.lambda$negate$1(Ljava/lang/Object;)Z> (0x00000007a15f4460) thrown at [/Users/java_re/workspace/8-2-build-macosx-x86_64/jdk8u141/9370/hotspot/src/share/vm/interpreter/linkResolver.cpp, line 582]
Event: 94.788 Thread 0x00007fab95a18000 Exception <a 'java/lang/NoSuchMethodError': java.lang.Object.lambda$comparingInt$7b0bb60$1(Ljava/util/function/ToIntFunction;Ljava/lang/Object;Ljava/lang/Object;)I> (0x00000007a1c5e550) thrown at [/Users/java_re/workspace/8-2-build-macosx-x86_64/jdk8u141/
Event: 95.109 Thread 0x00007fab95a18000 Implicit null exception at 0x000000010e0f516f to 0x000000010e0f5601
Event: 95.109 Thread 0x00007fab95a18000 Implicit null exception at 0x000000010db5372f to 0x000000010db53c31
Event: 105.323 Thread 0x00007fab95a18000 JVM_StopThread thread JavaThread 0x00007fab97c22000 as oop 0x00000007a3562098 [exception 0x0000000127adeda8]
Event: 105.356 Thread 0x00007fab95a18000 Exception <a 'java/lang/NoSuchFieldError': TCSANOW> (0x00000007a35e9530) thrown at [/Users/java_re/workspace/8-2-build-macosx-x86_64/jdk8u141/9370/hotspot/src/share/vm/prims/jni.cpp, line 2955]

Events (10 events):
Event: 105.348 loading class org/jetbrains/kotlin/cli/common/messages/XmlMessageRenderer
Event: 105.348 loading class org/jetbrains/kotlin/cli/common/messages/XmlMessageRenderer done
Event: 105.350 loading class org/jetbrains/kotlin/cli/common/messages/MessageRenderer$1
Event: 105.350 loading class org/jetbrains/kotlin/cli/common/messages/MessageRenderer$1 done
Event: 105.350 loading class org/jetbrains/kotlin/cli/common/messages/PlainTextMessageRenderer
Event: 105.350 loading class org/jetbrains/kotlin/cli/common/messages/PlainTextMessageRenderer done
Event: 105.352 loading class org/fusesource/jansi/internal/CLibrary
Event: 105.352 loading class org/fusesource/jansi/internal/CLibrary done
Event: 105.352 loading class org/jetbrains/kotlin/org/fusesource/hawtjni/runtime/Library
Event: 105.352 loading class org/jetbrains/kotlin/org/fusesource/hawtjni/runtime/Library done


Dynamic libraries:
0x0000000005b5f000 	/System/Library/Frameworks/Cocoa.framework/Versions/A/Cocoa
0x0000000005b5f000 	/System/Library/Frameworks/Security.framework/Versions/A/Security
0x0000000005b5f000 	/System/Library/Frameworks/ApplicationServices.framework/Versions/A/ApplicationServices
0x0000000005b5f000 	/usr/lib/libz.1.dylib
0x0000000005b5f000 	/usr/lib/libSystem.B.dylib
0x0000000005b5f000 	/usr/lib/libobjc.A.dylib
0x0000000005b5f000 	/System/Library/Frameworks/CoreFoundation.framework/Versions/A/CoreFoundation
0x0000000005b5f000 	/System/Library/Frameworks/Foundation.framework/Versions/C/Foundation
0x0000000005b5f000 	/System/Library/Frameworks/AppKit.framework/Versions/C/AppKit
0x0000000005b5f000 	/System/Library/Frameworks/CoreData.framework/Versions/A/CoreData
0x0000000005b5f000 	/System/Library/PrivateFrameworks/RemoteViewServices.framework/Versions/A/RemoteViewServices
0x0000000005b5f000 	/System/Library/PrivateFrameworks/UIFoundation.framework/Versions/A/UIFoundation
0x0000000005b5f000 	/System/Library/Frameworks/IOSurface.framework/Versions/A/IOSurface
0x0000000005b5f000 	/System/Library/Frameworks/AudioToolbox.framework/Versions/A/AudioToolbox
0x0000000005b5f000 	/System/Library/Frameworks/AudioUnit.framework/Versions/A/AudioUnit
0x0000000005b5f000 	/System/Library/PrivateFrameworks/DataDetectorsCore.framework/Versions/A/DataDetectorsCore
0x0000000005b5f000 	/System/Library/PrivateFrameworks/DesktopServicesPriv.framework/Versions/A/DesktopServicesPriv
0x0000000005b5f000 	/System/Library/Frameworks/Carbon.framework/Versions/A/Frameworks/HIToolbox.framework/Versions/A/HIToolbox
0x0000000005b5f000 	/System/Library/Frameworks/QuartzCore.framework/Versions/A/QuartzCore
0x0000000005b5f000 	/System/Library/Frameworks/Carbon.framework/Versions/A/Frameworks/SpeechRecognition.framework/Versions/A/SpeechRecognition
0x0000000005b5f000 	/usr/lib/libauto.dylib
0x0000000005b5f000 	/usr/lib/libicucore.A.dylib
0x0000000005b5f000 	/usr/lib/libxml2.2.dylib
0x0000000005b5f000 	/System/Library/PrivateFrameworks/CoreUI.framework/Versions/A/CoreUI
0x0000000005b5f000 	/System/Library/Frameworks/CoreAudio.framework/Versions/A/CoreAudio
0x0000000005b5f000 	/System/Library/Frameworks/DiskArbitration.framework/Versions/A/DiskArbitration
0x0000000005b5f000 	/usr/lib/liblangid.dylib
0x0000000005b5f000 	/System/Library/PrivateFrameworks/MultitouchSupport.framework/Versions/A/MultitouchSupport
0x0000000005b5f000 	/System/Library/Frameworks/IOKit.framework/Versions/A/IOKit
0x0000000005b5f000 	/usr/lib/libDiagnosticMessagesClient.dylib
0x0000000005b5f000 	/System/Library/Frameworks/CoreServices.framework/Versions/A/CoreServices
0x0000000005b5f000 	/System/Library/PrivateFrameworks/PerformanceAnalysis.framework/Versions/A/PerformanceAnalysis
0x0000000005b5f000 	/System/Library/PrivateFrameworks/GenerationalStorage.framework/Versions/A/GenerationalStorage
0x0000000005b5f000 	/System/Library/Frameworks/OpenGL.framework/Versions/A/OpenGL
0x0000000005b5f000 	/System/Library/PrivateFrameworks/Sharing.framework/Versions/A/Sharing
0x0000000005b5f000 	/System/Library/Frameworks/CoreGraphics.framework/Versions/A/CoreGraphics
0x0000000005b5f000 	/System/Library/Frameworks/CoreText.framework/Versions/A/CoreText
0x0000000005b5f000 	/System/Library/Frameworks/ImageIO.framework/Versions/A/ImageIO
0x0000000005b5f000 	/usr/lib/libextension.dylib
0x0000000005b5f000 	/System/Library/PrivateFrameworks/Backup.framework/Versions/A/Backup
0x0000000005b5f000 	/usr/lib/libarchive.2.dylib
0x0000000005b5f000 	/System/Library/Frameworks/CFNetwork.framework/Versions/A/CFNetwork
0x0000000005b5f000 	/System/Library/Frameworks/SystemConfiguration.framework/Versions/A/SystemConfiguration
0x0000000005b5f000 	/usr/lib/libCRFSuite.dylib
0x0000000005b5f000 	/usr/lib/libc++.1.dylib
0x0000000005b5f000 	/usr/lib/libc++abi.dylib
0x0000000005b5f000 	/usr/lib/system/libcache.dylib
0x0000000005b5f000 	/usr/lib/system/libcommonCrypto.dylib
0x0000000005b5f000 	/usr/lib/system/libcompiler_rt.dylib
0x0000000005b5f000 	/usr/lib/system/libcopyfile.dylib
0x0000000005b5f000 	/usr/lib/system/libcorecrypto.dylib
0x0000000005b5f000 	/usr/lib/system/libdispatch.dylib
0x0000000005b5f000 	/usr/lib/system/libdyld.dylib
0x0000000005b5f000 	/usr/lib/system/libkeymgr.dylib
0x0000000005b5f000 	/usr/lib/system/liblaunch.dylib
0x0000000005b5f000 	/usr/lib/system/libmacho.dylib
0x0000000005b5f000 	/usr/lib/system/libquarantine.dylib
0x0000000005b5f000 	/usr/lib/system/libremovefile.dylib
0x0000000005b5f000 	/usr/lib/system/libsystem_asl.dylib
0x0000000005b5f000 	/usr/lib/system/libsystem_blocks.dylib
0x0000000005b5f000 	/usr/lib/system/libsystem_c.dylib
0x0000000005b5f000 	/usr/lib/system/libsystem_configuration.dylib
0x0000000005b5f000 	/usr/lib/system/libsystem_coreservices.dylib
0x0000000005b5f000 	/usr/lib/system/libsystem_coretls.dylib
0x0000000005b5f000 	/usr/lib/system/libsystem_dnssd.dylib
0x0000000005b5f000 	/usr/lib/system/libsystem_info.dylib
0x0000000005b5f000 	/usr/lib/system/libsystem_kernel.dylib
0x0000000005b5f000 	/usr/lib/system/libsystem_m.dylib
0x0000000005b5f000 	/usr/lib/system/libsystem_malloc.dylib
0x0000000005b5f000 	/usr/lib/system/libsystem_network.dylib
0x0000000005b5f000 	/usr/lib/system/libsystem_networkextension.dylib
0x0000000005b5f000 	/usr/lib/system/libsystem_notify.dylib
0x0000000005b5f000 	/usr/lib/system/libsystem_platform.dylib
0x0000000005b5f000 	/usr/lib/system/libsystem_pthread.dylib
0x0000000005b5f000 	/usr/lib/system/libsystem_sandbox.dylib
0x0000000005b5f000 	/usr/lib/system/libsystem_secinit.dylib
0x0000000005b5f000 	/usr/lib/system/libsystem_stats.dylib
0x0000000005b5f000 	/usr/lib/system/libsystem_trace.dylib
0x0000000005b5f000 	/usr/lib/system/libunc.dylib
0x0000000005b5f000 	/usr/lib/system/libunwind.dylib
0x0000000005b5f000 	/usr/lib/system/libxpc.dylib
0x0000000005b5f000 	/usr/lib/libbz2.1.0.dylib
0x0000000005b5f000 	/usr/lib/liblzma.5.dylib
0x0000000005b5f000 	/usr/lib/libbsm.0.dylib
0x0000000005b5f000 	/usr/lib/libsqlite3.dylib
0x0000000005b5f000 	/usr/lib/system/libkxld.dylib
0x0000000005b5f000 	/usr/lib/libxar.1.dylib
0x0000000005b5f000 	/usr/lib/libpam.2.dylib
0x0000000005b5f000 	/usr/lib/libOpenScriptingUtil.dylib
0x0000000005b5f000 	/System/Library/Frameworks/CoreServices.framework/Versions/A/Frameworks/FSEvents.framework/Versions/A/FSEvents
0x0000000005b5f000 	/System/Library/Frameworks/CoreServices.framework/Versions/A/Frameworks/CarbonCore.framework/Versions/A/CarbonCore
0x0000000005b5f000 	/System/Library/Frameworks/CoreServices.framework/Versions/A/Frameworks/Metadata.framework/Versions/A/Metadata
0x0000000005b5f000 	/System/Library/Frameworks/CoreServices.framework/Versions/A/Frameworks/OSServices.framework/Versions/A/OSServices
0x0000000005b5f000 	/System/Library/Frameworks/CoreServices.framework/Versions/A/Frameworks/SearchKit.framework/Versions/A/SearchKit
0x0000000005b5f000 	/System/Library/Frameworks/CoreServices.framework/Versions/A/Frameworks/AE.framework/Versions/A/AE
0x0000000005b5f000 	/System/Library/Frameworks/CoreServices.framework/Versions/A/Frameworks/LaunchServices.framework/Versions/A/LaunchServices
0x0000000005b5f000 	/System/Library/Frameworks/CoreServices.framework/Versions/A/Frameworks/DictionaryServices.framework/Versions/A/DictionaryServices
0x0000000005b5f000 	/System/Library/Frameworks/NetFS.framework/Versions/A/NetFS
0x0000000005b5f000 	/System/Library/PrivateFrameworks/NetAuth.framework/Versions/A/NetAuth
0x0000000005b5f000 	/System/Library/PrivateFrameworks/login.framework/Versions/A/Frameworks/loginsupport.framework/Versions/A/loginsupport
0x0000000005b5f000 	/System/Library/PrivateFrameworks/TCC.framework/Versions/A/TCC
0x0000000005b5f000 	/usr/lib/libmecabra.dylib
0x0000000005b5f000 	/System/Library/Frameworks/ApplicationServices.framework/Versions/A/Frameworks/ATS.framework/Versions/A/ATS
0x0000000005b5f000 	/System/Library/Frameworks/ApplicationServices.framework/Versions/A/Frameworks/ColorSync.framework/Versions/A/ColorSync
0x0000000005b5f000 	/System/Library/Frameworks/ApplicationServices.framework/Versions/A/Frameworks/HIServices.framework/Versions/A/HIServices
0x0000000005b5f000 	/System/Library/Frameworks/ApplicationServices.framework/Versions/A/Frameworks/LangAnalysis.framework/Versions/A/LangAnalysis
0x0000000005b5f000 	/System/Library/Frameworks/ApplicationServices.framework/Versions/A/Frameworks/PrintCore.framework/Versions/A/PrintCore
0x0000000005b5f000 	/System/Library/Frameworks/ApplicationServices.framework/Versions/A/Frameworks/QD.framework/Versions/A/QD
0x0000000005b5f000 	/System/Library/Frameworks/ApplicationServices.framework/Versions/A/Frameworks/SpeechSynthesis.framework/Versions/A/SpeechSynthesis
0x0000000005b5f000 	/System/Library/Frameworks/Accelerate.framework/Versions/A/Accelerate
0x0000000005b5f000 	/System/Library/Frameworks/Accelerate.framework/Versions/A/Frameworks/vImage.framework/Versions/A/vImage
0x0000000005b5f000 	/System/Library/Frameworks/Accelerate.framework/Versions/A/Frameworks/vecLib.framework/Versions/A/vecLib
0x0000000005b5f000 	/System/Library/Frameworks/Accelerate.framework/Versions/A/Frameworks/vecLib.framework/Versions/A/libvDSP.dylib
0x0000000005b5f000 	/System/Library/Frameworks/Accelerate.framework/Versions/A/Frameworks/vecLib.framework/Versions/A/libvMisc.dylib
0x0000000005b5f000 	/System/Library/Frameworks/Accelerate.framework/Versions/A/Frameworks/vecLib.framework/Versions/A/libLAPACK.dylib
0x0000000005b5f000 	/System/Library/Frameworks/Accelerate.framework/Versions/A/Frameworks/vecLib.framework/Versions/A/libBLAS.dylib
0x0000000005b5f000 	/System/Library/Frameworks/Accelerate.framework/Versions/A/Frameworks/vecLib.framework/Versions/A/libLinearAlgebra.dylib
0x0000000005b5f000 	/System/Library/Frameworks/ApplicationServices.framework/Versions/A/Frameworks/ATS.framework/Versions/A/Resources/libFontParser.dylib
0x0000000005b5f000 	/System/Library/Frameworks/ApplicationServices.framework/Versions/A/Frameworks/ATS.framework/Versions/A/Resources/libFontRegistry.dylib
0x0000000005b5f000 	/System/Library/PrivateFrameworks/AppleVPA.framework/Versions/A/AppleVPA
0x0000000005b5f000 	/System/Library/PrivateFrameworks/AppleJPEG.framework/Versions/A/AppleJPEG
0x0000000005b5f000 	/System/Library/Frameworks/ImageIO.framework/Versions/A/Resources/libJPEG.dylib
0x0000000005b5f000 	/System/Library/Frameworks/ImageIO.framework/Versions/A/Resources/libTIFF.dylib
0x0000000005b5f000 	/System/Library/Frameworks/ImageIO.framework/Versions/A/Resources/libPng.dylib
0x0000000005b5f000 	/System/Library/Frameworks/ImageIO.framework/Versions/A/Resources/libGIF.dylib
0x0000000005b5f000 	/System/Library/Frameworks/ImageIO.framework/Versions/A/Resources/libJP2.dylib
0x0000000005b5f000 	/System/Library/Frameworks/ImageIO.framework/Versions/A/Resources/libRadiance.dylib
0x0000000005b5f000 	/System/Library/Frameworks/CoreVideo.framework/Versions/A/CoreVideo
0x0000000005b5f000 	/System/Library/Frameworks/OpenGL.framework/Versions/A/Libraries/libGLU.dylib
0x0000000005b5f000 	/System/Library/Frameworks/OpenGL.framework/Versions/A/Libraries/libGFXShared.dylib
0x0000000005b5f000 	/System/Library/Frameworks/OpenGL.framework/Versions/A/Libraries/libGL.dylib
0x0000000005b5f000 	/System/Library/Frameworks/OpenGL.framework/Versions/A/Libraries/libGLImage.dylib
0x0000000005b5f000 	/System/Library/Frameworks/OpenGL.framework/Versions/A/Libraries/libCVMSPluginSupport.dylib
0x0000000005b5f000 	/System/Library/Frameworks/OpenGL.framework/Versions/A/Libraries/libCoreVMClient.dylib
0x0000000005b5f000 	/usr/lib/libcups.2.dylib
0x0000000005b5f000 	/System/Library/Frameworks/Kerberos.framework/Versions/A/Kerberos
0x0000000005b5f000 	/System/Library/Frameworks/GSS.framework/Versions/A/GSS
0x0000000005b5f000 	/usr/lib/libresolv.9.dylib
0x0000000005b5f000 	/usr/lib/libiconv.2.dylib
0x0000000005b5f000 	/System/Library/PrivateFrameworks/Heimdal.framework/Versions/A/Heimdal
0x0000000005b5f000 	/usr/lib/libheimdal-asn1.dylib
0x0000000005b5f000 	/System/Library/Frameworks/OpenDirectory.framework/Versions/A/OpenDirectory
0x0000000005b5f000 	/System/Library/PrivateFrameworks/CommonAuth.framework/Versions/A/CommonAuth
0x0000000005b5f000 	/System/Library/Frameworks/OpenDirectory.framework/Versions/A/Frameworks/CFOpenDirectory.framework/Versions/A/CFOpenDirectory
0x0000000005b5f000 	/System/Library/Frameworks/SecurityFoundation.framework/Versions/A/SecurityFoundation
0x0000000005b5f000 	/System/Library/PrivateFrameworks/LanguageModeling.framework/Versions/A/LanguageModeling
0x0000000005b5f000 	/usr/lib/libcmph.dylib
0x0000000005b5f000 	/System/Library/Frameworks/ServiceManagement.framework/Versions/A/ServiceManagement
0x0000000005b5f000 	/usr/lib/libxslt.1.dylib
0x0000000005b5f000 	/System/Library/Frameworks/Carbon.framework/Versions/A/Frameworks/Ink.framework/Versions/A/Ink
0x0000000005b5f000 	/System/Library/Frameworks/QuartzCore.framework/Versions/A/Frameworks/CoreImage.framework/Versions/A/CoreImage
0x0000000005b5f000 	/System/Library/PrivateFrameworks/CrashReporterSupport.framework/Versions/A/CrashReporterSupport
0x0000000005b5f000 	/System/Library/Frameworks/OpenCL.framework/Versions/A/OpenCL
0x0000000005b5f000 	/System/Library/PrivateFrameworks/FaceCore.framework/Versions/A/FaceCore
0x0000000005b5f000 	/System/Library/PrivateFrameworks/Ubiquity.framework/Versions/A/Ubiquity
0x0000000005b5f000 	/System/Library/PrivateFrameworks/IconServices.framework/Versions/A/IconServices
0x0000000005b5f000 	/System/Library/PrivateFrameworks/ChunkingLibrary.framework/Versions/A/ChunkingLibrary
0x0000000005b5f000 	/System/Library/PrivateFrameworks/Apple80211.framework/Versions/A/Apple80211
0x0000000005b5f000 	/System/Library/Frameworks/CoreWLAN.framework/Versions/A/CoreWLAN
0x0000000005b5f000 	/System/Library/Frameworks/IOBluetooth.framework/Versions/A/IOBluetooth
0x0000000005b5f000 	/System/Library/PrivateFrameworks/CoreWiFi.framework/Versions/A/CoreWiFi
0x0000000005b5f000 	/System/Library/Frameworks/CoreBluetooth.framework/Versions/A/CoreBluetooth
0x0000000005b5f000 	/System/Library/PrivateFrameworks/DebugSymbols.framework/Versions/A/DebugSymbols
0x0000000005b5f000 	/System/Library/PrivateFrameworks/CoreSymbolication.framework/Versions/A/CoreSymbolication
0x0000000005b5f000 	/System/Library/PrivateFrameworks/Symbolication.framework/Versions/A/Symbolication
0x0000000005b5f000 	/System/Library/PrivateFrameworks/SpeechRecognitionCore.framework/Versions/A/SpeechRecognitionCore
0x000000010b4c4000 	/Library/Java/JavaVirtualMachines/jdk1.8.0_141.jdk/Contents/Home/jre/lib/server/libjvm.dylib
0x0000000005b5f000 	/usr/lib/libstdc++.6.dylib
0x000000010c585000 	/Library/Java/JavaVirtualMachines/jdk1.8.0_141.jdk/Contents/Home/jre/lib/libverify.dylib
0x000000010c593000 	/Library/Java/JavaVirtualMachines/jdk1.8.0_141.jdk/Contents/Home/jre/lib/libjava.dylib
0x000000010c5d2000 	/Library/Java/JavaVirtualMachines/jdk1.8.0_141.jdk/Contents/Home/jre/lib/libzip.dylib
0x0000000121ba6000 	/System/Library/Frameworks/JavaVM.framework/Frameworks/JavaRuntimeSupport.framework/JavaRuntimeSupport
0x0000000121bc1000 	/System/Library/Frameworks/JavaVM.framework/Versions/A/Frameworks/JavaNativeFoundation.framework/Versions/A/JavaNativeFoundation
0x0000000121bd6000 	/System/Library/Frameworks/JavaVM.framework/Versions/A/JavaVM
0x0000000005b5f000 	/System/Library/Frameworks/Carbon.framework/Versions/A/Carbon
0x0000000121be3000 	/System/Library/PrivateFrameworks/JavaLaunching.framework/Versions/A/JavaLaunching
0x0000000005b5f000 	/System/Library/Frameworks/Carbon.framework/Versions/A/Frameworks/CommonPanels.framework/Versions/A/CommonPanels
0x0000000005b5f000 	/System/Library/Frameworks/Carbon.framework/Versions/A/Frameworks/Help.framework/Versions/A/Help
0x0000000005b5f000 	/System/Library/Frameworks/Carbon.framework/Versions/A/Frameworks/ImageCapture.framework/Versions/A/ImageCapture
0x0000000005b5f000 	/System/Library/Frameworks/Carbon.framework/Versions/A/Frameworks/OpenScripting.framework/Versions/A/OpenScripting
0x0000000005b5f000 	/System/Library/Frameworks/Carbon.framework/Versions/A/Frameworks/Print.framework/Versions/A/Print
0x0000000005b5f000 	/System/Library/Frameworks/Carbon.framework/Versions/A/Frameworks/SecurityHI.framework/Versions/A/SecurityHI
0x0000000123fa3000 	/Library/Java/JavaVirtualMachines/jdk1.8.0_141.jdk/Contents/Home/jre/lib/libnet.dylib
0x0000000121ce3000 	/Library/Java/JavaVirtualMachines/jdk1.8.0_141.jdk/Contents/Home/jre/lib/libnio.dylib
0x0000000121d75000 	/Users/jonathanrichards/.gradle/native/25/osx-amd64/libnative-platform.dylib
0x000000012437a000 	/Library/Java/JavaVirtualMachines/jdk1.8.0_141.jdk/Contents/Home/jre/lib/libmanagement.dylib
0x00000001275c8000 	/Library/Java/JavaVirtualMachines/jdk1.8.0_141.jdk/Contents/Home/jre/lib/libawt.dylib
0x0000000129628000 	/Library/Java/JavaVirtualMachines/jdk1.8.0_141.jdk/Contents/Home/jre/lib/./libmlib_image.dylib
0x0000000127e9d000 	/Library/Java/JavaVirtualMachines/jdk1.8.0_141.jdk/Contents/Home/jre/lib/libawt_lwawt.dylib
0x0000000121d00000 	/Library/Java/JavaVirtualMachines/jdk1.8.0_141.jdk/Contents/Home/jre/lib/./libosxapp.dylib
0x0000000005b5f000 	/System/Library/Frameworks/ExceptionHandling.framework/Versions/A/ExceptionHandling
0x0000000005b5f000 	/System/Library/PrivateFrameworks/CoreServicesInternal.framework/Versions/A/CoreServicesInternal
0x0000000005b5f000 	/System/Library/PrivateFrameworks/CloudDocs.framework/Versions/A/CloudDocs
0x0000000005b5f000 	/System/Library/PrivateFrameworks/CoreDuet.framework/Versions/A/CoreDuet
0x0000000005b5f000 	/System/Library/Frameworks/CloudKit.framework/Versions/A/CloudKit
0x0000000005b5f000 	/System/Library/PrivateFrameworks/ProtocolBuffer.framework/Versions/A/ProtocolBuffer
0x0000000005b5f000 	/System/Library/PrivateFrameworks/CoreDuetDaemonProtocol.framework/Versions/A/CoreDuetDaemonProtocol
0x0000000005b5f000 	/System/Library/PrivateFrameworks/CoreDuetDebugLogging.framework/Versions/A/CoreDuetDebugLogging
0x0000000005b5f000 	/System/Library/PrivateFrameworks/MMCS.framework/Versions/A/MMCS
0x0000000005b5f000 	/System/Library/Frameworks/CoreLocation.framework/Versions/A/CoreLocation
0x0000000005b5f000 	/System/Library/PrivateFrameworks/ProtectedCloudStorage.framework/Versions/A/ProtectedCloudStorage
0x0000000005b5f000 	/System/Library/PrivateFrameworks/GeoServices.framework/Versions/A/GeoServices
0x0000000005b5f000 	/System/Library/Frameworks/CoreGraphics.framework/Versions/A/Resources/libCGCMS.A.dylib
0x0000000005b5f000 	/System/Library/Frameworks/CoreGraphics.framework/Versions/A/Resources/libRIP.A.dylib
0x0000000005b5f000 	/System/Library/Frameworks/OpenCL.framework/Versions/A/Libraries/libcldcpuengine.dylib
0x0000000005b5f000 	/System/Library/PrivateFrameworks/DiskImages.framework/Versions/A/DiskImages
0x0000000005b5f000 	/System/Library/Frameworks/DiscRecording.framework/Versions/A/DiscRecording
0x0000000005b5f000 	/usr/lib/libcsfde.dylib
0x0000000005b5f000 	/usr/lib/libcurl.4.dylib
0x0000000005b5f000 	/System/Library/PrivateFrameworks/MediaKit.framework/Versions/A/MediaKit
0x0000000005b5f000 	/usr/lib/libCoreStorage.dylib
0x0000000005b5f000 	/System/Library/PrivateFrameworks/EFILogin.framework/Versions/A/EFILogin
0x0000000005b5f000 	/usr/lib/libutil.dylib
0x0000000005b5f000 	/System/Library/PrivateFrameworks/FindMyDevice.framework/Versions/A/FindMyDevice
0x0000000005b5f000 	/System/Library/Frameworks/LDAP.framework/Versions/A/LDAP
0x0000000005b5f000 	/usr/lib/libsasl2.2.dylib
0x0000000005b5f000 	/System/Library/PrivateFrameworks/CoreDaemon.framework/Versions/B/CoreDaemon
0x0000000005b5f000 	/usr/lib/libcrypto.0.9.8.dylib
0x0000000005b5f000 	/System/Library/PrivateFrameworks/AppleSRP.framework/Versions/A/AppleSRP
0x0000000005b5f000 	/System/Library/PrivateFrameworks/TrustEvaluationAgent.framework/Versions/A/TrustEvaluationAgent
0x00000001251b1000 	cl_kernels
0x000000012cd97000 	/System/Library/Frameworks/OpenCL.framework/Versions/A/Libraries/ImageFormats/unorm8_bgra.dylib
0x0000000125544000 	cl_kernels
0x0000000005b5f000 	/System/Library/PrivateFrameworks/FamilyControls.framework/Versions/A/FamilyControls
0x0000000005b5f000 	/System/Library/PrivateFrameworks/CommerceKit.framework/Versions/A/Frameworks/CommerceCore.framework/Versions/A/CommerceCore
0x0000000005b5f000 	/System/Library/PrivateFrameworks/SystemAdministration.framework/Versions/A/SystemAdministration
0x0000000005b5f000 	/System/Library/PrivateFrameworks/AppContainer.framework/Versions/A/AppContainer
0x0000000005b5f000 	/System/Library/PrivateFrameworks/SecCodeWrapper.framework/Versions/A/SecCodeWrapper
0x0000000005b5f000 	/System/Library/Frameworks/DirectoryService.framework/Versions/A/DirectoryService
0x0000000005b5f000 	/System/Library/PrivateFrameworks/LoginUIKit.framework/Versions/A/Frameworks/LoginUICore.framework/Versions/A/LoginUICore
0x0000000005b5f000 	/usr/lib/libodfde.dylib
0x0000000005b5f000 	/System/Library/Frameworks/OpenGL.framework/Versions/A/Resources/GLEngine.bundle/GLEngine
0x0000000005b5f000 	/System/Library/Frameworks/OpenGL.framework/Versions/A/Libraries/libGLProgrammability.dylib
0x000000012e45b000 	/System/Library/Extensions/AppleIntelBDWGraphicsGLDriver.bundle/Contents/MacOS/AppleIntelBDWGraphicsGLDriver
0x0000000005b5f000 	/System/Library/PrivateFrameworks/IOAccelerator.framework/Versions/A/IOAccelerator
0x0000000005b5f000 	/System/Library/PrivateFrameworks/GPUSupport.framework/Versions/A/Libraries/libGPUSupportMercury.dylib
0x0000000005b5f000 	/System/Library/Frameworks/OpenGL.framework/Versions/A/Resources/GLRendererFloat.bundle/GLRendererFloat
0x000000012fc35000 	/Library/Java/JavaVirtualMachines/jdk1.8.0_141.jdk/Contents/Home/jre/lib/libdcpr.dylib
0x0000000121c9b000 	/private/var/folders/6_/lzlsqnfj0yg2p3y8rs_cmns80000gn/T/native-platform3499447744723737650dir/libnative-platform.dylib
0x000000012513a000 	/Users/jonathanrichards/.gradle/native/jansi/1.14/osx/libjansi.jnilib

VM Arguments:
jvm_args: -Xmx1536m -Dfile.encoding=UTF-8 -Duser.country=US -Duser.language=en -Duser.variant 
java_command: org.gradle.launcher.daemon.bootstrap.GradleDaemon 4.1-rc-1
java_class_path (initial): /Users/jonathanrichards/.gradle/wrapper/dists/gradle-4.1-rc-1-all/936kh1brdchce6fvd2c1o8t8x/gradle-4.1-rc-1/lib/gradle-launcher-4.1.jar
Launcher Type: SUN_STANDARD

Environment Variables:
PATH=/opt/local/bin:/opt/local/sbin:/usr/local/bin:/usr/bin:/bin:/usr/sbin:/sbin:/opt/X11/bin:/opt/local/bin:/opt/local/sbin:/://platform-tools://usr/bin:/Users/jonathanrichards/Downloads/grails-2.4.0/bin:/Users/jonathanrichards/Work/apache-tomcat-7.0.65/bin:/Users/jonathanrichards/Work/Arxan Technologies/GuardIT_for_Java_5.1 2:/Users/jonathanrichards/Library/Android/sdk//platform-tools:/Users/jonathanrichards/Library/Android/sdk//tools:/Users/jonathanrichards/Library/Android/sdk/:/Users/jonathanrichards/Library/Android/sdk/ndk-bundle:/Users/jonathanrichards/Downloads/grails-2.4.0/bin:/Users/jonathanrichards/Work/apache-tomcat-7.0.65/bin:/Users/jonathanrichards/Work/Arxan Technologies/GuardIT_for_Java_5.1 2:/Users/jonathanrichards/Library/Android/sdk//platform-tools:/Users/jonathanrichards/Library/Android/sdk//tools:/Users/jonathanrichards/Library/Android/sdk/:/Users/jonathanrichards/Library/Android/sdk/ndk-bundle
SHELL=/bin/bash
DISPLAY=/private/tmp/com.apple.launchd.hUgxJPaf3X/org.macosforge.xquartz:0

Signal Handlers:
SIGSEGV: [libjvm.dylib+0x5b26e5], sa_mask[0]=11111111011111110111111111111111, sa_flags=SA_ONSTACK|SA_RESTART|SA_SIGINFO
SIGBUS: [libjvm.dylib+0x5b26e5], sa_mask[0]=11111111011111110111111111111111, sa_flags=SA_RESTART|SA_SIGINFO
SIGFPE: [libjvm.dylib+0x489100], sa_mask[0]=11111111011111110111111111111111, sa_flags=SA_RESTART|SA_SIGINFO
SIGPIPE: [libjvm.dylib+0x489100], sa_mask[0]=11111111011111110111111111111111, sa_flags=SA_RESTART|SA_SIGINFO
SIGXFSZ: [libjvm.dylib+0x489100], sa_mask[0]=11111111011111110111111111111111, sa_flags=SA_RESTART|SA_SIGINFO
SIGILL: [libjvm.dylib+0x489100], sa_mask[0]=11111111011111110111111111111111, sa_flags=SA_RESTART|SA_SIGINFO
SIGUSR1: SIG_DFL, sa_mask[0]=11011111011111100000000111000110, sa_flags=none
SIGUSR2: [libjvm.dylib+0x488c1e], sa_mask[0]=00100000000000000000000000000000, sa_flags=SA_RESTART|SA_SIGINFO
SIGHUP: [libjvm.dylib+0x4871f5], sa_mask[0]=11111111011111110111111111111111, sa_flags=SA_RESTART|SA_SIGINFO
SIGINT: [libjvm.dylib+0x4871f5], sa_mask[0]=11111111011111110111111111111111, sa_flags=SA_RESTART|SA_SIGINFO
SIGTERM: [libjvm.dylib+0x4871f5], sa_mask[0]=11111111011111110111111111111111, sa_flags=SA_RESTART|SA_SIGINFO
SIGQUIT: [libjvm.dylib+0x4871f5], sa_mask[0]=11111111011111110111111111111111, sa_flags=SA_RESTART|SA_SIGINFO


---------------  S Y S T E M  ---------------

OS:Bsduname:Darwin 14.5.0 Darwin Kernel Version 14.5.0: Mon Aug 29 21:14:16 PDT 2016; root:xnu-2782.50.6~1/RELEASE_X86_64 x86_64
rlimit: STACK 8192k, CORE 0k, NPROC 709, NOFILE 10240, AS infinity
load average:4.05 3.37 3.06

CPU:total 4 (initial active 4) (2 cores per cpu, 2 threads per core) family 6 model 61 stepping 4, cmov, cx8, fxsr, mmx, sse, sse2, sse3, ssse3, sse4.1, sse4.2, popcnt, avx, avx2, aes, clmul, erms, 3dnowpref, lzcnt, ht, tsc, tscinvbit, bmi1, bmi2, adx

Memory: 4k page, physical 8388608k(29380k free)

/proc/meminfo:


vm_info: Java HotSpot(TM) 64-Bit Server VM (25.141-b15) for bsd-amd64 JRE (1.8.0_141-b15), built on Jul 12 2017 04:35:23 by "java_re" with gcc 4.2.1 (Based on Apple Inc. build 5658) (LLVM build 2336.11.00)

time: Wed Aug  9 12:14:18 2017
elapsed time: 105 seconds (0d 0h 1m 45s)

