#
# A fatal error has been detected by the Java Runtime Environment:
#
#  SIGSEGV (0xb) at pc=0x000000010802f46f, pid=1460, tid=0x0000000000007003
#
# JRE version: Java(TM) SE Runtime Environment (8.0_141-b15) (build 1.8.0_141-b15)
# Java VM: Java HotSpot(TM) 64-Bit Server VM (25.141-b15 mixed mode bsd-amd64 compressed oops)
# Problematic frame:
# V  [libjvm.dylib+0x31f46f]
#
# Failed to write core dump. Core dumps have been disabled. To enable core dumping, try "ulimit -c unlimited" before starting Java again
#
# If you would like to submit a bug report, please visit:
#   http://bugreport.java.com/bugreport/crash.jsp
#

---------------  T H R E A D  ---------------

Current thread (0x00007fb1804d4000):  JavaThread "Task worker for ':'" [_thread_in_vm, id=28675, stack(0x00000001256fa000,0x00000001257fa000)]

siginfo: si_signo: 11 (SIGSEGV), si_code: 1 (SEGV_MAPERR), si_addr: 0x0000000000000010

Registers:
RAX=0x00000001085ff060, RBX=0x0000000000000000, RCX=0x0000000000000000, RDX=0x0000000000000000
RSP=0x00000001257f5660, RBP=0x00000001257f56d0, RSI=0x00000001257f5770, RDI=0x00007fb1804d41f8
R8 =0x0000000000000000, R9 =0x00007fff85e7fd60, R10=0x00000001082f9bea, R11=0x00007fb07350c5af
R12=0x00007fb1804d41f8, R13=0x00007fb1804d4000, R14=0x0000000000000000, R15=0x00000001257f5770
RIP=0x000000010802f46f, EFLAGS=0x0000000000010246, ERR=0x0000000000000004
  TRAPNO=0x000000000000000e

Top of Stack: (sp=0x00000001257f5660)
0x00000001257f5660:   000000012c841e08 00007fb1804d4000
0x00000001257f5670:   00007fb1804d4000 00007fb1804d4000
0x00000001257f5680:   00007fb17c9b2c38 0000000100000b8b
0x00000001257f5690:   000000010830f498 00007fb1804d4000
0x00000001257f56a0:   00007fb1804d4000 00007fb1804d41f8
0x00000001257f56b0:   000000010802f3cf 000000012c842220
0x00000001257f56c0:   00000001257f5770 0000000120662e39
0x00000001257f56d0:   00000001257f5710 0000000120661f98
0x00000001257f56e0:   0000000120661e90 000000012c842228
0x00000001257f56f0:   0000000000000000 000000012c842220
0x00000001257f5700:   00000001257f5778 00007fb1804d4000
0x00000001257f5710:   00000001257f5760 000000010964c9f4
0x00000001257f5720:   00000001257f5720 000000012c842220
0x00000001257f5730:   00000001257f5778 000000012c842440
0x00000001257f5740:   0000000000000000 000000012c842228
0x00000001257f5750:   0000000000000000 00000001257f5780
0x00000001257f5760:   00000001257f57c0 000000010963d2bd
0x00000001257f5770:   00000007a8199428 0000000109646538
0x00000001257f5780:   00000001257f5780 000000012c8423a4
0x00000001257f5790:   00000001257f57c8 000000012c842440
0x00000001257f57a0:   0000000000000000 000000012c8423b0
0x00000001257f57b0:   00000001257f5780 00000001257f57d0
0x00000001257f57c0:   00000001257f5830 00000001096357a7
0x00000001257f57d0:   0000000100001fa0 000000000000000a
0x00000001257f57e0:   00007fb1804d4000 0000000000000000
0x00000001257f57f0:   000000010963571f 000000012c8423b0
0x00000001257f5800:   00000001257f58c8 00000001257f5a00
0x00000001257f5810:   00007fb10000000a 000000012c8423b0
0x00000001257f5820:   0000000109647c80 00000001257f5a10
0x00000001257f5830:   00000001257f59e0 0000000107ffe70a
0x00000001257f5840:   0000000100000000 00007fb1804d4000
0x00000001257f5850:   00007fb1804d4001 00000001257f5a00 

Instructions: (pc=0x000000010802f46f)
0x000000010802f44f:   45 a0 48 89 44 24 08 c7 04 24 49 00 00 00 31 f6
0x000000010802f45f:   41 b9 01 00 00 00 31 d2 4d 89 f0 e8 2b 54 07 00
0x000000010802f46f:   49 63 46 10 49 8b 0e 48 8b 49 68 89 1c 01 90 0f
0x000000010802f47f:   1f 40 00 48 83 7d b0 00 74 09 48 8d 7d a8 e8 02 

Register to memory mapping:

RAX=0x00000001085ff060: _ZN11JvmtiExport31_should_post_field_modificationE+0 in /Library/Java/JavaVirtualMachines/jdk1.8.0_141.jdk/Contents/Home/jre/lib/server/libjvm.dylib at 0x0000000107d10000
RBX=0x0000000000000000 is an unknown value
RCX=0x0000000000000000 is an unknown value
RDX=0x0000000000000000 is an unknown value
RSP=0x00000001257f5660 is pointing into the stack for thread: 0x00007fb1804d4000
RBP=0x00000001257f56d0 is pointing into the stack for thread: 0x00007fb1804d4000
RSI=0x00000001257f5770 is pointing into the stack for thread: 0x00007fb1804d4000
RDI=0x00007fb1804d41f8 is an unknown value
R8 =0x0000000000000000 is an unknown value
R9 =0x00007fff85e7fd60: zeroes+0 in /usr/lib/system/libsystem_c.dylib at 0x00007fff85df8000
R10=0x00000001082f9bea: _ZL24decode_instructions_name+0x9e2 in /Library/Java/JavaVirtualMachines/jdk1.8.0_141.jdk/Contents/Home/jre/lib/server/libjvm.dylib at 0x0000000107d10000
R11=0x00007fb07350c5af is an unknown value
R12=0x00007fb1804d41f8 is an unknown value
R13=0x00007fb1804d4000 is a thread
R14=0x0000000000000000 is an unknown value
R15=0x00000001257f5770 is pointing into the stack for thread: 0x00007fb1804d4000


Stack: [0x00000001256fa000,0x00000001257fa000],  sp=0x00000001257f5660,  free space=1005k
Native frames: (J=compiled Java code, j=interpreted, Vv=VM code, C=native code)
V  [libjvm.dylib+0x31f46f]
C  [libjansi.jnilib+0xf98]  Java_org_fusesource_jansi_internal_CLibrary_init+0x108
j  org.fusesource.jansi.internal.CLibrary.init()V+0
j  org.fusesource.jansi.internal.CLibrary.<clinit>()V+20
v  ~StubRoutines::call_stub
V  [libjvm.dylib+0x2ee70a]
V  [libjvm.dylib+0x2c12c1]
V  [libjvm.dylib+0x2c2925]
V  [libjvm.dylib+0x2c2bbb]
V  [libjvm.dylib+0x3c9b1e]
V  [libjvm.dylib+0x3cc103]
V  [libjvm.dylib+0x2e95f7]
j  org.jetbrains.kotlin.cli.common.messages.PlainTextMessageRenderer.<clinit>()V+21
v  ~StubRoutines::call_stub
V  [libjvm.dylib+0x2ee70a]
V  [libjvm.dylib+0x2c12c1]
V  [libjvm.dylib+0x2c2925]
V  [libjvm.dylib+0x2c2bbb]
V  [libjvm.dylib+0x2c2763]
V  [libjvm.dylib+0x2c2bbb]
V  [libjvm.dylib+0x2ea15c]
j  org.jetbrains.kotlin.cli.common.messages.MessageRenderer.<clinit>()V+10
v  ~StubRoutines::call_stub
V  [libjvm.dylib+0x2ee70a]
V  [libjvm.dylib+0x2c12c1]
V  [libjvm.dylib+0x2c2925]
V  [libjvm.dylib+0x2c2bbb]
V  [libjvm.dylib+0x3c9b1e]
V  [libjvm.dylib+0x3cc103]
V  [libjvm.dylib+0x2e95f7]
j  org.jetbrains.kotlin.compilerRunner.GradleCompilerRunner$loggingMessageCollector$2$1.<init>(Lorg/jetbrains/kotlin/compilerRunner/GradleCompilerRunner$loggingMessageCollector$2;)V+10
j  org.jetbrains.kotlin.compilerRunner.GradleCompilerRunner$loggingMessageCollector$2.invoke()Lorg/jetbrains/kotlin/compilerRunner/GradleCompilerRunner$loggingMessageCollector$2$1;+5
j  org.jetbrains.kotlin.compilerRunner.GradleCompilerRunner$loggingMessageCollector$2.invoke()Ljava/lang/Object;+1
j  kotlin.SynchronizedLazyImpl.getValue()Ljava/lang/Object;+49
j  org.jetbrains.kotlin.compilerRunner.GradleCompilerRunner.getLoggingMessageCollector()Lorg/jetbrains/kotlin/cli/common/messages/MessageCollector;+14
j  org.jetbrains.kotlin.compilerRunner.GradleCompilerRunner.compileOutOfProcess([Ljava/lang/String;Ljava/lang/String;Lorg/jetbrains/kotlin/compilerRunner/GradleCompilerEnvironment;)Lorg/jetbrains/kotlin/cli/common/ExitCode;+238
j  org.jetbrains.kotlin.compilerRunner.GradleCompilerRunner.compileWithDaemonOrFallback(Ljava/lang/String;Lorg/jetbrains/kotlin/cli/common/arguments/CommonCompilerArguments;Lorg/jetbrains/kotlin/compilerRunner/GradleCompilerEnvironment;)Lorg/jetbrains/kotlin/cli/common/ExitCode;+584
j  org.jetbrains.kotlin.compilerRunner.GradleCompilerRunner.compileWithDaemonOrFallback(Ljava/lang/String;Lorg/jetbrains/kotlin/cli/common/arguments/CommonCompilerArguments;Lorg/jetbrains/kotlin/compilerRunner/CompilerEnvironment;)Lorg/jetbrains/kotlin/cli/common/ExitCode;+7
j  org.jetbrains.kotlin.compilerRunner.KotlinCompilerRunner.runCompiler(Ljava/lang/String;Lorg/jetbrains/kotlin/cli/common/arguments/CommonCompilerArguments;Lorg/jetbrains/kotlin/compilerRunner/CompilerEnvironment;)Lorg/jetbrains/kotlin/cli/common/ExitCode;+25
j  org.jetbrains.kotlin.compilerRunner.GradleCompilerRunner.runJvmCompiler(Ljava/util/List;Ljava/lang/Iterable;Lorg/jetbrains/kotlin/cli/common/arguments/K2JVMCompilerArguments;Lorg/jetbrains/kotlin/compilerRunner/GradleCompilerEnvironment;)Lorg/jetbrains/kotlin/cli/common/ExitCode;+234
j  org.jetbrains.kotlin.gradle.tasks.KotlinCompile.callCompiler$kotlin_gradle_plugin(Lorg/jetbrains/kotlin/cli/common/arguments/K2JVMCompilerArguments;Lorg/jetbrains/kotlin/gradle/tasks/SourceRoots;Lorg/jetbrains/kotlin/incremental/ChangedFiles;)V+291
j  org.jetbrains.kotlin.gradle.tasks.KotlinCompile.callCompiler$kotlin_gradle_plugin(Lorg/jetbrains/kotlin/cli/common/arguments/CommonCompilerArguments;Lorg/jetbrains/kotlin/gradle/tasks/SourceRoots;Lorg/jetbrains/kotlin/incremental/ChangedFiles;)V+7
j  org.jetbrains.kotlin.gradle.tasks.AbstractKotlinCompile.execute(Lorg/gradle/api/tasks/incremental/IncrementalTaskInputs;)V+189
v  ~StubRoutines::call_stub
V  [libjvm.dylib+0x2ee70a]
V  [libjvm.dylib+0x4d3c0c]
V  [libjvm.dylib+0x4d4140]
V  [libjvm.dylib+0x346b0c]
J 1381  sun.reflect.NativeMethodAccessorImpl.invoke0(Ljava/lang/reflect/Method;Ljava/lang/Object;[Ljava/lang/Object;)Ljava/lang/Object; (0 bytes) @ 0x0000000109a312ed [0x0000000109a31200+0xed]
J 1380 C1 sun.reflect.NativeMethodAccessorImpl.invoke(Ljava/lang/Object;[Ljava/lang/Object;)Ljava/lang/Object; (104 bytes) @ 0x0000000109a35714 [0x0000000109a34540+0x11d4]
J 6964 C2 java.lang.reflect.Method.invoke(Ljava/lang/Object;[Ljava/lang/Object;)Ljava/lang/Object; (62 bytes) @ 0x000000010982a70c [0x000000010982a680+0x8c]
J 2095 C1 org.gradle.internal.reflect.JavaMethod.invoke(Ljava/lang/Object;[Ljava/lang/Object;)Ljava/lang/Object; (74 bytes) @ 0x0000000109dd3efc [0x0000000109dd3de0+0x11c]
j  org.gradle.api.internal.project.taskfactory.DefaultTaskClassInfoStore$IncrementalTaskAction.doExecute(Lorg/gradle/api/Task;Ljava/lang/String;)V+35
j  org.gradle.api.internal.project.taskfactory.DefaultTaskClassInfoStore$StandardTaskAction.execute(Lorg/gradle/api/Task;)V+32
j  org.gradle.api.internal.project.taskfactory.DefaultTaskClassInfoStore$StandardTaskAction.execute(Ljava/lang/Object;)V+5
j  org.gradle.api.internal.tasks.execution.ExecuteActionsTaskExecuter$1.run(Lorg/gradle/internal/operations/BuildOperationContext;)V+23
j  org.gradle.internal.progress.DefaultBuildOperationExecutor$RunnableBuildOperationWorker.execute(Lorg/gradle/internal/operations/RunnableBuildOperation;Lorg/gradle/internal/operations/BuildOperationContext;)V+2
j  org.gradle.internal.progress.DefaultBuildOperationExecutor$RunnableBuildOperationWorker.execute(Lorg/gradle/internal/operations/BuildOperation;Lorg/gradle/internal/operations/BuildOperationContext;)V+6
J 6958 C1 org.gradle.internal.progress.DefaultBuildOperationExecutor.execute(Lorg/gradle/internal/operations/BuildOperation;Lorg/gradle/internal/operations/BuildOperationWorker;Lorg/gradle/internal/progress/DefaultBuildOperationExecutor$DefaultBuildOperationState;)V (430 bytes) @ 0x0000000109d25c84 [0x0000000109d233c0+0x28c4]
j  org.gradle.internal.progress.DefaultBuildOperationExecutor.run(Lorg/gradle/internal/operations/RunnableBuildOperation;)V+20
j  org.gradle.api.internal.tasks.execution.ExecuteActionsTaskExecuter.executeAction(Ljava/lang/String;Lorg/gradle/api/internal/TaskInternal;Lorg/gradle/api/internal/tasks/ContextAwareTaskAction;Lorg/gradle/api/internal/tasks/TaskExecutionContext;)V+23
j  org.gradle.api.internal.tasks.execution.ExecuteActionsTaskExecuter.executeActions(Lorg/gradle/api/internal/TaskInternal;Lorg/gradle/api/internal/tasks/TaskStateInternal;Lorg/gradle/api/internal/tasks/TaskExecutionContext;)Lorg/gradle/api/GradleException;+131
j  org.gradle.api.internal.tasks.execution.ExecuteActionsTaskExecuter.execute(Lorg/gradle/api/internal/TaskInternal;Lorg/gradle/api/internal/tasks/TaskStateInternal;Lorg/gradle/api/internal/tasks/TaskExecutionContext;)V+42
j  org.gradle.api.internal.tasks.execution.SkipUpToDateTaskExecuter.execute(Lorg/gradle/api/internal/TaskInternal;Lorg/gradle/api/internal/tasks/TaskStateInternal;Lorg/gradle/api/internal/tasks/TaskExecutionContext;)V+124
j  org.gradle.api.internal.tasks.execution.ResolveTaskOutputCachingStateExecuter.execute(Lorg/gradle/api/internal/TaskInternal;Lorg/gradle/api/internal/tasks/TaskStateInternal;Lorg/gradle/api/internal/tasks/TaskExecutionContext;)V+96
j  org.gradle.api.internal.tasks.execution.ValidatingTaskExecuter.execute(Lorg/gradle/api/internal/TaskInternal;Lorg/gradle/api/internal/tasks/TaskStateInternal;Lorg/gradle/api/internal/tasks/TaskExecutionContext;)V+215
j  org.gradle.api.internal.tasks.execution.SkipEmptySourceFilesTaskExecuter.execute(Lorg/gradle/api/internal/TaskInternal;Lorg/gradle/api/internal/tasks/TaskStateInternal;Lorg/gradle/api/internal/tasks/TaskExecutionContext;)V+335
j  org.gradle.api.internal.tasks.execution.ResolveTaskArtifactStateTaskExecuter.execute(Lorg/gradle/api/internal/TaskInternal;Lorg/gradle/api/internal/tasks/TaskStateInternal;Lorg/gradle/api/internal/tasks/TaskExecutionContext;)V+72
j  org.gradle.api.internal.tasks.execution.SkipTaskWithNoActionsExecuter.execute(Lorg/gradle/api/internal/TaskInternal;Lorg/gradle/api/internal/tasks/TaskStateInternal;Lorg/gradle/api/internal/tasks/TaskExecutionContext;)V+124
j  org.gradle.api.internal.tasks.execution.SkipOnlyIfTaskExecuter.execute(Lorg/gradle/api/internal/TaskInternal;Lorg/gradle/api/internal/tasks/TaskStateInternal;Lorg/gradle/api/internal/tasks/TaskExecutionContext;)V+85
j  org.gradle.api.internal.tasks.execution.ExecuteAtMostOnceTaskExecuter.execute(Lorg/gradle/api/internal/TaskInternal;Lorg/gradle/api/internal/tasks/TaskStateInternal;Lorg/gradle/api/internal/tasks/TaskExecutionContext;)V+26
j  org.gradle.api.internal.tasks.execution.CatchExceptionTaskExecuter.execute(Lorg/gradle/api/internal/TaskInternal;Lorg/gradle/api/internal/tasks/TaskStateInternal;Lorg/gradle/api/internal/tasks/TaskExecutionContext;)V+7
j  org.gradle.execution.taskgraph.DefaultTaskGraphExecuter$EventFiringTaskWorker$1.run(Lorg/gradle/internal/operations/BuildOperationContext;)V+56
j  org.gradle.internal.progress.DefaultBuildOperationExecutor$RunnableBuildOperationWorker.execute(Lorg/gradle/internal/operations/RunnableBuildOperation;Lorg/gradle/internal/operations/BuildOperationContext;)V+2
j  org.gradle.internal.progress.DefaultBuildOperationExecutor$RunnableBuildOperationWorker.execute(Lorg/gradle/internal/operations/BuildOperation;Lorg/gradle/internal/operations/BuildOperationContext;)V+6
J 6958 C1 org.gradle.internal.progress.DefaultBuildOperationExecutor.execute(Lorg/gradle/internal/operations/BuildOperation;Lorg/gradle/internal/operations/BuildOperationWorker;Lorg/gradle/internal/progress/DefaultBuildOperationExecutor$DefaultBuildOperationState;)V (430 bytes) @ 0x0000000109d25c84 [0x0000000109d233c0+0x28c4]
j  org.gradle.internal.progress.DefaultBuildOperationExecutor.run(Lorg/gradle/internal/operations/RunnableBuildOperation;)V+20
j  org.gradle.execution.taskgraph.DefaultTaskGraphExecuter$EventFiringTaskWorker.execute(Lorg/gradle/api/internal/TaskInternal;)V+16
j  org.gradle.execution.taskgraph.DefaultTaskGraphExecuter$EventFiringTaskWorker.execute(Ljava/lang/Object;)V+5
j  org.gradle.execution.taskgraph.DefaultTaskPlanExecutor$TaskExecutorWorker.processTask(Lorg/gradle/execution/taskgraph/TaskInfo;)V+8
j  org.gradle.execution.taskgraph.DefaultTaskPlanExecutor$TaskExecutorWorker.access$200(Lorg/gradle/execution/taskgraph/DefaultTaskPlanExecutor$TaskExecutorWorker;Lorg/gradle/execution/taskgraph/TaskInfo;)V+2
j  org.gradle.execution.taskgraph.DefaultTaskPlanExecutor$TaskExecutorWorker$1.execute(Lorg/gradle/execution/taskgraph/TaskInfo;)V+38
j  org.gradle.execution.taskgraph.DefaultTaskPlanExecutor$TaskExecutorWorker$1.execute(Ljava/lang/Object;)V+5
j  org.gradle.execution.taskgraph.DefaultTaskExecutionPlan.execute(Lorg/gradle/execution/taskgraph/TaskInfo;Lorg/gradle/internal/work/WorkerLeaseRegistry$WorkerLease;Lorg/gradle/api/Action;)V+14
j  org.gradle.execution.taskgraph.DefaultTaskExecutionPlan.executeWithTask(Lorg/gradle/internal/work/WorkerLeaseRegistry$WorkerLease;Lorg/gradle/api/Action;)Z+53
j  org.gradle.execution.taskgraph.DefaultTaskPlanExecutor$TaskExecutorWorker.run()V+52
J 3340 C1 org.gradle.internal.concurrent.ExecutorPolicy$CatchAndRecordFailures.onExecute(Ljava/lang/Runnable;)V (29 bytes) @ 0x000000010a14359c [0x000000010a143480+0x11c]
j  org.gradle.internal.concurrent.ManagedExecutorImpl$1.run()V+25
j  java.util.concurrent.ThreadPoolExecutor.runWorker(Ljava/util/concurrent/ThreadPoolExecutor$Worker;)V+95
j  java.util.concurrent.ThreadPoolExecutor$Worker.run()V+5
j  org.gradle.internal.concurrent.ThreadFactoryImpl$ManagedThreadRunnable.run()V+7
j  java.lang.Thread.run()V+11
v  ~StubRoutines::call_stub
V  [libjvm.dylib+0x2ee70a]
V  [libjvm.dylib+0x2eeeae]
V  [libjvm.dylib+0x2ef05a]
V  [libjvm.dylib+0x3497b1]
V  [libjvm.dylib+0x56c0b3]
V  [libjvm.dylib+0x56d7a0]
V  [libjvm.dylib+0x48baee]
...<more frames>...

Java frames: (J=compiled Java code, j=interpreted, Vv=VM code)
j  org.fusesource.jansi.internal.CLibrary.init()V+0
j  org.fusesource.jansi.internal.CLibrary.<clinit>()V+20
v  ~StubRoutines::call_stub
j  org.jetbrains.kotlin.cli.common.messages.PlainTextMessageRenderer.<clinit>()V+21
v  ~StubRoutines::call_stub
j  org.jetbrains.kotlin.cli.common.messages.MessageRenderer.<clinit>()V+10
v  ~StubRoutines::call_stub
j  org.jetbrains.kotlin.compilerRunner.GradleCompilerRunner$loggingMessageCollector$2$1.<init>(Lorg/jetbrains/kotlin/compilerRunner/GradleCompilerRunner$loggingMessageCollector$2;)V+10
j  org.jetbrains.kotlin.compilerRunner.GradleCompilerRunner$loggingMessageCollector$2.invoke()Lorg/jetbrains/kotlin/compilerRunner/GradleCompilerRunner$loggingMessageCollector$2$1;+5
j  org.jetbrains.kotlin.compilerRunner.GradleCompilerRunner$loggingMessageCollector$2.invoke()Ljava/lang/Object;+1
j  kotlin.SynchronizedLazyImpl.getValue()Ljava/lang/Object;+49
j  org.jetbrains.kotlin.compilerRunner.GradleCompilerRunner.getLoggingMessageCollector()Lorg/jetbrains/kotlin/cli/common/messages/MessageCollector;+14
j  org.jetbrains.kotlin.compilerRunner.GradleCompilerRunner.compileOutOfProcess([Ljava/lang/String;Ljava/lang/String;Lorg/jetbrains/kotlin/compilerRunner/GradleCompilerEnvironment;)Lorg/jetbrains/kotlin/cli/common/ExitCode;+238
j  org.jetbrains.kotlin.compilerRunner.GradleCompilerRunner.compileWithDaemonOrFallback(Ljava/lang/String;Lorg/jetbrains/kotlin/cli/common/arguments/CommonCompilerArguments;Lorg/jetbrains/kotlin/compilerRunner/GradleCompilerEnvironment;)Lorg/jetbrains/kotlin/cli/common/ExitCode;+584
j  org.jetbrains.kotlin.compilerRunner.GradleCompilerRunner.compileWithDaemonOrFallback(Ljava/lang/String;Lorg/jetbrains/kotlin/cli/common/arguments/CommonCompilerArguments;Lorg/jetbrains/kotlin/compilerRunner/CompilerEnvironment;)Lorg/jetbrains/kotlin/cli/common/ExitCode;+7
j  org.jetbrains.kotlin.compilerRunner.KotlinCompilerRunner.runCompiler(Ljava/lang/String;Lorg/jetbrains/kotlin/cli/common/arguments/CommonCompilerArguments;Lorg/jetbrains/kotlin/compilerRunner/CompilerEnvironment;)Lorg/jetbrains/kotlin/cli/common/ExitCode;+25
j  org.jetbrains.kotlin.compilerRunner.GradleCompilerRunner.runJvmCompiler(Ljava/util/List;Ljava/lang/Iterable;Lorg/jetbrains/kotlin/cli/common/arguments/K2JVMCompilerArguments;Lorg/jetbrains/kotlin/compilerRunner/GradleCompilerEnvironment;)Lorg/jetbrains/kotlin/cli/common/ExitCode;+234
j  org.jetbrains.kotlin.gradle.tasks.KotlinCompile.callCompiler$kotlin_gradle_plugin(Lorg/jetbrains/kotlin/cli/common/arguments/K2JVMCompilerArguments;Lorg/jetbrains/kotlin/gradle/tasks/SourceRoots;Lorg/jetbrains/kotlin/incremental/ChangedFiles;)V+291
j  org.jetbrains.kotlin.gradle.tasks.KotlinCompile.callCompiler$kotlin_gradle_plugin(Lorg/jetbrains/kotlin/cli/common/arguments/CommonCompilerArguments;Lorg/jetbrains/kotlin/gradle/tasks/SourceRoots;Lorg/jetbrains/kotlin/incremental/ChangedFiles;)V+7
j  org.jetbrains.kotlin.gradle.tasks.AbstractKotlinCompile.execute(Lorg/gradle/api/tasks/incremental/IncrementalTaskInputs;)V+189
v  ~StubRoutines::call_stub
J 1381  sun.reflect.NativeMethodAccessorImpl.invoke0(Ljava/lang/reflect/Method;Ljava/lang/Object;[Ljava/lang/Object;)Ljava/lang/Object; (0 bytes) @ 0x0000000109a31277 [0x0000000109a31200+0x77]
J 1380 C1 sun.reflect.NativeMethodAccessorImpl.invoke(Ljava/lang/Object;[Ljava/lang/Object;)Ljava/lang/Object; (104 bytes) @ 0x0000000109a35714 [0x0000000109a34540+0x11d4]
J 6964 C2 java.lang.reflect.Method.invoke(Ljava/lang/Object;[Ljava/lang/Object;)Ljava/lang/Object; (62 bytes) @ 0x000000010982a70c [0x000000010982a680+0x8c]
J 2095 C1 org.gradle.internal.reflect.JavaMethod.invoke(Ljava/lang/Object;[Ljava/lang/Object;)Ljava/lang/Object; (74 bytes) @ 0x0000000109dd3efc [0x0000000109dd3de0+0x11c]
j  org.gradle.api.internal.project.taskfactory.DefaultTaskClassInfoStore$IncrementalTaskAction.doExecute(Lorg/gradle/api/Task;Ljava/lang/String;)V+35
j  org.gradle.api.internal.project.taskfactory.DefaultTaskClassInfoStore$StandardTaskAction.execute(Lorg/gradle/api/Task;)V+32
j  org.gradle.api.internal.project.taskfactory.DefaultTaskClassInfoStore$StandardTaskAction.execute(Ljava/lang/Object;)V+5
j  org.gradle.api.internal.tasks.execution.ExecuteActionsTaskExecuter$1.run(Lorg/gradle/internal/operations/BuildOperationContext;)V+23
j  org.gradle.internal.progress.DefaultBuildOperationExecutor$RunnableBuildOperationWorker.execute(Lorg/gradle/internal/operations/RunnableBuildOperation;Lorg/gradle/internal/operations/BuildOperationContext;)V+2
j  org.gradle.internal.progress.DefaultBuildOperationExecutor$RunnableBuildOperationWorker.execute(Lorg/gradle/internal/operations/BuildOperation;Lorg/gradle/internal/operations/BuildOperationContext;)V+6
J 6958 C1 org.gradle.internal.progress.DefaultBuildOperationExecutor.execute(Lorg/gradle/internal/operations/BuildOperation;Lorg/gradle/internal/operations/BuildOperationWorker;Lorg/gradle/internal/progress/DefaultBuildOperationExecutor$DefaultBuildOperationState;)V (430 bytes) @ 0x0000000109d25c84 [0x0000000109d233c0+0x28c4]
j  org.gradle.internal.progress.DefaultBuildOperationExecutor.run(Lorg/gradle/internal/operations/RunnableBuildOperation;)V+20
j  org.gradle.api.internal.tasks.execution.ExecuteActionsTaskExecuter.executeAction(Ljava/lang/String;Lorg/gradle/api/internal/TaskInternal;Lorg/gradle/api/internal/tasks/ContextAwareTaskAction;Lorg/gradle/api/internal/tasks/TaskExecutionContext;)V+23
j  org.gradle.api.internal.tasks.execution.ExecuteActionsTaskExecuter.executeActions(Lorg/gradle/api/internal/TaskInternal;Lorg/gradle/api/internal/tasks/TaskStateInternal;Lorg/gradle/api/internal/tasks/TaskExecutionContext;)Lorg/gradle/api/GradleException;+131
j  org.gradle.api.internal.tasks.execution.ExecuteActionsTaskExecuter.execute(Lorg/gradle/api/internal/TaskInternal;Lorg/gradle/api/internal/tasks/TaskStateInternal;Lorg/gradle/api/internal/tasks/TaskExecutionContext;)V+42
j  org.gradle.api.internal.tasks.execution.SkipUpToDateTaskExecuter.execute(Lorg/gradle/api/internal/TaskInternal;Lorg/gradle/api/internal/tasks/TaskStateInternal;Lorg/gradle/api/internal/tasks/TaskExecutionContext;)V+124
j  org.gradle.api.internal.tasks.execution.ResolveTaskOutputCachingStateExecuter.execute(Lorg/gradle/api/internal/TaskInternal;Lorg/gradle/api/internal/tasks/TaskStateInternal;Lorg/gradle/api/internal/tasks/TaskExecutionContext;)V+96
j  org.gradle.api.internal.tasks.execution.ValidatingTaskExecuter.execute(Lorg/gradle/api/internal/TaskInternal;Lorg/gradle/api/internal/tasks/TaskStateInternal;Lorg/gradle/api/internal/tasks/TaskExecutionContext;)V+215
j  org.gradle.api.internal.tasks.execution.SkipEmptySourceFilesTaskExecuter.execute(Lorg/gradle/api/internal/TaskInternal;Lorg/gradle/api/internal/tasks/TaskStateInternal;Lorg/gradle/api/internal/tasks/TaskExecutionContext;)V+335
j  org.gradle.api.internal.tasks.execution.ResolveTaskArtifactStateTaskExecuter.execute(Lorg/gradle/api/internal/TaskInternal;Lorg/gradle/api/internal/tasks/TaskStateInternal;Lorg/gradle/api/internal/tasks/TaskExecutionContext;)V+72
j  org.gradle.api.internal.tasks.execution.SkipTaskWithNoActionsExecuter.execute(Lorg/gradle/api/internal/TaskInternal;Lorg/gradle/api/internal/tasks/TaskStateInternal;Lorg/gradle/api/internal/tasks/TaskExecutionContext;)V+124
j  org.gradle.api.internal.tasks.execution.SkipOnlyIfTaskExecuter.execute(Lorg/gradle/api/internal/TaskInternal;Lorg/gradle/api/internal/tasks/TaskStateInternal;Lorg/gradle/api/internal/tasks/TaskExecutionContext;)V+85
j  org.gradle.api.internal.tasks.execution.ExecuteAtMostOnceTaskExecuter.execute(Lorg/gradle/api/internal/TaskInternal;Lorg/gradle/api/internal/tasks/TaskStateInternal;Lorg/gradle/api/internal/tasks/TaskExecutionContext;)V+26
j  org.gradle.api.internal.tasks.execution.CatchExceptionTaskExecuter.execute(Lorg/gradle/api/internal/TaskInternal;Lorg/gradle/api/internal/tasks/TaskStateInternal;Lorg/gradle/api/internal/tasks/TaskExecutionContext;)V+7
j  org.gradle.execution.taskgraph.DefaultTaskGraphExecuter$EventFiringTaskWorker$1.run(Lorg/gradle/internal/operations/BuildOperationContext;)V+56
j  org.gradle.internal.progress.DefaultBuildOperationExecutor$RunnableBuildOperationWorker.execute(Lorg/gradle/internal/operations/RunnableBuildOperation;Lorg/gradle/internal/operations/BuildOperationContext;)V+2
j  org.gradle.internal.progress.DefaultBuildOperationExecutor$RunnableBuildOperationWorker.execute(Lorg/gradle/internal/operations/BuildOperation;Lorg/gradle/internal/operations/BuildOperationContext;)V+6
J 6958 C1 org.gradle.internal.progress.DefaultBuildOperationExecutor.execute(Lorg/gradle/internal/operations/BuildOperation;Lorg/gradle/internal/operations/BuildOperationWorker;Lorg/gradle/internal/progress/DefaultBuildOperationExecutor$DefaultBuildOperationState;)V (430 bytes) @ 0x0000000109d25c84 [0x0000000109d233c0+0x28c4]
j  org.gradle.internal.progress.DefaultBuildOperationExecutor.run(Lorg/gradle/internal/operations/RunnableBuildOperation;)V+20
j  org.gradle.execution.taskgraph.DefaultTaskGraphExecuter$EventFiringTaskWorker.execute(Lorg/gradle/api/internal/TaskInternal;)V+16
j  org.gradle.execution.taskgraph.DefaultTaskGraphExecuter$EventFiringTaskWorker.execute(Ljava/lang/Object;)V+5
j  org.gradle.execution.taskgraph.DefaultTaskPlanExecutor$TaskExecutorWorker.processTask(Lorg/gradle/execution/taskgraph/TaskInfo;)V+8
j  org.gradle.execution.taskgraph.DefaultTaskPlanExecutor$TaskExecutorWorker.access$200(Lorg/gradle/execution/taskgraph/DefaultTaskPlanExecutor$TaskExecutorWorker;Lorg/gradle/execution/taskgraph/TaskInfo;)V+2
j  org.gradle.execution.taskgraph.DefaultTaskPlanExecutor$TaskExecutorWorker$1.execute(Lorg/gradle/execution/taskgraph/TaskInfo;)V+38
j  org.gradle.execution.taskgraph.DefaultTaskPlanExecutor$TaskExecutorWorker$1.execute(Ljava/lang/Object;)V+5
j  org.gradle.execution.taskgraph.DefaultTaskExecutionPlan.execute(Lorg/gradle/execution/taskgraph/TaskInfo;Lorg/gradle/internal/work/WorkerLeaseRegistry$WorkerLease;Lorg/gradle/api/Action;)V+14
j  org.gradle.execution.taskgraph.DefaultTaskExecutionPlan.executeWithTask(Lorg/gradle/internal/work/WorkerLeaseRegistry$WorkerLease;Lorg/gradle/api/Action;)Z+53
j  org.gradle.execution.taskgraph.DefaultTaskPlanExecutor$TaskExecutorWorker.run()V+52
J 3340 C1 org.gradle.internal.concurrent.ExecutorPolicy$CatchAndRecordFailures.onExecute(Ljava/lang/Runnable;)V (29 bytes) @ 0x000000010a14359c [0x000000010a143480+0x11c]
j  org.gradle.internal.concurrent.ManagedExecutorImpl$1.run()V+25
j  java.util.concurrent.ThreadPoolExecutor.runWorker(Ljava/util/concurrent/ThreadPoolExecutor$Worker;)V+95
j  java.util.concurrent.ThreadPoolExecutor$Worker.run()V+5
j  org.gradle.internal.concurrent.ThreadFactoryImpl$ManagedThreadRunnable.run()V+7
j  java.lang.Thread.run()V+11
v  ~StubRoutines::call_stub

---------------  P R O C E S S  ---------------

Java Threads: ( => current thread )
  0x00007fb180473800 JavaThread "AWT-Shutdown" [_thread_blocked, id=40983, stack(0x000000012b058000,0x000000012b158000)]
  0x00007fb181342800 JavaThread "Thread-42" [_thread_in_native, id=45323, stack(0x0000000126e60000,0x0000000126f60000)]
  0x00007fb17d343000 JavaThread "process reaper" daemon [_thread_blocked, id=75267, stack(0x00000001286ef000,0x0000000128717000)]
  0x00007fb1811ee800 JavaThread "process reaper" daemon [_thread_in_native, id=74755, stack(0x00000001286c4000,0x00000001286ec000)]
  0x00007fb17d342800 JavaThread "process reaper" daemon [_thread_blocked, id=74243, stack(0x000000012742b000,0x0000000127453000)]
  0x00007fb17d341800 JavaThread "process reaper" daemon [_thread_blocked, id=73731, stack(0x0000000125a86000,0x0000000125aae000)]
  0x00007fb181195000 JavaThread "process reaper" daemon [_thread_blocked, id=47383, stack(0x00000001251d3000,0x00000001251fb000)]
  0x00007fb18152f800 JavaThread "Java2D Disposer" daemon [_thread_blocked, id=70423, stack(0x000000012bd53000,0x000000012be53000)]
  0x00007fb180c15800 JavaThread "Java2D Queue Flusher" daemon [_thread_blocked, id=69131, stack(0x000000012adfe000,0x000000012aefe000)]
  0x00007fb180efc800 JavaThread "AWT-AppKit" daemon [_thread_in_native, id=1811, stack(0x00007fff577ef000,0x00007fff57fef000)]
  0x00007fb17eaa6000 JavaThread "Worker Daemon Execution Thread 13" [_thread_blocked, id=36355, stack(0x0000000126cda000,0x0000000126dda000)]
  0x00007fb17bd51000 JavaThread "Worker Daemon Execution Thread 12" [_thread_blocked, id=35843, stack(0x0000000126bd7000,0x0000000126cd7000)]
  0x00007fb1801b6800 JavaThread "Worker Daemon Execution Thread 11" [_thread_blocked, id=35331, stack(0x0000000126ad4000,0x0000000126bd4000)]
  0x00007fb1801b5800 JavaThread "Worker Daemon Execution Thread 10" [_thread_blocked, id=34819, stack(0x00000001269d1000,0x0000000126ad1000)]
  0x00007fb181186800 JavaThread "Worker Daemon Execution Thread 9" [_thread_blocked, id=34307, stack(0x00000001268ce000,0x00000001269ce000)]
  0x00007fb181191000 JavaThread "Worker Daemon Execution Thread 8" [_thread_blocked, id=33795, stack(0x00000001267cb000,0x00000001268cb000)]
  0x00007fb180dde000 JavaThread "Worker Daemon Execution Thread 7" [_thread_blocked, id=33283, stack(0x00000001266c8000,0x00000001267c8000)]
  0x00007fb17bd50000 JavaThread "Worker Daemon Execution Thread 6" [_thread_blocked, id=32771, stack(0x00000001265c5000,0x00000001266c5000)]
  0x00007fb180b27800 JavaThread "Worker Daemon Execution Thread 5" [_thread_blocked, id=32259, stack(0x00000001264c2000,0x00000001265c2000)]
  0x00007fb17b973800 JavaThread "Worker Daemon Execution Thread 4" [_thread_blocked, id=31747, stack(0x00000001261bf000,0x00000001262bf000)]
  0x00007fb180ddd000 JavaThread "Worker Daemon Execution Thread 3" [_thread_blocked, id=31235, stack(0x00000001260bc000,0x00000001261bc000)]
  0x00007fb1809ef800 JavaThread "Worker Daemon Execution Thread 2" [_thread_blocked, id=30723, stack(0x0000000125fb9000,0x00000001260b9000)]
  0x00007fb17d4bf000 JavaThread "Worker Daemon Execution" [_thread_blocked, id=30211, stack(0x0000000125eb6000,0x0000000125fb6000)]
  0x00007fb17d0ec800 JavaThread "Task worker for ':' Thread 3" [_thread_blocked, id=29699, stack(0x0000000125900000,0x0000000125a00000)]
  0x00007fb180a34800 JavaThread "Task worker for ':' Thread 2" [_thread_blocked, id=29187, stack(0x00000001257fd000,0x00000001258fd000)]
=>0x00007fb1804d4000 JavaThread "Task worker for ':'" [_thread_in_vm, id=28675, stack(0x00000001256fa000,0x00000001257fa000)]
  0x00007fb180ddb800 JavaThread "Cache worker for task history cache (/Users/jonathanrichards/Work/MyApplication/.gradle/4.1-rc-1/taskHistory)" [_thread_blocked, id=28163, stack(0x0000000125019000,0x0000000125119000)]
  0x00007fb18102d000 JavaThread "Cache worker for file content cache (/Users/jonathanrichards/Work/MyApplication/.gradle/4.1-rc-1/fileContent)" [_thread_blocked, id=27651, stack(0x000000012436e000,0x000000012446e000)]
  0x00007fb1803b0800 JavaThread "Memory manager" [_thread_blocked, id=27139, stack(0x000000012451e000,0x000000012461e000)]
  0x00007fb17f6f5000 JavaThread "pool-1-thread-1" [_thread_blocked, id=26627, stack(0x00000001246f3000,0x00000001247f3000)]
  0x00007fb1802f2800 JavaThread "build operations Thread 4" [_thread_blocked, id=26115, stack(0x0000000123945000,0x0000000123a45000)]
  0x00007fb17ea89800 JavaThread "build operations Thread 3" [_thread_blocked, id=25603, stack(0x0000000122b78000,0x0000000122c78000)]
  0x00007fb180c03800 JavaThread "build operations Thread 2" [_thread_blocked, id=25091, stack(0x0000000123347000,0x0000000123447000)]
  0x00007fb18089c800 JavaThread "build operations" [_thread_blocked, id=24579, stack(0x0000000122fa0000,0x00000001230a0000)]
  0x00007fb1806f7800 JavaThread "Cache worker for Artifact transforms cache (/Users/jonathanrichards/.gradle/caches/transforms-1)" [_thread_blocked, id=24067, stack(0x0000000123842000,0x0000000123942000)]
  0x00007fb17c2b6800 JavaThread "Cache worker for file hash cache (/Users/jonathanrichards/Work/MyApplication/.gradle/4.1-rc-1/fileHashes)" [_thread_blocked, id=23555, stack(0x0000000121f07000,0x0000000122007000)]
  0x00007fb17d079000 JavaThread "File lock request listener" [_thread_in_native, id=23043, stack(0x0000000121b41000,0x0000000121c41000)]
  0x00007fb17c9c6800 JavaThread "Cache worker for file hash cache (/Users/jonathanrichards/.gradle/caches/4.1-rc-1/fileHashes)" [_thread_blocked, id=22531, stack(0x0000000121a3e000,0x0000000121b3e000)]
  0x00007fb17c2b5800 JavaThread "Asynchronous log dispatcher for DefaultDaemonConnection: socket connection from /127.94.0.1:55680 to /127.94.0.1:55681" [_thread_blocked, id=21507, stack(0x00000001216e7000,0x00000001217e7000)]
  0x00007fb17d2d2800 JavaThread "Daemon worker" [_thread_blocked, id=20995, stack(0x00000001213e4000,0x00000001214e4000)]
  0x00007fb17d2d1000 JavaThread "Cancel handler" [_thread_blocked, id=20483, stack(0x00000001212e1000,0x00000001213e1000)]
  0x00007fb17cb73800 JavaThread "Handler for socket connection from /127.94.0.1:55680 to /127.94.0.1:55681" [_thread_in_native, id=19971, stack(0x00000001211de000,0x00000001212de000)]
  0x00007fb17d2f0800 JavaThread "Daemon" [_thread_blocked, id=19459, stack(0x00000001210db000,0x00000001211db000)]
  0x00007fb17d2fd800 JavaThread "Daemon periodic checks" [_thread_blocked, id=18947, stack(0x0000000120fd8000,0x00000001210d8000)]
  0x00007fb17cb2a800 JavaThread "Incoming local TCP Connector on port 55680" [_thread_in_native, id=13063, stack(0x0000000120ed5000,0x0000000120fd5000)]
  0x00007fb17d2e7000 JavaThread "Daemon health stats" [_thread_blocked, id=12039, stack(0x0000000120bcd000,0x0000000120ccd000)]
  0x00007fb17d020000 JavaThread "Service Thread" daemon [_thread_blocked, id=17923, stack(0x00000001200a6000,0x00000001201a6000)]
  0x00007fb17d01f800 JavaThread "C1 CompilerThread2" daemon [_thread_blocked, id=17411, stack(0x000000011ffa3000,0x00000001200a3000)]
  0x00007fb17b821800 JavaThread "C2 CompilerThread1" daemon [_thread_blocked, id=16899, stack(0x000000011fea0000,0x000000011ffa0000)]
  0x00007fb17d01e800 JavaThread "C2 CompilerThread0" daemon [_thread_blocked, id=16387, stack(0x000000011fd9d000,0x000000011fe9d000)]
  0x00007fb17c02c800 JavaThread "Signal Dispatcher" daemon [_thread_blocked, id=13327, stack(0x000000011fc9a000,0x000000011fd9a000)]
  0x00007fb17c82c000 JavaThread "Finalizer" daemon [_thread_blocked, id=11523, stack(0x000000011e2f7000,0x000000011e3f7000)]
  0x00007fb17d002000 JavaThread "Reference Handler" daemon [_thread_blocked, id=11011, stack(0x000000011e1f4000,0x000000011e2f4000)]
  0x00007fb17d003800 JavaThread "main" [_thread_blocked, id=4867, stack(0x0000000108ccf000,0x0000000108dcf000)]

Other Threads:
  0x00007fb17c825800 VMThread [stack: 0x000000011e0f1000,0x000000011e1f1000] [id=10499]
  0x00007fb17d01d000 WatcherThread [stack: 0x00000001201a9000,0x00000001202a9000] [id=18435]

VM state:not at safepoint (normal execution)

VM Mutex/Monitor currently owned by a thread: None

Heap:
 PSYoungGen      total 308736K, used 133258K [0x00000007a0000000, 0x00000007bb900000, 0x00000007c0000000)
  eden space 288768K, 46% used [0x00000007a0000000,0x00000007a8222bd8,0x00000007b1a00000)
  from space 19968K, 0% used [0x00000007b1a00000,0x00000007b1a00000,0x00000007b2d80000)
  to   space 18944K, 0% used [0x00000007ba680000,0x00000007ba680000,0x00000007bb900000)
 ParOldGen       total 117760K, used 39180K [0x0000000760000000, 0x0000000767300000, 0x00000007a0000000)
  object space 117760K, 33% used [0x0000000760000000,0x0000000762643150,0x0000000767300000)
 Metaspace       used 60811K, capacity 62718K, committed 63000K, reserved 1103872K
  class space    used 8280K, capacity 8721K, committed 8752K, reserved 1048576K

Card table byte_map: [0x00000001189f5000,0x0000000118cf6000] byte_map_base: 0x0000000114ef5000

Marking Bits: (ParMarkBitMap*) 0x00000001086035d0
 Begin Bits: [0x0000000119302000, 0x000000011ab02000)
 End Bits:   [0x000000011ab02000, 0x000000011c302000)

Polling page: 0x0000000108ddf000

CodeCache: size=245760Kb used=23436Kb max_used=23486Kb free=222323Kb
 bounds [0x0000000109635000, 0x000000010ad55000, 0x0000000118635000]
 total_blobs=8299 nmethods=7422 adapters=789
 compilation: enabled

Compilation events (10 events):
Event: 82.337 Thread 0x00007fb17d01f800 8771       3       java.util.concurrent.LinkedBlockingDeque$AbstractItr::hasNext (13 bytes)
Event: 82.337 Thread 0x00007fb17d01f800 nmethod 8771 0x0000000109d90a50 code [0x0000000109d90bc0, 0x0000000109d90d70]
Event: 82.338 Thread 0x00007fb17d01f800 8772       3       java.util.concurrent.LinkedBlockingDeque$AbstractItr::next (34 bytes)
Event: 82.338 Thread 0x00007fb17d01f800 nmethod 8772 0x00000001099791d0 code [0x0000000109979360, 0x0000000109979698]
Event: 82.339 Thread 0x00007fb17d01f800 8773   !   3       java.util.concurrent.LinkedBlockingDeque$AbstractItr::advance (61 bytes)
Event: 82.339 Thread 0x00007fb17d01f800 nmethod 8773 0x0000000109927990 code [0x0000000109927b60, 0x00000001099282f8]
Event: 85.117 Thread 0x00007fb17d01f800 8774       3       java.util.concurrent.ScheduledThreadPoolExecutor::canRunInCurrentRunState (20 bytes)
Event: 85.117 Thread 0x00007fb17d01f800 nmethod 8774 0x000000010aa45390 code [0x000000010aa45500, 0x000000010aa45950]
Event: 85.118 Thread 0x00007fb17d01f800 8775       3       java.util.concurrent.ThreadPoolExecutor::isRunningOrShutdown (31 bytes)
Event: 85.118 Thread 0x00007fb17d01f800 nmethod 8775 0x000000010a1ea990 code [0x000000010a1eab00, 0x000000010a1eae30]

GC Heap History (10 events):
Event: 52.551 GC heap before
{Heap before GC invocations=10 (full 2):
 PSYoungGen      total 215040K, used 8514K [0x00000007a0000000, 0x00000007af600000, 0x00000007c0000000)
  eden space 204288K, 0% used [0x00000007a0000000,0x00000007a0000000,0x00000007ac780000)
  from space 10752K, 79% used [0x00000007ad280000,0x00000007adad08e0,0x00000007add00000)
  to   space 11264K, 0% used [0x00000007ac780000,0x00000007ac780000,0x00000007ad280000)
 ParOldGen       total 52224K, used 8097K [0x0000000760000000, 0x0000000763300000, 0x00000007a0000000)
  object space 52224K, 15% used [0x0000000760000000,0x00000007607e85c8,0x0000000763300000)
 Metaspace       used 34493K, capacity 35204K, committed 35496K, reserved 1079296K
  class space    used 4794K, capacity 5020K, committed 5040K, reserved 1048576K
Event: 52.681 GC heap after
Heap after GC invocations=10 (full 2):
 PSYoungGen      total 215040K, used 0K [0x00000007a0000000, 0x00000007af600000, 0x00000007c0000000)
  eden space 204288K, 0% used [0x00000007a0000000,0x00000007a0000000,0x00000007ac780000)
  from space 10752K, 0% used [0x00000007ad280000,0x00000007ad280000,0x00000007add00000)
  to   space 11264K, 0% used [0x00000007ac780000,0x00000007ac780000,0x00000007ad280000)
 ParOldGen       total 70144K, used 15050K [0x0000000760000000, 0x0000000764480000, 0x00000007a0000000)
  object space 70144K, 21% used [0x0000000760000000,0x0000000760eb2a50,0x0000000764480000)
 Metaspace       used 34493K, capacity 35204K, committed 35496K, reserved 1079296K
  class space    used 4794K, capacity 5020K, committed 5040K, reserved 1048576K
}
Event: 59.057 GC heap before
{Heap before GC invocations=11 (full 2):
 PSYoungGen      total 215040K, used 204288K [0x00000007a0000000, 0x00000007af600000, 0x00000007c0000000)
  eden space 204288K, 100% used [0x00000007a0000000,0x00000007ac780000,0x00000007ac780000)
  from space 10752K, 0% used [0x00000007ad280000,0x00000007ad280000,0x00000007add00000)
  to   space 11264K, 0% used [0x00000007ac780000,0x00000007ac780000,0x00000007ad280000)
 ParOldGen       total 70144K, used 15050K [0x0000000760000000, 0x0000000764480000, 0x00000007a0000000)
  object space 70144K, 21% used [0x0000000760000000,0x0000000760eb2a50,0x0000000764480000)
 Metaspace       used 46941K, capacity 47870K, committed 48168K, reserved 1091584K
  class space    used 6384K, capacity 6694K, committed 6704K, reserved 1048576K
Event: 59.105 GC heap after
Heap after GC invocations=11 (full 2):
 PSYoungGen      total 215552K, used 11234K [0x00000007a0000000, 0x00000007b3c00000, 0x00000007c0000000)
  eden space 204288K, 0% used [0x00000007a0000000,0x00000007a0000000,0x00000007ac780000)
  from space 11264K, 99% used [0x00000007ac780000,0x00000007ad2789f8,0x00000007ad280000)
  to   space 14848K, 0% used [0x00000007b2d80000,0x00000007b2d80000,0x00000007b3c00000)
 ParOldGen       total 70144K, used 21214K [0x0000000760000000, 0x0000000764480000, 0x00000007a0000000)
  object space 70144K, 30% used [0x0000000760000000,0x00000007614b7920,0x0000000764480000)
 Metaspace       used 46941K, capacity 47870K, committed 48168K, reserved 1091584K
  class space    used 6384K, capacity 6694K, committed 6704K, reserved 1048576K
}
Event: 64.086 GC heap before
{Heap before GC invocations=12 (full 2):
 PSYoungGen      total 215552K, used 215522K [0x00000007a0000000, 0x00000007b3c00000, 0x00000007c0000000)
  eden space 204288K, 100% used [0x00000007a0000000,0x00000007ac780000,0x00000007ac780000)
  from space 11264K, 99% used [0x00000007ac780000,0x00000007ad2789f8,0x00000007ad280000)
  to   space 14848K, 0% used [0x00000007b2d80000,0x00000007b2d80000,0x00000007b3c00000)
 ParOldGen       total 70144K, used 21214K [0x0000000760000000, 0x0000000764480000, 0x00000007a0000000)
  object space 70144K, 30% used [0x0000000760000000,0x00000007614b7920,0x0000000764480000)
 Metaspace       used 54638K, capacity 56364K, committed 56616K, reserved 1097728K
  class space    used 7502K, capacity 7927K, committed 7984K, reserved 1048576K
Event: 64.134 GC heap after
Heap after GC invocations=12 (full 2):
 PSYoungGen      total 303616K, used 14828K [0x00000007a0000000, 0x00000007b4580000, 0x00000007c0000000)
  eden space 288768K, 0% used [0x00000007a0000000,0x00000007a0000000,0x00000007b1a00000)
  from space 14848K, 99% used [0x00000007b2d80000,0x00000007b3bfb310,0x00000007b3c00000)
  to   space 19968K, 0% used [0x00000007b1a00000,0x00000007b1a00000,0x00000007b2d80000)
 ParOldGen       total 70144K, used 30289K [0x0000000760000000, 0x0000000764480000, 0x00000007a0000000)
  object space 70144K, 43% used [0x0000000760000000,0x0000000761d94458,0x0000000764480000)
 Metaspace       used 54638K, capacity 56364K, committed 56616K, reserved 1097728K
  class space    used 7502K, capacity 7927K, committed 7984K, reserved 1048576K
}
Event: 67.981 GC heap before
{Heap before GC invocations=13 (full 2):
 PSYoungGen      total 303616K, used 97079K [0x00000007a0000000, 0x00000007b4580000, 0x00000007c0000000)
  eden space 288768K, 28% used [0x00000007a0000000,0x00000007a5052918,0x00000007b1a00000)
  from space 14848K, 99% used [0x00000007b2d80000,0x00000007b3bfb310,0x00000007b3c00000)
  to   space 19968K, 0% used [0x00000007b1a00000,0x00000007b1a00000,0x00000007b2d80000)
 ParOldGen       total 70144K, used 30289K [0x0000000760000000, 0x0000000764480000, 0x00000007a0000000)
  object space 70144K, 43% used [0x0000000760000000,0x0000000761d94458,0x0000000764480000)
 Metaspace       used 57351K, capacity 59100K, committed 59160K, reserved 1099776K
  class space    used 7824K, capacity 8239K, committed 8240K, reserved 1048576K
Event: 68.016 GC heap after
Heap after GC invocations=13 (full 2):
 PSYoungGen      total 308736K, used 9696K [0x00000007a0000000, 0x00000007bb900000, 0x00000007c0000000)
  eden space 288768K, 0% used [0x00000007a0000000,0x00000007a0000000,0x00000007b1a00000)
  from space 19968K, 48% used [0x00000007b1a00000,0x00000007b23780b0,0x00000007b2d80000)
  to   space 18944K, 0% used [0x00000007ba680000,0x00000007ba680000,0x00000007bb900000)
 ParOldGen       total 70144K, used 44983K [0x0000000760000000, 0x0000000764480000, 0x00000007a0000000)
  object space 70144K, 64% used [0x0000000760000000,0x0000000762bedef0,0x0000000764480000)
 Metaspace       used 57351K, capacity 59100K, committed 59160K, reserved 1099776K
  class space    used 7824K, capacity 8239K, committed 8240K, reserved 1048576K
}
Event: 68.016 GC heap before
{Heap before GC invocations=14 (full 3):
 PSYoungGen      total 308736K, used 9696K [0x00000007a0000000, 0x00000007bb900000, 0x00000007c0000000)
  eden space 288768K, 0% used [0x00000007a0000000,0x00000007a0000000,0x00000007b1a00000)
  from space 19968K, 48% used [0x00000007b1a00000,0x00000007b23780b0,0x00000007b2d80000)
  to   space 18944K, 0% used [0x00000007ba680000,0x00000007ba680000,0x00000007bb900000)
 ParOldGen       total 70144K, used 44983K [0x0000000760000000, 0x0000000764480000, 0x00000007a0000000)
  object space 70144K, 64% used [0x0000000760000000,0x0000000762bedef0,0x0000000764480000)
 Metaspace       used 57351K, capacity 59100K, committed 59160K, reserved 1099776K
  class space    used 7824K, capacity 8239K, committed 8240K, reserved 1048576K
Event: 68.333 GC heap after
Heap after GC invocations=14 (full 3):
 PSYoungGen      total 308736K, used 0K [0x00000007a0000000, 0x00000007bb900000, 0x00000007c0000000)
  eden space 288768K, 0% used [0x00000007a0000000,0x00000007a0000000,0x00000007b1a00000)
  from space 19968K, 0% used [0x00000007b1a00000,0x00000007b1a00000,0x00000007b2d80000)
  to   space 18944K, 0% used [0x00000007ba680000,0x00000007ba680000,0x00000007bb900000)
 ParOldGen       total 117760K, used 39180K [0x0000000760000000, 0x0000000767300000, 0x00000007a0000000)
  object space 117760K, 33% used [0x0000000760000000,0x0000000762643150,0x0000000767300000)
 Metaspace       used 57351K, capacity 59100K, committed 59160K, reserved 1099776K
  class space    used 7824K, capacity 8239K, committed 8240K, reserved 1048576K
}

Deoptimization events (10 events):
Event: 76.352 Thread 0x00007fb1804d4000 Uncommon trap: reason=class_check action=maybe_recompile pc=0x00000001099d3fbc method=java.io.BufferedOutputStream.write([BII)V @ 20
Event: 76.353 Thread 0x00007fb1804d4000 Uncommon trap: reason=class_check action=maybe_recompile pc=0x00000001099d3fbc method=java.io.BufferedOutputStream.write([BII)V @ 20
Event: 76.354 Thread 0x00007fb1804d4000 Uncommon trap: reason=class_check action=maybe_recompile pc=0x00000001099d3fbc method=java.io.BufferedOutputStream.write([BII)V @ 20
Event: 76.354 Thread 0x00007fb1804d4000 Uncommon trap: reason=class_check action=maybe_recompile pc=0x00000001099d3fbc method=java.io.BufferedOutputStream.write([BII)V @ 20
Event: 76.479 Thread 0x00007fb1804d4000 Uncommon trap: reason=range_check action=make_not_entrant pc=0x0000000109a17340 method=sun.nio.fs.UnixDirectoryStream$UnixDirectoryIterator.isSelfOrParent([B)Z @ 2
Event: 76.546 Thread 0x00007fb1804d4000 Uncommon trap: reason=predicate action=maybe_recompile pc=0x000000010ab2fa30 method=java.util.TimSort.binarySort([Ljava/lang/Object;IIILjava/util/Comparator;)V @ 37
Event: 76.583 Thread 0x00007fb17c2b6800 Uncommon trap: reason=unstable_if action=reinterpret pc=0x0000000109ef3dec method=org.gradle.cache.internal.btree.BTreePersistentIndexedCache$1.create(Ljava/lang/Class;)Ljava/lang/Object; @ 4
Event: 76.624 Thread 0x00007fb1804d4000 Uncommon trap: reason=unstable_if action=reinterpret pc=0x000000010a0350d4 method=java.lang.Integer.parseInt(Ljava/lang/String;I)I @ 1
Event: 76.783 Thread 0x00007fb1804d4000 Uncommon trap: reason=unstable_if action=reinterpret pc=0x000000010ac0a890 method=java.lang.Long.getChars(JI[C)V @ 24
Event: 76.805 Thread 0x00007fb1804d4000 Uncommon trap: reason=unstable_if action=reinterpret pc=0x000000010a856ef8 method=java.lang.ClassLoader.checkCerts(Ljava/lang/String;Ljava/security/CodeSource;)V @ 45

Internal exceptions (10 events):
Event: 72.988 Thread 0x00007fb17d2d2800 Implicit null exception at 0x000000010ab34f0e to 0x000000010ab32be9
Event: 72.997 Thread 0x00007fb17d2d2800 Implicit null exception at 0x000000010ab34f0e to 0x000000010ab32be9
Event: 73.599 Thread 0x00007fb1804d4000 Exception <a 'java/lang/NoSuchMethodError': <clinit>> (0x00000007a10e4d90) thrown at [/Users/java_re/workspace/8-2-build-macosx-x86_64/jdk8u141/9370/hotspot/src/share/vm/prims/jni.cpp, line 1613]
Event: 73.601 Thread 0x00007fb1804d4000 Exception <a 'java/lang/NoSuchMethodError': <clinit>> (0x00000007a10f0078) thrown at [/Users/java_re/workspace/8-2-build-macosx-x86_64/jdk8u141/9370/hotspot/src/share/vm/prims/jni.cpp, line 1613]
Event: 73.614 Thread 0x00007fb1804d4000 Exception <a 'java/lang/IncompatibleClassChangeError': Found class java.lang.Object, but interface was expected> (0x00000007a1143890) thrown at [/Users/java_re/workspace/8-2-build-macosx-x86_64/jdk8u141/9370/hotspot/src/share/vm/interpreter/linkResolver.c
Event: 73.997 Thread 0x00007fb1804d4000 Exception <a 'java/lang/NoSuchMethodError': java.lang.Object.lambda$negate$1(Ljava/lang/Object;)Z> (0x00000007a6160778) thrown at [/Users/java_re/workspace/8-2-build-macosx-x86_64/jdk8u141/9370/hotspot/src/share/vm/interpreter/linkResolver.cpp, line 582]
Event: 76.221 Thread 0x00007fb1804d4000 Exception <a 'java/lang/NoSuchMethodError': java.lang.Object.lambda$comparingInt$7b0bb60$1(Ljava/util/function/ToIntFunction;Ljava/lang/Object;Ljava/lang/Object;)I> (0x00000007a65c9528) thrown at [/Users/java_re/workspace/8-2-build-macosx-x86_64/jdk8u141/
Event: 76.624 Thread 0x00007fb1804d4000 Implicit null exception at 0x000000010a034c2f to 0x000000010a0350c5
Event: 86.928 Thread 0x00007fb1804d4000 JVM_StopThread thread JavaThread 0x00007fb181342800 as oop 0x00000007a804f080 [exception 0x00000001257f6d68]
Event: 86.938 Thread 0x00007fb1804d4000 Exception <a 'java/lang/NoSuchFieldError': TCSANOW> (0x00000007a81aa0c8) thrown at [/Users/java_re/workspace/8-2-build-macosx-x86_64/jdk8u141/9370/hotspot/src/share/vm/prims/jni.cpp, line 2955]

Events (10 events):
Event: 86.933 loading class org/jetbrains/kotlin/cli/common/messages/XmlMessageRenderer
Event: 86.933 loading class org/jetbrains/kotlin/cli/common/messages/XmlMessageRenderer done
Event: 86.934 loading class org/jetbrains/kotlin/cli/common/messages/MessageRenderer$1
Event: 86.934 loading class org/jetbrains/kotlin/cli/common/messages/MessageRenderer$1 done
Event: 86.934 loading class org/jetbrains/kotlin/cli/common/messages/PlainTextMessageRenderer
Event: 86.934 loading class org/jetbrains/kotlin/cli/common/messages/PlainTextMessageRenderer done
Event: 86.934 loading class org/fusesource/jansi/internal/CLibrary
Event: 86.934 loading class org/fusesource/jansi/internal/CLibrary done
Event: 86.935 loading class org/jetbrains/kotlin/org/fusesource/hawtjni/runtime/Library
Event: 86.935 loading class org/jetbrains/kotlin/org/fusesource/hawtjni/runtime/Library done


Dynamic libraries:
0x0000000005b5f000 	/System/Library/Frameworks/Cocoa.framework/Versions/A/Cocoa
0x0000000005b5f000 	/System/Library/Frameworks/Security.framework/Versions/A/Security
0x0000000005b5f000 	/System/Library/Frameworks/ApplicationServices.framework/Versions/A/ApplicationServices
0x0000000005b5f000 	/usr/lib/libz.1.dylib
0x0000000005b5f000 	/usr/lib/libSystem.B.dylib
0x0000000005b5f000 	/usr/lib/libobjc.A.dylib
0x0000000005b5f000 	/System/Library/Frameworks/CoreFoundation.framework/Versions/A/CoreFoundation
0x0000000005b5f000 	/System/Library/Frameworks/Foundation.framework/Versions/C/Foundation
0x0000000005b5f000 	/System/Library/Frameworks/AppKit.framework/Versions/C/AppKit
0x0000000005b5f000 	/System/Library/Frameworks/CoreData.framework/Versions/A/CoreData
0x0000000005b5f000 	/System/Library/PrivateFrameworks/RemoteViewServices.framework/Versions/A/RemoteViewServices
0x0000000005b5f000 	/System/Library/PrivateFrameworks/UIFoundation.framework/Versions/A/UIFoundation
0x0000000005b5f000 	/System/Library/Frameworks/IOSurface.framework/Versions/A/IOSurface
0x0000000005b5f000 	/System/Library/Frameworks/AudioToolbox.framework/Versions/A/AudioToolbox
0x0000000005b5f000 	/System/Library/Frameworks/AudioUnit.framework/Versions/A/AudioUnit
0x0000000005b5f000 	/System/Library/PrivateFrameworks/DataDetectorsCore.framework/Versions/A/DataDetectorsCore
0x0000000005b5f000 	/System/Library/PrivateFrameworks/DesktopServicesPriv.framework/Versions/A/DesktopServicesPriv
0x0000000005b5f000 	/System/Library/Frameworks/Carbon.framework/Versions/A/Frameworks/HIToolbox.framework/Versions/A/HIToolbox
0x0000000005b5f000 	/System/Library/Frameworks/QuartzCore.framework/Versions/A/QuartzCore
0x0000000005b5f000 	/System/Library/Frameworks/Carbon.framework/Versions/A/Frameworks/SpeechRecognition.framework/Versions/A/SpeechRecognition
0x0000000005b5f000 	/usr/lib/libauto.dylib
0x0000000005b5f000 	/usr/lib/libicucore.A.dylib
0x0000000005b5f000 	/usr/lib/libxml2.2.dylib
0x0000000005b5f000 	/System/Library/PrivateFrameworks/CoreUI.framework/Versions/A/CoreUI
0x0000000005b5f000 	/System/Library/Frameworks/CoreAudio.framework/Versions/A/CoreAudio
0x0000000005b5f000 	/System/Library/Frameworks/DiskArbitration.framework/Versions/A/DiskArbitration
0x0000000005b5f000 	/usr/lib/liblangid.dylib
0x0000000005b5f000 	/System/Library/PrivateFrameworks/MultitouchSupport.framework/Versions/A/MultitouchSupport
0x0000000005b5f000 	/System/Library/Frameworks/IOKit.framework/Versions/A/IOKit
0x0000000005b5f000 	/usr/lib/libDiagnosticMessagesClient.dylib
0x0000000005b5f000 	/System/Library/Frameworks/CoreServices.framework/Versions/A/CoreServices
0x0000000005b5f000 	/System/Library/PrivateFrameworks/PerformanceAnalysis.framework/Versions/A/PerformanceAnalysis
0x0000000005b5f000 	/System/Library/PrivateFrameworks/GenerationalStorage.framework/Versions/A/GenerationalStorage
0x0000000005b5f000 	/System/Library/Frameworks/OpenGL.framework/Versions/A/OpenGL
0x0000000005b5f000 	/System/Library/PrivateFrameworks/Sharing.framework/Versions/A/Sharing
0x0000000005b5f000 	/System/Library/Frameworks/CoreGraphics.framework/Versions/A/CoreGraphics
0x0000000005b5f000 	/System/Library/Frameworks/CoreText.framework/Versions/A/CoreText
0x0000000005b5f000 	/System/Library/Frameworks/ImageIO.framework/Versions/A/ImageIO
0x0000000005b5f000 	/usr/lib/libextension.dylib
0x0000000005b5f000 	/System/Library/PrivateFrameworks/Backup.framework/Versions/A/Backup
0x0000000005b5f000 	/usr/lib/libarchive.2.dylib
0x0000000005b5f000 	/System/Library/Frameworks/CFNetwork.framework/Versions/A/CFNetwork
0x0000000005b5f000 	/System/Library/Frameworks/SystemConfiguration.framework/Versions/A/SystemConfiguration
0x0000000005b5f000 	/usr/lib/libCRFSuite.dylib
0x0000000005b5f000 	/usr/lib/libc++.1.dylib
0x0000000005b5f000 	/usr/lib/libc++abi.dylib
0x0000000005b5f000 	/usr/lib/system/libcache.dylib
0x0000000005b5f000 	/usr/lib/system/libcommonCrypto.dylib
0x0000000005b5f000 	/usr/lib/system/libcompiler_rt.dylib
0x0000000005b5f000 	/usr/lib/system/libcopyfile.dylib
0x0000000005b5f000 	/usr/lib/system/libcorecrypto.dylib
0x0000000005b5f000 	/usr/lib/system/libdispatch.dylib
0x0000000005b5f000 	/usr/lib/system/libdyld.dylib
0x0000000005b5f000 	/usr/lib/system/libkeymgr.dylib
0x0000000005b5f000 	/usr/lib/system/liblaunch.dylib
0x0000000005b5f000 	/usr/lib/system/libmacho.dylib
0x0000000005b5f000 	/usr/lib/system/libquarantine.dylib
0x0000000005b5f000 	/usr/lib/system/libremovefile.dylib
0x0000000005b5f000 	/usr/lib/system/libsystem_asl.dylib
0x0000000005b5f000 	/usr/lib/system/libsystem_blocks.dylib
0x0000000005b5f000 	/usr/lib/system/libsystem_c.dylib
0x0000000005b5f000 	/usr/lib/system/libsystem_configuration.dylib
0x0000000005b5f000 	/usr/lib/system/libsystem_coreservices.dylib
0x0000000005b5f000 	/usr/lib/system/libsystem_coretls.dylib
0x0000000005b5f000 	/usr/lib/system/libsystem_dnssd.dylib
0x0000000005b5f000 	/usr/lib/system/libsystem_info.dylib
0x0000000005b5f000 	/usr/lib/system/libsystem_kernel.dylib
0x0000000005b5f000 	/usr/lib/system/libsystem_m.dylib
0x0000000005b5f000 	/usr/lib/system/libsystem_malloc.dylib
0x0000000005b5f000 	/usr/lib/system/libsystem_network.dylib
0x0000000005b5f000 	/usr/lib/system/libsystem_networkextension.dylib
0x0000000005b5f000 	/usr/lib/system/libsystem_notify.dylib
0x0000000005b5f000 	/usr/lib/system/libsystem_platform.dylib
0x0000000005b5f000 	/usr/lib/system/libsystem_pthread.dylib
0x0000000005b5f000 	/usr/lib/system/libsystem_sandbox.dylib
0x0000000005b5f000 	/usr/lib/system/libsystem_secinit.dylib
0x0000000005b5f000 	/usr/lib/system/libsystem_stats.dylib
0x0000000005b5f000 	/usr/lib/system/libsystem_trace.dylib
0x0000000005b5f000 	/usr/lib/system/libunc.dylib
0x0000000005b5f000 	/usr/lib/system/libunwind.dylib
0x0000000005b5f000 	/usr/lib/system/libxpc.dylib
0x0000000005b5f000 	/usr/lib/libbz2.1.0.dylib
0x0000000005b5f000 	/usr/lib/liblzma.5.dylib
0x0000000005b5f000 	/usr/lib/libbsm.0.dylib
0x0000000005b5f000 	/usr/lib/libsqlite3.dylib
0x0000000005b5f000 	/usr/lib/system/libkxld.dylib
0x0000000005b5f000 	/usr/lib/libxar.1.dylib
0x0000000005b5f000 	/usr/lib/libpam.2.dylib
0x0000000005b5f000 	/usr/lib/libOpenScriptingUtil.dylib
0x0000000005b5f000 	/System/Library/Frameworks/CoreServices.framework/Versions/A/Frameworks/FSEvents.framework/Versions/A/FSEvents
0x0000000005b5f000 	/System/Library/Frameworks/CoreServices.framework/Versions/A/Frameworks/CarbonCore.framework/Versions/A/CarbonCore
0x0000000005b5f000 	/System/Library/Frameworks/CoreServices.framework/Versions/A/Frameworks/Metadata.framework/Versions/A/Metadata
0x0000000005b5f000 	/System/Library/Frameworks/CoreServices.framework/Versions/A/Frameworks/OSServices.framework/Versions/A/OSServices
0x0000000005b5f000 	/System/Library/Frameworks/CoreServices.framework/Versions/A/Frameworks/SearchKit.framework/Versions/A/SearchKit
0x0000000005b5f000 	/System/Library/Frameworks/CoreServices.framework/Versions/A/Frameworks/AE.framework/Versions/A/AE
0x0000000005b5f000 	/System/Library/Frameworks/CoreServices.framework/Versions/A/Frameworks/LaunchServices.framework/Versions/A/LaunchServices
0x0000000005b5f000 	/System/Library/Frameworks/CoreServices.framework/Versions/A/Frameworks/DictionaryServices.framework/Versions/A/DictionaryServices
0x0000000005b5f000 	/System/Library/Frameworks/NetFS.framework/Versions/A/NetFS
0x0000000005b5f000 	/System/Library/PrivateFrameworks/NetAuth.framework/Versions/A/NetAuth
0x0000000005b5f000 	/System/Library/PrivateFrameworks/login.framework/Versions/A/Frameworks/loginsupport.framework/Versions/A/loginsupport
0x0000000005b5f000 	/System/Library/PrivateFrameworks/TCC.framework/Versions/A/TCC
0x0000000005b5f000 	/usr/lib/libmecabra.dylib
0x0000000005b5f000 	/System/Library/Frameworks/ApplicationServices.framework/Versions/A/Frameworks/ATS.framework/Versions/A/ATS
0x0000000005b5f000 	/System/Library/Frameworks/ApplicationServices.framework/Versions/A/Frameworks/ColorSync.framework/Versions/A/ColorSync
0x0000000005b5f000 	/System/Library/Frameworks/ApplicationServices.framework/Versions/A/Frameworks/HIServices.framework/Versions/A/HIServices
0x0000000005b5f000 	/System/Library/Frameworks/ApplicationServices.framework/Versions/A/Frameworks/LangAnalysis.framework/Versions/A/LangAnalysis
0x0000000005b5f000 	/System/Library/Frameworks/ApplicationServices.framework/Versions/A/Frameworks/PrintCore.framework/Versions/A/PrintCore
0x0000000005b5f000 	/System/Library/Frameworks/ApplicationServices.framework/Versions/A/Frameworks/QD.framework/Versions/A/QD
0x0000000005b5f000 	/System/Library/Frameworks/ApplicationServices.framework/Versions/A/Frameworks/SpeechSynthesis.framework/Versions/A/SpeechSynthesis
0x0000000005b5f000 	/System/Library/Frameworks/Accelerate.framework/Versions/A/Accelerate
0x0000000005b5f000 	/System/Library/Frameworks/Accelerate.framework/Versions/A/Frameworks/vImage.framework/Versions/A/vImage
0x0000000005b5f000 	/System/Library/Frameworks/Accelerate.framework/Versions/A/Frameworks/vecLib.framework/Versions/A/vecLib
0x0000000005b5f000 	/System/Library/Frameworks/Accelerate.framework/Versions/A/Frameworks/vecLib.framework/Versions/A/libvDSP.dylib
0x0000000005b5f000 	/System/Library/Frameworks/Accelerate.framework/Versions/A/Frameworks/vecLib.framework/Versions/A/libvMisc.dylib
0x0000000005b5f000 	/System/Library/Frameworks/Accelerate.framework/Versions/A/Frameworks/vecLib.framework/Versions/A/libLAPACK.dylib
0x0000000005b5f000 	/System/Library/Frameworks/Accelerate.framework/Versions/A/Frameworks/vecLib.framework/Versions/A/libBLAS.dylib
0x0000000005b5f000 	/System/Library/Frameworks/Accelerate.framework/Versions/A/Frameworks/vecLib.framework/Versions/A/libLinearAlgebra.dylib
0x0000000005b5f000 	/System/Library/Frameworks/ApplicationServices.framework/Versions/A/Frameworks/ATS.framework/Versions/A/Resources/libFontParser.dylib
0x0000000005b5f000 	/System/Library/Frameworks/ApplicationServices.framework/Versions/A/Frameworks/ATS.framework/Versions/A/Resources/libFontRegistry.dylib
0x0000000005b5f000 	/System/Library/PrivateFrameworks/AppleVPA.framework/Versions/A/AppleVPA
0x0000000005b5f000 	/System/Library/PrivateFrameworks/AppleJPEG.framework/Versions/A/AppleJPEG
0x0000000005b5f000 	/System/Library/Frameworks/ImageIO.framework/Versions/A/Resources/libJPEG.dylib
0x0000000005b5f000 	/System/Library/Frameworks/ImageIO.framework/Versions/A/Resources/libTIFF.dylib
0x0000000005b5f000 	/System/Library/Frameworks/ImageIO.framework/Versions/A/Resources/libPng.dylib
0x0000000005b5f000 	/System/Library/Frameworks/ImageIO.framework/Versions/A/Resources/libGIF.dylib
0x0000000005b5f000 	/System/Library/Frameworks/ImageIO.framework/Versions/A/Resources/libJP2.dylib
0x0000000005b5f000 	/System/Library/Frameworks/ImageIO.framework/Versions/A/Resources/libRadiance.dylib
0x0000000005b5f000 	/System/Library/Frameworks/CoreVideo.framework/Versions/A/CoreVideo
0x0000000005b5f000 	/System/Library/Frameworks/OpenGL.framework/Versions/A/Libraries/libGLU.dylib
0x0000000005b5f000 	/System/Library/Frameworks/OpenGL.framework/Versions/A/Libraries/libGFXShared.dylib
0x0000000005b5f000 	/System/Library/Frameworks/OpenGL.framework/Versions/A/Libraries/libGL.dylib
0x0000000005b5f000 	/System/Library/Frameworks/OpenGL.framework/Versions/A/Libraries/libGLImage.dylib
0x0000000005b5f000 	/System/Library/Frameworks/OpenGL.framework/Versions/A/Libraries/libCVMSPluginSupport.dylib
0x0000000005b5f000 	/System/Library/Frameworks/OpenGL.framework/Versions/A/Libraries/libCoreVMClient.dylib
0x0000000005b5f000 	/usr/lib/libcups.2.dylib
0x0000000005b5f000 	/System/Library/Frameworks/Kerberos.framework/Versions/A/Kerberos
0x0000000005b5f000 	/System/Library/Frameworks/GSS.framework/Versions/A/GSS
0x0000000005b5f000 	/usr/lib/libresolv.9.dylib
0x0000000005b5f000 	/usr/lib/libiconv.2.dylib
0x0000000005b5f000 	/System/Library/PrivateFrameworks/Heimdal.framework/Versions/A/Heimdal
0x0000000005b5f000 	/usr/lib/libheimdal-asn1.dylib
0x0000000005b5f000 	/System/Library/Frameworks/OpenDirectory.framework/Versions/A/OpenDirectory
0x0000000005b5f000 	/System/Library/PrivateFrameworks/CommonAuth.framework/Versions/A/CommonAuth
0x0000000005b5f000 	/System/Library/Frameworks/OpenDirectory.framework/Versions/A/Frameworks/CFOpenDirectory.framework/Versions/A/CFOpenDirectory
0x0000000005b5f000 	/System/Library/Frameworks/SecurityFoundation.framework/Versions/A/SecurityFoundation
0x0000000005b5f000 	/System/Library/PrivateFrameworks/LanguageModeling.framework/Versions/A/LanguageModeling
0x0000000005b5f000 	/usr/lib/libcmph.dylib
0x0000000005b5f000 	/System/Library/Frameworks/ServiceManagement.framework/Versions/A/ServiceManagement
0x0000000005b5f000 	/usr/lib/libxslt.1.dylib
0x0000000005b5f000 	/System/Library/Frameworks/Carbon.framework/Versions/A/Frameworks/Ink.framework/Versions/A/Ink
0x0000000005b5f000 	/System/Library/Frameworks/QuartzCore.framework/Versions/A/Frameworks/CoreImage.framework/Versions/A/CoreImage
0x0000000005b5f000 	/System/Library/PrivateFrameworks/CrashReporterSupport.framework/Versions/A/CrashReporterSupport
0x0000000005b5f000 	/System/Library/Frameworks/OpenCL.framework/Versions/A/OpenCL
0x0000000005b5f000 	/System/Library/PrivateFrameworks/FaceCore.framework/Versions/A/FaceCore
0x0000000005b5f000 	/System/Library/PrivateFrameworks/Ubiquity.framework/Versions/A/Ubiquity
0x0000000005b5f000 	/System/Library/PrivateFrameworks/IconServices.framework/Versions/A/IconServices
0x0000000005b5f000 	/System/Library/PrivateFrameworks/ChunkingLibrary.framework/Versions/A/ChunkingLibrary
0x0000000005b5f000 	/System/Library/PrivateFrameworks/Apple80211.framework/Versions/A/Apple80211
0x0000000005b5f000 	/System/Library/Frameworks/CoreWLAN.framework/Versions/A/CoreWLAN
0x0000000005b5f000 	/System/Library/Frameworks/IOBluetooth.framework/Versions/A/IOBluetooth
0x0000000005b5f000 	/System/Library/PrivateFrameworks/CoreWiFi.framework/Versions/A/CoreWiFi
0x0000000005b5f000 	/System/Library/Frameworks/CoreBluetooth.framework/Versions/A/CoreBluetooth
0x0000000005b5f000 	/System/Library/PrivateFrameworks/DebugSymbols.framework/Versions/A/DebugSymbols
0x0000000005b5f000 	/System/Library/PrivateFrameworks/CoreSymbolication.framework/Versions/A/CoreSymbolication
0x0000000005b5f000 	/System/Library/PrivateFrameworks/Symbolication.framework/Versions/A/Symbolication
0x0000000005b5f000 	/System/Library/PrivateFrameworks/SpeechRecognitionCore.framework/Versions/A/SpeechRecognitionCore
0x0000000107d10000 	/Library/Java/JavaVirtualMachines/jdk1.8.0_141.jdk/Contents/Home/jre/lib/server/libjvm.dylib
0x0000000005b5f000 	/usr/lib/libstdc++.6.dylib
0x0000000108dd1000 	/Library/Java/JavaVirtualMachines/jdk1.8.0_141.jdk/Contents/Home/jre/lib/libverify.dylib
0x0000000109600000 	/Library/Java/JavaVirtualMachines/jdk1.8.0_141.jdk/Contents/Home/jre/lib/libjava.dylib
0x0000000108de9000 	/Library/Java/JavaVirtualMachines/jdk1.8.0_141.jdk/Contents/Home/jre/lib/libzip.dylib
0x000000011e3f9000 	/System/Library/Frameworks/JavaVM.framework/Frameworks/JavaRuntimeSupport.framework/JavaRuntimeSupport
0x000000011e414000 	/System/Library/Frameworks/JavaVM.framework/Versions/A/Frameworks/JavaNativeFoundation.framework/Versions/A/JavaNativeFoundation
0x0000000108df3000 	/System/Library/Frameworks/JavaVM.framework/Versions/A/JavaVM
0x0000000005b5f000 	/System/Library/Frameworks/Carbon.framework/Versions/A/Carbon
0x000000011e429000 	/System/Library/PrivateFrameworks/JavaLaunching.framework/Versions/A/JavaLaunching
0x0000000005b5f000 	/System/Library/Frameworks/Carbon.framework/Versions/A/Frameworks/CommonPanels.framework/Versions/A/CommonPanels
0x0000000005b5f000 	/System/Library/Frameworks/Carbon.framework/Versions/A/Frameworks/Help.framework/Versions/A/Help
0x0000000005b5f000 	/System/Library/Frameworks/Carbon.framework/Versions/A/Frameworks/ImageCapture.framework/Versions/A/ImageCapture
0x0000000005b5f000 	/System/Library/Frameworks/Carbon.framework/Versions/A/Frameworks/OpenScripting.framework/Versions/A/OpenScripting
0x0000000005b5f000 	/System/Library/Frameworks/Carbon.framework/Versions/A/Frameworks/Print.framework/Versions/A/Print
0x0000000005b5f000 	/System/Library/Frameworks/Carbon.framework/Versions/A/Frameworks/SecurityHI.framework/Versions/A/SecurityHI
0x000000012093a000 	/Library/Java/JavaVirtualMachines/jdk1.8.0_141.jdk/Contents/Home/jre/lib/libnet.dylib
0x000000011e529000 	/Library/Java/JavaVirtualMachines/jdk1.8.0_141.jdk/Contents/Home/jre/lib/libnio.dylib
0x0000000120951000 	/Users/jonathanrichards/.gradle/native/25/osx-amd64/libnative-platform.dylib
0x0000000120bbe000 	/Library/Java/JavaVirtualMachines/jdk1.8.0_141.jdk/Contents/Home/jre/lib/libmanagement.dylib
0x0000000124470000 	/Library/Java/JavaVirtualMachines/jdk1.8.0_141.jdk/Contents/Home/jre/lib/libawt.dylib
0x0000000124620000 	/Library/Java/JavaVirtualMachines/jdk1.8.0_141.jdk/Contents/Home/jre/lib/./libmlib_image.dylib
0x000000012511b000 	/Library/Java/JavaVirtualMachines/jdk1.8.0_141.jdk/Contents/Home/jre/lib/libawt_lwawt.dylib
0x000000012070d000 	/Library/Java/JavaVirtualMachines/jdk1.8.0_141.jdk/Contents/Home/jre/lib/./libosxapp.dylib
0x0000000005b5f000 	/System/Library/Frameworks/ExceptionHandling.framework/Versions/A/ExceptionHandling
0x0000000005b5f000 	/System/Library/PrivateFrameworks/CoreServicesInternal.framework/Versions/A/CoreServicesInternal
0x0000000005b5f000 	/System/Library/PrivateFrameworks/CloudDocs.framework/Versions/A/CloudDocs
0x0000000005b5f000 	/System/Library/PrivateFrameworks/CoreDuet.framework/Versions/A/CoreDuet
0x0000000005b5f000 	/System/Library/Frameworks/CloudKit.framework/Versions/A/CloudKit
0x0000000005b5f000 	/System/Library/PrivateFrameworks/ProtocolBuffer.framework/Versions/A/ProtocolBuffer
0x0000000005b5f000 	/System/Library/PrivateFrameworks/CoreDuetDaemonProtocol.framework/Versions/A/CoreDuetDaemonProtocol
0x0000000005b5f000 	/System/Library/PrivateFrameworks/CoreDuetDebugLogging.framework/Versions/A/CoreDuetDebugLogging
0x0000000005b5f000 	/System/Library/PrivateFrameworks/MMCS.framework/Versions/A/MMCS
0x0000000005b5f000 	/System/Library/Frameworks/CoreLocation.framework/Versions/A/CoreLocation
0x0000000005b5f000 	/System/Library/PrivateFrameworks/ProtectedCloudStorage.framework/Versions/A/ProtectedCloudStorage
0x0000000005b5f000 	/System/Library/PrivateFrameworks/GeoServices.framework/Versions/A/GeoServices
0x0000000005b5f000 	/System/Library/Frameworks/CoreGraphics.framework/Versions/A/Resources/libCGCMS.A.dylib
0x0000000005b5f000 	/System/Library/Frameworks/CoreGraphics.framework/Versions/A/Resources/libRIP.A.dylib
0x0000000005b5f000 	/System/Library/Frameworks/OpenCL.framework/Versions/A/Libraries/libcldcpuengine.dylib
0x0000000005b5f000 	/System/Library/PrivateFrameworks/DiskImages.framework/Versions/A/DiskImages
0x0000000005b5f000 	/System/Library/Frameworks/DiscRecording.framework/Versions/A/DiscRecording
0x0000000005b5f000 	/usr/lib/libcsfde.dylib
0x0000000005b5f000 	/usr/lib/libcurl.4.dylib
0x0000000005b5f000 	/System/Library/PrivateFrameworks/MediaKit.framework/Versions/A/MediaKit
0x0000000005b5f000 	/usr/lib/libCoreStorage.dylib
0x0000000005b5f000 	/System/Library/PrivateFrameworks/EFILogin.framework/Versions/A/EFILogin
0x0000000005b5f000 	/usr/lib/libutil.dylib
0x0000000005b5f000 	/System/Library/PrivateFrameworks/FindMyDevice.framework/Versions/A/FindMyDevice
0x0000000005b5f000 	/System/Library/Frameworks/LDAP.framework/Versions/A/LDAP
0x0000000005b5f000 	/usr/lib/libsasl2.2.dylib
0x0000000005b5f000 	/System/Library/PrivateFrameworks/CoreDaemon.framework/Versions/B/CoreDaemon
0x0000000005b5f000 	/usr/lib/libcrypto.0.9.8.dylib
0x0000000005b5f000 	/System/Library/PrivateFrameworks/AppleSRP.framework/Versions/A/AppleSRP
0x0000000005b5f000 	/System/Library/PrivateFrameworks/TrustEvaluationAgent.framework/Versions/A/TrustEvaluationAgent
0x00000001219f8000 	cl_kernels
0x0000000129bc5000 	/System/Library/Frameworks/OpenCL.framework/Versions/A/Libraries/ImageFormats/unorm8_bgra.dylib
0x0000000121f03000 	cl_kernels
0x0000000005b5f000 	/System/Library/PrivateFrameworks/FamilyControls.framework/Versions/A/FamilyControls
0x0000000005b5f000 	/System/Library/PrivateFrameworks/CommerceKit.framework/Versions/A/Frameworks/CommerceCore.framework/Versions/A/CommerceCore
0x0000000005b5f000 	/System/Library/PrivateFrameworks/SystemAdministration.framework/Versions/A/SystemAdministration
0x0000000005b5f000 	/System/Library/PrivateFrameworks/AppContainer.framework/Versions/A/AppContainer
0x0000000005b5f000 	/System/Library/PrivateFrameworks/SecCodeWrapper.framework/Versions/A/SecCodeWrapper
0x0000000005b5f000 	/System/Library/Frameworks/DirectoryService.framework/Versions/A/DirectoryService
0x0000000005b5f000 	/System/Library/PrivateFrameworks/LoginUIKit.framework/Versions/A/Frameworks/LoginUICore.framework/Versions/A/LoginUICore
0x0000000005b5f000 	/usr/lib/libodfde.dylib
0x0000000005b5f000 	/System/Library/Frameworks/OpenGL.framework/Versions/A/Resources/GLEngine.bundle/GLEngine
0x0000000005b5f000 	/System/Library/Frameworks/OpenGL.framework/Versions/A/Libraries/libGLProgrammability.dylib
0x000000012b19c000 	/System/Library/Extensions/AppleIntelBDWGraphicsGLDriver.bundle/Contents/MacOS/AppleIntelBDWGraphicsGLDriver
0x0000000005b5f000 	/System/Library/PrivateFrameworks/IOAccelerator.framework/Versions/A/IOAccelerator
0x0000000005b5f000 	/System/Library/PrivateFrameworks/GPUSupport.framework/Versions/A/Libraries/libGPUSupportMercury.dylib
0x0000000005b5f000 	/System/Library/Frameworks/OpenGL.framework/Versions/A/Resources/GLRendererFloat.bundle/GLRendererFloat
0x0000000123810000 	/Library/Java/JavaVirtualMachines/jdk1.8.0_141.jdk/Contents/Home/jre/lib/libdcpr.dylib
0x000000012082d000 	/private/var/folders/6_/lzlsqnfj0yg2p3y8rs_cmns80000gn/T/native-platform6584362318218450dir/libnative-platform.dylib
0x0000000120661000 	/Users/jonathanrichards/.gradle/native/jansi/1.14/osx/libjansi.jnilib

VM Arguments:
jvm_args: -Xmx1536m -Dfile.encoding=UTF-8 -Duser.country=US -Duser.language=en -Duser.variant 
java_command: org.gradle.launcher.daemon.bootstrap.GradleDaemon 4.1-rc-1
java_class_path (initial): /Users/jonathanrichards/.gradle/wrapper/dists/gradle-4.1-rc-1-all/936kh1brdchce6fvd2c1o8t8x/gradle-4.1-rc-1/lib/gradle-launcher-4.1.jar
Launcher Type: SUN_STANDARD

Environment Variables:
PATH=/usr/bin:/bin:/usr/sbin:/sbin:/://platform-tools://usr/bin:/bin:/usr/sbin:/sbin
SHELL=/bin/bash
DISPLAY=/private/tmp/com.apple.launchd.hUgxJPaf3X/org.macosforge.xquartz:0

Signal Handlers:
SIGSEGV: [libjvm.dylib+0x5b26e5], sa_mask[0]=11111111011111110111111111111111, sa_flags=SA_ONSTACK|SA_RESTART|SA_SIGINFO
SIGBUS: [libjvm.dylib+0x5b26e5], sa_mask[0]=11111111011111110111111111111111, sa_flags=SA_RESTART|SA_SIGINFO
SIGFPE: [libjvm.dylib+0x489100], sa_mask[0]=11111111011111110111111111111111, sa_flags=SA_RESTART|SA_SIGINFO
SIGPIPE: [libjvm.dylib+0x489100], sa_mask[0]=11111111011111110111111111111111, sa_flags=SA_RESTART|SA_SIGINFO
SIGXFSZ: [libjvm.dylib+0x489100], sa_mask[0]=11111111011111110111111111111111, sa_flags=SA_RESTART|SA_SIGINFO
SIGILL: [libjvm.dylib+0x489100], sa_mask[0]=11111111011111110111111111111111, sa_flags=SA_RESTART|SA_SIGINFO
SIGUSR1: SIG_DFL, sa_mask[0]=00000000000000000000000000000000, sa_flags=none
SIGUSR2: [libjvm.dylib+0x488c1e], sa_mask[0]=00100000000000000000000000000000, sa_flags=SA_RESTART|SA_SIGINFO
SIGHUP: [libjvm.dylib+0x4871f5], sa_mask[0]=11111111011111110111111111111111, sa_flags=SA_RESTART|SA_SIGINFO
SIGINT: [libjvm.dylib+0x4871f5], sa_mask[0]=11111111011111110111111111111111, sa_flags=SA_RESTART|SA_SIGINFO
SIGTERM: [libjvm.dylib+0x4871f5], sa_mask[0]=11111111011111110111111111111111, sa_flags=SA_RESTART|SA_SIGINFO
SIGQUIT: [libjvm.dylib+0x4871f5], sa_mask[0]=11111111011111110111111111111111, sa_flags=SA_RESTART|SA_SIGINFO


---------------  S Y S T E M  ---------------

OS:Bsduname:Darwin 14.5.0 Darwin Kernel Version 14.5.0: Mon Aug 29 21:14:16 PDT 2016; root:xnu-2782.50.6~1/RELEASE_X86_64 x86_64
rlimit: STACK 8192k, CORE 0k, NPROC 709, NOFILE 10240, AS infinity
load average:5.62 3.70 3.08

CPU:total 4 (initial active 4) (2 cores per cpu, 2 threads per core) family 6 model 61 stepping 4, cmov, cx8, fxsr, mmx, sse, sse2, sse3, ssse3, sse4.1, sse4.2, popcnt, avx, avx2, aes, clmul, erms, 3dnowpref, lzcnt, ht, tsc, tscinvbit, bmi1, bmi2, adx

Memory: 4k page, physical 8388608k(111040k free)

/proc/meminfo:


vm_info: Java HotSpot(TM) 64-Bit Server VM (25.141-b15) for bsd-amd64 JRE (1.8.0_141-b15), built on Jul 12 2017 04:35:23 by "java_re" with gcc 4.2.1 (Based on Apple Inc. build 5658) (LLVM build 2336.11.00)

time: Wed Aug  9 12:03:24 2017
elapsed time: 86 seconds (0d 0h 1m 26s)

