#
# A fatal error has been detected by the Java Runtime Environment:
#
#  SIGSEGV (0xb) at pc=0x0000000101d0302a, pid=6196, tid=0x0000000000006e03
#
# JRE version: OpenJDK Runtime Environment (8.0_152-b01) (build 1.8.0_152-release-884-b01)
# Java VM: OpenJDK 64-Bit Server VM (25.152-b01 mixed mode bsd-amd64 compressed oops)
# Problematic frame:
# V  [libjvm.dylib+0x2d502a]  jni_SetStaticIntField+0xb5
#
# Failed to write core dump. Core dumps have been disabled. To enable core dumping, try "ulimit -c unlimited" before starting Java again
#
# If you would like to submit a bug report, please visit:
#   http://bugreport.java.com/bugreport/crash.jsp
#

---------------  T H R E A D  ---------------

Current thread (0x00007faf3cd54000):  JavaThread "Task worker for ':'" [_thread_in_vm, id=28163, stack(0x00000001bce6a000,0x00000001bcf6a000)]

siginfo: si_signo: 11 (SIGSEGV), si_code: 1 (SEGV_MAPERR), si_addr: 0x0000000000000000

Registers:
RAX=0x000000010221fa3c, RBX=0x00007faf3cd54000, RCX=0x0000000000000000, RDX=0x0000000000000000
RSP=0x00000001bcf662b0, RBP=0x00000001bcf66310, RSI=0x00000001bcf663b0, RDI=0x00007faf3cd541e0
R8 =0x0000000000000000, R9 =0x00007fff85e7fd60, R10=0x0000000101fa7af5, R11=0x000000010221ec3b
R12=0x00000001bcf663b0, R13=0x00007faf3cd541e0, R14=0x0000000000000000, R15=0x0000000000000000
RIP=0x0000000101d0302a, EFLAGS=0x0000000000010246, ERR=0x0000000000000004
  TRAPNO=0x000000000000000e

Top of Stack: (sp=0x00000001bcf662b0)
0x00000001bcf662b0:   00007faf3cd54000 00007faf3cd54000
0x00000001bcf662c0:   00007faf3c735a38 0000000100000b8b
0x00000001bcf662d0:   0000000101fbb077 00007faf3cd54000
0x00000001bcf662e0:   00007faf3cd54000 00007faf3cd541e0
0x00000001bcf662f0:   0000000101d02f75 00000001bdf44118
0x00000001bcf66300:   00000001bcf663b0 00000001b7edce39
0x00000001bcf66310:   00000001bcf66350 00000001b7edbf98
0x00000001bcf66320:   00000001b7edbe90 00000001bdf44120
0x00000001bcf66330:   0000000000000000 00000001bdf44118
0x00000001bcf66340:   00000001bcf663b8 00007faf3cd54000
0x00000001bcf66350:   00000001bcf663a0 0000000102e17734
0x00000001bcf66360:   00000001bcf66360 00000001bdf44118
0x00000001bcf66370:   00000001bcf663b8 00000001bdf44338
0x00000001bcf66380:   0000000000000000 00000001bdf44120
0x00000001bcf66390:   0000000000000000 00000001bcf663c0
0x00000001bcf663a0:   00000001bcf66400 0000000102e07ffd
0x00000001bcf663b0:   00000001528af9c0 0000000102e11278
0x00000001bcf663c0:   00000001bcf663c0 00000001bdf4429c
0x00000001bcf663d0:   00000001bcf66408 00000001bdf44338
0x00000001bcf663e0:   0000000000000000 00000001bdf442a8
0x00000001bcf663f0:   00000001bcf663c0 00000001bcf66410
0x00000001bcf66400:   00000001bcf66470 0000000102e004e7
0x00000001bcf66410:   0000000100001fa0 00007faf3cd54000
0x00000001bcf66420:   00007faf3cd54000 000000000000000f
0x00000001bcf66430:   000000000000000f 00000001bdf442a8
0x00000001bcf66440:   00000001bcf664e8 00000001bcf66600
0x00000001bcf66450:   000000000000000a 00000001bdf442a8
0x00000001bcf66460:   0000000102e129c0 00000001bcf66620
0x00000001bcf66470:   00000001bcf665e0 0000000101cecec9
0x00000001bcf66480:   0000000000000000 00007faf3cd54000
0x00000001bcf66490:   00000000000080b0 00007faf3cd54000
0x00000001bcf664a0:   00007faf3d3e1de0 00007faf3c735a00 

Instructions: (pc=0x0000000101d0302a)
0x0000000101d0300a:   30 49 8b 0f 31 f6 31 d2 41 b9 01 00 00 00 48 89
0x0000000101d0301a:   df 4d 89 f8 50 6a 49 e8 6a 5a 07 00 48 83 c4 10
0x0000000101d0302a:   49 8b 07 48 8b 40 68 49 63 4f 10 44 89 34 08 90
0x0000000101d0303a:   0f 1f 40 00 48 83 7d b0 00 74 09 48 8d 7d a8 e8 

Register to memory mapping:

RAX=0x000000010221fa3c: _ZN11JvmtiExport31_should_post_field_modificationE+0 in /Users/jonathanrichards/Work/Android Studio 3.0 Preview.app/Contents/jre/jdk/Contents/Home/jre/lib/server/libjvm.dylib at 0x0000000101a2e000
RBX=0x00007faf3cd54000 is a thread
RCX=0x0000000000000000 is an unknown value
RDX=0x0000000000000000 is an unknown value
RSP=0x00000001bcf662b0 is pointing into the stack for thread: 0x00007faf3cd54000
RBP=0x00000001bcf66310 is pointing into the stack for thread: 0x00007faf3cd54000
RSI=0x00000001bcf663b0 is pointing into the stack for thread: 0x00007faf3cd54000
RDI=0x00007faf3cd541e0 is an unknown value
R8 =0x0000000000000000 is an unknown value
R9 =0x00007fff85e7fd60: zeroes+0 in /usr/lib/system/libsystem_c.dylib at 0x00007fff85df8000
R10=0x0000000101fa7af5: _ZN15MutexUnlockerExD2Ev+0x1c599 in /Users/jonathanrichards/Work/Android Studio 3.0 Preview.app/Contents/jre/jdk/Contents/Home/jre/lib/server/libjvm.dylib at 0x0000000101a2e000
R11=0x000000010221ec3b: AssumeMP+0 in /Users/jonathanrichards/Work/Android Studio 3.0 Preview.app/Contents/jre/jdk/Contents/Home/jre/lib/server/libjvm.dylib at 0x0000000101a2e000
R12=0x00000001bcf663b0 is pointing into the stack for thread: 0x00007faf3cd54000
R13=0x00007faf3cd541e0 is an unknown value
R14=0x0000000000000000 is an unknown value
R15=0x0000000000000000 is an unknown value


Stack: [0x00000001bce6a000,0x00000001bcf6a000],  sp=0x00000001bcf662b0,  free space=1008k
Native frames: (J=compiled Java code, j=interpreted, Vv=VM code, C=native code)
V  [libjvm.dylib+0x2d502a]  jni_SetStaticIntField+0xb5
C  [libjansi.jnilib+0xf98]  Java_org_fusesource_jansi_internal_CLibrary_init+0x108
j  org.fusesource.jansi.internal.CLibrary.init()V+0
j  org.fusesource.jansi.internal.CLibrary.<clinit>()V+20
v  ~StubRoutines::call_stub
V  [libjvm.dylib+0x2beec9]  JavaCalls::call_helper(JavaValue*, methodHandle*, JavaCallArguments*, Thread*)+0x597
V  [libjvm.dylib+0x28ec3d]  InstanceKlass::call_class_initializer_impl(instanceKlassHandle, Thread*)+0xe5
V  [libjvm.dylib+0x28daa7]  InstanceKlass::initialize_impl(instanceKlassHandle, Thread*)+0x4d1
V  [libjvm.dylib+0x28d5c2]  InstanceKlass::initialize(Thread*)+0x3a
V  [libjvm.dylib+0x382906]  LinkResolver::resolve_field(fieldDescriptor&, KlassHandle, Symbol*, Symbol*, KlassHandle, Bytecodes::Code, bool, bool, Thread*)+0x300
V  [libjvm.dylib+0x3825f2]  LinkResolver::resolve_field_access(fieldDescriptor&, constantPoolHandle, int, Bytecodes::Code, Thread*)+0x106
V  [libjvm.dylib+0x2b8143]  InterpreterRuntime::resolve_get_put(JavaThread*, Bytecodes::Code)+0x103
j  org.jetbrains.kotlin.cli.common.messages.PlainTextMessageRenderer.<clinit>()V+21
v  ~StubRoutines::call_stub
V  [libjvm.dylib+0x2beec9]  JavaCalls::call_helper(JavaValue*, methodHandle*, JavaCallArguments*, Thread*)+0x597
V  [libjvm.dylib+0x28ec3d]  InstanceKlass::call_class_initializer_impl(instanceKlassHandle, Thread*)+0xe5
V  [libjvm.dylib+0x28daa7]  InstanceKlass::initialize_impl(instanceKlassHandle, Thread*)+0x4d1
V  [libjvm.dylib+0x28d5c2]  InstanceKlass::initialize(Thread*)+0x3a
V  [libjvm.dylib+0x28d89e]  InstanceKlass::initialize_impl(instanceKlassHandle, Thread*)+0x2c8
V  [libjvm.dylib+0x28d5c2]  InstanceKlass::initialize(Thread*)+0x3a
V  [libjvm.dylib+0x2b7122]  InterpreterRuntime::_new(JavaThread*, ConstantPool*, int)+0x5e
j  org.jetbrains.kotlin.cli.common.messages.MessageRenderer.<clinit>()V+10
v  ~StubRoutines::call_stub
V  [libjvm.dylib+0x2beec9]  JavaCalls::call_helper(JavaValue*, methodHandle*, JavaCallArguments*, Thread*)+0x597
V  [libjvm.dylib+0x28ec3d]  InstanceKlass::call_class_initializer_impl(instanceKlassHandle, Thread*)+0xe5
V  [libjvm.dylib+0x28daa7]  InstanceKlass::initialize_impl(instanceKlassHandle, Thread*)+0x4d1
V  [libjvm.dylib+0x28d5c2]  InstanceKlass::initialize(Thread*)+0x3a
V  [libjvm.dylib+0x382906]  LinkResolver::resolve_field(fieldDescriptor&, KlassHandle, Symbol*, Symbol*, KlassHandle, Bytecodes::Code, bool, bool, Thread*)+0x300
V  [libjvm.dylib+0x3825f2]  LinkResolver::resolve_field_access(fieldDescriptor&, constantPoolHandle, int, Bytecodes::Code, Thread*)+0x106
V  [libjvm.dylib+0x2b8143]  InterpreterRuntime::resolve_get_put(JavaThread*, Bytecodes::Code)+0x103
j  org.jetbrains.kotlin.compilerRunner.GradleCompilerRunner$loggingMessageCollector$2$1.<init>(Lorg/jetbrains/kotlin/compilerRunner/GradleCompilerRunner$loggingMessageCollector$2;)V+10
j  org.jetbrains.kotlin.compilerRunner.GradleCompilerRunner$loggingMessageCollector$2.invoke()Lorg/jetbrains/kotlin/compilerRunner/GradleCompilerRunner$loggingMessageCollector$2$1;+5
j  org.jetbrains.kotlin.compilerRunner.GradleCompilerRunner$loggingMessageCollector$2.invoke()Ljava/lang/Object;+1
j  kotlin.SynchronizedLazyImpl.getValue()Ljava/lang/Object;+49
j  org.jetbrains.kotlin.compilerRunner.GradleCompilerRunner.getLoggingMessageCollector()Lorg/jetbrains/kotlin/cli/common/messages/MessageCollector;+14
j  org.jetbrains.kotlin.compilerRunner.GradleCompilerRunner.compileOutOfProcess([Ljava/lang/String;Ljava/lang/String;Lorg/jetbrains/kotlin/compilerRunner/GradleCompilerEnvironment;)Lorg/jetbrains/kotlin/cli/common/ExitCode;+238
j  org.jetbrains.kotlin.compilerRunner.GradleCompilerRunner.compileWithDaemonOrFallback(Ljava/lang/String;Lorg/jetbrains/kotlin/cli/common/arguments/CommonCompilerArguments;Lorg/jetbrains/kotlin/compilerRunner/GradleCompilerEnvironment;)Lorg/jetbrains/kotlin/cli/common/ExitCode;+584
j  org.jetbrains.kotlin.compilerRunner.GradleCompilerRunner.compileWithDaemonOrFallback(Ljava/lang/String;Lorg/jetbrains/kotlin/cli/common/arguments/CommonCompilerArguments;Lorg/jetbrains/kotlin/compilerRunner/CompilerEnvironment;)Lorg/jetbrains/kotlin/cli/common/ExitCode;+7
j  org.jetbrains.kotlin.compilerRunner.KotlinCompilerRunner.runCompiler(Ljava/lang/String;Lorg/jetbrains/kotlin/cli/common/arguments/CommonCompilerArguments;Lorg/jetbrains/kotlin/compilerRunner/CompilerEnvironment;)Lorg/jetbrains/kotlin/cli/common/ExitCode;+25
j  org.jetbrains.kotlin.compilerRunner.GradleCompilerRunner.runJvmCompiler(Ljava/util/List;Ljava/lang/Iterable;Lorg/jetbrains/kotlin/cli/common/arguments/K2JVMCompilerArguments;Lorg/jetbrains/kotlin/compilerRunner/GradleCompilerEnvironment;)Lorg/jetbrains/kotlin/cli/common/ExitCode;+234
j  org.jetbrains.kotlin.gradle.tasks.KotlinCompile.callCompiler$kotlin_gradle_plugin(Lorg/jetbrains/kotlin/cli/common/arguments/K2JVMCompilerArguments;Lorg/jetbrains/kotlin/gradle/tasks/SourceRoots;Lorg/jetbrains/kotlin/incremental/ChangedFiles;)V+291
j  org.jetbrains.kotlin.gradle.tasks.KotlinCompile.callCompiler$kotlin_gradle_plugin(Lorg/jetbrains/kotlin/cli/common/arguments/CommonCompilerArguments;Lorg/jetbrains/kotlin/gradle/tasks/SourceRoots;Lorg/jetbrains/kotlin/incremental/ChangedFiles;)V+7
j  org.jetbrains.kotlin.gradle.tasks.AbstractKotlinCompile.execute(Lorg/gradle/api/tasks/incremental/IncrementalTaskInputs;)V+189
v  ~StubRoutines::call_stub
V  [libjvm.dylib+0x2beec9]  JavaCalls::call_helper(JavaValue*, methodHandle*, JavaCallArguments*, Thread*)+0x597
V  [libjvm.dylib+0x47d3e3]  Reflection::invoke(instanceKlassHandle, methodHandle, Handle, bool, objArrayHandle, BasicType, objArrayHandle, bool, Thread*)+0x6e9
V  [libjvm.dylib+0x47de43]  Reflection::invoke_method(oopDesc*, Handle, objArrayHandle, Thread*)+0x173
V  [libjvm.dylib+0x305f99]  JVM_InvokeMethod+0x1a9
J 1426  sun.reflect.NativeMethodAccessorImpl.invoke0(Ljava/lang/reflect/Method;Ljava/lang/Object;[Ljava/lang/Object;)Ljava/lang/Object; (0 bytes) @ 0x000000010326c02d [0x000000010326bf40+0xed]
J 1425 C1 sun.reflect.NativeMethodAccessorImpl.invoke(Ljava/lang/Object;[Ljava/lang/Object;)Ljava/lang/Object; (104 bytes) @ 0x000000010326b25c [0x000000010326a080+0x11dc]
J 7507 C2 java.lang.reflect.Method.invoke(Ljava/lang/Object;[Ljava/lang/Object;)Ljava/lang/Object; (62 bytes) @ 0x0000000102f9f00c [0x0000000102f9ef80+0x8c]
J 2175 C1 org.gradle.internal.reflect.JavaMethod.invoke(Ljava/lang/Object;[Ljava/lang/Object;)Ljava/lang/Object; (74 bytes) @ 0x000000010361a8fc [0x000000010361a7e0+0x11c]
j  org.gradle.api.internal.project.taskfactory.DefaultTaskClassInfoStore$IncrementalTaskAction.doExecute(Lorg/gradle/api/Task;Ljava/lang/String;)V+35
j  org.gradle.api.internal.project.taskfactory.DefaultTaskClassInfoStore$StandardTaskAction.execute(Lorg/gradle/api/Task;)V+32
j  org.gradle.api.internal.project.taskfactory.DefaultTaskClassInfoStore$StandardTaskAction.execute(Ljava/lang/Object;)V+5
j  org.gradle.api.internal.tasks.execution.ExecuteActionsTaskExecuter$1.run(Lorg/gradle/internal/operations/BuildOperationContext;)V+23
j  org.gradle.internal.progress.DefaultBuildOperationExecutor$RunnableBuildOperationWorker.execute(Lorg/gradle/internal/operations/RunnableBuildOperation;Lorg/gradle/internal/operations/BuildOperationContext;)V+2
j  org.gradle.internal.progress.DefaultBuildOperationExecutor$RunnableBuildOperationWorker.execute(Lorg/gradle/internal/operations/BuildOperation;Lorg/gradle/internal/operations/BuildOperationContext;)V+6
j  org.gradle.internal.progress.DefaultBuildOperationExecutor.execute(Lorg/gradle/internal/operations/BuildOperation;Lorg/gradle/internal/operations/BuildOperationWorker;Lorg/gradle/internal/progress/DefaultBuildOperationExecutor$DefaultBuildOperationState;)V+177
j  org.gradle.internal.progress.DefaultBuildOperationExecutor.run(Lorg/gradle/internal/operations/RunnableBuildOperation;)V+20
j  org.gradle.api.internal.tasks.execution.ExecuteActionsTaskExecuter.executeAction(Ljava/lang/String;Lorg/gradle/api/internal/TaskInternal;Lorg/gradle/api/internal/tasks/ContextAwareTaskAction;Lorg/gradle/api/internal/tasks/TaskExecutionContext;)V+23
j  org.gradle.api.internal.tasks.execution.ExecuteActionsTaskExecuter.executeActions(Lorg/gradle/api/internal/TaskInternal;Lorg/gradle/api/internal/tasks/TaskStateInternal;Lorg/gradle/api/internal/tasks/TaskExecutionContext;)Lorg/gradle/api/GradleException;+131
j  org.gradle.api.internal.tasks.execution.ExecuteActionsTaskExecuter.execute(Lorg/gradle/api/internal/TaskInternal;Lorg/gradle/api/internal/tasks/TaskStateInternal;Lorg/gradle/api/internal/tasks/TaskExecutionContext;)V+42
j  org.gradle.api.internal.tasks.execution.SkipUpToDateTaskExecuter.execute(Lorg/gradle/api/internal/TaskInternal;Lorg/gradle/api/internal/tasks/TaskStateInternal;Lorg/gradle/api/internal/tasks/TaskExecutionContext;)V+124
j  org.gradle.api.internal.tasks.execution.ResolveTaskOutputCachingStateExecuter.execute(Lorg/gradle/api/internal/TaskInternal;Lorg/gradle/api/internal/tasks/TaskStateInternal;Lorg/gradle/api/internal/tasks/TaskExecutionContext;)V+96
j  org.gradle.api.internal.tasks.execution.ValidatingTaskExecuter.execute(Lorg/gradle/api/internal/TaskInternal;Lorg/gradle/api/internal/tasks/TaskStateInternal;Lorg/gradle/api/internal/tasks/TaskExecutionContext;)V+215
j  org.gradle.api.internal.tasks.execution.SkipEmptySourceFilesTaskExecuter.execute(Lorg/gradle/api/internal/TaskInternal;Lorg/gradle/api/internal/tasks/TaskStateInternal;Lorg/gradle/api/internal/tasks/TaskExecutionContext;)V+335
j  org.gradle.api.internal.tasks.execution.ResolveTaskArtifactStateTaskExecuter.execute(Lorg/gradle/api/internal/TaskInternal;Lorg/gradle/api/internal/tasks/TaskStateInternal;Lorg/gradle/api/internal/tasks/TaskExecutionContext;)V+72
j  org.gradle.api.internal.tasks.execution.SkipTaskWithNoActionsExecuter.execute(Lorg/gradle/api/internal/TaskInternal;Lorg/gradle/api/internal/tasks/TaskStateInternal;Lorg/gradle/api/internal/tasks/TaskExecutionContext;)V+124
j  org.gradle.api.internal.tasks.execution.SkipOnlyIfTaskExecuter.execute(Lorg/gradle/api/internal/TaskInternal;Lorg/gradle/api/internal/tasks/TaskStateInternal;Lorg/gradle/api/internal/tasks/TaskExecutionContext;)V+85
j  org.gradle.api.internal.tasks.execution.ExecuteAtMostOnceTaskExecuter.execute(Lorg/gradle/api/internal/TaskInternal;Lorg/gradle/api/internal/tasks/TaskStateInternal;Lorg/gradle/api/internal/tasks/TaskExecutionContext;)V+26
j  org.gradle.api.internal.tasks.execution.CatchExceptionTaskExecuter.execute(Lorg/gradle/api/internal/TaskInternal;Lorg/gradle/api/internal/tasks/TaskStateInternal;Lorg/gradle/api/internal/tasks/TaskExecutionContext;)V+7
j  org.gradle.execution.taskgraph.DefaultTaskGraphExecuter$EventFiringTaskWorker$1.run(Lorg/gradle/internal/operations/BuildOperationContext;)V+56
j  org.gradle.internal.progress.DefaultBuildOperationExecutor$RunnableBuildOperationWorker.execute(Lorg/gradle/internal/operations/RunnableBuildOperation;Lorg/gradle/internal/operations/BuildOperationContext;)V+2
j  org.gradle.internal.progress.DefaultBuildOperationExecutor$RunnableBuildOperationWorker.execute(Lorg/gradle/internal/operations/BuildOperation;Lorg/gradle/internal/operations/BuildOperationContext;)V+6
j  org.gradle.internal.progress.DefaultBuildOperationExecutor.execute(Lorg/gradle/internal/operations/BuildOperation;Lorg/gradle/internal/operations/BuildOperationWorker;Lorg/gradle/internal/progress/DefaultBuildOperationExecutor$DefaultBuildOperationState;)V+177
j  org.gradle.internal.progress.DefaultBuildOperationExecutor.run(Lorg/gradle/internal/operations/RunnableBuildOperation;)V+20
j  org.gradle.execution.taskgraph.DefaultTaskGraphExecuter$EventFiringTaskWorker.execute(Lorg/gradle/api/internal/TaskInternal;)V+16
j  org.gradle.execution.taskgraph.DefaultTaskGraphExecuter$EventFiringTaskWorker.execute(Ljava/lang/Object;)V+5
j  org.gradle.execution.taskgraph.DefaultTaskPlanExecutor$TaskExecutorWorker.processTask(Lorg/gradle/execution/taskgraph/TaskInfo;)V+8
j  org.gradle.execution.taskgraph.DefaultTaskPlanExecutor$TaskExecutorWorker.access$200(Lorg/gradle/execution/taskgraph/DefaultTaskPlanExecutor$TaskExecutorWorker;Lorg/gradle/execution/taskgraph/TaskInfo;)V+2
j  org.gradle.execution.taskgraph.DefaultTaskPlanExecutor$TaskExecutorWorker$1.execute(Lorg/gradle/execution/taskgraph/TaskInfo;)V+38
j  org.gradle.execution.taskgraph.DefaultTaskPlanExecutor$TaskExecutorWorker$1.execute(Ljava/lang/Object;)V+5
j  org.gradle.execution.taskgraph.DefaultTaskExecutionPlan.execute(Lorg/gradle/execution/taskgraph/TaskInfo;Lorg/gradle/internal/work/WorkerLeaseRegistry$WorkerLease;Lorg/gradle/api/Action;)V+14
j  org.gradle.execution.taskgraph.DefaultTaskExecutionPlan.executeWithTask(Lorg/gradle/internal/work/WorkerLeaseRegistry$WorkerLease;Lorg/gradle/api/Action;)Z+53
j  org.gradle.execution.taskgraph.DefaultTaskPlanExecutor$TaskExecutorWorker.run()V+52
j  org.gradle.internal.concurrent.ExecutorPolicy$CatchAndRecordFailures.onExecute(Ljava/lang/Runnable;)V+1
j  org.gradle.internal.concurrent.ManagedExecutorImpl$1.run()V+25
j  java.util.concurrent.ThreadPoolExecutor.runWorker(Ljava/util/concurrent/ThreadPoolExecutor$Worker;)V+95
j  java.util.concurrent.ThreadPoolExecutor$Worker.run()V+5
j  org.gradle.internal.concurrent.ThreadFactoryImpl$ManagedThreadRunnable.run()V+7
j  java.lang.Thread.run()V+11
v  ~StubRoutines::call_stub
V  [libjvm.dylib+0x2beec9]  JavaCalls::call_helper(JavaValue*, methodHandle*, JavaCallArguments*, Thread*)+0x597
V  [libjvm.dylib+0x2bdffe]  JavaCalls::call_virtual(JavaValue*, KlassHandle, Symbol*, Symbol*, JavaCallArguments*, Thread*)+0x13e
V  [libjvm.dylib+0x2be13d]  JavaCalls::call_virtual(JavaValue*, Handle, KlassHandle, Symbol*, Symbol*, Thread*)+0x57
V  [libjvm.dylib+0x302c32]  thread_entry(JavaThread*, Thread*)+0x78
V  [libjvm.dylib+0x5045b0]  JavaThread::thread_main_inner()+0x82
V  [libjvm.dylib+0x504475]  JavaThread::run()+0x199
V  [libjvm.dylib+0x434161]  java_start(Thread*)+0xfa
...<more frames>...

Java frames: (J=compiled Java code, j=interpreted, Vv=VM code)
j  org.fusesource.jansi.internal.CLibrary.init()V+0
j  org.fusesource.jansi.internal.CLibrary.<clinit>()V+20
v  ~StubRoutines::call_stub
j  org.jetbrains.kotlin.cli.common.messages.PlainTextMessageRenderer.<clinit>()V+21
v  ~StubRoutines::call_stub
j  org.jetbrains.kotlin.cli.common.messages.MessageRenderer.<clinit>()V+10
v  ~StubRoutines::call_stub
j  org.jetbrains.kotlin.compilerRunner.GradleCompilerRunner$loggingMessageCollector$2$1.<init>(Lorg/jetbrains/kotlin/compilerRunner/GradleCompilerRunner$loggingMessageCollector$2;)V+10
j  org.jetbrains.kotlin.compilerRunner.GradleCompilerRunner$loggingMessageCollector$2.invoke()Lorg/jetbrains/kotlin/compilerRunner/GradleCompilerRunner$loggingMessageCollector$2$1;+5
j  org.jetbrains.kotlin.compilerRunner.GradleCompilerRunner$loggingMessageCollector$2.invoke()Ljava/lang/Object;+1
j  kotlin.SynchronizedLazyImpl.getValue()Ljava/lang/Object;+49
j  org.jetbrains.kotlin.compilerRunner.GradleCompilerRunner.getLoggingMessageCollector()Lorg/jetbrains/kotlin/cli/common/messages/MessageCollector;+14
j  org.jetbrains.kotlin.compilerRunner.GradleCompilerRunner.compileOutOfProcess([Ljava/lang/String;Ljava/lang/String;Lorg/jetbrains/kotlin/compilerRunner/GradleCompilerEnvironment;)Lorg/jetbrains/kotlin/cli/common/ExitCode;+238
j  org.jetbrains.kotlin.compilerRunner.GradleCompilerRunner.compileWithDaemonOrFallback(Ljava/lang/String;Lorg/jetbrains/kotlin/cli/common/arguments/CommonCompilerArguments;Lorg/jetbrains/kotlin/compilerRunner/GradleCompilerEnvironment;)Lorg/jetbrains/kotlin/cli/common/ExitCode;+584
j  org.jetbrains.kotlin.compilerRunner.GradleCompilerRunner.compileWithDaemonOrFallback(Ljava/lang/String;Lorg/jetbrains/kotlin/cli/common/arguments/CommonCompilerArguments;Lorg/jetbrains/kotlin/compilerRunner/CompilerEnvironment;)Lorg/jetbrains/kotlin/cli/common/ExitCode;+7
j  org.jetbrains.kotlin.compilerRunner.KotlinCompilerRunner.runCompiler(Ljava/lang/String;Lorg/jetbrains/kotlin/cli/common/arguments/CommonCompilerArguments;Lorg/jetbrains/kotlin/compilerRunner/CompilerEnvironment;)Lorg/jetbrains/kotlin/cli/common/ExitCode;+25
j  org.jetbrains.kotlin.compilerRunner.GradleCompilerRunner.runJvmCompiler(Ljava/util/List;Ljava/lang/Iterable;Lorg/jetbrains/kotlin/cli/common/arguments/K2JVMCompilerArguments;Lorg/jetbrains/kotlin/compilerRunner/GradleCompilerEnvironment;)Lorg/jetbrains/kotlin/cli/common/ExitCode;+234
j  org.jetbrains.kotlin.gradle.tasks.KotlinCompile.callCompiler$kotlin_gradle_plugin(Lorg/jetbrains/kotlin/cli/common/arguments/K2JVMCompilerArguments;Lorg/jetbrains/kotlin/gradle/tasks/SourceRoots;Lorg/jetbrains/kotlin/incremental/ChangedFiles;)V+291
j  org.jetbrains.kotlin.gradle.tasks.KotlinCompile.callCompiler$kotlin_gradle_plugin(Lorg/jetbrains/kotlin/cli/common/arguments/CommonCompilerArguments;Lorg/jetbrains/kotlin/gradle/tasks/SourceRoots;Lorg/jetbrains/kotlin/incremental/ChangedFiles;)V+7
j  org.jetbrains.kotlin.gradle.tasks.AbstractKotlinCompile.execute(Lorg/gradle/api/tasks/incremental/IncrementalTaskInputs;)V+189
v  ~StubRoutines::call_stub
J 1426  sun.reflect.NativeMethodAccessorImpl.invoke0(Ljava/lang/reflect/Method;Ljava/lang/Object;[Ljava/lang/Object;)Ljava/lang/Object; (0 bytes) @ 0x000000010326bfb7 [0x000000010326bf40+0x77]
J 1425 C1 sun.reflect.NativeMethodAccessorImpl.invoke(Ljava/lang/Object;[Ljava/lang/Object;)Ljava/lang/Object; (104 bytes) @ 0x000000010326b25c [0x000000010326a080+0x11dc]
J 7507 C2 java.lang.reflect.Method.invoke(Ljava/lang/Object;[Ljava/lang/Object;)Ljava/lang/Object; (62 bytes) @ 0x0000000102f9f00c [0x0000000102f9ef80+0x8c]
J 2175 C1 org.gradle.internal.reflect.JavaMethod.invoke(Ljava/lang/Object;[Ljava/lang/Object;)Ljava/lang/Object; (74 bytes) @ 0x000000010361a8fc [0x000000010361a7e0+0x11c]
j  org.gradle.api.internal.project.taskfactory.DefaultTaskClassInfoStore$IncrementalTaskAction.doExecute(Lorg/gradle/api/Task;Ljava/lang/String;)V+35
j  org.gradle.api.internal.project.taskfactory.DefaultTaskClassInfoStore$StandardTaskAction.execute(Lorg/gradle/api/Task;)V+32
j  org.gradle.api.internal.project.taskfactory.DefaultTaskClassInfoStore$StandardTaskAction.execute(Ljava/lang/Object;)V+5
j  org.gradle.api.internal.tasks.execution.ExecuteActionsTaskExecuter$1.run(Lorg/gradle/internal/operations/BuildOperationContext;)V+23
j  org.gradle.internal.progress.DefaultBuildOperationExecutor$RunnableBuildOperationWorker.execute(Lorg/gradle/internal/operations/RunnableBuildOperation;Lorg/gradle/internal/operations/BuildOperationContext;)V+2
j  org.gradle.internal.progress.DefaultBuildOperationExecutor$RunnableBuildOperationWorker.execute(Lorg/gradle/internal/operations/BuildOperation;Lorg/gradle/internal/operations/BuildOperationContext;)V+6
j  org.gradle.internal.progress.DefaultBuildOperationExecutor.execute(Lorg/gradle/internal/operations/BuildOperation;Lorg/gradle/internal/operations/BuildOperationWorker;Lorg/gradle/internal/progress/DefaultBuildOperationExecutor$DefaultBuildOperationState;)V+177
j  org.gradle.internal.progress.DefaultBuildOperationExecutor.run(Lorg/gradle/internal/operations/RunnableBuildOperation;)V+20
j  org.gradle.api.internal.tasks.execution.ExecuteActionsTaskExecuter.executeAction(Ljava/lang/String;Lorg/gradle/api/internal/TaskInternal;Lorg/gradle/api/internal/tasks/ContextAwareTaskAction;Lorg/gradle/api/internal/tasks/TaskExecutionContext;)V+23
j  org.gradle.api.internal.tasks.execution.ExecuteActionsTaskExecuter.executeActions(Lorg/gradle/api/internal/TaskInternal;Lorg/gradle/api/internal/tasks/TaskStateInternal;Lorg/gradle/api/internal/tasks/TaskExecutionContext;)Lorg/gradle/api/GradleException;+131
j  org.gradle.api.internal.tasks.execution.ExecuteActionsTaskExecuter.execute(Lorg/gradle/api/internal/TaskInternal;Lorg/gradle/api/internal/tasks/TaskStateInternal;Lorg/gradle/api/internal/tasks/TaskExecutionContext;)V+42
j  org.gradle.api.internal.tasks.execution.SkipUpToDateTaskExecuter.execute(Lorg/gradle/api/internal/TaskInternal;Lorg/gradle/api/internal/tasks/TaskStateInternal;Lorg/gradle/api/internal/tasks/TaskExecutionContext;)V+124
j  org.gradle.api.internal.tasks.execution.ResolveTaskOutputCachingStateExecuter.execute(Lorg/gradle/api/internal/TaskInternal;Lorg/gradle/api/internal/tasks/TaskStateInternal;Lorg/gradle/api/internal/tasks/TaskExecutionContext;)V+96
j  org.gradle.api.internal.tasks.execution.ValidatingTaskExecuter.execute(Lorg/gradle/api/internal/TaskInternal;Lorg/gradle/api/internal/tasks/TaskStateInternal;Lorg/gradle/api/internal/tasks/TaskExecutionContext;)V+215
j  org.gradle.api.internal.tasks.execution.SkipEmptySourceFilesTaskExecuter.execute(Lorg/gradle/api/internal/TaskInternal;Lorg/gradle/api/internal/tasks/TaskStateInternal;Lorg/gradle/api/internal/tasks/TaskExecutionContext;)V+335
j  org.gradle.api.internal.tasks.execution.ResolveTaskArtifactStateTaskExecuter.execute(Lorg/gradle/api/internal/TaskInternal;Lorg/gradle/api/internal/tasks/TaskStateInternal;Lorg/gradle/api/internal/tasks/TaskExecutionContext;)V+72
j  org.gradle.api.internal.tasks.execution.SkipTaskWithNoActionsExecuter.execute(Lorg/gradle/api/internal/TaskInternal;Lorg/gradle/api/internal/tasks/TaskStateInternal;Lorg/gradle/api/internal/tasks/TaskExecutionContext;)V+124
j  org.gradle.api.internal.tasks.execution.SkipOnlyIfTaskExecuter.execute(Lorg/gradle/api/internal/TaskInternal;Lorg/gradle/api/internal/tasks/TaskStateInternal;Lorg/gradle/api/internal/tasks/TaskExecutionContext;)V+85
j  org.gradle.api.internal.tasks.execution.ExecuteAtMostOnceTaskExecuter.execute(Lorg/gradle/api/internal/TaskInternal;Lorg/gradle/api/internal/tasks/TaskStateInternal;Lorg/gradle/api/internal/tasks/TaskExecutionContext;)V+26
j  org.gradle.api.internal.tasks.execution.CatchExceptionTaskExecuter.execute(Lorg/gradle/api/internal/TaskInternal;Lorg/gradle/api/internal/tasks/TaskStateInternal;Lorg/gradle/api/internal/tasks/TaskExecutionContext;)V+7
j  org.gradle.execution.taskgraph.DefaultTaskGraphExecuter$EventFiringTaskWorker$1.run(Lorg/gradle/internal/operations/BuildOperationContext;)V+56
j  org.gradle.internal.progress.DefaultBuildOperationExecutor$RunnableBuildOperationWorker.execute(Lorg/gradle/internal/operations/RunnableBuildOperation;Lorg/gradle/internal/operations/BuildOperationContext;)V+2
j  org.gradle.internal.progress.DefaultBuildOperationExecutor$RunnableBuildOperationWorker.execute(Lorg/gradle/internal/operations/BuildOperation;Lorg/gradle/internal/operations/BuildOperationContext;)V+6
j  org.gradle.internal.progress.DefaultBuildOperationExecutor.execute(Lorg/gradle/internal/operations/BuildOperation;Lorg/gradle/internal/operations/BuildOperationWorker;Lorg/gradle/internal/progress/DefaultBuildOperationExecutor$DefaultBuildOperationState;)V+177
j  org.gradle.internal.progress.DefaultBuildOperationExecutor.run(Lorg/gradle/internal/operations/RunnableBuildOperation;)V+20
j  org.gradle.execution.taskgraph.DefaultTaskGraphExecuter$EventFiringTaskWorker.execute(Lorg/gradle/api/internal/TaskInternal;)V+16
j  org.gradle.execution.taskgraph.DefaultTaskGraphExecuter$EventFiringTaskWorker.execute(Ljava/lang/Object;)V+5
j  org.gradle.execution.taskgraph.DefaultTaskPlanExecutor$TaskExecutorWorker.processTask(Lorg/gradle/execution/taskgraph/TaskInfo;)V+8
j  org.gradle.execution.taskgraph.DefaultTaskPlanExecutor$TaskExecutorWorker.access$200(Lorg/gradle/execution/taskgraph/DefaultTaskPlanExecutor$TaskExecutorWorker;Lorg/gradle/execution/taskgraph/TaskInfo;)V+2
j  org.gradle.execution.taskgraph.DefaultTaskPlanExecutor$TaskExecutorWorker$1.execute(Lorg/gradle/execution/taskgraph/TaskInfo;)V+38
j  org.gradle.execution.taskgraph.DefaultTaskPlanExecutor$TaskExecutorWorker$1.execute(Ljava/lang/Object;)V+5
j  org.gradle.execution.taskgraph.DefaultTaskExecutionPlan.execute(Lorg/gradle/execution/taskgraph/TaskInfo;Lorg/gradle/internal/work/WorkerLeaseRegistry$WorkerLease;Lorg/gradle/api/Action;)V+14
j  org.gradle.execution.taskgraph.DefaultTaskExecutionPlan.executeWithTask(Lorg/gradle/internal/work/WorkerLeaseRegistry$WorkerLease;Lorg/gradle/api/Action;)Z+53
j  org.gradle.execution.taskgraph.DefaultTaskPlanExecutor$TaskExecutorWorker.run()V+52
j  org.gradle.internal.concurrent.ExecutorPolicy$CatchAndRecordFailures.onExecute(Ljava/lang/Runnable;)V+1
j  org.gradle.internal.concurrent.ManagedExecutorImpl$1.run()V+25
j  java.util.concurrent.ThreadPoolExecutor.runWorker(Ljava/util/concurrent/ThreadPoolExecutor$Worker;)V+95
j  java.util.concurrent.ThreadPoolExecutor$Worker.run()V+5
j  org.gradle.internal.concurrent.ThreadFactoryImpl$ManagedThreadRunnable.run()V+7
j  java.lang.Thread.run()V+11
v  ~StubRoutines::call_stub

---------------  P R O C E S S  ---------------

Java Threads: ( => current thread )
  0x00007faf3c192800 JavaThread "Thread-28" [_thread_in_native, id=29703, stack(0x00000001be450000,0x00000001be550000)]
  0x00007faf3cd49000 JavaThread "process reaper" daemon [_thread_in_native, id=30723, stack(0x00000001ba1cb000,0x00000001ba1f3000)]
  0x00007faf3bfc5800 JavaThread "Task worker for ':' Thread 3" [_thread_blocked, id=29187, stack(0x00000001bd876000,0x00000001bd976000)]
  0x00007faf3b477800 JavaThread "Task worker for ':' Thread 2" [_thread_blocked, id=28675, stack(0x00000001bd773000,0x00000001bd873000)]
=>0x00007faf3cd54000 JavaThread "Task worker for ':'" [_thread_in_vm, id=28163, stack(0x00000001bce6a000,0x00000001bcf6a000)]
  0x00007faf3cd53000 JavaThread "Cache worker for task history cache (/Users/jonathanrichards/Work/MyApplication/.gradle/4.1-rc-1/taskHistory)" [_thread_blocked, id=27651, stack(0x00000001bb744000,0x00000001bb844000)]
  0x00007faf3b0f0000 JavaThread "Cache worker for file content cache (/Users/jonathanrichards/Work/MyApplication/.gradle/4.1-rc-1/fileContent)" [_thread_blocked, id=27139, stack(0x00000001ba57e000,0x00000001ba67e000)]
  0x00007faf400fa800 JavaThread "Memory manager" [_thread_blocked, id=26627, stack(0x00000001bc60a000,0x00000001bc70a000)]
  0x00007faf406bf800 JavaThread "pool-1-thread-1" [_thread_blocked, id=26115, stack(0x00000001bac47000,0x00000001bad47000)]
  0x00007faf400bc000 JavaThread "build operations Thread 4" [_thread_blocked, id=25603, stack(0x00000001bb5e9000,0x00000001bb6e9000)]
  0x00007faf3b6f4800 JavaThread "build operations Thread 3" [_thread_blocked, id=25091, stack(0x00000001baf51000,0x00000001bb051000)]
  0x00007faf3c779800 JavaThread "build operations Thread 2" [_thread_blocked, id=24579, stack(0x00000001bab44000,0x00000001bac44000)]
  0x00007faf3c779000 JavaThread "build operations" [_thread_blocked, id=24067, stack(0x00000001baa41000,0x00000001bab41000)]
  0x00007faf406f8000 JavaThread "Cache worker for Artifact transforms cache (/Users/jonathanrichards/.gradle/caches/transforms-1)" [_thread_blocked, id=23555, stack(0x00000001ba3d3000,0x00000001ba4d3000)]
  0x00007faf3c4bd800 JavaThread "Cache worker for file hash cache (/Users/jonathanrichards/Work/MyApplication/.gradle/4.1-rc-1/fileHashes)" [_thread_blocked, id=23043, stack(0x00000001ba0a2000,0x00000001ba1a2000)]
  0x00007faf3b83e000 JavaThread "File lock request listener" [_thread_in_native, id=22531, stack(0x00000001b9bf2000,0x00000001b9cf2000)]
  0x00007faf3c96d000 JavaThread "Cache worker for file hash cache (/Users/jonathanrichards/.gradle/caches/4.1-rc-1/fileHashes)" [_thread_blocked, id=22019, stack(0x00000001b9aef000,0x00000001b9bef000)]
  0x00007faf3b097000 JavaThread "Stdin handler" [_thread_blocked, id=21507, stack(0x00000001b969c000,0x00000001b979c000)]
  0x00007faf3c82e000 JavaThread "Asynchronous log dispatcher for DefaultDaemonConnection: socket connection from /127.94.0.1:57409 to /127.94.0.1:57410" [_thread_blocked, id=20995, stack(0x00000001b9599000,0x00000001b9699000)]
  0x00007faf3b208800 JavaThread "Daemon worker" [_thread_blocked, id=20483, stack(0x00000001b9496000,0x00000001b9596000)]
  0x00007faf3ba94800 JavaThread "Cancel handler" [_thread_blocked, id=19971, stack(0x00000001b9393000,0x00000001b9493000)]
  0x00007faf3b202800 JavaThread "Handler for socket connection from /127.94.0.1:57409 to /127.94.0.1:57410" [_thread_in_native, id=19459, stack(0x00000001b9290000,0x00000001b9390000)]
  0x00007faf3b19c800 JavaThread "Daemon" [_thread_blocked, id=12299, stack(0x00000001b918d000,0x00000001b928d000)]
  0x00007faf3c99d000 JavaThread "Daemon periodic checks" [_thread_blocked, id=12039, stack(0x00000001b908a000,0x00000001b918a000)]
  0x00007faf3c493000 JavaThread "Incoming local TCP Connector on port 57409" [_thread_in_native, id=13063, stack(0x00000001b8f87000,0x00000001b9087000)]
  0x00007faf3c047800 JavaThread "Service Thread" daemon [_thread_blocked, id=18179, stack(0x00000001b8360000,0x00000001b8460000)]
  0x00007faf3c824800 JavaThread "C1 CompilerThread2" daemon [_thread_blocked, id=17667, stack(0x00000001b825d000,0x00000001b835d000)]
  0x00007faf3c823800 JavaThread "C2 CompilerThread1" daemon [_thread_blocked, id=17155, stack(0x00000001b815a000,0x00000001b825a000)]
  0x00007faf3b013000 JavaThread "C2 CompilerThread0" daemon [_thread_blocked, id=16643, stack(0x00000001b8057000,0x00000001b8157000)]
  0x00007faf3b005800 JavaThread "Signal Dispatcher" daemon [_thread_blocked, id=12571, stack(0x00000001b7f54000,0x00000001b8054000)]
  0x00007faf3c001000 JavaThread "Finalizer" daemon [_thread_blocked, id=11523, stack(0x00000001b7cb9000,0x00000001b7db9000)]
  0x00007faf3b818800 JavaThread "Reference Handler" daemon [_thread_blocked, id=11011, stack(0x00000001b7bb6000,0x00000001b7cb6000)]
  0x00007faf3c003000 JavaThread "main" [_thread_blocked, id=4867, stack(0x00000001024ab000,0x00000001025ab000)]

Other Threads:
  0x00007faf3b818000 VMThread [stack: 0x00000001b7ab3000,0x00000001b7bb3000] [id=10499]
  0x00007faf3c825000 WatcherThread [stack: 0x00000001b8463000,0x00000001b8563000] [id=18691]

VM state:not at safepoint (normal execution)

VM Mutex/Monitor currently owned by a thread: None

Heap:
 PSYoungGen      total 229888K, used 5460K [0x0000000152400000, 0x0000000167600000, 0x0000000172400000)
  eden space 215040K, 2% used [0x0000000152400000,0x0000000152955378,0x000000015f600000)
  from space 14848K, 0% used [0x000000015f600000,0x000000015f600000,0x0000000160480000)
  to   space 14848K, 0% used [0x0000000166780000,0x0000000166780000,0x0000000167600000)
 ParOldGen       total 110592K, used 31884K [0x0000000112400000, 0x0000000119000000, 0x0000000152400000)
  object space 110592K, 28% used [0x0000000112400000,0x0000000114323390,0x0000000119000000)
 Metaspace       used 57229K, capacity 59098K, committed 59284K, reserved 1099776K
  class space    used 7730K, capacity 8177K, committed 8192K, reserved 1048576K

Card table byte_map: [0x0000000172400000,0x0000000172701000] byte_map_base: 0x0000000171b6e000

Marking Bits: (ParMarkBitMap*) 0x0000000102224008
 Begin Bits: [0x0000000172d0d000, 0x000000017450d000)
 End Bits:   [0x000000017450d000, 0x0000000175d0d000)

Polling page: 0x00000001025ed000

CodeCache: size=245760Kb used=20387Kb max_used=20391Kb free=225372Kb
 bounds [0x0000000102e00000, 0x0000000104250000, 0x0000000111e00000]
 total_blobs=7173 nmethods=6397 adapters=689
 compilation: enabled

Compilation events (10 events):
Event: 67.218 Thread 0x00007faf3c824800 7641       3       java.io.PrintStream::print (13 bytes)
Event: 67.219 Thread 0x00007faf3c824800 nmethod 7641 0x0000000103b8da90 code [0x0000000103b8dc00, 0x0000000103b8ddc8]
Event: 67.221 Thread 0x00007faf3c824800 7642   !   3       java.io.PrintStream::write (83 bytes)
Event: 67.223 Thread 0x00007faf3c824800 nmethod 7642 0x0000000103c91e10 code [0x0000000103c92040, 0x0000000103c92c68]
Event: 67.227 Thread 0x00007faf3c824800 7643       3       org.gradle.internal.logging.text.AbstractLineChoppingStyledTextOutput$StateContext::<init> (73 bytes)
Event: 67.227 Thread 0x00007faf3c824800 nmethod 7643 0x0000000103bdff50 code [0x0000000103be00c0, 0x0000000103be0410]
Event: 67.230 Thread 0x00007faf3c824800 7644   !   3       com.sun.proxy.$Proxy1::onOutput (34 bytes)
Event: 67.230 Thread 0x00007faf3c824800 nmethod 7644 0x0000000103702b10 code [0x0000000103702ca0, 0x0000000103703198]
Event: 67.234 Thread 0x00007faf3c824800 7645   !   3       org.gradle.internal.logging.text.StreamBackedStandardOutputListener::onOutput (34 bytes)
Event: 67.234 Thread 0x00007faf3c824800 nmethod 7645 0x0000000103f9fa90 code [0x0000000103f9fc20, 0x0000000103fa0008]

GC Heap History (10 events):
Event: 49.724 GC heap before
{Heap before GC invocations=12 (full 2):
 PSYoungGen      total 116224K, used 106496K [0x0000000152400000, 0x000000015ce80000, 0x0000000172400000)
  eden space 106496K, 100% used [0x0000000152400000,0x0000000158c00000,0x0000000158c00000)
  from space 9728K, 0% used [0x0000000158c00000,0x0000000158c00000,0x0000000159580000)
  to   space 10240K, 0% used [0x000000015c480000,0x000000015c480000,0x000000015ce80000)
 ParOldGen       total 74752K, used 16079K [0x0000000112400000, 0x0000000116d00000, 0x0000000152400000)
  object space 74752K, 21% used [0x0000000112400000,0x00000001133b3e00,0x0000000116d00000)
 Metaspace       used 41524K, capacity 42338K, committed 42712K, reserved 1085440K
  class space    used 5517K, capacity 5779K, committed 5888K, reserved 1048576K
Event: 49.763 GC heap after
Heap after GC invocations=12 (full 2):
 PSYoungGen      total 162304K, used 10228K [0x0000000152400000, 0x000000015cf80000, 0x0000000172400000)
  eden space 152064K, 0% used [0x0000000152400000,0x0000000152400000,0x000000015b880000)
  from space 10240K, 99% used [0x000000015c480000,0x000000015ce7d258,0x000000015ce80000)
  to   space 11776K, 0% used [0x000000015b880000,0x000000015b880000,0x000000015c400000)
 ParOldGen       total 74752K, used 16783K [0x0000000112400000, 0x0000000116d00000, 0x0000000152400000)
  object space 74752K, 22% used [0x0000000112400000,0x0000000113463f70,0x0000000116d00000)
 Metaspace       used 41524K, capacity 42338K, committed 42712K, reserved 1085440K
  class space    used 5517K, capacity 5779K, committed 5888K, reserved 1048576K
}
Event: 51.900 GC heap before
{Heap before GC invocations=13 (full 2):
 PSYoungGen      total 162304K, used 162292K [0x0000000152400000, 0x000000015cf80000, 0x0000000172400000)
  eden space 152064K, 100% used [0x0000000152400000,0x000000015b880000,0x000000015b880000)
  from space 10240K, 99% used [0x000000015c480000,0x000000015ce7d258,0x000000015ce80000)
  to   space 11776K, 0% used [0x000000015b880000,0x000000015b880000,0x000000015c400000)
 ParOldGen       total 74752K, used 16783K [0x0000000112400000, 0x0000000116d00000, 0x0000000152400000)
  object space 74752K, 22% used [0x0000000112400000,0x0000000113463f70,0x0000000116d00000)
 Metaspace       used 46961K, capacity 47942K, committed 48344K, reserved 1091584K
  class space    used 6226K, capacity 6538K, committed 6656K, reserved 1048576K
Event: 51.930 GC heap after
Heap after GC invocations=13 (full 2):
 PSYoungGen      total 163840K, used 8869K [0x0000000152400000, 0x0000000161000000, 0x0000000172400000)
  eden space 152064K, 0% used [0x0000000152400000,0x0000000152400000,0x000000015b880000)
  from space 11776K, 75% used [0x000000015b880000,0x000000015c129418,0x000000015c400000)
  to   space 11776K, 0% used [0x0000000160480000,0x0000000160480000,0x0000000161000000)
 ParOldGen       total 74752K, used 22888K [0x0000000112400000, 0x0000000116d00000, 0x0000000152400000)
  object space 74752K, 30% used [0x0000000112400000,0x0000000113a5a278,0x0000000116d00000)
 Metaspace       used 46961K, capacity 47942K, committed 48344K, reserved 1091584K
  class space    used 6226K, capacity 6538K, committed 6656K, reserved 1048576K
}
Event: 55.108 GC heap before
{Heap before GC invocations=14 (full 2):
 PSYoungGen      total 163840K, used 160933K [0x0000000152400000, 0x0000000161000000, 0x0000000172400000)
  eden space 152064K, 100% used [0x0000000152400000,0x000000015b880000,0x000000015b880000)
  from space 11776K, 75% used [0x000000015b880000,0x000000015c129418,0x000000015c400000)
  to   space 11776K, 0% used [0x0000000160480000,0x0000000160480000,0x0000000161000000)
 ParOldGen       total 74752K, used 22888K [0x0000000112400000, 0x0000000116d00000, 0x0000000152400000)
  object space 74752K, 30% used [0x0000000112400000,0x0000000113a5a278,0x0000000116d00000)
 Metaspace       used 54772K, capacity 56570K, committed 56792K, reserved 1097728K
  class space    used 7394K, capacity 7822K, committed 7936K, reserved 1048576K
Event: 55.161 GC heap after
Heap after GC invocations=14 (full 2):
 PSYoungGen      total 226816K, used 11748K [0x0000000152400000, 0x0000000161800000, 0x0000000172400000)
  eden space 215040K, 0% used [0x0000000152400000,0x0000000152400000,0x000000015f600000)
  from space 11776K, 99% used [0x0000000160480000,0x0000000160ff9148,0x0000000161000000)
  to   space 14848K, 0% used [0x000000015f600000,0x000000015f600000,0x0000000160480000)
 ParOldGen       total 74752K, used 27327K [0x0000000112400000, 0x0000000116d00000, 0x0000000152400000)
  object space 74752K, 36% used [0x0000000112400000,0x0000000113eafef8,0x0000000116d00000)
 Metaspace       used 54772K, capacity 56570K, committed 56792K, reserved 1097728K
  class space    used 7394K, capacity 7822K, committed 7936K, reserved 1048576K
}
Event: 56.791 GC heap before
{Heap before GC invocations=15 (full 2):
 PSYoungGen      total 226816K, used 56574K [0x0000000152400000, 0x0000000161800000, 0x0000000172400000)
  eden space 215040K, 20% used [0x0000000152400000,0x0000000154fc68c8,0x000000015f600000)
  from space 11776K, 99% used [0x0000000160480000,0x0000000160ff9148,0x0000000161000000)
  to   space 14848K, 0% used [0x000000015f600000,0x000000015f600000,0x0000000160480000)
 ParOldGen       total 74752K, used 27327K [0x0000000112400000, 0x0000000116d00000, 0x0000000152400000)
  object space 74752K, 36% used [0x0000000112400000,0x0000000113eafef8,0x0000000116d00000)
 Metaspace       used 57119K, capacity 58944K, committed 59028K, reserved 1099776K
  class space    used 7703K, capacity 8146K, committed 8192K, reserved 1048576K
Event: 56.836 GC heap after
Heap after GC invocations=15 (full 2):
 PSYoungGen      total 229888K, used 2719K [0x0000000152400000, 0x0000000167600000, 0x0000000172400000)
  eden space 215040K, 0% used [0x0000000152400000,0x0000000152400000,0x000000015f600000)
  from space 14848K, 18% used [0x000000015f600000,0x000000015f8a7f78,0x0000000160480000)
  to   space 14848K, 0% used [0x0000000166780000,0x0000000166780000,0x0000000167600000)
 ParOldGen       total 74752K, used 34658K [0x0000000112400000, 0x0000000116d00000, 0x0000000152400000)
  object space 74752K, 46% used [0x0000000112400000,0x00000001145d88a8,0x0000000116d00000)
 Metaspace       used 57119K, capacity 58944K, committed 59028K, reserved 1099776K
  class space    used 7703K, capacity 8146K, committed 8192K, reserved 1048576K
}
Event: 56.836 GC heap before
{Heap before GC invocations=16 (full 3):
 PSYoungGen      total 229888K, used 2719K [0x0000000152400000, 0x0000000167600000, 0x0000000172400000)
  eden space 215040K, 0% used [0x0000000152400000,0x0000000152400000,0x000000015f600000)
  from space 14848K, 18% used [0x000000015f600000,0x000000015f8a7f78,0x0000000160480000)
  to   space 14848K, 0% used [0x0000000166780000,0x0000000166780000,0x0000000167600000)
 ParOldGen       total 74752K, used 34658K [0x0000000112400000, 0x0000000116d00000, 0x0000000152400000)
  object space 74752K, 46% used [0x0000000112400000,0x00000001145d88a8,0x0000000116d00000)
 Metaspace       used 57119K, capacity 58944K, committed 59028K, reserved 1099776K
  class space    used 7703K, capacity 8146K, committed 8192K, reserved 1048576K
Event: 57.169 GC heap after
Heap after GC invocations=16 (full 3):
 PSYoungGen      total 229888K, used 0K [0x0000000152400000, 0x0000000167600000, 0x0000000172400000)
  eden space 215040K, 0% used [0x0000000152400000,0x0000000152400000,0x000000015f600000)
  from space 14848K, 0% used [0x000000015f600000,0x000000015f600000,0x0000000160480000)
  to   space 14848K, 0% used [0x0000000166780000,0x0000000166780000,0x0000000167600000)
 ParOldGen       total 110592K, used 31884K [0x0000000112400000, 0x0000000119000000, 0x0000000152400000)
  object space 110592K, 28% used [0x0000000112400000,0x0000000114323390,0x0000000119000000)
 Metaspace       used 57117K, capacity 58938K, committed 59028K, reserved 1099776K
  class space    used 7702K, capacity 8145K, committed 8192K, reserved 1048576K
}

Deoptimization events (10 events):
Event: 56.315 Thread 0x00007faf3cd53000 Uncommon trap: reason=unstable_if action=reinterpret pc=0x00000001035f61f4 method=com.esotericsoftware.kryo.io.Output.writeString(Ljava/lang/CharSequence;)V @ 50
Event: 56.316 Thread 0x00007faf3cd53000 Uncommon trap: reason=unstable_if action=reinterpret pc=0x00000001041ba114 method=com.esotericsoftware.kryo.io.Output.writeBytes([BII)V @ 61
Event: 56.319 Thread 0x00007faf3cd53000 Uncommon trap: reason=unstable_if action=reinterpret pc=0x00000001030706b8 method=java.io.BufferedOutputStream.write([BII)V @ 35
Event: 56.380 Thread 0x00007faf3cd54000 Uncommon trap: reason=unstable_if action=reinterpret pc=0x00000001041c76cc method=java.security.MessageDigest.isEqual([B[B)Z @ 53
Event: 56.494 Thread 0x00007faf3cd54000 Uncommon trap: reason=unstable_if action=reinterpret pc=0x0000000103b6f1f8 method=java.lang.Integer.parseInt(Ljava/lang/String;I)I @ 1
Event: 56.552 Thread 0x00007faf3cd54000 Uncommon trap: reason=unstable_if action=reinterpret pc=0x00000001041b85b8 method=com.google.common.cache.LocalCache.usesKeyReferences()Z @ 7
Event: 56.685 Thread 0x00007faf3cd54000 Uncommon trap: reason=class_check action=maybe_recompile pc=0x0000000103307938 method=java.lang.ClassLoader.checkPackageAccess(Ljava/lang/Class;Ljava/security/ProtectionDomain;)V @ 115
Event: 56.686 Thread 0x00007faf3cd54000 Uncommon trap: reason=class_check action=maybe_recompile pc=0x0000000103307938 method=java.lang.ClassLoader.checkPackageAccess(Ljava/lang/Class;Ljava/security/ProtectionDomain;)V @ 115
Event: 56.686 Thread 0x00007faf3cd54000 Uncommon trap: reason=class_check action=maybe_recompile pc=0x0000000103307938 method=java.lang.ClassLoader.checkPackageAccess(Ljava/lang/Class;Ljava/security/ProtectionDomain;)V @ 115
Event: 56.686 Thread 0x00007faf3cd54000 Uncommon trap: reason=class_check action=maybe_recompile pc=0x0000000103307938 method=java.lang.ClassLoader.checkPackageAccess(Ljava/lang/Class;Ljava/security/ProtectionDomain;)V @ 115

Classes redefined (0 events):
No events

Internal exceptions (10 events):
Event: 53.629 Thread 0x00007faf3cd54000 Exception <a 'java/lang/NoSuchMethodError': <clinit>> (0x000000015850a370) thrown at [/Volumes/android/AOSP-openjdk-git/jdk8u/hotspot/src/share/vm/prims/jni.cpp, line 1613]
Event: 53.630 Thread 0x00007faf3cd54000 Exception <a 'java/lang/NoSuchMethodError': <clinit>> (0x000000015850bc20) thrown at [/Volumes/android/AOSP-openjdk-git/jdk8u/hotspot/src/share/vm/prims/jni.cpp, line 1613]
Event: 54.682 Thread 0x00007faf3b208800 Exception <a 'java/lang/NoSuchMethodError': <clinit>> (0x000000015a8ad480) thrown at [/Volumes/android/AOSP-openjdk-git/jdk8u/hotspot/src/share/vm/prims/jni.cpp, line 1613]
Event: 54.683 Thread 0x00007faf3b208800 Exception <a 'java/lang/NoSuchMethodError': <clinit>> (0x000000015a8b9c78) thrown at [/Volumes/android/AOSP-openjdk-git/jdk8u/hotspot/src/share/vm/prims/jni.cpp, line 1613]
Event: 55.023 Thread 0x00007faf3b477800 Exception <a 'java/lang/IncompatibleClassChangeError': Found class java.lang.Object, but interface was expected> (0x000000015b59b550) thrown at [/Volumes/android/AOSP-openjdk-git/jdk8u/hotspot/src/share/vm/interpreter/linkResolver.cpp, line 643]
Event: 55.295 Thread 0x00007faf3cd54000 Exception <a 'java/lang/NoSuchMethodError': java.lang.Object.lambda$negate$1(Ljava/lang/Object;)Z> (0x0000000153058cd8) thrown at [/Volumes/android/AOSP-openjdk-git/jdk8u/hotspot/src/share/vm/interpreter/linkResolver.cpp, line 584]
Event: 56.086 Thread 0x00007faf3cd54000 Exception <a 'java/lang/NoSuchMethodError': java.lang.Object.lambda$comparingInt$7b0bb60$1(Ljava/util/function/ToIntFunction;Ljava/lang/Object;Ljava/lang/Object;)I> (0x00000001537193c0) thrown at [/Volumes/android/AOSP-openjdk-git/jdk8u/hotspot/src/share/
Event: 56.494 Thread 0x00007faf3cd54000 Implicit null exception at 0x0000000103b6ed6f to 0x0000000103b6f1e9
Event: 67.209 Thread 0x00007faf3cd54000 JVM_StopThread thread JavaThread 0x00007faf3c192800 as oop 0x000000015271a698 [exception 0x00000001bcf674c8]
Event: 67.234 Thread 0x00007faf3cd54000 Exception <a 'java/lang/NoSuchFieldError': TCSANOW> (0x00000001528bfd30) thrown at [/Volumes/android/AOSP-openjdk-git/jdk8u/hotspot/src/share/vm/prims/jni.cpp, line 2955]

Events (10 events):
Event: 67.226 loading class org/jetbrains/kotlin/cli/common/messages/XmlMessageRenderer done
Event: 67.227 loading class org/jetbrains/kotlin/cli/common/messages/MessageRenderer$1
Event: 67.227 loading class org/jetbrains/kotlin/cli/common/messages/MessageRenderer$1 done
Event: 67.227 loading class org/jetbrains/kotlin/cli/common/messages/PlainTextMessageRenderer
Event: 67.227 loading class org/jetbrains/kotlin/cli/common/messages/PlainTextMessageRenderer done
Event: 67.229 loading class org/fusesource/jansi/internal/CLibrary
Event: 67.229 loading class org/fusesource/jansi/internal/CLibrary done
Event: 67.230 loading class org/jetbrains/kotlin/org/fusesource/hawtjni/runtime/Library
Event: 67.230 loading class org/jetbrains/kotlin/org/fusesource/hawtjni/runtime/Library done
Event: 67.230 Thread 0x00007faf3c824800 flushing nmethod 0x000000010317c490


Dynamic libraries:
0x0000000005b5f000 	/System/Library/Frameworks/Cocoa.framework/Versions/A/Cocoa
0x0000000005b5f000 	/System/Library/Frameworks/Security.framework/Versions/A/Security
0x0000000005b5f000 	/System/Library/Frameworks/ApplicationServices.framework/Versions/A/ApplicationServices
0x0000000005b5f000 	/usr/lib/libz.1.dylib
0x0000000005b5f000 	/usr/lib/libSystem.B.dylib
0x0000000005b5f000 	/System/Library/Frameworks/CoreFoundation.framework/Versions/A/CoreFoundation
0x0000000005b5f000 	/System/Library/Frameworks/Foundation.framework/Versions/C/Foundation
0x0000000005b5f000 	/usr/lib/libobjc.A.dylib
0x0000000005b5f000 	/System/Library/Frameworks/AppKit.framework/Versions/C/AppKit
0x0000000005b5f000 	/System/Library/Frameworks/CoreData.framework/Versions/A/CoreData
0x0000000005b5f000 	/System/Library/PrivateFrameworks/RemoteViewServices.framework/Versions/A/RemoteViewServices
0x0000000005b5f000 	/System/Library/PrivateFrameworks/UIFoundation.framework/Versions/A/UIFoundation
0x0000000005b5f000 	/System/Library/Frameworks/IOSurface.framework/Versions/A/IOSurface
0x0000000005b5f000 	/System/Library/Frameworks/AudioToolbox.framework/Versions/A/AudioToolbox
0x0000000005b5f000 	/System/Library/Frameworks/AudioUnit.framework/Versions/A/AudioUnit
0x0000000005b5f000 	/System/Library/PrivateFrameworks/DataDetectorsCore.framework/Versions/A/DataDetectorsCore
0x0000000005b5f000 	/System/Library/PrivateFrameworks/DesktopServicesPriv.framework/Versions/A/DesktopServicesPriv
0x0000000005b5f000 	/System/Library/Frameworks/Carbon.framework/Versions/A/Frameworks/HIToolbox.framework/Versions/A/HIToolbox
0x0000000005b5f000 	/System/Library/Frameworks/QuartzCore.framework/Versions/A/QuartzCore
0x0000000005b5f000 	/System/Library/Frameworks/Carbon.framework/Versions/A/Frameworks/SpeechRecognition.framework/Versions/A/SpeechRecognition
0x0000000005b5f000 	/usr/lib/libauto.dylib
0x0000000005b5f000 	/usr/lib/libicucore.A.dylib
0x0000000005b5f000 	/usr/lib/libxml2.2.dylib
0x0000000005b5f000 	/System/Library/PrivateFrameworks/CoreUI.framework/Versions/A/CoreUI
0x0000000005b5f000 	/System/Library/Frameworks/CoreAudio.framework/Versions/A/CoreAudio
0x0000000005b5f000 	/System/Library/Frameworks/DiskArbitration.framework/Versions/A/DiskArbitration
0x0000000005b5f000 	/usr/lib/liblangid.dylib
0x0000000005b5f000 	/System/Library/PrivateFrameworks/MultitouchSupport.framework/Versions/A/MultitouchSupport
0x0000000005b5f000 	/System/Library/Frameworks/IOKit.framework/Versions/A/IOKit
0x0000000005b5f000 	/usr/lib/libDiagnosticMessagesClient.dylib
0x0000000005b5f000 	/System/Library/Frameworks/CoreServices.framework/Versions/A/CoreServices
0x0000000005b5f000 	/System/Library/PrivateFrameworks/PerformanceAnalysis.framework/Versions/A/PerformanceAnalysis
0x0000000005b5f000 	/System/Library/PrivateFrameworks/GenerationalStorage.framework/Versions/A/GenerationalStorage
0x0000000005b5f000 	/System/Library/Frameworks/OpenGL.framework/Versions/A/OpenGL
0x0000000005b5f000 	/System/Library/PrivateFrameworks/Sharing.framework/Versions/A/Sharing
0x0000000005b5f000 	/System/Library/Frameworks/CoreGraphics.framework/Versions/A/CoreGraphics
0x0000000005b5f000 	/System/Library/Frameworks/CoreText.framework/Versions/A/CoreText
0x0000000005b5f000 	/System/Library/Frameworks/ImageIO.framework/Versions/A/ImageIO
0x0000000005b5f000 	/usr/lib/libextension.dylib
0x0000000005b5f000 	/System/Library/PrivateFrameworks/Backup.framework/Versions/A/Backup
0x0000000005b5f000 	/usr/lib/libarchive.2.dylib
0x0000000005b5f000 	/System/Library/Frameworks/CFNetwork.framework/Versions/A/CFNetwork
0x0000000005b5f000 	/System/Library/Frameworks/SystemConfiguration.framework/Versions/A/SystemConfiguration
0x0000000005b5f000 	/usr/lib/libCRFSuite.dylib
0x0000000005b5f000 	/usr/lib/libc++.1.dylib
0x0000000005b5f000 	/usr/lib/libc++abi.dylib
0x0000000005b5f000 	/usr/lib/system/libcache.dylib
0x0000000005b5f000 	/usr/lib/system/libcommonCrypto.dylib
0x0000000005b5f000 	/usr/lib/system/libcompiler_rt.dylib
0x0000000005b5f000 	/usr/lib/system/libcopyfile.dylib
0x0000000005b5f000 	/usr/lib/system/libcorecrypto.dylib
0x0000000005b5f000 	/usr/lib/system/libdispatch.dylib
0x0000000005b5f000 	/usr/lib/system/libdyld.dylib
0x0000000005b5f000 	/usr/lib/system/libkeymgr.dylib
0x0000000005b5f000 	/usr/lib/system/liblaunch.dylib
0x0000000005b5f000 	/usr/lib/system/libmacho.dylib
0x0000000005b5f000 	/usr/lib/system/libquarantine.dylib
0x0000000005b5f000 	/usr/lib/system/libremovefile.dylib
0x0000000005b5f000 	/usr/lib/system/libsystem_asl.dylib
0x0000000005b5f000 	/usr/lib/system/libsystem_blocks.dylib
0x0000000005b5f000 	/usr/lib/system/libsystem_c.dylib
0x0000000005b5f000 	/usr/lib/system/libsystem_configuration.dylib
0x0000000005b5f000 	/usr/lib/system/libsystem_coreservices.dylib
0x0000000005b5f000 	/usr/lib/system/libsystem_coretls.dylib
0x0000000005b5f000 	/usr/lib/system/libsystem_dnssd.dylib
0x0000000005b5f000 	/usr/lib/system/libsystem_info.dylib
0x0000000005b5f000 	/usr/lib/system/libsystem_kernel.dylib
0x0000000005b5f000 	/usr/lib/system/libsystem_m.dylib
0x0000000005b5f000 	/usr/lib/system/libsystem_malloc.dylib
0x0000000005b5f000 	/usr/lib/system/libsystem_network.dylib
0x0000000005b5f000 	/usr/lib/system/libsystem_networkextension.dylib
0x0000000005b5f000 	/usr/lib/system/libsystem_notify.dylib
0x0000000005b5f000 	/usr/lib/system/libsystem_platform.dylib
0x0000000005b5f000 	/usr/lib/system/libsystem_pthread.dylib
0x0000000005b5f000 	/usr/lib/system/libsystem_sandbox.dylib
0x0000000005b5f000 	/usr/lib/system/libsystem_secinit.dylib
0x0000000005b5f000 	/usr/lib/system/libsystem_stats.dylib
0x0000000005b5f000 	/usr/lib/system/libsystem_trace.dylib
0x0000000005b5f000 	/usr/lib/system/libunc.dylib
0x0000000005b5f000 	/usr/lib/system/libunwind.dylib
0x0000000005b5f000 	/usr/lib/system/libxpc.dylib
0x0000000005b5f000 	/usr/lib/libbz2.1.0.dylib
0x0000000005b5f000 	/usr/lib/liblzma.5.dylib
0x0000000005b5f000 	/usr/lib/libbsm.0.dylib
0x0000000005b5f000 	/usr/lib/libsqlite3.dylib
0x0000000005b5f000 	/usr/lib/system/libkxld.dylib
0x0000000005b5f000 	/usr/lib/libxar.1.dylib
0x0000000005b5f000 	/usr/lib/libpam.2.dylib
0x0000000005b5f000 	/usr/lib/libOpenScriptingUtil.dylib
0x0000000005b5f000 	/System/Library/Frameworks/CoreServices.framework/Versions/A/Frameworks/FSEvents.framework/Versions/A/FSEvents
0x0000000005b5f000 	/System/Library/Frameworks/CoreServices.framework/Versions/A/Frameworks/CarbonCore.framework/Versions/A/CarbonCore
0x0000000005b5f000 	/System/Library/Frameworks/CoreServices.framework/Versions/A/Frameworks/Metadata.framework/Versions/A/Metadata
0x0000000005b5f000 	/System/Library/Frameworks/CoreServices.framework/Versions/A/Frameworks/OSServices.framework/Versions/A/OSServices
0x0000000005b5f000 	/System/Library/Frameworks/CoreServices.framework/Versions/A/Frameworks/SearchKit.framework/Versions/A/SearchKit
0x0000000005b5f000 	/System/Library/Frameworks/CoreServices.framework/Versions/A/Frameworks/AE.framework/Versions/A/AE
0x0000000005b5f000 	/System/Library/Frameworks/CoreServices.framework/Versions/A/Frameworks/LaunchServices.framework/Versions/A/LaunchServices
0x0000000005b5f000 	/System/Library/Frameworks/CoreServices.framework/Versions/A/Frameworks/DictionaryServices.framework/Versions/A/DictionaryServices
0x0000000005b5f000 	/System/Library/Frameworks/NetFS.framework/Versions/A/NetFS
0x0000000005b5f000 	/System/Library/PrivateFrameworks/NetAuth.framework/Versions/A/NetAuth
0x0000000005b5f000 	/System/Library/PrivateFrameworks/login.framework/Versions/A/Frameworks/loginsupport.framework/Versions/A/loginsupport
0x0000000005b5f000 	/System/Library/PrivateFrameworks/TCC.framework/Versions/A/TCC
0x0000000005b5f000 	/usr/lib/libmecabra.dylib
0x0000000005b5f000 	/System/Library/Frameworks/ApplicationServices.framework/Versions/A/Frameworks/ATS.framework/Versions/A/ATS
0x0000000005b5f000 	/System/Library/Frameworks/ApplicationServices.framework/Versions/A/Frameworks/ColorSync.framework/Versions/A/ColorSync
0x0000000005b5f000 	/System/Library/Frameworks/ApplicationServices.framework/Versions/A/Frameworks/HIServices.framework/Versions/A/HIServices
0x0000000005b5f000 	/System/Library/Frameworks/ApplicationServices.framework/Versions/A/Frameworks/LangAnalysis.framework/Versions/A/LangAnalysis
0x0000000005b5f000 	/System/Library/Frameworks/ApplicationServices.framework/Versions/A/Frameworks/PrintCore.framework/Versions/A/PrintCore
0x0000000005b5f000 	/System/Library/Frameworks/ApplicationServices.framework/Versions/A/Frameworks/QD.framework/Versions/A/QD
0x0000000005b5f000 	/System/Library/Frameworks/ApplicationServices.framework/Versions/A/Frameworks/SpeechSynthesis.framework/Versions/A/SpeechSynthesis
0x0000000005b5f000 	/System/Library/Frameworks/Accelerate.framework/Versions/A/Accelerate
0x0000000005b5f000 	/System/Library/Frameworks/Accelerate.framework/Versions/A/Frameworks/vImage.framework/Versions/A/vImage
0x0000000005b5f000 	/System/Library/Frameworks/Accelerate.framework/Versions/A/Frameworks/vecLib.framework/Versions/A/vecLib
0x0000000005b5f000 	/System/Library/Frameworks/Accelerate.framework/Versions/A/Frameworks/vecLib.framework/Versions/A/libvDSP.dylib
0x0000000005b5f000 	/System/Library/Frameworks/Accelerate.framework/Versions/A/Frameworks/vecLib.framework/Versions/A/libvMisc.dylib
0x0000000005b5f000 	/System/Library/Frameworks/Accelerate.framework/Versions/A/Frameworks/vecLib.framework/Versions/A/libLAPACK.dylib
0x0000000005b5f000 	/System/Library/Frameworks/Accelerate.framework/Versions/A/Frameworks/vecLib.framework/Versions/A/libBLAS.dylib
0x0000000005b5f000 	/System/Library/Frameworks/Accelerate.framework/Versions/A/Frameworks/vecLib.framework/Versions/A/libLinearAlgebra.dylib
0x0000000005b5f000 	/System/Library/Frameworks/ApplicationServices.framework/Versions/A/Frameworks/ATS.framework/Versions/A/Resources/libFontParser.dylib
0x0000000005b5f000 	/System/Library/Frameworks/ApplicationServices.framework/Versions/A/Frameworks/ATS.framework/Versions/A/Resources/libFontRegistry.dylib
0x0000000005b5f000 	/System/Library/PrivateFrameworks/AppleVPA.framework/Versions/A/AppleVPA
0x0000000005b5f000 	/System/Library/PrivateFrameworks/AppleJPEG.framework/Versions/A/AppleJPEG
0x0000000005b5f000 	/System/Library/Frameworks/ImageIO.framework/Versions/A/Resources/libJPEG.dylib
0x0000000005b5f000 	/System/Library/Frameworks/ImageIO.framework/Versions/A/Resources/libTIFF.dylib
0x0000000005b5f000 	/System/Library/Frameworks/ImageIO.framework/Versions/A/Resources/libPng.dylib
0x0000000005b5f000 	/System/Library/Frameworks/ImageIO.framework/Versions/A/Resources/libGIF.dylib
0x0000000005b5f000 	/System/Library/Frameworks/ImageIO.framework/Versions/A/Resources/libJP2.dylib
0x0000000005b5f000 	/System/Library/Frameworks/ImageIO.framework/Versions/A/Resources/libRadiance.dylib
0x0000000005b5f000 	/System/Library/Frameworks/CoreVideo.framework/Versions/A/CoreVideo
0x0000000005b5f000 	/System/Library/Frameworks/OpenGL.framework/Versions/A/Libraries/libGLU.dylib
0x0000000005b5f000 	/System/Library/Frameworks/OpenGL.framework/Versions/A/Libraries/libGFXShared.dylib
0x0000000005b5f000 	/System/Library/Frameworks/OpenGL.framework/Versions/A/Libraries/libGL.dylib
0x0000000005b5f000 	/System/Library/Frameworks/OpenGL.framework/Versions/A/Libraries/libGLImage.dylib
0x0000000005b5f000 	/System/Library/Frameworks/OpenGL.framework/Versions/A/Libraries/libCVMSPluginSupport.dylib
0x0000000005b5f000 	/System/Library/Frameworks/OpenGL.framework/Versions/A/Libraries/libCoreVMClient.dylib
0x0000000005b5f000 	/usr/lib/libcups.2.dylib
0x0000000005b5f000 	/System/Library/Frameworks/Kerberos.framework/Versions/A/Kerberos
0x0000000005b5f000 	/System/Library/Frameworks/GSS.framework/Versions/A/GSS
0x0000000005b5f000 	/usr/lib/libresolv.9.dylib
0x0000000005b5f000 	/usr/lib/libiconv.2.dylib
0x0000000005b5f000 	/System/Library/PrivateFrameworks/Heimdal.framework/Versions/A/Heimdal
0x0000000005b5f000 	/usr/lib/libheimdal-asn1.dylib
0x0000000005b5f000 	/System/Library/Frameworks/OpenDirectory.framework/Versions/A/OpenDirectory
0x0000000005b5f000 	/System/Library/PrivateFrameworks/CommonAuth.framework/Versions/A/CommonAuth
0x0000000005b5f000 	/System/Library/Frameworks/OpenDirectory.framework/Versions/A/Frameworks/CFOpenDirectory.framework/Versions/A/CFOpenDirectory
0x0000000005b5f000 	/System/Library/Frameworks/SecurityFoundation.framework/Versions/A/SecurityFoundation
0x0000000005b5f000 	/System/Library/PrivateFrameworks/LanguageModeling.framework/Versions/A/LanguageModeling
0x0000000005b5f000 	/usr/lib/libcmph.dylib
0x0000000005b5f000 	/System/Library/Frameworks/ServiceManagement.framework/Versions/A/ServiceManagement
0x0000000005b5f000 	/usr/lib/libxslt.1.dylib
0x0000000005b5f000 	/System/Library/Frameworks/Carbon.framework/Versions/A/Frameworks/Ink.framework/Versions/A/Ink
0x0000000005b5f000 	/System/Library/Frameworks/QuartzCore.framework/Versions/A/Frameworks/CoreImage.framework/Versions/A/CoreImage
0x0000000005b5f000 	/System/Library/PrivateFrameworks/CrashReporterSupport.framework/Versions/A/CrashReporterSupport
0x0000000005b5f000 	/System/Library/Frameworks/OpenCL.framework/Versions/A/OpenCL
0x0000000005b5f000 	/System/Library/PrivateFrameworks/FaceCore.framework/Versions/A/FaceCore
0x0000000005b5f000 	/System/Library/PrivateFrameworks/Ubiquity.framework/Versions/A/Ubiquity
0x0000000005b5f000 	/System/Library/PrivateFrameworks/IconServices.framework/Versions/A/IconServices
0x0000000005b5f000 	/System/Library/PrivateFrameworks/ChunkingLibrary.framework/Versions/A/ChunkingLibrary
0x0000000005b5f000 	/System/Library/PrivateFrameworks/Apple80211.framework/Versions/A/Apple80211
0x0000000005b5f000 	/System/Library/Frameworks/CoreWLAN.framework/Versions/A/CoreWLAN
0x0000000005b5f000 	/System/Library/Frameworks/IOBluetooth.framework/Versions/A/IOBluetooth
0x0000000005b5f000 	/System/Library/PrivateFrameworks/CoreWiFi.framework/Versions/A/CoreWiFi
0x0000000005b5f000 	/System/Library/Frameworks/CoreBluetooth.framework/Versions/A/CoreBluetooth
0x0000000005b5f000 	/System/Library/PrivateFrameworks/DebugSymbols.framework/Versions/A/DebugSymbols
0x0000000005b5f000 	/System/Library/PrivateFrameworks/CoreSymbolication.framework/Versions/A/CoreSymbolication
0x0000000005b5f000 	/System/Library/PrivateFrameworks/Symbolication.framework/Versions/A/Symbolication
0x0000000005b5f000 	/System/Library/PrivateFrameworks/SpeechRecognitionCore.framework/Versions/A/SpeechRecognitionCore
0x0000000101a2e000 	/Users/jonathanrichards/Work/Android Studio 3.0 Preview.app/Contents/jre/jdk/Contents/Home/jre/lib/server/libjvm.dylib
0x0000000005b5f000 	/usr/lib/libstdc++.6.dylib
0x00000001025ad000 	/Users/jonathanrichards/Work/Android Studio 3.0 Preview.app/Contents/jre/jdk/Contents/Home/jre/lib/libverify.dylib
0x00000001025b9000 	/Users/jonathanrichards/Work/Android Studio 3.0 Preview.app/Contents/jre/jdk/Contents/Home/jre/lib/libjava.dylib
0x00000001025f7000 	/Users/jonathanrichards/Work/Android Studio 3.0 Preview.app/Contents/jre/jdk/Contents/Home/jre/lib/libzip.dylib
0x00000001b8b01000 	/Users/jonathanrichards/Work/Android Studio 3.0 Preview.app/Contents/jre/jdk/Contents/Home/jre/lib/libnet.dylib
0x00000001b7eaf000 	/Users/jonathanrichards/Work/Android Studio 3.0 Preview.app/Contents/jre/jdk/Contents/Home/jre/lib/libnio.dylib
0x00000001b7f43000 	/Users/jonathanrichards/.gradle/native/25/osx-amd64/libnative-platform.dylib
0x00000001b8d77000 	/Users/jonathanrichards/Work/Android Studio 3.0 Preview.app/Contents/jre/jdk/Contents/Home/jre/lib/libmanagement.dylib
0x00000001ba236000 	/private/var/folders/6_/lzlsqnfj0yg2p3y8rs_cmns80000gn/T/native-platform1937414306846254386dir/libnative-platform.dylib
0x00000001b7edb000 	/Users/jonathanrichards/.gradle/native/jansi/1.14/osx/libjansi.jnilib

VM Arguments:
jvm_args: -Xmx1536m -Dfile.encoding=UTF-8 -Duser.country=US -Duser.language=en -Duser.variant 
java_command: org.gradle.launcher.daemon.bootstrap.GradleDaemon 4.1-rc-1
java_class_path (initial): /Users/jonathanrichards/.gradle/wrapper/dists/gradle-4.1-rc-1-all/936kh1brdchce6fvd2c1o8t8x/gradle-4.1-rc-1/lib/gradle-launcher-4.1.jar
Launcher Type: SUN_STANDARD

Environment Variables:
PATH=/usr/bin:/bin:/usr/sbin:/sbin:/://platform-tools://usr/bin:/bin:/usr/sbin:/sbin
SHELL=/bin/bash
DISPLAY=/private/tmp/com.apple.launchd.hUgxJPaf3X/org.macosforge.xquartz:0

Signal Handlers:
SIGSEGV: [libjvm.dylib+0x53dc23], sa_mask[0]=11111111011111110111111111111111, sa_flags=SA_ONSTACK|SA_RESTART|SA_SIGINFO
SIGBUS: [libjvm.dylib+0x53dc23], sa_mask[0]=11111111011111110111111111111111, sa_flags=SA_RESTART|SA_SIGINFO
SIGFPE: [libjvm.dylib+0x436537], sa_mask[0]=11111111011111110111111111111111, sa_flags=SA_RESTART|SA_SIGINFO
SIGPIPE: [libjvm.dylib+0x436537], sa_mask[0]=11111111011111110111111111111111, sa_flags=SA_RESTART|SA_SIGINFO
SIGXFSZ: [libjvm.dylib+0x436537], sa_mask[0]=11111111011111110111111111111111, sa_flags=SA_RESTART|SA_SIGINFO
SIGILL: [libjvm.dylib+0x436537], sa_mask[0]=11111111011111110111111111111111, sa_flags=SA_RESTART|SA_SIGINFO
SIGUSR1: SIG_DFL, sa_mask[0]=00000000000000000000000000000000, sa_flags=none
SIGUSR2: [libjvm.dylib+0x436e5c], sa_mask[0]=00100000000000000000000000000000, sa_flags=SA_RESTART|SA_SIGINFO
SIGHUP: [libjvm.dylib+0x435051], sa_mask[0]=11111111011111110111111111111111, sa_flags=SA_RESTART|SA_SIGINFO
SIGINT: [libjvm.dylib+0x435051], sa_mask[0]=11111111011111110111111111111111, sa_flags=SA_RESTART|SA_SIGINFO
SIGTERM: [libjvm.dylib+0x435051], sa_mask[0]=11111111011111110111111111111111, sa_flags=SA_RESTART|SA_SIGINFO
SIGQUIT: [libjvm.dylib+0x435051], sa_mask[0]=11111111011111110111111111111111, sa_flags=SA_RESTART|SA_SIGINFO


---------------  S Y S T E M  ---------------

OS:Bsduname:Darwin 14.5.0 Darwin Kernel Version 14.5.0: Mon Aug 29 21:14:16 PDT 2016; root:xnu-2782.50.6~1/RELEASE_X86_64 x86_64
rlimit: STACK 8192k, CORE 0k, NPROC 709, NOFILE 10240, AS infinity
load average:7.85 3.85 3.24

CPU:total 4 (initial active 4) (2 cores per cpu, 2 threads per core) family 6 model 61 stepping 4, cmov, cx8, fxsr, mmx, sse, sse2, sse3, ssse3, sse4.1, sse4.2, popcnt, avx, avx2, aes, clmul, erms, 3dnowpref, lzcnt, ht, tsc, tscinvbit, bmi1, bmi2, adx

Memory: 4k page, physical 8388608k(207340k free)

/proc/meminfo:


vm_info: OpenJDK 64-Bit Server VM (25.152-b01) for bsd-amd64 JRE (1.8.0_152-release-884-b01), built on Jun 14 2017 14:25:15 by "builder" with gcc 4.2.1 Compatible Apple LLVM 8.1.0 (clang-802.0.42)

time: Wed Aug  9 17:08:02 2017
elapsed time: 67 seconds (0d 0h 1m 7s)

