#
# A fatal error has been detected by the Java Runtime Environment:
#
#  SIGSEGV (0xb) at pc=0x000000010382646f, pid=2720, tid=0x0000000000008807
#
# JRE version: Java(TM) SE Runtime Environment (8.0_141-b15) (build 1.8.0_141-b15)
# Java VM: Java HotSpot(TM) 64-Bit Server VM (25.141-b15 mixed mode bsd-amd64 compressed oops)
# Problematic frame:
# V  [libjvm.dylib+0x31f46f]
#
# Failed to write core dump. Core dumps have been disabled. To enable core dumping, try "ulimit -c unlimited" before starting Java again
#
# If you would like to submit a bug report, please visit:
#   http://bugreport.java.com/bugreport/crash.jsp
#

---------------  T H R E A D  ---------------

Current thread (0x00007fe010795000):  JavaThread "Task worker for ':'" [_thread_in_vm, id=34823, stack(0x00000001225ff000,0x00000001226ff000)]

siginfo: si_signo: 11 (SIGSEGV), si_code: 1 (SEGV_MAPERR), si_addr: 0x0000000000000010

Registers:
RAX=0x0000000103df6060, RBX=0x0000000000000000, RCX=0x0000000000000000, RDX=0x0000000000000000
RSP=0x00000001226fa730, RBP=0x00000001226fa7a0, RSI=0x00000001226fa840, RDI=0x00007fe0107951f8
R8 =0x0000000000000000, R9 =0x00007fff8c5dcd60, R10=0x0000000103af0bea, R11=0x00007fdf07d1c4ef
R12=0x00007fe0107951f8, R13=0x00007fe010795000, R14=0x0000000000000000, R15=0x00000001226fa840
RIP=0x000000010382646f, EFLAGS=0x0000000000010246, ERR=0x0000000000000004
  TRAPNO=0x000000000000000e

Top of Stack: (sp=0x00000001226fa730)
0x00000001226fa730:   0000000122ad9a98 00007fe010795000
0x00000001226fa740:   00007fe010795000 00007fe010795000
0x00000001226fa750:   00007fe010c96838 0000000100000b8b
0x00000001226fa760:   0000000103b06498 00007fe010795000
0x00000001226fa770:   00007fe010795000 00007fe0107951f8
0x00000001226fa780:   00000001038263cf 0000000122ad9eb0
0x00000001226fa790:   00000001226fa840 0000000119cb7e39
0x00000001226fa7a0:   00000001226fa7e0 0000000119cb6f98
0x00000001226fa7b0:   0000000119cb6e90 0000000122ad9eb8
0x00000001226fa7c0:   0000000000000000 0000000122ad9eb0
0x00000001226fa7d0:   00000001226fa848 00007fe010795000
0x00000001226fa7e0:   00000001226fa830 0000000104e4c9f4
0x00000001226fa7f0:   00000001226fa7f0 0000000122ad9eb0
0x00000001226fa800:   00000001226fa848 0000000122ada0d0
0x00000001226fa810:   0000000000000000 0000000122ad9eb8
0x00000001226fa820:   0000000000000000 00000001226fa850
0x00000001226fa830:   00000001226fa890 0000000104e3d2bd
0x00000001226fa840:   00000007a2c48d38 0000000104e46538
0x00000001226fa850:   00000001226fa850 0000000122ada034
0x00000001226fa860:   00000001226fa898 0000000122ada0d0
0x00000001226fa870:   0000000000000000 0000000122ada040
0x00000001226fa880:   00000001226fa850 00000001226fa8a0
0x00000001226fa890:   00000001226fa900 0000000104e357a7
0x00000001226fa8a0:   0000000100001fa0 000000000000000a
0x00000001226fa8b0:   00007fe010795000 0000000000000000
0x00000001226fa8c0:   0000000104e3571f 0000000122ada040
0x00000001226fa8d0:   00000001226fa998 00000001226faad0
0x00000001226fa8e0:   00007fe00000000a 0000000122ada040
0x00000001226fa8f0:   0000000104e47c80 00000001226faae0
0x00000001226fa900:   00000001226faab0 00000001037f570a
0x00000001226fa910:   0000000100000000 00007fe010795000
0x00000001226fa920:   00007fe010795001 00000001226faad0 

Instructions: (pc=0x000000010382646f)
0x000000010382644f:   45 a0 48 89 44 24 08 c7 04 24 49 00 00 00 31 f6
0x000000010382645f:   41 b9 01 00 00 00 31 d2 4d 89 f0 e8 2b 54 07 00
0x000000010382646f:   49 63 46 10 49 8b 0e 48 8b 49 68 89 1c 01 90 0f
0x000000010382647f:   1f 40 00 48 83 7d b0 00 74 09 48 8d 7d a8 e8 02 

Register to memory mapping:

RAX=0x0000000103df6060: _ZN11JvmtiExport31_should_post_field_modificationE+0 in /Library/Java/JavaVirtualMachines/jdk1.8.0_141.jdk/Contents/Home/jre/lib/server/libjvm.dylib at 0x0000000103507000
RBX=0x0000000000000000 is an unknown value
RCX=0x0000000000000000 is an unknown value
RDX=0x0000000000000000 is an unknown value
RSP=0x00000001226fa730 is pointing into the stack for thread: 0x00007fe010795000
RBP=0x00000001226fa7a0 is pointing into the stack for thread: 0x00007fe010795000
RSI=0x00000001226fa840 is pointing into the stack for thread: 0x00007fe010795000
RDI=0x00007fe0107951f8 is an unknown value
R8 =0x0000000000000000 is an unknown value
R9 =0x00007fff8c5dcd60: zeroes+0 in /usr/lib/system/libsystem_c.dylib at 0x00007fff8c555000
R10=0x0000000103af0bea: _ZL24decode_instructions_name+0x9e2 in /Library/Java/JavaVirtualMachines/jdk1.8.0_141.jdk/Contents/Home/jre/lib/server/libjvm.dylib at 0x0000000103507000
R11=0x00007fdf07d1c4ef is an unknown value
R12=0x00007fe0107951f8 is an unknown value
R13=0x00007fe010795000 is a thread
R14=0x0000000000000000 is an unknown value
R15=0x00000001226fa840 is pointing into the stack for thread: 0x00007fe010795000


Stack: [0x00000001225ff000,0x00000001226ff000],  sp=0x00000001226fa730,  free space=1005k
Native frames: (J=compiled Java code, j=interpreted, Vv=VM code, C=native code)
V  [libjvm.dylib+0x31f46f]
C  [libjansi.jnilib+0xf98]  Java_org_fusesource_jansi_internal_CLibrary_init+0x108
j  org.fusesource.jansi.internal.CLibrary.init()V+0
j  org.fusesource.jansi.internal.CLibrary.<clinit>()V+20
v  ~StubRoutines::call_stub
V  [libjvm.dylib+0x2ee70a]
V  [libjvm.dylib+0x2c12c1]
V  [libjvm.dylib+0x2c2925]
V  [libjvm.dylib+0x2c2bbb]
V  [libjvm.dylib+0x3c9b1e]
V  [libjvm.dylib+0x3cc103]
V  [libjvm.dylib+0x2e95f7]
j  org.jetbrains.kotlin.cli.common.messages.PlainTextMessageRenderer.<clinit>()V+21
v  ~StubRoutines::call_stub
V  [libjvm.dylib+0x2ee70a]
V  [libjvm.dylib+0x2c12c1]
V  [libjvm.dylib+0x2c2925]
V  [libjvm.dylib+0x2c2bbb]
V  [libjvm.dylib+0x2c2763]
V  [libjvm.dylib+0x2c2bbb]
V  [libjvm.dylib+0x2ea15c]
j  org.jetbrains.kotlin.cli.common.messages.MessageRenderer.<clinit>()V+10
v  ~StubRoutines::call_stub
V  [libjvm.dylib+0x2ee70a]
V  [libjvm.dylib+0x2c12c1]
V  [libjvm.dylib+0x2c2925]
V  [libjvm.dylib+0x2c2bbb]
V  [libjvm.dylib+0x3c9b1e]
V  [libjvm.dylib+0x3cc103]
V  [libjvm.dylib+0x2e95f7]
j  org.jetbrains.kotlin.compilerRunner.GradleCompilerRunner$loggingMessageCollector$2$1.<init>(Lorg/jetbrains/kotlin/compilerRunner/GradleCompilerRunner$loggingMessageCollector$2;)V+10
j  org.jetbrains.kotlin.compilerRunner.GradleCompilerRunner$loggingMessageCollector$2.invoke()Lorg/jetbrains/kotlin/compilerRunner/GradleCompilerRunner$loggingMessageCollector$2$1;+5
j  org.jetbrains.kotlin.compilerRunner.GradleCompilerRunner$loggingMessageCollector$2.invoke()Ljava/lang/Object;+1
j  kotlin.SynchronizedLazyImpl.getValue()Ljava/lang/Object;+49
j  org.jetbrains.kotlin.compilerRunner.GradleCompilerRunner.getLoggingMessageCollector()Lorg/jetbrains/kotlin/cli/common/messages/MessageCollector;+14
j  org.jetbrains.kotlin.compilerRunner.GradleCompilerRunner.compileOutOfProcess([Ljava/lang/String;Ljava/lang/String;Lorg/jetbrains/kotlin/compilerRunner/GradleCompilerEnvironment;)Lorg/jetbrains/kotlin/cli/common/ExitCode;+238
j  org.jetbrains.kotlin.compilerRunner.GradleCompilerRunner.compileWithDaemonOrFallback(Ljava/lang/String;Lorg/jetbrains/kotlin/cli/common/arguments/CommonCompilerArguments;Lorg/jetbrains/kotlin/compilerRunner/GradleCompilerEnvironment;)Lorg/jetbrains/kotlin/cli/common/ExitCode;+584
j  org.jetbrains.kotlin.compilerRunner.GradleCompilerRunner.compileWithDaemonOrFallback(Ljava/lang/String;Lorg/jetbrains/kotlin/cli/common/arguments/CommonCompilerArguments;Lorg/jetbrains/kotlin/compilerRunner/CompilerEnvironment;)Lorg/jetbrains/kotlin/cli/common/ExitCode;+7
j  org.jetbrains.kotlin.compilerRunner.KotlinCompilerRunner.runCompiler(Ljava/lang/String;Lorg/jetbrains/kotlin/cli/common/arguments/CommonCompilerArguments;Lorg/jetbrains/kotlin/compilerRunner/CompilerEnvironment;)Lorg/jetbrains/kotlin/cli/common/ExitCode;+25
j  org.jetbrains.kotlin.compilerRunner.GradleCompilerRunner.runJvmCompiler(Ljava/util/List;Ljava/lang/Iterable;Lorg/jetbrains/kotlin/cli/common/arguments/K2JVMCompilerArguments;Lorg/jetbrains/kotlin/compilerRunner/GradleCompilerEnvironment;)Lorg/jetbrains/kotlin/cli/common/ExitCode;+234
j  org.jetbrains.kotlin.gradle.tasks.KotlinCompile.callCompiler$kotlin_gradle_plugin(Lorg/jetbrains/kotlin/cli/common/arguments/K2JVMCompilerArguments;Lorg/jetbrains/kotlin/gradle/tasks/SourceRoots;Lorg/jetbrains/kotlin/incremental/ChangedFiles;)V+291
j  org.jetbrains.kotlin.gradle.tasks.KotlinCompile.callCompiler$kotlin_gradle_plugin(Lorg/jetbrains/kotlin/cli/common/arguments/CommonCompilerArguments;Lorg/jetbrains/kotlin/gradle/tasks/SourceRoots;Lorg/jetbrains/kotlin/incremental/ChangedFiles;)V+7
j  org.jetbrains.kotlin.gradle.tasks.AbstractKotlinCompile.execute(Lorg/gradle/api/tasks/incremental/IncrementalTaskInputs;)V+189
v  ~StubRoutines::call_stub
V  [libjvm.dylib+0x2ee70a]
V  [libjvm.dylib+0x4d3c0c]
V  [libjvm.dylib+0x4d4140]
V  [libjvm.dylib+0x346b0c]
J 1394  sun.reflect.NativeMethodAccessorImpl.invoke0(Ljava/lang/reflect/Method;Ljava/lang/Object;[Ljava/lang/Object;)Ljava/lang/Object; (0 bytes) @ 0x00000001052e256d [0x00000001052e2480+0xed]
J 1393 C1 sun.reflect.NativeMethodAccessorImpl.invoke(Ljava/lang/Object;[Ljava/lang/Object;)Ljava/lang/Object; (104 bytes) @ 0x00000001052e6e94 [0x00000001052e5cc0+0x11d4]
J 8104 C2 java.lang.reflect.Method.invoke(Ljava/lang/Object;[Ljava/lang/Object;)Ljava/lang/Object; (62 bytes) @ 0x000000010593e18c [0x000000010593e100+0x8c]
J 2974 C1 org.gradle.internal.reflect.JavaMethod.invoke(Ljava/lang/Object;[Ljava/lang/Object;)Ljava/lang/Object; (74 bytes) @ 0x0000000104f747fc [0x0000000104f746e0+0x11c]
j  org.gradle.api.internal.project.taskfactory.DefaultTaskClassInfoStore$IncrementalTaskAction.doExecute(Lorg/gradle/api/Task;Ljava/lang/String;)V+35
j  org.gradle.api.internal.project.taskfactory.DefaultTaskClassInfoStore$StandardTaskAction.execute(Lorg/gradle/api/Task;)V+32
j  org.gradle.api.internal.project.taskfactory.DefaultTaskClassInfoStore$StandardTaskAction.execute(Ljava/lang/Object;)V+5
j  org.gradle.api.internal.tasks.execution.ExecuteActionsTaskExecuter$1.run(Lorg/gradle/internal/operations/BuildOperationContext;)V+23
J 8569 C1 org.gradle.internal.progress.DefaultBuildOperationExecutor$RunnableBuildOperationWorker.execute(Lorg/gradle/internal/operations/BuildOperation;Lorg/gradle/internal/operations/BuildOperationContext;)V (10 bytes) @ 0x0000000106609eac [0x0000000106609c60+0x24c]
J 8385 C1 org.gradle.internal.progress.DefaultBuildOperationExecutor.execute(Lorg/gradle/internal/operations/BuildOperation;Lorg/gradle/internal/operations/BuildOperationWorker;Lorg/gradle/internal/progress/DefaultBuildOperationExecutor$DefaultBuildOperationState;)V (430 bytes) @ 0x0000000105f8b274 [0x0000000105f88960+0x2914]
J 13010 C1 org.gradle.internal.progress.DefaultBuildOperationExecutor.run(Lorg/gradle/internal/operations/RunnableBuildOperation;)V (38 bytes) @ 0x00000001070123e4 [0x00000001070122e0+0x104]
j  org.gradle.api.internal.tasks.execution.ExecuteActionsTaskExecuter.executeAction(Ljava/lang/String;Lorg/gradle/api/internal/TaskInternal;Lorg/gradle/api/internal/tasks/ContextAwareTaskAction;Lorg/gradle/api/internal/tasks/TaskExecutionContext;)V+23
j  org.gradle.api.internal.tasks.execution.ExecuteActionsTaskExecuter.executeActions(Lorg/gradle/api/internal/TaskInternal;Lorg/gradle/api/internal/tasks/TaskStateInternal;Lorg/gradle/api/internal/tasks/TaskExecutionContext;)Lorg/gradle/api/GradleException;+131
j  org.gradle.api.internal.tasks.execution.ExecuteActionsTaskExecuter.execute(Lorg/gradle/api/internal/TaskInternal;Lorg/gradle/api/internal/tasks/TaskStateInternal;Lorg/gradle/api/internal/tasks/TaskExecutionContext;)V+42
j  org.gradle.api.internal.tasks.execution.SkipUpToDateTaskExecuter.execute(Lorg/gradle/api/internal/TaskInternal;Lorg/gradle/api/internal/tasks/TaskStateInternal;Lorg/gradle/api/internal/tasks/TaskExecutionContext;)V+124
j  org.gradle.api.internal.tasks.execution.ResolveTaskOutputCachingStateExecuter.execute(Lorg/gradle/api/internal/TaskInternal;Lorg/gradle/api/internal/tasks/TaskStateInternal;Lorg/gradle/api/internal/tasks/TaskExecutionContext;)V+96
j  org.gradle.api.internal.tasks.execution.ValidatingTaskExecuter.execute(Lorg/gradle/api/internal/TaskInternal;Lorg/gradle/api/internal/tasks/TaskStateInternal;Lorg/gradle/api/internal/tasks/TaskExecutionContext;)V+215
j  org.gradle.api.internal.tasks.execution.SkipEmptySourceFilesTaskExecuter.execute(Lorg/gradle/api/internal/TaskInternal;Lorg/gradle/api/internal/tasks/TaskStateInternal;Lorg/gradle/api/internal/tasks/TaskExecutionContext;)V+335
j  org.gradle.api.internal.tasks.execution.ResolveTaskArtifactStateTaskExecuter.execute(Lorg/gradle/api/internal/TaskInternal;Lorg/gradle/api/internal/tasks/TaskStateInternal;Lorg/gradle/api/internal/tasks/TaskExecutionContext;)V+72
j  org.gradle.api.internal.tasks.execution.SkipTaskWithNoActionsExecuter.execute(Lorg/gradle/api/internal/TaskInternal;Lorg/gradle/api/internal/tasks/TaskStateInternal;Lorg/gradle/api/internal/tasks/TaskExecutionContext;)V+124
j  org.gradle.api.internal.tasks.execution.SkipOnlyIfTaskExecuter.execute(Lorg/gradle/api/internal/TaskInternal;Lorg/gradle/api/internal/tasks/TaskStateInternal;Lorg/gradle/api/internal/tasks/TaskExecutionContext;)V+85
j  org.gradle.api.internal.tasks.execution.ExecuteAtMostOnceTaskExecuter.execute(Lorg/gradle/api/internal/TaskInternal;Lorg/gradle/api/internal/tasks/TaskStateInternal;Lorg/gradle/api/internal/tasks/TaskExecutionContext;)V+26
j  org.gradle.api.internal.tasks.execution.CatchExceptionTaskExecuter.execute(Lorg/gradle/api/internal/TaskInternal;Lorg/gradle/api/internal/tasks/TaskStateInternal;Lorg/gradle/api/internal/tasks/TaskExecutionContext;)V+7
j  org.gradle.execution.taskgraph.DefaultTaskGraphExecuter$EventFiringTaskWorker$1.run(Lorg/gradle/internal/operations/BuildOperationContext;)V+56
J 8569 C1 org.gradle.internal.progress.DefaultBuildOperationExecutor$RunnableBuildOperationWorker.execute(Lorg/gradle/internal/operations/BuildOperation;Lorg/gradle/internal/operations/BuildOperationContext;)V (10 bytes) @ 0x0000000106609eac [0x0000000106609c60+0x24c]
J 8385 C1 org.gradle.internal.progress.DefaultBuildOperationExecutor.execute(Lorg/gradle/internal/operations/BuildOperation;Lorg/gradle/internal/operations/BuildOperationWorker;Lorg/gradle/internal/progress/DefaultBuildOperationExecutor$DefaultBuildOperationState;)V (430 bytes) @ 0x0000000105f8b274 [0x0000000105f88960+0x2914]
J 13010 C1 org.gradle.internal.progress.DefaultBuildOperationExecutor.run(Lorg/gradle/internal/operations/RunnableBuildOperation;)V (38 bytes) @ 0x00000001070123e4 [0x00000001070122e0+0x104]
j  org.gradle.execution.taskgraph.DefaultTaskGraphExecuter$EventFiringTaskWorker.execute(Lorg/gradle/api/internal/TaskInternal;)V+16
j  org.gradle.execution.taskgraph.DefaultTaskGraphExecuter$EventFiringTaskWorker.execute(Ljava/lang/Object;)V+5
j  org.gradle.execution.taskgraph.DefaultTaskPlanExecutor$TaskExecutorWorker.processTask(Lorg/gradle/execution/taskgraph/TaskInfo;)V+8
j  org.gradle.execution.taskgraph.DefaultTaskPlanExecutor$TaskExecutorWorker.access$200(Lorg/gradle/execution/taskgraph/DefaultTaskPlanExecutor$TaskExecutorWorker;Lorg/gradle/execution/taskgraph/TaskInfo;)V+2
j  org.gradle.execution.taskgraph.DefaultTaskPlanExecutor$TaskExecutorWorker$1.execute(Lorg/gradle/execution/taskgraph/TaskInfo;)V+38
j  org.gradle.execution.taskgraph.DefaultTaskPlanExecutor$TaskExecutorWorker$1.execute(Ljava/lang/Object;)V+5
j  org.gradle.execution.taskgraph.DefaultTaskExecutionPlan.execute(Lorg/gradle/execution/taskgraph/TaskInfo;Lorg/gradle/internal/work/WorkerLeaseRegistry$WorkerLease;Lorg/gradle/api/Action;)V+14
j  org.gradle.execution.taskgraph.DefaultTaskExecutionPlan.executeWithTask(Lorg/gradle/internal/work/WorkerLeaseRegistry$WorkerLease;Lorg/gradle/api/Action;)Z+53
j  org.gradle.execution.taskgraph.DefaultTaskPlanExecutor$TaskExecutorWorker.run()V+52
J 9067 C1 org.gradle.internal.concurrent.ManagedExecutorImpl$1.run()V (57 bytes) @ 0x0000000105b8ffa4 [0x0000000105b8fa80+0x524]
j  java.util.concurrent.ThreadPoolExecutor.runWorker(Ljava/util/concurrent/ThreadPoolExecutor$Worker;)V+95
j  java.util.concurrent.ThreadPoolExecutor$Worker.run()V+5
j  org.gradle.internal.concurrent.ThreadFactoryImpl$ManagedThreadRunnable.run()V+7
j  java.lang.Thread.run()V+11
v  ~StubRoutines::call_stub
V  [libjvm.dylib+0x2ee70a]
V  [libjvm.dylib+0x2eeeae]
V  [libjvm.dylib+0x2ef05a]
V  [libjvm.dylib+0x3497b1]
V  [libjvm.dylib+0x56c0b3]
V  [libjvm.dylib+0x56d7a0]
V  [libjvm.dylib+0x48baee]
C  [libsystem_pthread.dylib+0x405a]  _pthread_body+0x83
C  [libsystem_pthread.dylib+0x3fd7]  _pthread_body+0x0
C  [libsystem_pthread.dylib+0x13ed]  thread_start+0xd
...<more frames>...

Java frames: (J=compiled Java code, j=interpreted, Vv=VM code)
j  org.fusesource.jansi.internal.CLibrary.init()V+0
j  org.fusesource.jansi.internal.CLibrary.<clinit>()V+20
v  ~StubRoutines::call_stub
j  org.jetbrains.kotlin.cli.common.messages.PlainTextMessageRenderer.<clinit>()V+21
v  ~StubRoutines::call_stub
j  org.jetbrains.kotlin.cli.common.messages.MessageRenderer.<clinit>()V+10
v  ~StubRoutines::call_stub
j  org.jetbrains.kotlin.compilerRunner.GradleCompilerRunner$loggingMessageCollector$2$1.<init>(Lorg/jetbrains/kotlin/compilerRunner/GradleCompilerRunner$loggingMessageCollector$2;)V+10
j  org.jetbrains.kotlin.compilerRunner.GradleCompilerRunner$loggingMessageCollector$2.invoke()Lorg/jetbrains/kotlin/compilerRunner/GradleCompilerRunner$loggingMessageCollector$2$1;+5
j  org.jetbrains.kotlin.compilerRunner.GradleCompilerRunner$loggingMessageCollector$2.invoke()Ljava/lang/Object;+1
j  kotlin.SynchronizedLazyImpl.getValue()Ljava/lang/Object;+49
j  org.jetbrains.kotlin.compilerRunner.GradleCompilerRunner.getLoggingMessageCollector()Lorg/jetbrains/kotlin/cli/common/messages/MessageCollector;+14
j  org.jetbrains.kotlin.compilerRunner.GradleCompilerRunner.compileOutOfProcess([Ljava/lang/String;Ljava/lang/String;Lorg/jetbrains/kotlin/compilerRunner/GradleCompilerEnvironment;)Lorg/jetbrains/kotlin/cli/common/ExitCode;+238
j  org.jetbrains.kotlin.compilerRunner.GradleCompilerRunner.compileWithDaemonOrFallback(Ljava/lang/String;Lorg/jetbrains/kotlin/cli/common/arguments/CommonCompilerArguments;Lorg/jetbrains/kotlin/compilerRunner/GradleCompilerEnvironment;)Lorg/jetbrains/kotlin/cli/common/ExitCode;+584
j  org.jetbrains.kotlin.compilerRunner.GradleCompilerRunner.compileWithDaemonOrFallback(Ljava/lang/String;Lorg/jetbrains/kotlin/cli/common/arguments/CommonCompilerArguments;Lorg/jetbrains/kotlin/compilerRunner/CompilerEnvironment;)Lorg/jetbrains/kotlin/cli/common/ExitCode;+7
j  org.jetbrains.kotlin.compilerRunner.KotlinCompilerRunner.runCompiler(Ljava/lang/String;Lorg/jetbrains/kotlin/cli/common/arguments/CommonCompilerArguments;Lorg/jetbrains/kotlin/compilerRunner/CompilerEnvironment;)Lorg/jetbrains/kotlin/cli/common/ExitCode;+25
j  org.jetbrains.kotlin.compilerRunner.GradleCompilerRunner.runJvmCompiler(Ljava/util/List;Ljava/lang/Iterable;Lorg/jetbrains/kotlin/cli/common/arguments/K2JVMCompilerArguments;Lorg/jetbrains/kotlin/compilerRunner/GradleCompilerEnvironment;)Lorg/jetbrains/kotlin/cli/common/ExitCode;+234
j  org.jetbrains.kotlin.gradle.tasks.KotlinCompile.callCompiler$kotlin_gradle_plugin(Lorg/jetbrains/kotlin/cli/common/arguments/K2JVMCompilerArguments;Lorg/jetbrains/kotlin/gradle/tasks/SourceRoots;Lorg/jetbrains/kotlin/incremental/ChangedFiles;)V+291
j  org.jetbrains.kotlin.gradle.tasks.KotlinCompile.callCompiler$kotlin_gradle_plugin(Lorg/jetbrains/kotlin/cli/common/arguments/CommonCompilerArguments;Lorg/jetbrains/kotlin/gradle/tasks/SourceRoots;Lorg/jetbrains/kotlin/incremental/ChangedFiles;)V+7
j  org.jetbrains.kotlin.gradle.tasks.AbstractKotlinCompile.execute(Lorg/gradle/api/tasks/incremental/IncrementalTaskInputs;)V+189
v  ~StubRoutines::call_stub
J 1394  sun.reflect.NativeMethodAccessorImpl.invoke0(Ljava/lang/reflect/Method;Ljava/lang/Object;[Ljava/lang/Object;)Ljava/lang/Object; (0 bytes) @ 0x00000001052e24f7 [0x00000001052e2480+0x77]
J 1393 C1 sun.reflect.NativeMethodAccessorImpl.invoke(Ljava/lang/Object;[Ljava/lang/Object;)Ljava/lang/Object; (104 bytes) @ 0x00000001052e6e94 [0x00000001052e5cc0+0x11d4]
J 8104 C2 java.lang.reflect.Method.invoke(Ljava/lang/Object;[Ljava/lang/Object;)Ljava/lang/Object; (62 bytes) @ 0x000000010593e18c [0x000000010593e100+0x8c]
J 2974 C1 org.gradle.internal.reflect.JavaMethod.invoke(Ljava/lang/Object;[Ljava/lang/Object;)Ljava/lang/Object; (74 bytes) @ 0x0000000104f747fc [0x0000000104f746e0+0x11c]
j  org.gradle.api.internal.project.taskfactory.DefaultTaskClassInfoStore$IncrementalTaskAction.doExecute(Lorg/gradle/api/Task;Ljava/lang/String;)V+35
j  org.gradle.api.internal.project.taskfactory.DefaultTaskClassInfoStore$StandardTaskAction.execute(Lorg/gradle/api/Task;)V+32
j  org.gradle.api.internal.project.taskfactory.DefaultTaskClassInfoStore$StandardTaskAction.execute(Ljava/lang/Object;)V+5
j  org.gradle.api.internal.tasks.execution.ExecuteActionsTaskExecuter$1.run(Lorg/gradle/internal/operations/BuildOperationContext;)V+23
J 8569 C1 org.gradle.internal.progress.DefaultBuildOperationExecutor$RunnableBuildOperationWorker.execute(Lorg/gradle/internal/operations/BuildOperation;Lorg/gradle/internal/operations/BuildOperationContext;)V (10 bytes) @ 0x0000000106609eac [0x0000000106609c60+0x24c]
J 8385 C1 org.gradle.internal.progress.DefaultBuildOperationExecutor.execute(Lorg/gradle/internal/operations/BuildOperation;Lorg/gradle/internal/operations/BuildOperationWorker;Lorg/gradle/internal/progress/DefaultBuildOperationExecutor$DefaultBuildOperationState;)V (430 bytes) @ 0x0000000105f8b274 [0x0000000105f88960+0x2914]
J 13010 C1 org.gradle.internal.progress.DefaultBuildOperationExecutor.run(Lorg/gradle/internal/operations/RunnableBuildOperation;)V (38 bytes) @ 0x00000001070123e4 [0x00000001070122e0+0x104]
j  org.gradle.api.internal.tasks.execution.ExecuteActionsTaskExecuter.executeAction(Ljava/lang/String;Lorg/gradle/api/internal/TaskInternal;Lorg/gradle/api/internal/tasks/ContextAwareTaskAction;Lorg/gradle/api/internal/tasks/TaskExecutionContext;)V+23
j  org.gradle.api.internal.tasks.execution.ExecuteActionsTaskExecuter.executeActions(Lorg/gradle/api/internal/TaskInternal;Lorg/gradle/api/internal/tasks/TaskStateInternal;Lorg/gradle/api/internal/tasks/TaskExecutionContext;)Lorg/gradle/api/GradleException;+131
j  org.gradle.api.internal.tasks.execution.ExecuteActionsTaskExecuter.execute(Lorg/gradle/api/internal/TaskInternal;Lorg/gradle/api/internal/tasks/TaskStateInternal;Lorg/gradle/api/internal/tasks/TaskExecutionContext;)V+42
j  org.gradle.api.internal.tasks.execution.SkipUpToDateTaskExecuter.execute(Lorg/gradle/api/internal/TaskInternal;Lorg/gradle/api/internal/tasks/TaskStateInternal;Lorg/gradle/api/internal/tasks/TaskExecutionContext;)V+124
j  org.gradle.api.internal.tasks.execution.ResolveTaskOutputCachingStateExecuter.execute(Lorg/gradle/api/internal/TaskInternal;Lorg/gradle/api/internal/tasks/TaskStateInternal;Lorg/gradle/api/internal/tasks/TaskExecutionContext;)V+96
j  org.gradle.api.internal.tasks.execution.ValidatingTaskExecuter.execute(Lorg/gradle/api/internal/TaskInternal;Lorg/gradle/api/internal/tasks/TaskStateInternal;Lorg/gradle/api/internal/tasks/TaskExecutionContext;)V+215
j  org.gradle.api.internal.tasks.execution.SkipEmptySourceFilesTaskExecuter.execute(Lorg/gradle/api/internal/TaskInternal;Lorg/gradle/api/internal/tasks/TaskStateInternal;Lorg/gradle/api/internal/tasks/TaskExecutionContext;)V+335
j  org.gradle.api.internal.tasks.execution.ResolveTaskArtifactStateTaskExecuter.execute(Lorg/gradle/api/internal/TaskInternal;Lorg/gradle/api/internal/tasks/TaskStateInternal;Lorg/gradle/api/internal/tasks/TaskExecutionContext;)V+72
j  org.gradle.api.internal.tasks.execution.SkipTaskWithNoActionsExecuter.execute(Lorg/gradle/api/internal/TaskInternal;Lorg/gradle/api/internal/tasks/TaskStateInternal;Lorg/gradle/api/internal/tasks/TaskExecutionContext;)V+124
j  org.gradle.api.internal.tasks.execution.SkipOnlyIfTaskExecuter.execute(Lorg/gradle/api/internal/TaskInternal;Lorg/gradle/api/internal/tasks/TaskStateInternal;Lorg/gradle/api/internal/tasks/TaskExecutionContext;)V+85
j  org.gradle.api.internal.tasks.execution.ExecuteAtMostOnceTaskExecuter.execute(Lorg/gradle/api/internal/TaskInternal;Lorg/gradle/api/internal/tasks/TaskStateInternal;Lorg/gradle/api/internal/tasks/TaskExecutionContext;)V+26
j  org.gradle.api.internal.tasks.execution.CatchExceptionTaskExecuter.execute(Lorg/gradle/api/internal/TaskInternal;Lorg/gradle/api/internal/tasks/TaskStateInternal;Lorg/gradle/api/internal/tasks/TaskExecutionContext;)V+7
j  org.gradle.execution.taskgraph.DefaultTaskGraphExecuter$EventFiringTaskWorker$1.run(Lorg/gradle/internal/operations/BuildOperationContext;)V+56
J 8569 C1 org.gradle.internal.progress.DefaultBuildOperationExecutor$RunnableBuildOperationWorker.execute(Lorg/gradle/internal/operations/BuildOperation;Lorg/gradle/internal/operations/BuildOperationContext;)V (10 bytes) @ 0x0000000106609eac [0x0000000106609c60+0x24c]
J 8385 C1 org.gradle.internal.progress.DefaultBuildOperationExecutor.execute(Lorg/gradle/internal/operations/BuildOperation;Lorg/gradle/internal/operations/BuildOperationWorker;Lorg/gradle/internal/progress/DefaultBuildOperationExecutor$DefaultBuildOperationState;)V (430 bytes) @ 0x0000000105f8b274 [0x0000000105f88960+0x2914]
J 13010 C1 org.gradle.internal.progress.DefaultBuildOperationExecutor.run(Lorg/gradle/internal/operations/RunnableBuildOperation;)V (38 bytes) @ 0x00000001070123e4 [0x00000001070122e0+0x104]
j  org.gradle.execution.taskgraph.DefaultTaskGraphExecuter$EventFiringTaskWorker.execute(Lorg/gradle/api/internal/TaskInternal;)V+16
j  org.gradle.execution.taskgraph.DefaultTaskGraphExecuter$EventFiringTaskWorker.execute(Ljava/lang/Object;)V+5
j  org.gradle.execution.taskgraph.DefaultTaskPlanExecutor$TaskExecutorWorker.processTask(Lorg/gradle/execution/taskgraph/TaskInfo;)V+8
j  org.gradle.execution.taskgraph.DefaultTaskPlanExecutor$TaskExecutorWorker.access$200(Lorg/gradle/execution/taskgraph/DefaultTaskPlanExecutor$TaskExecutorWorker;Lorg/gradle/execution/taskgraph/TaskInfo;)V+2
j  org.gradle.execution.taskgraph.DefaultTaskPlanExecutor$TaskExecutorWorker$1.execute(Lorg/gradle/execution/taskgraph/TaskInfo;)V+38
j  org.gradle.execution.taskgraph.DefaultTaskPlanExecutor$TaskExecutorWorker$1.execute(Ljava/lang/Object;)V+5
j  org.gradle.execution.taskgraph.DefaultTaskExecutionPlan.execute(Lorg/gradle/execution/taskgraph/TaskInfo;Lorg/gradle/internal/work/WorkerLeaseRegistry$WorkerLease;Lorg/gradle/api/Action;)V+14
j  org.gradle.execution.taskgraph.DefaultTaskExecutionPlan.executeWithTask(Lorg/gradle/internal/work/WorkerLeaseRegistry$WorkerLease;Lorg/gradle/api/Action;)Z+53
j  org.gradle.execution.taskgraph.DefaultTaskPlanExecutor$TaskExecutorWorker.run()V+52
J 9067 C1 org.gradle.internal.concurrent.ManagedExecutorImpl$1.run()V (57 bytes) @ 0x0000000105b8ffa4 [0x0000000105b8fa80+0x524]
j  java.util.concurrent.ThreadPoolExecutor.runWorker(Ljava/util/concurrent/ThreadPoolExecutor$Worker;)V+95
j  java.util.concurrent.ThreadPoolExecutor$Worker.run()V+5
j  org.gradle.internal.concurrent.ThreadFactoryImpl$ManagedThreadRunnable.run()V+7
j  java.lang.Thread.run()V+11
v  ~StubRoutines::call_stub

---------------  P R O C E S S  ---------------

Java Threads: ( => current thread )
  0x00007fe00d73d800 JavaThread "Thread-77" [_thread_in_native, id=31243, stack(0x0000000122d85000,0x0000000122e85000)]
  0x00007fe00cff2800 JavaThread "process reaper" daemon [_thread_in_native, id=29703, stack(0x000000011d26e000,0x000000011d296000)]
  0x00007fe00cfa7000 JavaThread "Task worker for ':' Thread 3" [_thread_blocked, id=31751, stack(0x0000000122805000,0x0000000122905000)]
  0x00007fe010cce000 JavaThread "Task worker for ':' Thread 2" [_thread_blocked, id=32263, stack(0x0000000122702000,0x0000000122802000)]
=>0x00007fe010795000 JavaThread "Task worker for ':'" [_thread_in_vm, id=34823, stack(0x00000001225ff000,0x00000001226ff000)]
  0x00007fe0107ab000 JavaThread "Cache worker for task history cache (/Users/jonathanrichards/Work/MyApplication/.gradle/4.1-rc-1/taskHistory)" [_thread_blocked, id=35847, stack(0x000000012245b000,0x000000012255b000)]
  0x00007fe00c725000 JavaThread "Cache worker for file content cache (/Users/jonathanrichards/Work/MyApplication/.gradle/4.1-rc-1/fileContent)" [_thread_blocked, id=30215, stack(0x0000000122358000,0x0000000122458000)]
  0x00007fe00f896000 JavaThread "build operations Thread 4" [_thread_blocked, id=33287, stack(0x0000000120cea000,0x0000000120dea000)]
  0x00007fe00c8b0000 JavaThread "build operations Thread 3" [_thread_blocked, id=34311, stack(0x0000000120a3b000,0x0000000120b3b000)]
  0x00007fe00c2f1800 JavaThread "build operations Thread 2" [_thread_blocked, id=33799, stack(0x0000000120190000,0x0000000120290000)]
  0x00007fe00d67f800 JavaThread "build operations" [_thread_blocked, id=33035, stack(0x000000011f474000,0x000000011f574000)]
  0x00007fe010cec000 JavaThread "Cache worker for Artifact transforms cache (/Users/jonathanrichards/.gradle/caches/transforms-1)" [_thread_blocked, id=32783, stack(0x000000011ea7d000,0x000000011eb7d000)]
  0x00007fe00cefd800 JavaThread "Cache worker for file hash cache (/Users/jonathanrichards/Work/MyApplication/.gradle/4.1-rc-1/fileHashes)" [_thread_blocked, id=74247, stack(0x000000011df26000,0x000000011e026000)]
  0x00007fe00e05c000 JavaThread "Stdin handler" [_thread_blocked, id=73991, stack(0x000000011de0d000,0x000000011df0d000)]
  0x00007fe00e530800 JavaThread "Asynchronous log dispatcher for DefaultDaemonConnection: socket connection from /127.94.0.1:64457 to /127.94.0.1:52164" [_thread_blocked, id=75271, stack(0x000000011dca5000,0x000000011dda5000)]
  0x00007fe00d6c3800 JavaThread "Daemon worker Thread 2" [_thread_blocked, id=74775, stack(0x000000011d83b000,0x000000011d93b000)]
  0x00007fe00e371800 JavaThread "Cancel handler" [_thread_blocked, id=21059, stack(0x000000011ccb1000,0x000000011cdb1000)]
  0x00007fe00ff09800 JavaThread "Handler for socket connection from /127.94.0.1:64457 to /127.94.0.1:52164" [_thread_in_native, id=20903, stack(0x000000011cb2f000,0x000000011cc2f000)]
  0x00007fe00fba4800 JavaThread "Daemon Thread 2" [_thread_blocked, id=74635, stack(0x000000011c9dc000,0x000000011cadc000)]
  0x00007fe00d695000 JavaThread "Java2D Disposer" daemon [_thread_blocked, id=69403, stack(0x0000000127df7000,0x0000000127ef7000)]
  0x00007fe00fba6800 JavaThread "Java2D Queue Flusher" daemon [_thread_blocked, id=66835, stack(0x0000000126c7e000,0x0000000126d7e000)]
  0x00007fe00c856800 JavaThread "AWT-AppKit" daemon [_thread_in_native, id=1811, stack(0x00007fff5bff8000,0x00007fff5c7f8000)]
  0x00007fe00c019000 JavaThread "Memory manager" [_thread_blocked, id=26627, stack(0x0000000120be7000,0x0000000120ce7000)]
  0x00007fe010d46000 JavaThread "pool-1-thread-1" [_thread_blocked, id=23303, stack(0x0000000120338000,0x0000000120438000)]
  0x00007fe00ca7f000 JavaThread "File lock request listener" [_thread_in_native, id=24323, stack(0x000000011d41d000,0x000000011d51d000)]
  0x00007fe00bc7b000 JavaThread "Cache worker for file hash cache (/Users/jonathanrichards/.gradle/caches/4.1-rc-1/fileHashes)" [_thread_blocked, id=23811, stack(0x000000011d31a000,0x000000011d41a000)]
  0x00007fe00c213000 JavaThread "Daemon periodic checks" [_thread_blocked, id=20227, stack(0x000000011c8b4000,0x000000011c9b4000)]
  0x00007fe00bbd8000 JavaThread "Incoming local TCP Connector on port 64457" [_thread_in_native, id=19715, stack(0x000000011c7b1000,0x000000011c8b1000)]
  0x00007fe00c2e9000 JavaThread "Daemon health stats" [_thread_blocked, id=19203, stack(0x000000011c4a9000,0x000000011c5a9000)]
  0x00007fe00b852000 JavaThread "Service Thread" daemon [_thread_blocked, id=18179, stack(0x000000011b921000,0x000000011ba21000)]
  0x00007fe00b85a800 JavaThread "C1 CompilerThread2" daemon [_thread_blocked, id=17667, stack(0x000000011b81e000,0x000000011b91e000)]
  0x00007fe00b859800 JavaThread "C2 CompilerThread1" daemon [_thread_blocked, id=17155, stack(0x000000011b71b000,0x000000011b81b000)]
  0x00007fe00c01a000 JavaThread "C2 CompilerThread0" daemon [_thread_blocked, id=16643, stack(0x000000011b618000,0x000000011b718000)]
  0x00007fe00c81c800 JavaThread "Signal Dispatcher" daemon [_thread_blocked, id=16403, stack(0x000000011b515000,0x000000011b615000)]
  0x00007fe00c015000 JavaThread "Finalizer" daemon [_thread_blocked, id=11523, stack(0x0000000119af7000,0x0000000119bf7000)]
  0x00007fe00b843800 JavaThread "Reference Handler" daemon [_thread_blocked, id=11011, stack(0x00000001199f4000,0x0000000119af4000)]
  0x00007fe00b813000 JavaThread "main" [_thread_blocked, id=4867, stack(0x00000001044c6000,0x00000001045c6000)]

Other Threads:
  0x00007fe00b83f000 VMThread [stack: 0x00000001198f1000,0x00000001199f1000] [id=10499]
  0x00007fe00c01b000 WatcherThread [stack: 0x000000011ba24000,0x000000011bb24000] [id=18691]

VM state:not at safepoint (normal execution)

VM Mutex/Monitor currently owned by a thread: None

Heap:
 PSYoungGen      total 385024K, used 53092K [0x00000007a0000000, 0x00000007ba280000, 0x00000007c0000000)
  eden space 377344K, 12% used [0x00000007a0000000,0x00000007a2c8a400,0x00000007b7080000)
  from space 7680K, 97% used [0x00000007b8080000,0x00000007b87cedd0,0x00000007b8800000)
  to   space 25600K, 0% used [0x00000007b8980000,0x00000007b8980000,0x00000007ba280000)
 ParOldGen       total 121344K, used 67139K [0x0000000760000000, 0x0000000767680000, 0x00000007a0000000)
  object space 121344K, 55% used [0x0000000760000000,0x0000000764190c68,0x0000000767680000)
 Metaspace       used 73649K, capacity 77208K, committed 77232K, reserved 1116160K
  class space    used 9773K, capacity 10650K, committed 10672K, reserved 1048576K

Card table byte_map: [0x00000001141f5000,0x00000001144f6000] byte_map_base: 0x00000001106f5000

Marking Bits: (ParMarkBitMap*) 0x0000000103dfa5d0
 Begin Bits: [0x0000000114b02000, 0x0000000116302000)
 End Bits:   [0x0000000116302000, 0x0000000117b02000)

Polling page: 0x00000001045d6000

CodeCache: size=245760Kb used=34885Kb max_used=34997Kb free=210874Kb
 bounds [0x0000000104e35000, 0x00000001070a5000, 0x0000000113e35000]
 total_blobs=11636 nmethods=10720 adapters=828
 compilation: enabled

Compilation events (10 events):
Event: 1880.631 Thread 0x00007fe00c01a000 13133  s    4       java.lang.reflect.Field::declaredAnnotations (59 bytes)
Event: 1880.661 Thread 0x00007fe00b85a800 13134       1       kotlin.text.RegexOption::getMask (5 bytes)
Event: 1880.661 Thread 0x00007fe00b85a800 nmethod 13134 0x0000000104fcb990 code [0x0000000104fcbae0, 0x0000000104fcbbf0]
Event: 1880.663 Thread 0x00007fe00b85a800 13135       1       kotlin.text.RegexOption::getValue (5 bytes)
Event: 1880.663 Thread 0x00007fe00b85a800 nmethod 13135 0x0000000105241290 code [0x00000001052413e0, 0x00000001052414f0]
Event: 1880.850 Thread 0x00007fe00b85a800 13136       3       java.lang.ClassLoader::preDefineClass (109 bytes)
Event: 1880.852 Thread 0x00007fe00b85a800 nmethod 13136 0x0000000105046510 code [0x00000001050467e0, 0x0000000105047d08]
Event: 1881.597 Thread 0x00007fe00c01a000 nmethod 13133 0x0000000107084e90 code [0x0000000107086100, 0x00000001070900f0]
Event: 1890.941 Thread 0x00007fe00b85a800 13137       3       org.gradle.internal.logging.sink.ProgressLogEventGenerator$Operation::completeHeader (154 bytes)
Event: 1890.945 Thread 0x00007fe00b85a800 nmethod 13137 0x0000000107081090 code [0x0000000107081460, 0x0000000107083788]

GC Heap History (10 events):
Event: 83.408 GC heap before
{Heap before GC invocations=14 (full 2):
 PSYoungGen      total 245760K, used 166797K [0x00000007a0000000, 0x00000007b4a00000, 0x00000007c0000000)
  eden space 233984K, 66% used [0x00000007a0000000,0x00000007a9768120,0x00000007ae480000)
  from space 11776K, 99% used [0x00000007ae480000,0x00000007aeffb310,0x00000007af000000)
  to   space 17920K, 0% used [0x00000007b3880000,0x00000007b3880000,0x00000007b4a00000)
 ParOldGen       total 81408K, used 29029K [0x0000000760000000, 0x0000000764f80000, 0x00000007a0000000)
  object space 81408K, 35% used [0x0000000760000000,0x0000000761c597d8,0x0000000764f80000)
 Metaspace       used 57301K, capacity 59058K, committed 59160K, reserved 1099776K
  class space    used 7809K, capacity 8290K, committed 8368K, reserved 1048576K
Event: 83.451 GC heap after
Heap after GC invocations=14 (full 2):
 PSYoungGen      total 315392K, used 17914K [0x00000007a0000000, 0x00000007b6000000, 0x00000007c0000000)
  eden space 297472K, 0% used [0x00000007a0000000,0x00000007a0000000,0x00000007b2280000)
  from space 17920K, 99% used [0x00000007b3880000,0x00000007b49fe8b8,0x00000007b4a00000)
  to   space 22528K, 0% used [0x00000007b2280000,0x00000007b2280000,0x00000007b3880000)
 ParOldGen       total 81408K, used 33983K [0x0000000760000000, 0x0000000764f80000, 0x00000007a0000000)
  object space 81408K, 41% used [0x0000000760000000,0x000000076212fcc8,0x0000000764f80000)
 Metaspace       used 57301K, capacity 59058K, committed 59160K, reserved 1099776K
  class space    used 7809K, capacity 8290K, committed 8368K, reserved 1048576K
}
Event: 83.451 GC heap before
{Heap before GC invocations=15 (full 3):
 PSYoungGen      total 315392K, used 17914K [0x00000007a0000000, 0x00000007b6000000, 0x00000007c0000000)
  eden space 297472K, 0% used [0x00000007a0000000,0x00000007a0000000,0x00000007b2280000)
  from space 17920K, 99% used [0x00000007b3880000,0x00000007b49fe8b8,0x00000007b4a00000)
  to   space 22528K, 0% used [0x00000007b2280000,0x00000007b2280000,0x00000007b3880000)
 ParOldGen       total 81408K, used 33983K [0x0000000760000000, 0x0000000764f80000, 0x00000007a0000000)
  object space 81408K, 41% used [0x0000000760000000,0x000000076212fcc8,0x0000000764f80000)
 Metaspace       used 57301K, capacity 59058K, committed 59160K, reserved 1099776K
  class space    used 7809K, capacity 8290K, committed 8368K, reserved 1048576K
Event: 83.719 GC heap after
Heap after GC invocations=15 (full 3):
 PSYoungGen      total 315392K, used 0K [0x00000007a0000000, 0x00000007b6000000, 0x00000007c0000000)
  eden space 297472K, 0% used [0x00000007a0000000,0x00000007a0000000,0x00000007b2280000)
  from space 17920K, 0% used [0x00000007b3880000,0x00000007b3880000,0x00000007b4a00000)
  to   space 22528K, 0% used [0x00000007b2280000,0x00000007b2280000,0x00000007b3880000)
 ParOldGen       total 121344K, used 37334K [0x0000000760000000, 0x0000000767680000, 0x00000007a0000000)
  object space 121344K, 30% used [0x0000000760000000,0x00000007624758e0,0x0000000767680000)
 Metaspace       used 57262K, capacity 58952K, committed 59160K, reserved 1099776K
  class space    used 7797K, capacity 8276K, committed 8368K, reserved 1048576K
}
Event: 106.958 GC heap before
{Heap before GC invocations=16 (full 3):
 PSYoungGen      total 315392K, used 297472K [0x00000007a0000000, 0x00000007b6000000, 0x00000007c0000000)
  eden space 297472K, 100% used [0x00000007a0000000,0x00000007b2280000,0x00000007b2280000)
  from space 17920K, 0% used [0x00000007b3880000,0x00000007b3880000,0x00000007b4a00000)
  to   space 22528K, 0% used [0x00000007b2280000,0x00000007b2280000,0x00000007b3880000)
 ParOldGen       total 121344K, used 37334K [0x0000000760000000, 0x0000000767680000, 0x00000007a0000000)
  object space 121344K, 30% used [0x0000000760000000,0x00000007624758e0,0x0000000767680000)
 Metaspace       used 64509K, capacity 67222K, committed 67504K, reserved 1107968K
  class space    used 8651K, capacity 9308K, committed 9392K, reserved 1048576K
Event: 107.023 GC heap after
Heap after GC invocations=16 (full 3):
 PSYoungGen      total 320000K, used 22526K [0x00000007a0000000, 0x00000007bbb80000, 0x00000007c0000000)
  eden space 297472K, 0% used [0x00000007a0000000,0x00000007a0000000,0x00000007b2280000)
  from space 22528K, 99% used [0x00000007b2280000,0x00000007b387f998,0x00000007b3880000)
  to   space 27136K, 0% used [0x00000007ba100000,0x00000007ba100000,0x00000007bbb80000)
 ParOldGen       total 121344K, used 41192K [0x0000000760000000, 0x0000000767680000, 0x00000007a0000000)
  object space 121344K, 33% used [0x0000000760000000,0x000000076283a130,0x0000000767680000)
 Metaspace       used 64509K, capacity 67222K, committed 67504K, reserved 1107968K
  class space    used 8651K, capacity 9308K, committed 9392K, reserved 1048576K
}
Event: 119.502 GC heap before
{Heap before GC invocations=17 (full 3):
 PSYoungGen      total 320000K, used 319998K [0x00000007a0000000, 0x00000007bbb80000, 0x00000007c0000000)
  eden space 297472K, 100% used [0x00000007a0000000,0x00000007b2280000,0x00000007b2280000)
  from space 22528K, 99% used [0x00000007b2280000,0x00000007b387f998,0x00000007b3880000)
  to   space 27136K, 0% used [0x00000007ba100000,0x00000007ba100000,0x00000007bbb80000)
 ParOldGen       total 121344K, used 41192K [0x0000000760000000, 0x0000000767680000, 0x00000007a0000000)
  object space 121344K, 33% used [0x0000000760000000,0x000000076283a130,0x0000000767680000)
 Metaspace       used 71040K, capacity 74118K, committed 74288K, reserved 1114112K
  class space    used 9458K, capacity 10186K, committed 10288K, reserved 1048576K
Event: 119.557 GC heap after
Heap after GC invocations=17 (full 3):
 PSYoungGen      total 412672K, used 8663K [0x00000007a0000000, 0x00000007bb380000, 0x00000007c0000000)
  eden space 393728K, 0% used [0x00000007a0000000,0x00000007a0000000,0x00000007b8080000)
  from space 18944K, 45% used [0x00000007ba100000,0x00000007ba975ca0,0x00000007bb380000)
  to   space 26112K, 0% used [0x00000007b8080000,0x00000007b8080000,0x00000007b9a00000)
 ParOldGen       total 121344K, used 63326K [0x0000000760000000, 0x0000000767680000, 0x00000007a0000000)
  object space 121344K, 52% used [0x0000000760000000,0x0000000763dd7af8,0x0000000767680000)
 Metaspace       used 71040K, capacity 74118K, committed 74288K, reserved 1114112K
  class space    used 9458K, capacity 10186K, committed 10288K, reserved 1048576K
}
Event: 1879.697 GC heap before
{Heap before GC invocations=18 (full 3):
 PSYoungGen      total 412672K, used 402391K [0x00000007a0000000, 0x00000007bb380000, 0x00000007c0000000)
  eden space 393728K, 100% used [0x00000007a0000000,0x00000007b8080000,0x00000007b8080000)
  from space 18944K, 45% used [0x00000007ba100000,0x00000007ba975ca0,0x00000007bb380000)
  to   space 26112K, 0% used [0x00000007b8080000,0x00000007b8080000,0x00000007b9a00000)
 ParOldGen       total 121344K, used 63326K [0x0000000760000000, 0x0000000767680000, 0x00000007a0000000)
  object space 121344K, 52% used [0x0000000760000000,0x0000000763dd7af8,0x0000000767680000)
 Metaspace       used 72521K, capacity 76142K, committed 76336K, reserved 1116160K
  class space    used 9608K, capacity 10488K, committed 10544K, reserved 1048576K
Event: 1879.781 GC heap after
Heap after GC invocations=18 (full 3):
 PSYoungGen      total 385024K, used 7483K [0x00000007a0000000, 0x00000007ba280000, 0x00000007c0000000)
  eden space 377344K, 0% used [0x00000007a0000000,0x00000007a0000000,0x00000007b7080000)
  from space 7680K, 97% used [0x00000007b8080000,0x00000007b87cedd0,0x00000007b8800000)
  to   space 25600K, 0% used [0x00000007b8980000,0x00000007b8980000,0x00000007ba280000)
 ParOldGen       total 121344K, used 67139K [0x0000000760000000, 0x0000000767680000, 0x00000007a0000000)
  object space 121344K, 55% used [0x0000000760000000,0x0000000764190c68,0x0000000767680000)
 Metaspace       used 72521K, capacity 76142K, committed 76336K, reserved 1116160K
  class space    used 9608K, capacity 10488K, committed 10544K, reserved 1048576K
}

Deoptimization events (10 events):
Event: 1875.149 Thread 0x00007fe010795000 Uncommon trap: reason=class_check action=maybe_recompile pc=0x0000000105689038 method=com.google.common.collect.AbstractMapBasedMultimap$Itr.hasNext()Z @ 16
Event: 1875.149 Thread 0x00007fe010795000 Uncommon trap: reason=class_check action=maybe_recompile pc=0x0000000105689038 method=com.google.common.collect.AbstractMapBasedMultimap$Itr.hasNext()Z @ 16
Event: 1875.168 Thread 0x00007fe010795000 Uncommon trap: reason=class_check action=maybe_recompile pc=0x0000000105689038 method=com.google.common.collect.AbstractMapBasedMultimap$Itr.hasNext()Z @ 16
Event: 1875.192 Thread 0x00007fe010795000 Uncommon trap: reason=class_check action=maybe_recompile pc=0x0000000105689038 method=com.google.common.collect.AbstractMapBasedMultimap$Itr.hasNext()Z @ 16
Event: 1875.471 Thread 0x00007fe0107ab000 Uncommon trap: reason=predicate action=maybe_recompile pc=0x00000001053f81c4 method=java.util.Collections.indexedBinarySearch(Ljava/util/List;Ljava/lang/Object;)I @ 16
Event: 1875.594 Thread 0x00007fe0107aa000 Uncommon trap: reason=class_check action=maybe_recompile pc=0x00000001061f3794 method=java.lang.ThreadLocal.setInitialValue()Ljava/lang/Object; @ 31
Event: 1878.187 Thread 0x00007fe010795000 Uncommon trap: reason=array_check action=maybe_recompile pc=0x00000001051bdd0c method=java.util.TimSort.binarySort([Ljava/lang/Object;IIILjava/util/Comparator;)V @ 193
Event: 1879.781 Thread 0x00007fe00b843800 Uncommon trap: reason=unstable_if action=reinterpret pc=0x00000001052907c8 method=java.lang.ref.Reference.tryHandlePending(Z)Z @ 20
Event: 1880.448 Thread 0x00007fe010795000 Uncommon trap: reason=unstable_if action=reinterpret pc=0x0000000106bb8c14 method=java.lang.Integer.parseInt(Ljava/lang/String;I)I @ 1
Event: 1880.636 Thread 0x00007fe010795000 Uncommon trap: reason=unstable_if action=reinterpret pc=0x00000001066fe468 method=java.lang.ClassLoader.checkCerts(Ljava/lang/String;Ljava/security/CodeSource;)V @ 45

Internal exceptions (10 events):
Event: 1872.552 Thread 0x00007fe00d6c3800 Exception <a 'java/lang/NoSuchMethodError': <clinit>> (0x00000007aed19360) thrown at [/Users/java_re/workspace/8-2-build-macosx-x86_64/jdk8u141/9370/hotspot/src/share/vm/prims/jni.cpp, line 1613]
Event: 1872.552 Thread 0x00007fe00d6c3800 Exception <a 'java/lang/NoSuchMethodError': <clinit>> (0x00000007aed1cfb8) thrown at [/Users/java_re/workspace/8-2-build-macosx-x86_64/jdk8u141/9370/hotspot/src/share/vm/prims/jni.cpp, line 1613]
Event: 1872.552 Thread 0x00007fe00d6c3800 Exception <a 'java/lang/NoSuchMethodError': <clinit>> (0x00000007aed1eac0) thrown at [/Users/java_re/workspace/8-2-build-macosx-x86_64/jdk8u141/9370/hotspot/src/share/vm/prims/jni.cpp, line 1613]
Event: 1872.828 Thread 0x00007fe00d6c3800 Exception <a 'java/lang/ClassNotFoundException': sync_local_repo622_ai19a5i9zhhvjog1bfebdg1otBeanInfo> (0x00000007aeed8b90) thrown at [/Users/java_re/workspace/8-2-build-macosx-x86_64/jdk8u141/9370/hotspot/src/share/vm/classfile/systemDictionary.cpp, line
Event: 1872.829 Thread 0x00007fe00d6c3800 Exception <a 'java/lang/ClassNotFoundException': sync_local_repo622_ai19a5i9zhhvjog1bfebdg1otCustomizer> (0x00000007aeee47c8) thrown at [/Users/java_re/workspace/8-2-build-macosx-x86_64/jdk8u141/9370/hotspot/src/share/vm/classfile/systemDictionary.cpp, li
Event: 1873.868 Thread 0x00007fe00d6c3800 Exception <a 'sun/nio/fs/UnixException'> (0x00000007b20179f0) thrown at [/Users/java_re/workspace/8-2-build-macosx-x86_64/jdk8u141/9370/hotspot/src/share/vm/prims/jni.cpp, line 709]
Event: 1875.085 Thread 0x00007fe00c2f1800 Implicit null exception at 0x0000000106975bc6 to 0x000000010697624d
Event: 1880.448 Thread 0x00007fe010795000 Implicit null exception at 0x0000000106bb876f to 0x0000000106bb8c05
Event: 1890.938 Thread 0x00007fe010795000 JVM_StopThread thread JavaThread 0x00007fe00d73d800 as oop 0x00000007a2b3e0a8 [exception 0x00000001226fbe38]
Event: 1891.330 Thread 0x00007fe010795000 Exception <a 'java/lang/NoSuchFieldError': TCSANOW> (0x00000007a2c582f0) thrown at [/Users/java_re/workspace/8-2-build-macosx-x86_64/jdk8u141/9370/hotspot/src/share/vm/prims/jni.cpp, line 2955]

Events (10 events):
Event: 1890.946 loading class org/jetbrains/kotlin/cli/common/messages/PlainTextMessageRenderer
Event: 1890.946 loading class org/jetbrains/kotlin/cli/common/messages/PlainTextMessageRenderer done
Event: 1890.946 Thread 0x00007fe00b85a800 flushing nmethod 0x0000000105b241d0
Event: 1890.946 Thread 0x00007fe00b85a800 flushing nmethod 0x0000000105b247d0
Event: 1890.946 Thread 0x00007fe00b85a800 flushing nmethod 0x0000000105b42a50
Event: 1890.946 Thread 0x00007fe00b85a800 flushing nmethod 0x0000000105b45e50
Event: 1890.947 loading class org/fusesource/jansi/internal/CLibrary
Event: 1890.947 loading class org/fusesource/jansi/internal/CLibrary done
Event: 1890.947 loading class org/jetbrains/kotlin/org/fusesource/hawtjni/runtime/Library
Event: 1890.947 loading class org/jetbrains/kotlin/org/fusesource/hawtjni/runtime/Library done


Dynamic libraries:
0x000000000c2bc000 	/System/Library/Frameworks/Cocoa.framework/Versions/A/Cocoa
0x000000000c2bc000 	/System/Library/Frameworks/Security.framework/Versions/A/Security
0x000000000c2bc000 	/System/Library/Frameworks/ApplicationServices.framework/Versions/A/ApplicationServices
0x000000000c2bc000 	/usr/lib/libz.1.dylib
0x000000000c2bc000 	/usr/lib/libSystem.B.dylib
0x000000000c2bc000 	/usr/lib/libobjc.A.dylib
0x000000000c2bc000 	/System/Library/Frameworks/CoreFoundation.framework/Versions/A/CoreFoundation
0x000000000c2bc000 	/System/Library/Frameworks/Foundation.framework/Versions/C/Foundation
0x000000000c2bc000 	/System/Library/Frameworks/AppKit.framework/Versions/C/AppKit
0x000000000c2bc000 	/System/Library/Frameworks/CoreData.framework/Versions/A/CoreData
0x000000000c2bc000 	/System/Library/PrivateFrameworks/RemoteViewServices.framework/Versions/A/RemoteViewServices
0x000000000c2bc000 	/System/Library/PrivateFrameworks/UIFoundation.framework/Versions/A/UIFoundation
0x000000000c2bc000 	/System/Library/Frameworks/IOSurface.framework/Versions/A/IOSurface
0x000000000c2bc000 	/System/Library/Frameworks/AudioToolbox.framework/Versions/A/AudioToolbox
0x000000000c2bc000 	/System/Library/Frameworks/AudioUnit.framework/Versions/A/AudioUnit
0x000000000c2bc000 	/System/Library/PrivateFrameworks/DataDetectorsCore.framework/Versions/A/DataDetectorsCore
0x000000000c2bc000 	/System/Library/PrivateFrameworks/DesktopServicesPriv.framework/Versions/A/DesktopServicesPriv
0x000000000c2bc000 	/System/Library/Frameworks/Carbon.framework/Versions/A/Frameworks/HIToolbox.framework/Versions/A/HIToolbox
0x000000000c2bc000 	/System/Library/Frameworks/QuartzCore.framework/Versions/A/QuartzCore
0x000000000c2bc000 	/System/Library/Frameworks/Carbon.framework/Versions/A/Frameworks/SpeechRecognition.framework/Versions/A/SpeechRecognition
0x000000000c2bc000 	/usr/lib/libauto.dylib
0x000000000c2bc000 	/usr/lib/libicucore.A.dylib
0x000000000c2bc000 	/usr/lib/libxml2.2.dylib
0x000000000c2bc000 	/System/Library/PrivateFrameworks/CoreUI.framework/Versions/A/CoreUI
0x000000000c2bc000 	/System/Library/Frameworks/CoreAudio.framework/Versions/A/CoreAudio
0x000000000c2bc000 	/System/Library/Frameworks/DiskArbitration.framework/Versions/A/DiskArbitration
0x000000000c2bc000 	/usr/lib/liblangid.dylib
0x000000000c2bc000 	/System/Library/PrivateFrameworks/MultitouchSupport.framework/Versions/A/MultitouchSupport
0x000000000c2bc000 	/System/Library/Frameworks/IOKit.framework/Versions/A/IOKit
0x000000000c2bc000 	/usr/lib/libDiagnosticMessagesClient.dylib
0x000000000c2bc000 	/System/Library/Frameworks/CoreServices.framework/Versions/A/CoreServices
0x000000000c2bc000 	/System/Library/PrivateFrameworks/PerformanceAnalysis.framework/Versions/A/PerformanceAnalysis
0x000000000c2bc000 	/System/Library/PrivateFrameworks/GenerationalStorage.framework/Versions/A/GenerationalStorage
0x000000000c2bc000 	/System/Library/Frameworks/OpenGL.framework/Versions/A/OpenGL
0x000000000c2bc000 	/System/Library/PrivateFrameworks/Sharing.framework/Versions/A/Sharing
0x000000000c2bc000 	/System/Library/Frameworks/CoreGraphics.framework/Versions/A/CoreGraphics
0x000000000c2bc000 	/System/Library/Frameworks/CoreText.framework/Versions/A/CoreText
0x000000000c2bc000 	/System/Library/Frameworks/ImageIO.framework/Versions/A/ImageIO
0x000000000c2bc000 	/usr/lib/libextension.dylib
0x000000000c2bc000 	/System/Library/PrivateFrameworks/Backup.framework/Versions/A/Backup
0x000000000c2bc000 	/usr/lib/libarchive.2.dylib
0x000000000c2bc000 	/System/Library/Frameworks/CFNetwork.framework/Versions/A/CFNetwork
0x000000000c2bc000 	/System/Library/Frameworks/SystemConfiguration.framework/Versions/A/SystemConfiguration
0x000000000c2bc000 	/usr/lib/libCRFSuite.dylib
0x000000000c2bc000 	/usr/lib/libc++.1.dylib
0x000000000c2bc000 	/usr/lib/libc++abi.dylib
0x000000000c2bc000 	/usr/lib/system/libcache.dylib
0x000000000c2bc000 	/usr/lib/system/libcommonCrypto.dylib
0x000000000c2bc000 	/usr/lib/system/libcompiler_rt.dylib
0x000000000c2bc000 	/usr/lib/system/libcopyfile.dylib
0x000000000c2bc000 	/usr/lib/system/libcorecrypto.dylib
0x000000000c2bc000 	/usr/lib/system/libdispatch.dylib
0x000000000c2bc000 	/usr/lib/system/libdyld.dylib
0x000000000c2bc000 	/usr/lib/system/libkeymgr.dylib
0x000000000c2bc000 	/usr/lib/system/liblaunch.dylib
0x000000000c2bc000 	/usr/lib/system/libmacho.dylib
0x000000000c2bc000 	/usr/lib/system/libquarantine.dylib
0x000000000c2bc000 	/usr/lib/system/libremovefile.dylib
0x000000000c2bc000 	/usr/lib/system/libsystem_asl.dylib
0x000000000c2bc000 	/usr/lib/system/libsystem_blocks.dylib
0x000000000c2bc000 	/usr/lib/system/libsystem_c.dylib
0x000000000c2bc000 	/usr/lib/system/libsystem_configuration.dylib
0x000000000c2bc000 	/usr/lib/system/libsystem_coreservices.dylib
0x000000000c2bc000 	/usr/lib/system/libsystem_coretls.dylib
0x000000000c2bc000 	/usr/lib/system/libsystem_dnssd.dylib
0x000000000c2bc000 	/usr/lib/system/libsystem_info.dylib
0x000000000c2bc000 	/usr/lib/system/libsystem_kernel.dylib
0x000000000c2bc000 	/usr/lib/system/libsystem_m.dylib
0x000000000c2bc000 	/usr/lib/system/libsystem_malloc.dylib
0x000000000c2bc000 	/usr/lib/system/libsystem_network.dylib
0x000000000c2bc000 	/usr/lib/system/libsystem_networkextension.dylib
0x000000000c2bc000 	/usr/lib/system/libsystem_notify.dylib
0x000000000c2bc000 	/usr/lib/system/libsystem_platform.dylib
0x000000000c2bc000 	/usr/lib/system/libsystem_pthread.dylib
0x000000000c2bc000 	/usr/lib/system/libsystem_sandbox.dylib
0x000000000c2bc000 	/usr/lib/system/libsystem_secinit.dylib
0x000000000c2bc000 	/usr/lib/system/libsystem_stats.dylib
0x000000000c2bc000 	/usr/lib/system/libsystem_trace.dylib
0x000000000c2bc000 	/usr/lib/system/libunc.dylib
0x000000000c2bc000 	/usr/lib/system/libunwind.dylib
0x000000000c2bc000 	/usr/lib/system/libxpc.dylib
0x000000000c2bc000 	/usr/lib/libbz2.1.0.dylib
0x000000000c2bc000 	/usr/lib/liblzma.5.dylib
0x000000000c2bc000 	/usr/lib/libbsm.0.dylib
0x000000000c2bc000 	/usr/lib/libsqlite3.dylib
0x000000000c2bc000 	/usr/lib/system/libkxld.dylib
0x000000000c2bc000 	/usr/lib/libxar.1.dylib
0x000000000c2bc000 	/usr/lib/libpam.2.dylib
0x000000000c2bc000 	/usr/lib/libOpenScriptingUtil.dylib
0x000000000c2bc000 	/System/Library/Frameworks/CoreServices.framework/Versions/A/Frameworks/FSEvents.framework/Versions/A/FSEvents
0x000000000c2bc000 	/System/Library/Frameworks/CoreServices.framework/Versions/A/Frameworks/CarbonCore.framework/Versions/A/CarbonCore
0x000000000c2bc000 	/System/Library/Frameworks/CoreServices.framework/Versions/A/Frameworks/Metadata.framework/Versions/A/Metadata
0x000000000c2bc000 	/System/Library/Frameworks/CoreServices.framework/Versions/A/Frameworks/OSServices.framework/Versions/A/OSServices
0x000000000c2bc000 	/System/Library/Frameworks/CoreServices.framework/Versions/A/Frameworks/SearchKit.framework/Versions/A/SearchKit
0x000000000c2bc000 	/System/Library/Frameworks/CoreServices.framework/Versions/A/Frameworks/AE.framework/Versions/A/AE
0x000000000c2bc000 	/System/Library/Frameworks/CoreServices.framework/Versions/A/Frameworks/LaunchServices.framework/Versions/A/LaunchServices
0x000000000c2bc000 	/System/Library/Frameworks/CoreServices.framework/Versions/A/Frameworks/DictionaryServices.framework/Versions/A/DictionaryServices
0x000000000c2bc000 	/System/Library/Frameworks/NetFS.framework/Versions/A/NetFS
0x000000000c2bc000 	/System/Library/PrivateFrameworks/NetAuth.framework/Versions/A/NetAuth
0x000000000c2bc000 	/System/Library/PrivateFrameworks/login.framework/Versions/A/Frameworks/loginsupport.framework/Versions/A/loginsupport
0x000000000c2bc000 	/System/Library/PrivateFrameworks/TCC.framework/Versions/A/TCC
0x000000000c2bc000 	/usr/lib/libmecabra.dylib
0x000000000c2bc000 	/System/Library/Frameworks/ApplicationServices.framework/Versions/A/Frameworks/ATS.framework/Versions/A/ATS
0x000000000c2bc000 	/System/Library/Frameworks/ApplicationServices.framework/Versions/A/Frameworks/ColorSync.framework/Versions/A/ColorSync
0x000000000c2bc000 	/System/Library/Frameworks/ApplicationServices.framework/Versions/A/Frameworks/HIServices.framework/Versions/A/HIServices
0x000000000c2bc000 	/System/Library/Frameworks/ApplicationServices.framework/Versions/A/Frameworks/LangAnalysis.framework/Versions/A/LangAnalysis
0x000000000c2bc000 	/System/Library/Frameworks/ApplicationServices.framework/Versions/A/Frameworks/PrintCore.framework/Versions/A/PrintCore
0x000000000c2bc000 	/System/Library/Frameworks/ApplicationServices.framework/Versions/A/Frameworks/QD.framework/Versions/A/QD
0x000000000c2bc000 	/System/Library/Frameworks/ApplicationServices.framework/Versions/A/Frameworks/SpeechSynthesis.framework/Versions/A/SpeechSynthesis
0x000000000c2bc000 	/System/Library/Frameworks/Accelerate.framework/Versions/A/Accelerate
0x000000000c2bc000 	/System/Library/Frameworks/Accelerate.framework/Versions/A/Frameworks/vImage.framework/Versions/A/vImage
0x000000000c2bc000 	/System/Library/Frameworks/Accelerate.framework/Versions/A/Frameworks/vecLib.framework/Versions/A/vecLib
0x000000000c2bc000 	/System/Library/Frameworks/Accelerate.framework/Versions/A/Frameworks/vecLib.framework/Versions/A/libvDSP.dylib
0x000000000c2bc000 	/System/Library/Frameworks/Accelerate.framework/Versions/A/Frameworks/vecLib.framework/Versions/A/libvMisc.dylib
0x000000000c2bc000 	/System/Library/Frameworks/Accelerate.framework/Versions/A/Frameworks/vecLib.framework/Versions/A/libLAPACK.dylib
0x000000000c2bc000 	/System/Library/Frameworks/Accelerate.framework/Versions/A/Frameworks/vecLib.framework/Versions/A/libBLAS.dylib
0x000000000c2bc000 	/System/Library/Frameworks/Accelerate.framework/Versions/A/Frameworks/vecLib.framework/Versions/A/libLinearAlgebra.dylib
0x000000000c2bc000 	/System/Library/Frameworks/ApplicationServices.framework/Versions/A/Frameworks/ATS.framework/Versions/A/Resources/libFontParser.dylib
0x000000000c2bc000 	/System/Library/Frameworks/ApplicationServices.framework/Versions/A/Frameworks/ATS.framework/Versions/A/Resources/libFontRegistry.dylib
0x000000000c2bc000 	/System/Library/PrivateFrameworks/AppleVPA.framework/Versions/A/AppleVPA
0x000000000c2bc000 	/System/Library/PrivateFrameworks/AppleJPEG.framework/Versions/A/AppleJPEG
0x000000000c2bc000 	/System/Library/Frameworks/ImageIO.framework/Versions/A/Resources/libJPEG.dylib
0x000000000c2bc000 	/System/Library/Frameworks/ImageIO.framework/Versions/A/Resources/libTIFF.dylib
0x000000000c2bc000 	/System/Library/Frameworks/ImageIO.framework/Versions/A/Resources/libPng.dylib
0x000000000c2bc000 	/System/Library/Frameworks/ImageIO.framework/Versions/A/Resources/libGIF.dylib
0x000000000c2bc000 	/System/Library/Frameworks/ImageIO.framework/Versions/A/Resources/libJP2.dylib
0x000000000c2bc000 	/System/Library/Frameworks/ImageIO.framework/Versions/A/Resources/libRadiance.dylib
0x000000000c2bc000 	/System/Library/Frameworks/CoreVideo.framework/Versions/A/CoreVideo
0x000000000c2bc000 	/System/Library/Frameworks/OpenGL.framework/Versions/A/Libraries/libGLU.dylib
0x000000000c2bc000 	/System/Library/Frameworks/OpenGL.framework/Versions/A/Libraries/libGFXShared.dylib
0x000000000c2bc000 	/System/Library/Frameworks/OpenGL.framework/Versions/A/Libraries/libGL.dylib
0x000000000c2bc000 	/System/Library/Frameworks/OpenGL.framework/Versions/A/Libraries/libGLImage.dylib
0x000000000c2bc000 	/System/Library/Frameworks/OpenGL.framework/Versions/A/Libraries/libCVMSPluginSupport.dylib
0x000000000c2bc000 	/System/Library/Frameworks/OpenGL.framework/Versions/A/Libraries/libCoreVMClient.dylib
0x000000000c2bc000 	/usr/lib/libcups.2.dylib
0x000000000c2bc000 	/System/Library/Frameworks/Kerberos.framework/Versions/A/Kerberos
0x000000000c2bc000 	/System/Library/Frameworks/GSS.framework/Versions/A/GSS
0x000000000c2bc000 	/usr/lib/libresolv.9.dylib
0x000000000c2bc000 	/usr/lib/libiconv.2.dylib
0x000000000c2bc000 	/System/Library/PrivateFrameworks/Heimdal.framework/Versions/A/Heimdal
0x000000000c2bc000 	/usr/lib/libheimdal-asn1.dylib
0x000000000c2bc000 	/System/Library/Frameworks/OpenDirectory.framework/Versions/A/OpenDirectory
0x000000000c2bc000 	/System/Library/PrivateFrameworks/CommonAuth.framework/Versions/A/CommonAuth
0x000000000c2bc000 	/System/Library/Frameworks/OpenDirectory.framework/Versions/A/Frameworks/CFOpenDirectory.framework/Versions/A/CFOpenDirectory
0x000000000c2bc000 	/System/Library/Frameworks/SecurityFoundation.framework/Versions/A/SecurityFoundation
0x000000000c2bc000 	/System/Library/PrivateFrameworks/LanguageModeling.framework/Versions/A/LanguageModeling
0x000000000c2bc000 	/usr/lib/libcmph.dylib
0x000000000c2bc000 	/System/Library/Frameworks/ServiceManagement.framework/Versions/A/ServiceManagement
0x000000000c2bc000 	/usr/lib/libxslt.1.dylib
0x000000000c2bc000 	/System/Library/Frameworks/Carbon.framework/Versions/A/Frameworks/Ink.framework/Versions/A/Ink
0x000000000c2bc000 	/System/Library/Frameworks/QuartzCore.framework/Versions/A/Frameworks/CoreImage.framework/Versions/A/CoreImage
0x000000000c2bc000 	/System/Library/PrivateFrameworks/CrashReporterSupport.framework/Versions/A/CrashReporterSupport
0x000000000c2bc000 	/System/Library/Frameworks/OpenCL.framework/Versions/A/OpenCL
0x000000000c2bc000 	/System/Library/PrivateFrameworks/FaceCore.framework/Versions/A/FaceCore
0x000000000c2bc000 	/System/Library/PrivateFrameworks/Ubiquity.framework/Versions/A/Ubiquity
0x000000000c2bc000 	/System/Library/PrivateFrameworks/IconServices.framework/Versions/A/IconServices
0x000000000c2bc000 	/System/Library/PrivateFrameworks/ChunkingLibrary.framework/Versions/A/ChunkingLibrary
0x000000000c2bc000 	/System/Library/PrivateFrameworks/Apple80211.framework/Versions/A/Apple80211
0x000000000c2bc000 	/System/Library/Frameworks/CoreWLAN.framework/Versions/A/CoreWLAN
0x000000000c2bc000 	/System/Library/Frameworks/IOBluetooth.framework/Versions/A/IOBluetooth
0x000000000c2bc000 	/System/Library/PrivateFrameworks/CoreWiFi.framework/Versions/A/CoreWiFi
0x000000000c2bc000 	/System/Library/Frameworks/CoreBluetooth.framework/Versions/A/CoreBluetooth
0x000000000c2bc000 	/System/Library/PrivateFrameworks/DebugSymbols.framework/Versions/A/DebugSymbols
0x000000000c2bc000 	/System/Library/PrivateFrameworks/CoreSymbolication.framework/Versions/A/CoreSymbolication
0x000000000c2bc000 	/System/Library/PrivateFrameworks/Symbolication.framework/Versions/A/Symbolication
0x000000000c2bc000 	/System/Library/PrivateFrameworks/SpeechRecognitionCore.framework/Versions/A/SpeechRecognitionCore
0x0000000103507000 	/Library/Java/JavaVirtualMachines/jdk1.8.0_141.jdk/Contents/Home/jre/lib/server/libjvm.dylib
0x000000000c2bc000 	/usr/lib/libstdc++.6.dylib
0x00000001045c8000 	/Library/Java/JavaVirtualMachines/jdk1.8.0_141.jdk/Contents/Home/jre/lib/libverify.dylib
0x0000000104e00000 	/Library/Java/JavaVirtualMachines/jdk1.8.0_141.jdk/Contents/Home/jre/lib/libjava.dylib
0x00000001045e0000 	/Library/Java/JavaVirtualMachines/jdk1.8.0_141.jdk/Contents/Home/jre/lib/libzip.dylib
0x0000000119bf9000 	/System/Library/Frameworks/JavaVM.framework/Frameworks/JavaRuntimeSupport.framework/JavaRuntimeSupport
0x00000001045ea000 	/System/Library/Frameworks/JavaVM.framework/Versions/A/Frameworks/JavaNativeFoundation.framework/Versions/A/JavaNativeFoundation
0x0000000119c14000 	/System/Library/Frameworks/JavaVM.framework/Versions/A/JavaVM
0x000000000c2bc000 	/System/Library/Frameworks/Carbon.framework/Versions/A/Carbon
0x0000000119c21000 	/System/Library/PrivateFrameworks/JavaLaunching.framework/Versions/A/JavaLaunching
0x000000000c2bc000 	/System/Library/Frameworks/Carbon.framework/Versions/A/Frameworks/CommonPanels.framework/Versions/A/CommonPanels
0x000000000c2bc000 	/System/Library/Frameworks/Carbon.framework/Versions/A/Frameworks/Help.framework/Versions/A/Help
0x000000000c2bc000 	/System/Library/Frameworks/Carbon.framework/Versions/A/Frameworks/ImageCapture.framework/Versions/A/ImageCapture
0x000000000c2bc000 	/System/Library/Frameworks/Carbon.framework/Versions/A/Frameworks/OpenScripting.framework/Versions/A/OpenScripting
0x000000000c2bc000 	/System/Library/Frameworks/Carbon.framework/Versions/A/Frameworks/Print.framework/Versions/A/Print
0x000000000c2bc000 	/System/Library/Frameworks/Carbon.framework/Versions/A/Frameworks/SecurityHI.framework/Versions/A/SecurityHI
0x000000011c0e6000 	/Library/Java/JavaVirtualMachines/jdk1.8.0_141.jdk/Contents/Home/jre/lib/libnet.dylib
0x000000011c1d2000 	/Library/Java/JavaVirtualMachines/jdk1.8.0_141.jdk/Contents/Home/jre/lib/libnio.dylib
0x000000011c22b000 	/Users/jonathanrichards/.gradle/native/25/osx-amd64/libnative-platform.dylib
0x000000011c49a000 	/Library/Java/JavaVirtualMachines/jdk1.8.0_141.jdk/Contents/Home/jre/lib/libmanagement.dylib
0x000000011fcbf000 	/Library/Java/JavaVirtualMachines/jdk1.8.0_141.jdk/Contents/Home/jre/lib/libawt.dylib
0x0000000122913000 	/Library/Java/JavaVirtualMachines/jdk1.8.0_141.jdk/Contents/Home/jre/lib/./libmlib_image.dylib
0x000000012208d000 	/Library/Java/JavaVirtualMachines/jdk1.8.0_141.jdk/Contents/Home/jre/lib/libawt_lwawt.dylib
0x0000000119cd7000 	/Library/Java/JavaVirtualMachines/jdk1.8.0_141.jdk/Contents/Home/jre/lib/./libosxapp.dylib
0x000000000c2bc000 	/System/Library/Frameworks/ExceptionHandling.framework/Versions/A/ExceptionHandling
0x000000000c2bc000 	/System/Library/PrivateFrameworks/CoreServicesInternal.framework/Versions/A/CoreServicesInternal
0x000000000c2bc000 	/System/Library/PrivateFrameworks/CloudDocs.framework/Versions/A/CloudDocs
0x000000000c2bc000 	/System/Library/PrivateFrameworks/CoreDuet.framework/Versions/A/CoreDuet
0x000000000c2bc000 	/System/Library/Frameworks/CloudKit.framework/Versions/A/CloudKit
0x000000000c2bc000 	/System/Library/PrivateFrameworks/ProtocolBuffer.framework/Versions/A/ProtocolBuffer
0x000000000c2bc000 	/System/Library/PrivateFrameworks/CoreDuetDaemonProtocol.framework/Versions/A/CoreDuetDaemonProtocol
0x000000000c2bc000 	/System/Library/PrivateFrameworks/CoreDuetDebugLogging.framework/Versions/A/CoreDuetDebugLogging
0x000000000c2bc000 	/System/Library/PrivateFrameworks/MMCS.framework/Versions/A/MMCS
0x000000000c2bc000 	/System/Library/Frameworks/CoreLocation.framework/Versions/A/CoreLocation
0x000000000c2bc000 	/System/Library/PrivateFrameworks/ProtectedCloudStorage.framework/Versions/A/ProtectedCloudStorage
0x000000000c2bc000 	/System/Library/PrivateFrameworks/GeoServices.framework/Versions/A/GeoServices
0x000000000c2bc000 	/System/Library/Frameworks/CoreGraphics.framework/Versions/A/Resources/libCGCMS.A.dylib
0x000000000c2bc000 	/System/Library/Frameworks/CoreGraphics.framework/Versions/A/Resources/libRIP.A.dylib
0x000000000c2bc000 	/System/Library/Frameworks/OpenCL.framework/Versions/A/Libraries/libcldcpuengine.dylib
0x000000000c2bc000 	/System/Library/PrivateFrameworks/DiskImages.framework/Versions/A/DiskImages
0x000000000c2bc000 	/System/Library/Frameworks/DiscRecording.framework/Versions/A/DiscRecording
0x000000000c2bc000 	/usr/lib/libcsfde.dylib
0x000000000c2bc000 	/usr/lib/libcurl.4.dylib
0x000000000c2bc000 	/System/Library/PrivateFrameworks/MediaKit.framework/Versions/A/MediaKit
0x000000000c2bc000 	/usr/lib/libCoreStorage.dylib
0x000000000c2bc000 	/System/Library/PrivateFrameworks/EFILogin.framework/Versions/A/EFILogin
0x000000000c2bc000 	/usr/lib/libutil.dylib
0x000000000c2bc000 	/System/Library/PrivateFrameworks/FindMyDevice.framework/Versions/A/FindMyDevice
0x000000000c2bc000 	/System/Library/Frameworks/LDAP.framework/Versions/A/LDAP
0x000000000c2bc000 	/usr/lib/libsasl2.2.dylib
0x000000000c2bc000 	/System/Library/PrivateFrameworks/CoreDaemon.framework/Versions/B/CoreDaemon
0x000000000c2bc000 	/usr/lib/libcrypto.0.9.8.dylib
0x000000000c2bc000 	/System/Library/PrivateFrameworks/AppleSRP.framework/Versions/A/AppleSRP
0x000000000c2bc000 	/System/Library/PrivateFrameworks/TrustEvaluationAgent.framework/Versions/A/TrustEvaluationAgent
0x000000011d567000 	cl_kernels
0x0000000125ad6000 	/System/Library/Frameworks/OpenCL.framework/Versions/A/Libraries/ImageFormats/unorm8_bgra.dylib
0x000000011d56d000 	cl_kernels
0x000000000c2bc000 	/System/Library/PrivateFrameworks/FamilyControls.framework/Versions/A/FamilyControls
0x000000000c2bc000 	/System/Library/PrivateFrameworks/CommerceKit.framework/Versions/A/Frameworks/CommerceCore.framework/Versions/A/CommerceCore
0x000000000c2bc000 	/System/Library/PrivateFrameworks/SystemAdministration.framework/Versions/A/SystemAdministration
0x000000000c2bc000 	/System/Library/PrivateFrameworks/AppContainer.framework/Versions/A/AppContainer
0x000000000c2bc000 	/System/Library/PrivateFrameworks/SecCodeWrapper.framework/Versions/A/SecCodeWrapper
0x000000000c2bc000 	/System/Library/Frameworks/DirectoryService.framework/Versions/A/DirectoryService
0x000000000c2bc000 	/System/Library/PrivateFrameworks/LoginUIKit.framework/Versions/A/Frameworks/LoginUICore.framework/Versions/A/LoginUICore
0x000000000c2bc000 	/usr/lib/libodfde.dylib
0x000000000c2bc000 	/System/Library/Frameworks/OpenGL.framework/Versions/A/Resources/GLEngine.bundle/GLEngine
0x000000000c2bc000 	/System/Library/Frameworks/OpenGL.framework/Versions/A/Libraries/libGLProgrammability.dylib
0x0000000126d80000 	/System/Library/Extensions/AppleIntelBDWGraphicsGLDriver.bundle/Contents/MacOS/AppleIntelBDWGraphicsGLDriver
0x000000000c2bc000 	/System/Library/PrivateFrameworks/IOAccelerator.framework/Versions/A/IOAccelerator
0x000000000c2bc000 	/System/Library/PrivateFrameworks/GPUSupport.framework/Versions/A/Libraries/libGPUSupportMercury.dylib
0x000000000c2bc000 	/System/Library/Frameworks/OpenGL.framework/Versions/A/Resources/GLRendererFloat.bundle/GLRendererFloat
0x00000001286e1000 	/Library/Java/JavaVirtualMachines/jdk1.8.0_141.jdk/Contents/Home/jre/lib/libdcpr.dylib
0x000000011cc88000 	/private/var/folders/6_/lzlsqnfj0yg2p3y8rs_cmns80000gn/T/native-platform9040166990112136121dir/libnative-platform.dylib
0x0000000119cb6000 	/Users/jonathanrichards/.gradle/native/jansi/1.14/osx/libjansi.jnilib

VM Arguments:
jvm_args: -Xmx1536m -Dfile.encoding=UTF-8 -Duser.country=US -Duser.language=en -Duser.variant 
java_command: org.gradle.launcher.daemon.bootstrap.GradleDaemon 4.1-rc-1
java_class_path (initial): /Users/jonathanrichards/.gradle/wrapper/dists/gradle-4.1-rc-1-all/936kh1brdchce6fvd2c1o8t8x/gradle-4.1-rc-1/lib/gradle-launcher-4.1.jar
Launcher Type: SUN_STANDARD

Environment Variables:
PATH=/usr/bin:/bin:/usr/sbin:/sbin:/://platform-tools://usr/bin:/bin:/usr/sbin:/sbin
SHELL=/bin/bash
DISPLAY=/private/tmp/com.apple.launchd.UuqMfhL2YC/org.macosforge.xquartz:0

Signal Handlers:
SIGSEGV: [libjvm.dylib+0x5b26e5], sa_mask[0]=11111111011111110111111111111111, sa_flags=SA_ONSTACK|SA_RESTART|SA_SIGINFO
SIGBUS: [libjvm.dylib+0x5b26e5], sa_mask[0]=11111111011111110111111111111111, sa_flags=SA_RESTART|SA_SIGINFO
SIGFPE: [libjvm.dylib+0x489100], sa_mask[0]=11111111011111110111111111111111, sa_flags=SA_RESTART|SA_SIGINFO
SIGPIPE: [libjvm.dylib+0x489100], sa_mask[0]=11111111011111110111111111111111, sa_flags=SA_RESTART|SA_SIGINFO
SIGXFSZ: [libjvm.dylib+0x489100], sa_mask[0]=11111111011111110111111111111111, sa_flags=SA_RESTART|SA_SIGINFO
SIGILL: [libjvm.dylib+0x489100], sa_mask[0]=11111111011111110111111111111111, sa_flags=SA_RESTART|SA_SIGINFO
SIGUSR1: SIG_DFL, sa_mask[0]=00000000000000000000000000000000, sa_flags=none
SIGUSR2: [libjvm.dylib+0x488c1e], sa_mask[0]=00100000000000000000000000000000, sa_flags=SA_RESTART|SA_SIGINFO
SIGHUP: [libjvm.dylib+0x4871f5], sa_mask[0]=11111111011111110111111111111111, sa_flags=SA_RESTART|SA_SIGINFO
SIGINT: [libjvm.dylib+0x4871f5], sa_mask[0]=11111111011111110111111111111111, sa_flags=SA_RESTART|SA_SIGINFO
SIGTERM: [libjvm.dylib+0x4871f5], sa_mask[0]=11111111011111110111111111111111, sa_flags=SA_RESTART|SA_SIGINFO
SIGQUIT: [libjvm.dylib+0x4871f5], sa_mask[0]=11111111011111110111111111111111, sa_flags=SA_RESTART|SA_SIGINFO


---------------  S Y S T E M  ---------------

OS:Bsduname:Darwin 14.5.0 Darwin Kernel Version 14.5.0: Mon Aug 29 21:14:16 PDT 2016; root:xnu-2782.50.6~1/RELEASE_X86_64 x86_64
rlimit: STACK 8192k, CORE 0k, NPROC 709, NOFILE 10240, AS infinity
load average:4.04 3.23 3.42

CPU:total 4 (initial active 4) (2 cores per cpu, 2 threads per core) family 6 model 61 stepping 4, cmov, cx8, fxsr, mmx, sse, sse2, sse3, ssse3, sse4.1, sse4.2, popcnt, avx, avx2, aes, clmul, erms, 3dnowpref, lzcnt, ht, tsc, tscinvbit, bmi1, bmi2, adx

Memory: 4k page, physical 8388608k(14848k free)

/proc/meminfo:


vm_info: Java HotSpot(TM) 64-Bit Server VM (25.141-b15) for bsd-amd64 JRE (1.8.0_141-b15), built on Jul 12 2017 04:35:23 by "java_re" with gcc 4.2.1 (Based on Apple Inc. build 5658) (LLVM build 2336.11.00)

time: Wed Aug  9 09:41:30 2017
elapsed time: 1891 seconds (0d 0h 31m 31s)

