#
# A fatal error has been detected by the Java Runtime Environment:
#
#  SIGSEGV (0xb) at pc=0x000000010d71f46f, pid=5983, tid=0x0000000000006e07
#
# JRE version: Java(TM) SE Runtime Environment (8.0_141-b15) (build 1.8.0_141-b15)
# Java VM: Java HotSpot(TM) 64-Bit Server VM (25.141-b15 mixed mode bsd-amd64 compressed oops)
# Problematic frame:
# V  [libjvm.dylib+0x31f46f]  jni_SetStaticIntField+0xa0
#
# Failed to write core dump. Core dumps have been disabled. To enable core dumping, try "ulimit -c unlimited" before starting Java again
#
# If you would like to submit a bug report, please visit:
#   http://bugreport.java.com/bugreport/crash.jsp
#

---------------  T H R E A D  ---------------

Current thread (0x00007fbfcc612800):  JavaThread "Task worker for ':' Thread 2" [_thread_in_vm, id=28167, stack(0x000000012ac8f000,0x000000012ad8f000)]

siginfo: si_signo: 11 (SIGSEGV), si_code: 1 (SEGV_MAPERR), si_addr: 0x0000000000000010

Registers:
RAX=0x000000010dcef060, RBX=0x0000000000000000, RCX=0x0000000000000000, RDX=0x0000000000000000
RSP=0x000000012ad8a670, RBP=0x000000012ad8a6e0, RSI=0x000000012ad8a780, RDI=0x00007fbfcc6129f8
R8 =0x0000000000000000, R9 =0x00007fff8b5c1d60, R10=0x000000010d9e9bea, R11=0x00007fbebe6179af
R12=0x00007fbfcc6129f8, R13=0x00007fbfcc612800, R14=0x0000000000000000, R15=0x000000012ad8a780
RIP=0x000000010d71f46f, EFLAGS=0x0000000000010246, ERR=0x0000000000000004
  TRAPNO=0x000000000000000e

Top of Stack: (sp=0x000000012ad8a670)
0x000000012ad8a670:   0000000131ca1b48 00007fbfcc612800
0x000000012ad8a680:   00007fbfcc612800 00007fbfcc612800
0x000000012ad8a690:   00007fbfcc538438 0000000100000b8b
0x000000012ad8a6a0:   000000010d9ff498 00007fbfcc612800
0x000000012ad8a6b0:   00007fbfcc612800 00007fbfcc6129f8
0x000000012ad8a6c0:   000000010d71f3cf 0000000131ca1f60
0x000000012ad8a6d0:   000000012ad8a780 00000001257b3e39
0x000000012ad8a6e0:   000000012ad8a720 00000001257b2f98
0x000000012ad8a6f0:   00000001257b2e90 0000000131ca1f68
0x000000012ad8a700:   0000000000000000 0000000131ca1f60
0x000000012ad8a710:   000000012ad8a788 00007fbfcc612800
0x000000012ad8a720:   000000012ad8a770 000000010e4c19f4
0x000000012ad8a730:   000000012ad8a730 0000000131ca1f60
0x000000012ad8a740:   000000012ad8a788 0000000131ca2180
0x000000012ad8a750:   0000000000000000 0000000131ca1f68
0x000000012ad8a760:   0000000000000000 000000012ad8a790
0x000000012ad8a770:   000000012ad8a7d0 000000010e4b22bd
0x000000012ad8a780:   00000007a2ce2498 000000010e4bb538
0x000000012ad8a790:   000000012ad8a790 0000000131ca20e4
0x000000012ad8a7a0:   000000012ad8a7d8 0000000131ca2180
0x000000012ad8a7b0:   0000000000000000 0000000131ca20f0
0x000000012ad8a7c0:   000000012ad8a790 000000012ad8a7e0
0x000000012ad8a7d0:   000000012ad8a840 000000010e4aa7a7
0x000000012ad8a7e0:   0000000100001fa0 000000000000000a
0x000000012ad8a7f0:   00007fbfcc612800 0000000000000000
0x000000012ad8a800:   000000010e4aa71f 0000000131ca20f0
0x000000012ad8a810:   000000012ad8a8d8 000000012ad8aa10
0x000000012ad8a820:   00007fbf0000000a 0000000131ca20f0
0x000000012ad8a830:   000000010e4bcc80 000000012ad8aa20
0x000000012ad8a840:   000000012ad8a9f0 000000010d6ee70a
0x000000012ad8a850:   0000000100000000 00007fbfcc612800
0x000000012ad8a860:   00007fbfcc612801 000000012ad8aa10 

Instructions: (pc=0x000000010d71f46f)
0x000000010d71f44f:   45 a0 48 89 44 24 08 c7 04 24 49 00 00 00 31 f6
0x000000010d71f45f:   41 b9 01 00 00 00 31 d2 4d 89 f0 e8 2b 54 07 00
0x000000010d71f46f:   49 63 46 10 49 8b 0e 48 8b 49 68 89 1c 01 90 0f
0x000000010d71f47f:   1f 40 00 48 83 7d b0 00 74 09 48 8d 7d a8 e8 02 

Register to memory mapping:

RAX=0x000000010dcef060: _ZN11JvmtiExport31_should_post_field_modificationE+0 in /Library/Java/JavaVirtualMachines/jdk1.8.0_141.jdk/Contents/Home/jre/lib/server/libjvm.dylib at 0x000000010d400000
RBX=0x0000000000000000 is an unknown value
RCX=0x0000000000000000 is an unknown value
RDX=0x0000000000000000 is an unknown value
RSP=0x000000012ad8a670 is pointing into the stack for thread: 0x00007fbfcc612800
RBP=0x000000012ad8a6e0 is pointing into the stack for thread: 0x00007fbfcc612800
RSI=0x000000012ad8a780 is pointing into the stack for thread: 0x00007fbfcc612800
RDI=0x00007fbfcc6129f8 is an unknown value
R8 =0x0000000000000000 is an unknown value
R9 =0x00007fff8b5c1d60: zeroes+0 in /usr/lib/system/libsystem_c.dylib at 0x00007fff8b53a000
R10=0x000000010d9e9bea: _ZL24decode_instructions_name+0x9e2 in /Library/Java/JavaVirtualMachines/jdk1.8.0_141.jdk/Contents/Home/jre/lib/server/libjvm.dylib at 0x000000010d400000
R11=0x00007fbebe6179af is an unknown value
R12=0x00007fbfcc6129f8 is an unknown value
R13=0x00007fbfcc612800 is a thread
R14=0x0000000000000000 is an unknown value
R15=0x000000012ad8a780 is pointing into the stack for thread: 0x00007fbfcc612800


Stack: [0x000000012ac8f000,0x000000012ad8f000],  sp=0x000000012ad8a670,  free space=1005k
Native frames: (J=compiled Java code, j=interpreted, Vv=VM code, C=native code)
V  [libjvm.dylib+0x31f46f]  jni_SetStaticIntField+0xa0
C  [libjansi.jnilib+0xf98]  Java_org_fusesource_jansi_internal_CLibrary_init+0x108
j  org.fusesource.jansi.internal.CLibrary.init()V+0
j  org.fusesource.jansi.internal.CLibrary.<clinit>()V+20
v  ~StubRoutines::call_stub
V  [libjvm.dylib+0x2ee70a]  JavaCalls::call_helper(JavaValue*, methodHandle*, JavaCallArguments*, Thread*)+0x6ae
V  [libjvm.dylib+0x2c12c1]  InstanceKlass::call_class_initializer_impl(instanceKlassHandle, Thread*)+0xbf
V  [libjvm.dylib+0x2c2925]  InstanceKlass::initialize_impl(instanceKlassHandle, Thread*)+0x4b5
V  [libjvm.dylib+0x2c2bbb]  InstanceKlass::initialize(Thread*)+0x3d
V  [libjvm.dylib+0x3c9b1e]  LinkResolver::resolve_field(fieldDescriptor&, KlassHandle, Symbol*, Symbol*, KlassHandle, Bytecodes::Code, bool, bool, Thread*)+0x31a
V  [libjvm.dylib+0x3cc103]  LinkResolver::resolve_field_access(fieldDescriptor&, constantPoolHandle, int, Bytecodes::Code, Thread*)+0x101
V  [libjvm.dylib+0x2e95f7]  InterpreterRuntime::resolve_get_put(JavaThread*, Bytecodes::Code)+0x119
j  org.jetbrains.kotlin.cli.common.messages.PlainTextMessageRenderer.<clinit>()V+21
v  ~StubRoutines::call_stub
V  [libjvm.dylib+0x2ee70a]  JavaCalls::call_helper(JavaValue*, methodHandle*, JavaCallArguments*, Thread*)+0x6ae
V  [libjvm.dylib+0x2c12c1]  InstanceKlass::call_class_initializer_impl(instanceKlassHandle, Thread*)+0xbf
V  [libjvm.dylib+0x2c2925]  InstanceKlass::initialize_impl(instanceKlassHandle, Thread*)+0x4b5
V  [libjvm.dylib+0x2c2bbb]  InstanceKlass::initialize(Thread*)+0x3d
V  [libjvm.dylib+0x2c2763]  InstanceKlass::initialize_impl(instanceKlassHandle, Thread*)+0x2f3
V  [libjvm.dylib+0x2c2bbb]  InstanceKlass::initialize(Thread*)+0x3d
V  [libjvm.dylib+0x2ea15c]  InterpreterRuntime::_new(JavaThread*, ConstantPool*, int)+0x5e
j  org.jetbrains.kotlin.cli.common.messages.MessageRenderer.<clinit>()V+10
v  ~StubRoutines::call_stub
V  [libjvm.dylib+0x2ee70a]  JavaCalls::call_helper(JavaValue*, methodHandle*, JavaCallArguments*, Thread*)+0x6ae
V  [libjvm.dylib+0x2c12c1]  InstanceKlass::call_class_initializer_impl(instanceKlassHandle, Thread*)+0xbf
V  [libjvm.dylib+0x2c2925]  InstanceKlass::initialize_impl(instanceKlassHandle, Thread*)+0x4b5
V  [libjvm.dylib+0x2c2bbb]  InstanceKlass::initialize(Thread*)+0x3d
V  [libjvm.dylib+0x3c9b1e]  LinkResolver::resolve_field(fieldDescriptor&, KlassHandle, Symbol*, Symbol*, KlassHandle, Bytecodes::Code, bool, bool, Thread*)+0x31a
V  [libjvm.dylib+0x3cc103]  LinkResolver::resolve_field_access(fieldDescriptor&, constantPoolHandle, int, Bytecodes::Code, Thread*)+0x101
V  [libjvm.dylib+0x2e95f7]  InterpreterRuntime::resolve_get_put(JavaThread*, Bytecodes::Code)+0x119
j  org.jetbrains.kotlin.compilerRunner.GradleCompilerRunner$loggingMessageCollector$2$1.<init>(Lorg/jetbrains/kotlin/compilerRunner/GradleCompilerRunner$loggingMessageCollector$2;)V+10
j  org.jetbrains.kotlin.compilerRunner.GradleCompilerRunner$loggingMessageCollector$2.invoke()Lorg/jetbrains/kotlin/compilerRunner/GradleCompilerRunner$loggingMessageCollector$2$1;+5
j  org.jetbrains.kotlin.compilerRunner.GradleCompilerRunner$loggingMessageCollector$2.invoke()Ljava/lang/Object;+1
j  kotlin.SynchronizedLazyImpl.getValue()Ljava/lang/Object;+55
j  org.jetbrains.kotlin.compilerRunner.GradleCompilerRunner.getLoggingMessageCollector()Lorg/jetbrains/kotlin/cli/common/messages/MessageCollector;+14
j  org.jetbrains.kotlin.compilerRunner.GradleCompilerRunner.compileOutOfProcess([Ljava/lang/String;Ljava/lang/String;Lorg/jetbrains/kotlin/compilerRunner/GradleCompilerEnvironment;)Lorg/jetbrains/kotlin/cli/common/ExitCode;+238
j  org.jetbrains.kotlin.compilerRunner.GradleCompilerRunner.compileWithDaemonOrFallback(Ljava/lang/String;Lorg/jetbrains/kotlin/cli/common/arguments/CommonCompilerArguments;Lorg/jetbrains/kotlin/compilerRunner/GradleCompilerEnvironment;)Lorg/jetbrains/kotlin/cli/common/ExitCode;+584
j  org.jetbrains.kotlin.compilerRunner.GradleCompilerRunner.compileWithDaemonOrFallback(Ljava/lang/String;Lorg/jetbrains/kotlin/cli/common/arguments/CommonCompilerArguments;Lorg/jetbrains/kotlin/compilerRunner/CompilerEnvironment;)Lorg/jetbrains/kotlin/cli/common/ExitCode;+7
j  org.jetbrains.kotlin.compilerRunner.KotlinCompilerRunner.runCompiler(Ljava/lang/String;Lorg/jetbrains/kotlin/cli/common/arguments/CommonCompilerArguments;Lorg/jetbrains/kotlin/compilerRunner/CompilerEnvironment;)Lorg/jetbrains/kotlin/cli/common/ExitCode;+25
j  org.jetbrains.kotlin.compilerRunner.GradleCompilerRunner.runJvmCompiler(Ljava/util/List;Ljava/lang/Iterable;Lorg/jetbrains/kotlin/cli/common/arguments/K2JVMCompilerArguments;Lorg/jetbrains/kotlin/compilerRunner/GradleCompilerEnvironment;)Lorg/jetbrains/kotlin/cli/common/ExitCode;+234
j  org.jetbrains.kotlin.gradle.tasks.KotlinCompile.callCompiler$kotlin_gradle_plugin(Lorg/jetbrains/kotlin/cli/common/arguments/K2JVMCompilerArguments;Lorg/jetbrains/kotlin/gradle/tasks/SourceRoots;Lorg/jetbrains/kotlin/incremental/ChangedFiles;)V+291
j  org.jetbrains.kotlin.gradle.tasks.KotlinCompile.callCompiler$kotlin_gradle_plugin(Lorg/jetbrains/kotlin/cli/common/arguments/CommonCompilerArguments;Lorg/jetbrains/kotlin/gradle/tasks/SourceRoots;Lorg/jetbrains/kotlin/incremental/ChangedFiles;)V+7
j  org.jetbrains.kotlin.gradle.tasks.AbstractKotlinCompile.execute(Lorg/gradle/api/tasks/incremental/IncrementalTaskInputs;)V+189
v  ~StubRoutines::call_stub
V  [libjvm.dylib+0x2ee70a]  JavaCalls::call_helper(JavaValue*, methodHandle*, JavaCallArguments*, Thread*)+0x6ae
V  [libjvm.dylib+0x4d3c0c]  Reflection::invoke(instanceKlassHandle, methodHandle, Handle, bool, objArrayHandle, BasicType, objArrayHandle, bool, Thread*)+0xe12
V  [libjvm.dylib+0x4d4140]  Reflection::invoke_method(oopDesc*, Handle, objArrayHandle, Thread*)+0x16c
V  [libjvm.dylib+0x346b0c]  JVM_InvokeMethod+0x166
J 2566  sun.reflect.NativeMethodAccessorImpl.invoke0(Ljava/lang/reflect/Method;Ljava/lang/Object;[Ljava/lang/Object;)Ljava/lang/Object; (0 bytes) @ 0x000000010ecd282d [0x000000010ecd2740+0xed]
J 2565 C1 sun.reflect.NativeMethodAccessorImpl.invoke(Ljava/lang/Object;[Ljava/lang/Object;)Ljava/lang/Object; (104 bytes) @ 0x000000010ece8794 [0x000000010ece75c0+0x11d4]
J 6068 C2 java.lang.reflect.Method.invoke(Ljava/lang/Object;[Ljava/lang/Object;)Ljava/lang/Object; (62 bytes) @ 0x000000010e724cf0 [0x000000010e724c40+0xb0]
J 1969 C1 org.gradle.internal.reflect.JavaMethod.invoke(Ljava/lang/Object;[Ljava/lang/Object;)Ljava/lang/Object; (74 bytes) @ 0x000000010eb9f77c [0x000000010eb9f660+0x11c]
j  org.gradle.api.internal.project.taskfactory.DefaultTaskClassInfoStore$IncrementalTaskAction.doExecute(Lorg/gradle/api/Task;Ljava/lang/String;)V+35
j  org.gradle.api.internal.project.taskfactory.DefaultTaskClassInfoStore$StandardTaskAction.execute(Lorg/gradle/api/Task;)V+32
j  org.gradle.api.internal.project.taskfactory.DefaultTaskClassInfoStore$StandardTaskAction.execute(Ljava/lang/Object;)V+5
j  org.gradle.api.internal.tasks.execution.ExecuteActionsTaskExecuter$1.run(Lorg/gradle/internal/operations/BuildOperationContext;)V+23
j  org.gradle.internal.progress.DefaultBuildOperationExecutor$RunnableBuildOperationWorker.execute(Lorg/gradle/internal/operations/RunnableBuildOperation;Lorg/gradle/internal/operations/BuildOperationContext;)V+2
j  org.gradle.internal.progress.DefaultBuildOperationExecutor$RunnableBuildOperationWorker.execute(Lorg/gradle/internal/operations/BuildOperation;Lorg/gradle/internal/operations/BuildOperationContext;)V+6
J 7360 C1 org.gradle.internal.progress.DefaultBuildOperationExecutor.execute(Lorg/gradle/internal/operations/BuildOperation;Lorg/gradle/internal/operations/BuildOperationWorker;Lorg/gradle/internal/progress/DefaultBuildOperationExecutor$DefaultBuildOperationState;)V (430 bytes) @ 0x000000010f7b0234 [0x000000010f7ad920+0x2914]
j  org.gradle.internal.progress.DefaultBuildOperationExecutor.run(Lorg/gradle/internal/operations/RunnableBuildOperation;)V+20
j  org.gradle.api.internal.tasks.execution.ExecuteActionsTaskExecuter.executeAction(Ljava/lang/String;Lorg/gradle/api/internal/TaskInternal;Lorg/gradle/api/internal/tasks/ContextAwareTaskAction;Lorg/gradle/api/internal/tasks/TaskExecutionContext;)V+23
j  org.gradle.api.internal.tasks.execution.ExecuteActionsTaskExecuter.executeActions(Lorg/gradle/api/internal/TaskInternal;Lorg/gradle/api/internal/tasks/TaskStateInternal;Lorg/gradle/api/internal/tasks/TaskExecutionContext;)Lorg/gradle/api/GradleException;+131
j  org.gradle.api.internal.tasks.execution.ExecuteActionsTaskExecuter.execute(Lorg/gradle/api/internal/TaskInternal;Lorg/gradle/api/internal/tasks/TaskStateInternal;Lorg/gradle/api/internal/tasks/TaskExecutionContext;)V+42
j  org.gradle.api.internal.tasks.execution.SkipUpToDateTaskExecuter.execute(Lorg/gradle/api/internal/TaskInternal;Lorg/gradle/api/internal/tasks/TaskStateInternal;Lorg/gradle/api/internal/tasks/TaskExecutionContext;)V+131
j  org.gradle.api.internal.tasks.execution.ResolveTaskOutputCachingStateExecuter.execute(Lorg/gradle/api/internal/TaskInternal;Lorg/gradle/api/internal/tasks/TaskStateInternal;Lorg/gradle/api/internal/tasks/TaskExecutionContext;)V+96
j  org.gradle.api.internal.tasks.execution.ValidatingTaskExecuter.execute(Lorg/gradle/api/internal/TaskInternal;Lorg/gradle/api/internal/tasks/TaskStateInternal;Lorg/gradle/api/internal/tasks/TaskExecutionContext;)V+215
j  org.gradle.api.internal.tasks.execution.SkipEmptySourceFilesTaskExecuter.execute(Lorg/gradle/api/internal/TaskInternal;Lorg/gradle/api/internal/tasks/TaskStateInternal;Lorg/gradle/api/internal/tasks/TaskExecutionContext;)V+335
j  org.gradle.api.internal.tasks.execution.ResolveTaskArtifactStateTaskExecuter.execute(Lorg/gradle/api/internal/TaskInternal;Lorg/gradle/api/internal/tasks/TaskStateInternal;Lorg/gradle/api/internal/tasks/TaskExecutionContext;)V+72
j  org.gradle.api.internal.tasks.execution.SkipTaskWithNoActionsExecuter.execute(Lorg/gradle/api/internal/TaskInternal;Lorg/gradle/api/internal/tasks/TaskStateInternal;Lorg/gradle/api/internal/tasks/TaskExecutionContext;)V+124
j  org.gradle.api.internal.tasks.execution.SkipOnlyIfTaskExecuter.execute(Lorg/gradle/api/internal/TaskInternal;Lorg/gradle/api/internal/tasks/TaskStateInternal;Lorg/gradle/api/internal/tasks/TaskExecutionContext;)V+85
j  org.gradle.api.internal.tasks.execution.ExecuteAtMostOnceTaskExecuter.execute(Lorg/gradle/api/internal/TaskInternal;Lorg/gradle/api/internal/tasks/TaskStateInternal;Lorg/gradle/api/internal/tasks/TaskExecutionContext;)V+26
j  org.gradle.api.internal.tasks.execution.CatchExceptionTaskExecuter.execute(Lorg/gradle/api/internal/TaskInternal;Lorg/gradle/api/internal/tasks/TaskStateInternal;Lorg/gradle/api/internal/tasks/TaskExecutionContext;)V+7
j  org.gradle.execution.taskgraph.DefaultTaskGraphExecuter$EventFiringTaskWorker$1.run(Lorg/gradle/internal/operations/BuildOperationContext;)V+56
j  org.gradle.internal.progress.DefaultBuildOperationExecutor$RunnableBuildOperationWorker.execute(Lorg/gradle/internal/operations/RunnableBuildOperation;Lorg/gradle/internal/operations/BuildOperationContext;)V+2
j  org.gradle.internal.progress.DefaultBuildOperationExecutor$RunnableBuildOperationWorker.execute(Lorg/gradle/internal/operations/BuildOperation;Lorg/gradle/internal/operations/BuildOperationContext;)V+6
J 7360 C1 org.gradle.internal.progress.DefaultBuildOperationExecutor.execute(Lorg/gradle/internal/operations/BuildOperation;Lorg/gradle/internal/operations/BuildOperationWorker;Lorg/gradle/internal/progress/DefaultBuildOperationExecutor$DefaultBuildOperationState;)V (430 bytes) @ 0x000000010f7b0234 [0x000000010f7ad920+0x2914]
j  org.gradle.internal.progress.DefaultBuildOperationExecutor.run(Lorg/gradle/internal/operations/RunnableBuildOperation;)V+20
j  org.gradle.execution.taskgraph.DefaultTaskGraphExecuter$EventFiringTaskWorker.execute(Lorg/gradle/api/internal/TaskInternal;)V+16
j  org.gradle.execution.taskgraph.DefaultTaskGraphExecuter$EventFiringTaskWorker.execute(Ljava/lang/Object;)V+5
j  org.gradle.execution.taskgraph.DefaultTaskPlanExecutor$TaskExecutorWorker.processTask(Lorg/gradle/execution/taskgraph/TaskInfo;)V+8
j  org.gradle.execution.taskgraph.DefaultTaskPlanExecutor$TaskExecutorWorker.access$200(Lorg/gradle/execution/taskgraph/DefaultTaskPlanExecutor$TaskExecutorWorker;Lorg/gradle/execution/taskgraph/TaskInfo;)V+2
j  org.gradle.execution.taskgraph.DefaultTaskPlanExecutor$TaskExecutorWorker$1.execute(Lorg/gradle/execution/taskgraph/TaskInfo;)V+38
j  org.gradle.execution.taskgraph.DefaultTaskPlanExecutor$TaskExecutorWorker$1.execute(Ljava/lang/Object;)V+5
j  org.gradle.execution.taskgraph.DefaultTaskExecutionPlan.execute(Lorg/gradle/execution/taskgraph/TaskInfo;Lorg/gradle/internal/work/WorkerLeaseRegistry$WorkerLease;Lorg/gradle/api/Action;)V+14
j  org.gradle.execution.taskgraph.DefaultTaskExecutionPlan.executeWithTask(Lorg/gradle/internal/work/WorkerLeaseRegistry$WorkerLease;Lorg/gradle/api/Action;)Z+53
j  org.gradle.execution.taskgraph.DefaultTaskPlanExecutor$TaskExecutorWorker.run()V+52
J 6203 C1 org.gradle.internal.concurrent.ManagedExecutorImpl$1.run()V (57 bytes) @ 0x000000010e7614a4 [0x000000010e760f80+0x524]
j  java.util.concurrent.ThreadPoolExecutor.runWorker(Ljava/util/concurrent/ThreadPoolExecutor$Worker;)V+95
j  java.util.concurrent.ThreadPoolExecutor$Worker.run()V+5
j  org.gradle.internal.concurrent.ThreadFactoryImpl$ManagedThreadRunnable.run()V+7
j  java.lang.Thread.run()V+11
v  ~StubRoutines::call_stub
V  [libjvm.dylib+0x2ee70a]  JavaCalls::call_helper(JavaValue*, methodHandle*, JavaCallArguments*, Thread*)+0x6ae
V  [libjvm.dylib+0x2eeeae]  JavaCalls::call_virtual(JavaValue*, KlassHandle, Symbol*, Symbol*, JavaCallArguments*, Thread*)+0x164
V  [libjvm.dylib+0x2ef05a]  JavaCalls::call_virtual(JavaValue*, Handle, KlassHandle, Symbol*, Symbol*, Thread*)+0x4a
V  [libjvm.dylib+0x3497b1]  thread_entry(JavaThread*, Thread*)+0x7c
V  [libjvm.dylib+0x56c0b3]  JavaThread::thread_main_inner()+0x9b
V  [libjvm.dylib+0x56d7a0]  JavaThread::run()+0x1c2
V  [libjvm.dylib+0x48baee]  java_start(Thread*)+0xf6
C  [libsystem_pthread.dylib+0x405a]  _pthread_body+0x83
...<more frames>...

Java frames: (J=compiled Java code, j=interpreted, Vv=VM code)
j  org.fusesource.jansi.internal.CLibrary.init()V+0
j  org.fusesource.jansi.internal.CLibrary.<clinit>()V+20
v  ~StubRoutines::call_stub
j  org.jetbrains.kotlin.cli.common.messages.PlainTextMessageRenderer.<clinit>()V+21
v  ~StubRoutines::call_stub
j  org.jetbrains.kotlin.cli.common.messages.MessageRenderer.<clinit>()V+10
v  ~StubRoutines::call_stub
j  org.jetbrains.kotlin.compilerRunner.GradleCompilerRunner$loggingMessageCollector$2$1.<init>(Lorg/jetbrains/kotlin/compilerRunner/GradleCompilerRunner$loggingMessageCollector$2;)V+10
j  org.jetbrains.kotlin.compilerRunner.GradleCompilerRunner$loggingMessageCollector$2.invoke()Lorg/jetbrains/kotlin/compilerRunner/GradleCompilerRunner$loggingMessageCollector$2$1;+5
j  org.jetbrains.kotlin.compilerRunner.GradleCompilerRunner$loggingMessageCollector$2.invoke()Ljava/lang/Object;+1
j  kotlin.SynchronizedLazyImpl.getValue()Ljava/lang/Object;+55
j  org.jetbrains.kotlin.compilerRunner.GradleCompilerRunner.getLoggingMessageCollector()Lorg/jetbrains/kotlin/cli/common/messages/MessageCollector;+14
j  org.jetbrains.kotlin.compilerRunner.GradleCompilerRunner.compileOutOfProcess([Ljava/lang/String;Ljava/lang/String;Lorg/jetbrains/kotlin/compilerRunner/GradleCompilerEnvironment;)Lorg/jetbrains/kotlin/cli/common/ExitCode;+238
j  org.jetbrains.kotlin.compilerRunner.GradleCompilerRunner.compileWithDaemonOrFallback(Ljava/lang/String;Lorg/jetbrains/kotlin/cli/common/arguments/CommonCompilerArguments;Lorg/jetbrains/kotlin/compilerRunner/GradleCompilerEnvironment;)Lorg/jetbrains/kotlin/cli/common/ExitCode;+584
j  org.jetbrains.kotlin.compilerRunner.GradleCompilerRunner.compileWithDaemonOrFallback(Ljava/lang/String;Lorg/jetbrains/kotlin/cli/common/arguments/CommonCompilerArguments;Lorg/jetbrains/kotlin/compilerRunner/CompilerEnvironment;)Lorg/jetbrains/kotlin/cli/common/ExitCode;+7
j  org.jetbrains.kotlin.compilerRunner.KotlinCompilerRunner.runCompiler(Ljava/lang/String;Lorg/jetbrains/kotlin/cli/common/arguments/CommonCompilerArguments;Lorg/jetbrains/kotlin/compilerRunner/CompilerEnvironment;)Lorg/jetbrains/kotlin/cli/common/ExitCode;+25
j  org.jetbrains.kotlin.compilerRunner.GradleCompilerRunner.runJvmCompiler(Ljava/util/List;Ljava/lang/Iterable;Lorg/jetbrains/kotlin/cli/common/arguments/K2JVMCompilerArguments;Lorg/jetbrains/kotlin/compilerRunner/GradleCompilerEnvironment;)Lorg/jetbrains/kotlin/cli/common/ExitCode;+234
j  org.jetbrains.kotlin.gradle.tasks.KotlinCompile.callCompiler$kotlin_gradle_plugin(Lorg/jetbrains/kotlin/cli/common/arguments/K2JVMCompilerArguments;Lorg/jetbrains/kotlin/gradle/tasks/SourceRoots;Lorg/jetbrains/kotlin/incremental/ChangedFiles;)V+291
j  org.jetbrains.kotlin.gradle.tasks.KotlinCompile.callCompiler$kotlin_gradle_plugin(Lorg/jetbrains/kotlin/cli/common/arguments/CommonCompilerArguments;Lorg/jetbrains/kotlin/gradle/tasks/SourceRoots;Lorg/jetbrains/kotlin/incremental/ChangedFiles;)V+7
j  org.jetbrains.kotlin.gradle.tasks.AbstractKotlinCompile.execute(Lorg/gradle/api/tasks/incremental/IncrementalTaskInputs;)V+189
v  ~StubRoutines::call_stub
J 2566  sun.reflect.NativeMethodAccessorImpl.invoke0(Ljava/lang/reflect/Method;Ljava/lang/Object;[Ljava/lang/Object;)Ljava/lang/Object; (0 bytes) @ 0x000000010ecd27b7 [0x000000010ecd2740+0x77]
J 2565 C1 sun.reflect.NativeMethodAccessorImpl.invoke(Ljava/lang/Object;[Ljava/lang/Object;)Ljava/lang/Object; (104 bytes) @ 0x000000010ece8794 [0x000000010ece75c0+0x11d4]
J 6068 C2 java.lang.reflect.Method.invoke(Ljava/lang/Object;[Ljava/lang/Object;)Ljava/lang/Object; (62 bytes) @ 0x000000010e724cf0 [0x000000010e724c40+0xb0]
J 1969 C1 org.gradle.internal.reflect.JavaMethod.invoke(Ljava/lang/Object;[Ljava/lang/Object;)Ljava/lang/Object; (74 bytes) @ 0x000000010eb9f77c [0x000000010eb9f660+0x11c]
j  org.gradle.api.internal.project.taskfactory.DefaultTaskClassInfoStore$IncrementalTaskAction.doExecute(Lorg/gradle/api/Task;Ljava/lang/String;)V+35
j  org.gradle.api.internal.project.taskfactory.DefaultTaskClassInfoStore$StandardTaskAction.execute(Lorg/gradle/api/Task;)V+32
j  org.gradle.api.internal.project.taskfactory.DefaultTaskClassInfoStore$StandardTaskAction.execute(Ljava/lang/Object;)V+5
j  org.gradle.api.internal.tasks.execution.ExecuteActionsTaskExecuter$1.run(Lorg/gradle/internal/operations/BuildOperationContext;)V+23
j  org.gradle.internal.progress.DefaultBuildOperationExecutor$RunnableBuildOperationWorker.execute(Lorg/gradle/internal/operations/RunnableBuildOperation;Lorg/gradle/internal/operations/BuildOperationContext;)V+2
j  org.gradle.internal.progress.DefaultBuildOperationExecutor$RunnableBuildOperationWorker.execute(Lorg/gradle/internal/operations/BuildOperation;Lorg/gradle/internal/operations/BuildOperationContext;)V+6
J 7360 C1 org.gradle.internal.progress.DefaultBuildOperationExecutor.execute(Lorg/gradle/internal/operations/BuildOperation;Lorg/gradle/internal/operations/BuildOperationWorker;Lorg/gradle/internal/progress/DefaultBuildOperationExecutor$DefaultBuildOperationState;)V (430 bytes) @ 0x000000010f7b0234 [0x000000010f7ad920+0x2914]
j  org.gradle.internal.progress.DefaultBuildOperationExecutor.run(Lorg/gradle/internal/operations/RunnableBuildOperation;)V+20
j  org.gradle.api.internal.tasks.execution.ExecuteActionsTaskExecuter.executeAction(Ljava/lang/String;Lorg/gradle/api/internal/TaskInternal;Lorg/gradle/api/internal/tasks/ContextAwareTaskAction;Lorg/gradle/api/internal/tasks/TaskExecutionContext;)V+23
j  org.gradle.api.internal.tasks.execution.ExecuteActionsTaskExecuter.executeActions(Lorg/gradle/api/internal/TaskInternal;Lorg/gradle/api/internal/tasks/TaskStateInternal;Lorg/gradle/api/internal/tasks/TaskExecutionContext;)Lorg/gradle/api/GradleException;+131
j  org.gradle.api.internal.tasks.execution.ExecuteActionsTaskExecuter.execute(Lorg/gradle/api/internal/TaskInternal;Lorg/gradle/api/internal/tasks/TaskStateInternal;Lorg/gradle/api/internal/tasks/TaskExecutionContext;)V+42
j  org.gradle.api.internal.tasks.execution.SkipUpToDateTaskExecuter.execute(Lorg/gradle/api/internal/TaskInternal;Lorg/gradle/api/internal/tasks/TaskStateInternal;Lorg/gradle/api/internal/tasks/TaskExecutionContext;)V+131
j  org.gradle.api.internal.tasks.execution.ResolveTaskOutputCachingStateExecuter.execute(Lorg/gradle/api/internal/TaskInternal;Lorg/gradle/api/internal/tasks/TaskStateInternal;Lorg/gradle/api/internal/tasks/TaskExecutionContext;)V+96
j  org.gradle.api.internal.tasks.execution.ValidatingTaskExecuter.execute(Lorg/gradle/api/internal/TaskInternal;Lorg/gradle/api/internal/tasks/TaskStateInternal;Lorg/gradle/api/internal/tasks/TaskExecutionContext;)V+215
j  org.gradle.api.internal.tasks.execution.SkipEmptySourceFilesTaskExecuter.execute(Lorg/gradle/api/internal/TaskInternal;Lorg/gradle/api/internal/tasks/TaskStateInternal;Lorg/gradle/api/internal/tasks/TaskExecutionContext;)V+335
j  org.gradle.api.internal.tasks.execution.ResolveTaskArtifactStateTaskExecuter.execute(Lorg/gradle/api/internal/TaskInternal;Lorg/gradle/api/internal/tasks/TaskStateInternal;Lorg/gradle/api/internal/tasks/TaskExecutionContext;)V+72
j  org.gradle.api.internal.tasks.execution.SkipTaskWithNoActionsExecuter.execute(Lorg/gradle/api/internal/TaskInternal;Lorg/gradle/api/internal/tasks/TaskStateInternal;Lorg/gradle/api/internal/tasks/TaskExecutionContext;)V+124
j  org.gradle.api.internal.tasks.execution.SkipOnlyIfTaskExecuter.execute(Lorg/gradle/api/internal/TaskInternal;Lorg/gradle/api/internal/tasks/TaskStateInternal;Lorg/gradle/api/internal/tasks/TaskExecutionContext;)V+85
j  org.gradle.api.internal.tasks.execution.ExecuteAtMostOnceTaskExecuter.execute(Lorg/gradle/api/internal/TaskInternal;Lorg/gradle/api/internal/tasks/TaskStateInternal;Lorg/gradle/api/internal/tasks/TaskExecutionContext;)V+26
j  org.gradle.api.internal.tasks.execution.CatchExceptionTaskExecuter.execute(Lorg/gradle/api/internal/TaskInternal;Lorg/gradle/api/internal/tasks/TaskStateInternal;Lorg/gradle/api/internal/tasks/TaskExecutionContext;)V+7
j  org.gradle.execution.taskgraph.DefaultTaskGraphExecuter$EventFiringTaskWorker$1.run(Lorg/gradle/internal/operations/BuildOperationContext;)V+56
j  org.gradle.internal.progress.DefaultBuildOperationExecutor$RunnableBuildOperationWorker.execute(Lorg/gradle/internal/operations/RunnableBuildOperation;Lorg/gradle/internal/operations/BuildOperationContext;)V+2
j  org.gradle.internal.progress.DefaultBuildOperationExecutor$RunnableBuildOperationWorker.execute(Lorg/gradle/internal/operations/BuildOperation;Lorg/gradle/internal/operations/BuildOperationContext;)V+6
J 7360 C1 org.gradle.internal.progress.DefaultBuildOperationExecutor.execute(Lorg/gradle/internal/operations/BuildOperation;Lorg/gradle/internal/operations/BuildOperationWorker;Lorg/gradle/internal/progress/DefaultBuildOperationExecutor$DefaultBuildOperationState;)V (430 bytes) @ 0x000000010f7b0234 [0x000000010f7ad920+0x2914]
j  org.gradle.internal.progress.DefaultBuildOperationExecutor.run(Lorg/gradle/internal/operations/RunnableBuildOperation;)V+20
j  org.gradle.execution.taskgraph.DefaultTaskGraphExecuter$EventFiringTaskWorker.execute(Lorg/gradle/api/internal/TaskInternal;)V+16
j  org.gradle.execution.taskgraph.DefaultTaskGraphExecuter$EventFiringTaskWorker.execute(Ljava/lang/Object;)V+5
j  org.gradle.execution.taskgraph.DefaultTaskPlanExecutor$TaskExecutorWorker.processTask(Lorg/gradle/execution/taskgraph/TaskInfo;)V+8
j  org.gradle.execution.taskgraph.DefaultTaskPlanExecutor$TaskExecutorWorker.access$200(Lorg/gradle/execution/taskgraph/DefaultTaskPlanExecutor$TaskExecutorWorker;Lorg/gradle/execution/taskgraph/TaskInfo;)V+2
j  org.gradle.execution.taskgraph.DefaultTaskPlanExecutor$TaskExecutorWorker$1.execute(Lorg/gradle/execution/taskgraph/TaskInfo;)V+38
j  org.gradle.execution.taskgraph.DefaultTaskPlanExecutor$TaskExecutorWorker$1.execute(Ljava/lang/Object;)V+5
j  org.gradle.execution.taskgraph.DefaultTaskExecutionPlan.execute(Lorg/gradle/execution/taskgraph/TaskInfo;Lorg/gradle/internal/work/WorkerLeaseRegistry$WorkerLease;Lorg/gradle/api/Action;)V+14
j  org.gradle.execution.taskgraph.DefaultTaskExecutionPlan.executeWithTask(Lorg/gradle/internal/work/WorkerLeaseRegistry$WorkerLease;Lorg/gradle/api/Action;)Z+53
j  org.gradle.execution.taskgraph.DefaultTaskPlanExecutor$TaskExecutorWorker.run()V+52
J 6203 C1 org.gradle.internal.concurrent.ManagedExecutorImpl$1.run()V (57 bytes) @ 0x000000010e7614a4 [0x000000010e760f80+0x524]
j  java.util.concurrent.ThreadPoolExecutor.runWorker(Ljava/util/concurrent/ThreadPoolExecutor$Worker;)V+95
j  java.util.concurrent.ThreadPoolExecutor$Worker.run()V+5
j  org.gradle.internal.concurrent.ThreadFactoryImpl$ManagedThreadRunnable.run()V+7
j  java.lang.Thread.run()V+11
v  ~StubRoutines::call_stub

---------------  P R O C E S S  ---------------

Java Threads: ( => current thread )
  0x00007fbfcf832000 JavaThread "Thread-46" [_thread_in_native, id=69647, stack(0x000000012ef0a000,0x000000012f00a000)]
  0x00007fbfcc5a8000 JavaThread "process reaper" daemon [_thread_in_native, id=45083, stack(0x0000000125788000,0x00000001257b0000)]
  0x00007fbfcb6c4800 JavaThread "ForkJoinPool.commonPool-worker-3" daemon [_thread_blocked, id=69123, stack(0x0000000131ac3000,0x0000000131bc3000)]
  0x00007fbfcb1aa000 JavaThread "Java2D Disposer" daemon [_thread_blocked, id=67863, stack(0x0000000130efd000,0x0000000130ffd000)]
  0x00007fbfce106000 JavaThread "Java2D Queue Flusher" daemon [_thread_blocked, id=65299, stack(0x0000000130104000,0x0000000130204000)]
  0x00007fbfcc460000 JavaThread "AWT-AppKit" daemon [_thread_in_native, id=1811, stack(0x00007fff52984000,0x00007fff53184000)]
  0x00007fbfcc45e000 JavaThread "Worker Daemon Execution Thread 7" [_thread_blocked, id=33283, stack(0x000000012bb05000,0x000000012bc05000)]
  0x00007fbfcc45d000 JavaThread "Worker Daemon Execution Thread 6" [_thread_blocked, id=32771, stack(0x000000012ba02000,0x000000012bb02000)]
  0x00007fbfce531800 JavaThread "Worker Daemon Execution Thread 5" [_thread_blocked, id=32259, stack(0x000000012b8ff000,0x000000012b9ff000)]
  0x00007fbfcfa36800 JavaThread "Worker Daemon Execution Thread 4" [_thread_blocked, id=31747, stack(0x000000012b7fc000,0x000000012b8fc000)]
  0x00007fbfcb7ee800 JavaThread "Worker Daemon Execution Thread 3" [_thread_blocked, id=31235, stack(0x000000012b6f9000,0x000000012b7f9000)]
  0x00007fbfce3e6000 JavaThread "Worker Daemon Execution Thread 2" [_thread_blocked, id=30727, stack(0x000000012b5f6000,0x000000012b6f6000)]
  0x00007fbfcff9b000 JavaThread "Worker Daemon Execution" [_thread_blocked, id=28935, stack(0x000000012ae95000,0x000000012af95000)]
  0x00007fbfcc613000 JavaThread "Task worker for ':' Thread 3" [_thread_blocked, id=28423, stack(0x000000012ad92000,0x000000012ae92000)]
=>0x00007fbfcc612800 JavaThread "Task worker for ':' Thread 2" [_thread_in_vm, id=28167, stack(0x000000012ac8f000,0x000000012ad8f000)]
  0x00007fbfcc524800 JavaThread "Task worker for ':'" [_thread_blocked, id=27911, stack(0x000000012ab8c000,0x000000012ac8c000)]
  0x00007fbfcada8000 JavaThread "Cache worker for task history cache (/Users/jonathanrichards/Work/MyApplication/.gradle/4.1-milestone-1/taskHistory)" [_thread_blocked, id=24327, stack(0x000000012aa89000,0x000000012ab89000)]
  0x00007fbfcada9800 JavaThread "Cache worker for file content cache (/Users/jonathanrichards/Work/MyApplication/.gradle/4.1-milestone-1/fileContent)" [_thread_blocked, id=24839, stack(0x0000000128319000,0x0000000128419000)]
  0x00007fbfce102800 JavaThread "build operations Thread 4" [_thread_blocked, id=26375, stack(0x0000000127f5b000,0x000000012805b000)]
  0x00007fbfce741000 JavaThread "build operations Thread 3" [_thread_blocked, id=26119, stack(0x0000000127e58000,0x0000000127f58000)]
  0x00007fbfce190000 JavaThread "build operations Thread 2" [_thread_blocked, id=25863, stack(0x0000000127aa2000,0x0000000127ba2000)]
  0x00007fbfcb21f800 JavaThread "build operations" [_thread_blocked, id=25607, stack(0x0000000127300000,0x0000000127400000)]
  0x00007fbfcb062800 JavaThread "Cache worker for Artifact transforms cache (/Users/jonathanrichards/.gradle/caches/transforms-1)" [_thread_blocked, id=22279, stack(0x00000001271fd000,0x00000001272fd000)]
  0x00007fbfcc062000 JavaThread "Cache worker for file hash cache (/Users/jonathanrichards/Work/MyApplication/.gradle/4.1-milestone-1/fileHashes)" [_thread_blocked, id=21767, stack(0x0000000126b71000,0x0000000126c71000)]
  0x00007fbfce740800 JavaThread "Stdin handler" [_thread_blocked, id=20743, stack(0x0000000126569000,0x0000000126669000)]
  0x00007fbfcc4d7800 JavaThread "Asynchronous log dispatcher for DefaultDaemonConnection: socket connection from /0:0:0:0:0:0:0:1:60962 to /0:0:0:0:0:0:0:1:61115" [_thread_blocked, id=15883, stack(0x0000000126466000,0x0000000126566000)]
  0x00007fbfcb6c6800 JavaThread "Daemon worker Thread 2" [_thread_blocked, id=20239, stack(0x0000000126363000,0x0000000126463000)]
  0x00007fbfcc4df800 JavaThread "Cancel handler" [_thread_blocked, id=30219, stack(0x0000000126260000,0x0000000126360000)]
  0x00007fbfcaad4800 JavaThread "Handler for socket connection from /0:0:0:0:0:0:0:1:60962 to /0:0:0:0:0:0:0:1:61115" [_thread_in_native, id=21003, stack(0x000000012615d000,0x000000012625d000)]
  0x00007fbfcc0ac800 JavaThread "Daemon Thread 2" [_thread_blocked, id=19723, stack(0x000000012605a000,0x000000012615a000)]
  0x00007fbfcb08f000 JavaThread "Memory manager" [_thread_blocked, id=27139, stack(0x000000012a00d000,0x000000012a10d000)]
  0x00007fbfce4a1000 JavaThread "pool-1-thread-1" [_thread_blocked, id=26627, stack(0x00000001293fc000,0x00000001294fc000)]
  0x00007fbfcaaef000 JavaThread "File lock request listener" [_thread_in_native, id=23043, stack(0x0000000126a6e000,0x0000000126b6e000)]
  0x00007fbfcc0a4800 JavaThread "Cache worker for file hash cache (/Users/jonathanrichards/.gradle/caches/4.1-milestone-1/fileHashes)" [_thread_blocked, id=22531, stack(0x000000012696b000,0x0000000126a6b000)]
  0x00007fbfcc412000 JavaThread "Daemon periodic checks" [_thread_blocked, id=14087, stack(0x0000000125f57000,0x0000000126057000)]
  0x00007fbfcb222000 JavaThread "Incoming local TCP Connector on port 60962" [_thread_in_native, id=12807, stack(0x0000000125e54000,0x0000000125f54000)]
  0x00007fbfcb225000 JavaThread "Daemon health stats" [_thread_blocked, id=12299, stack(0x0000000125b4c000,0x0000000125c4c000)]
  0x00007fbfcb029000 JavaThread "Service Thread" daemon [_thread_blocked, id=18179, stack(0x0000000124f94000,0x0000000125094000)]
  0x00007fbfcc060800 JavaThread "C1 CompilerThread2" daemon [_thread_blocked, id=17667, stack(0x0000000124e91000,0x0000000124f91000)]
  0x00007fbfcc030800 JavaThread "C2 CompilerThread1" daemon [_thread_blocked, id=17155, stack(0x0000000124d8e000,0x0000000124e8e000)]
  0x00007fbfcc02f000 JavaThread "C2 CompilerThread0" daemon [_thread_blocked, id=16643, stack(0x0000000124c8b000,0x0000000124d8b000)]
  0x00007fbfcc05f000 JavaThread "Signal Dispatcher" daemon [_thread_blocked, id=13335, stack(0x0000000124b88000,0x0000000124c88000)]
  0x00007fbfcb80e000 JavaThread "Finalizer" daemon [_thread_blocked, id=11523, stack(0x000000012316c000,0x000000012326c000)]
  0x00007fbfcc002800 JavaThread "Reference Handler" daemon [_thread_blocked, id=11011, stack(0x0000000123069000,0x0000000123169000)]
  0x00007fbfcb801800 JavaThread "main" [_thread_blocked, id=4867, stack(0x000000010e3a8000,0x000000010e4a8000)]

Other Threads:
  0x00007fbfcb01c000 VMThread [stack: 0x0000000122f66000,0x0000000123066000] [id=10499]
  0x00007fbfca814800 WatcherThread [stack: 0x0000000125097000,0x0000000125197000] [id=18691]

VM state:not at safepoint (normal execution)

VM Mutex/Monitor currently owned by a thread: None

Heap:
 PSYoungGen      total 189440K, used 55047K [0x00000007a0000000, 0x00000007b1600000, 0x00000007c0000000)
  eden space 180224K, 25% used [0x00000007a0000000,0x00000007a2d02900,0x00000007ab000000)
  from space 9216K, 97% used [0x00000007b0d00000,0x00000007b15bf4e0,0x00000007b1600000)
  to   space 13824K, 0% used [0x00000007afb00000,0x00000007afb00000,0x00000007b0880000)
 ParOldGen       total 96256K, used 27710K [0x0000000760000000, 0x0000000765e00000, 0x00000007a0000000)
  object space 96256K, 28% used [0x0000000760000000,0x0000000761b0f840,0x0000000765e00000)
 Metaspace       used 65544K, capacity 67478K, committed 67840K, reserved 1107968K
  class space    used 8656K, capacity 9109K, committed 9216K, reserved 1048576K

Card table byte_map: [0x000000011d86a000,0x000000011db6b000] byte_map_base: 0x0000000119d6a000

Marking Bits: (ParMarkBitMap*) 0x000000010dcf35d0
 Begin Bits: [0x000000011e177000, 0x000000011f977000)
 End Bits:   [0x000000011f977000, 0x0000000121177000)

Polling page: 0x000000010cbd5000

CodeCache: size=245760Kb used=25055Kb max_used=25173Kb free=220704Kb
 bounds [0x000000010e4aa000, 0x000000010fd6a000, 0x000000011d4aa000]
 total_blobs=8959 nmethods=8054 adapters=817
 compilation: enabled

Compilation events (10 events):
Event: 242.113 Thread 0x00007fbfcc060800 9255       3       org.gradle.launcher.daemon.context.DefaultDaemonContext$Serializer::read (6 bytes)
Event: 242.113 Thread 0x00007fbfcc060800 nmethod 9255 0x000000010f813690 code [0x000000010f813800, 0x000000010f8139a8]
Event: 242.114 Thread 0x00007fbfcc060800 9252       3       java.util.UUID::<init> (15 bytes)
Event: 242.114 Thread 0x00007fbfcc060800 nmethod 9252 0x000000010f8c3790 code [0x000000010f8c3900, 0x000000010f8c3ab0]
Event: 242.115 Thread 0x00007fbfcc060800 9253       3       java.net.Inet6Address$Inet6AddressHolder::setAddr (20 bytes)
Event: 242.115 Thread 0x00007fbfcc060800 nmethod 9253 0x000000010f39a7d0 code [0x000000010f39a940, 0x000000010f39ab88]
Event: 242.344 Thread 0x00007fbfcc060800 9256       1       sun.java2d.opengl.OGLRenderQueue::access$000 (5 bytes)
Event: 242.344 Thread 0x00007fbfcc060800 nmethod 9256 0x000000010f904290 code [0x000000010f9043e0, 0x000000010f9044d0]
Event: 244.053 Thread 0x00007fbfcc02f000 9257       4       java.lang.ClassLoader::compareCerts (149 bytes)
Event: 244.057 Thread 0x00007fbfcc02f000 nmethod 9257 0x000000010f238810 code [0x000000010f238980, 0x000000010f238cd8]

GC Heap History (10 events):
Event: 56.549 GC heap before
{Heap before GC invocations=13 (full 2):
 PSYoungGen      total 141824K, used 141365K [0x00000007a0000000, 0x00000007a9800000, 0x00000007c0000000)
  eden space 131072K, 100% used [0x00000007a0000000,0x00000007a8000000,0x00000007a8000000)
  from space 10752K, 95% used [0x00000007a8d80000,0x00000007a978d788,0x00000007a9800000)
  to   space 12288K, 0% used [0x00000007a8000000,0x00000007a8000000,0x00000007a8c00000)
 ParOldGen       total 72704K, used 15995K [0x0000000760000000, 0x0000000764700000, 0x00000007a0000000)
  object space 72704K, 22% used [0x0000000760000000,0x0000000760f9ede8,0x0000000764700000)
 Metaspace       used 47890K, capacity 48662K, committed 48768K, reserved 1091584K
  class space    used 6462K, capacity 6722K, committed 6784K, reserved 1048576K
Event: 56.567 GC heap after
Heap after GC invocations=13 (full 2):
 PSYoungGen      total 143360K, used 9800K [0x00000007a0000000, 0x00000007ad000000, 0x00000007c0000000)
  eden space 131072K, 0% used [0x00000007a0000000,0x00000007a0000000,0x00000007a8000000)
  from space 12288K, 79% used [0x00000007a8000000,0x00000007a89921b8,0x00000007a8c00000)
  to   space 12800K, 0% used [0x00000007ac380000,0x00000007ac380000,0x00000007ad000000)
 ParOldGen       total 72704K, used 20660K [0x0000000760000000, 0x0000000764700000, 0x00000007a0000000)
  object space 72704K, 28% used [0x0000000760000000,0x000000076142d340,0x0000000764700000)
 Metaspace       used 47890K, capacity 48662K, committed 48768K, reserved 1091584K
  class space    used 6462K, capacity 6722K, committed 6784K, reserved 1048576K
}
Event: 59.084 GC heap before
{Heap before GC invocations=14 (full 2):
 PSYoungGen      total 143360K, used 140872K [0x00000007a0000000, 0x00000007ad000000, 0x00000007c0000000)
  eden space 131072K, 100% used [0x00000007a0000000,0x00000007a8000000,0x00000007a8000000)
  from space 12288K, 79% used [0x00000007a8000000,0x00000007a89921b8,0x00000007a8c00000)
  to   space 12800K, 0% used [0x00000007ac380000,0x00000007ac380000,0x00000007ad000000)
 ParOldGen       total 72704K, used 20660K [0x0000000760000000, 0x0000000764700000, 0x00000007a0000000)
  object space 72704K, 28% used [0x0000000760000000,0x000000076142d340,0x0000000764700000)
 Metaspace       used 54548K, capacity 55982K, committed 56192K, reserved 1097728K
  class space    used 7436K, capacity 7745K, committed 7808K, reserved 1048576K
Event: 59.117 GC heap after
Heap after GC invocations=14 (full 2):
 PSYoungGen      total 199680K, used 10814K [0x00000007a0000000, 0x00000007ad200000, 0x00000007c0000000)
  eden space 186880K, 0% used [0x00000007a0000000,0x00000007a0000000,0x00000007ab680000)
  from space 12800K, 84% used [0x00000007ac380000,0x00000007ace0f908,0x00000007ad000000)
  to   space 13312K, 0% used [0x00000007ab680000,0x00000007ab680000,0x00000007ac380000)
 ParOldGen       total 72704K, used 24904K [0x0000000760000000, 0x0000000764700000, 0x00000007a0000000)
  object space 72704K, 34% used [0x0000000760000000,0x0000000761852390,0x0000000764700000)
 Metaspace       used 54548K, capacity 55982K, committed 56192K, reserved 1097728K
  class space    used 7436K, capacity 7745K, committed 7808K, reserved 1048576K
}
Event: 223.096 GC heap before
{Heap before GC invocations=15 (full 2):
 PSYoungGen      total 199680K, used 55140K [0x00000007a0000000, 0x00000007ad200000, 0x00000007c0000000)
  eden space 186880K, 23% used [0x00000007a0000000,0x00000007a2b49778,0x00000007ab680000)
  from space 12800K, 84% used [0x00000007ac380000,0x00000007ace0f908,0x00000007ad000000)
  to   space 13312K, 0% used [0x00000007ab680000,0x00000007ab680000,0x00000007ac380000)
 ParOldGen       total 72704K, used 24904K [0x0000000760000000, 0x0000000764700000, 0x00000007a0000000)
  object space 72704K, 34% used [0x0000000760000000,0x0000000761852390,0x0000000764700000)
 Metaspace       used 57343K, capacity 58952K, committed 59008K, reserved 1099776K
  class space    used 7655K, capacity 8034K, committed 8064K, reserved 1048576K
Event: 223.196 GC heap after
Heap after GC invocations=15 (full 2):
 PSYoungGen      total 200192K, used 4195K [0x00000007a0000000, 0x00000007b1a00000, 0x00000007c0000000)
  eden space 186880K, 0% used [0x00000007a0000000,0x00000007a0000000,0x00000007ab680000)
  from space 13312K, 31% used [0x00000007ab680000,0x00000007aba98dc8,0x00000007ac380000)
  to   space 13312K, 0% used [0x00000007b0d00000,0x00000007b0d00000,0x00000007b1a00000)
 ParOldGen       total 72704K, used 29527K [0x0000000760000000, 0x0000000764700000, 0x00000007a0000000)
  object space 72704K, 40% used [0x0000000760000000,0x0000000761cd5e58,0x0000000764700000)
 Metaspace       used 57343K, capacity 58952K, committed 59008K, reserved 1099776K
  class space    used 7655K, capacity 8034K, committed 8064K, reserved 1048576K
}
Event: 223.196 GC heap before
{Heap before GC invocations=16 (full 3):
 PSYoungGen      total 200192K, used 4195K [0x00000007a0000000, 0x00000007b1a00000, 0x00000007c0000000)
  eden space 186880K, 0% used [0x00000007a0000000,0x00000007a0000000,0x00000007ab680000)
  from space 13312K, 31% used [0x00000007ab680000,0x00000007aba98dc8,0x00000007ac380000)
  to   space 13312K, 0% used [0x00000007b0d00000,0x00000007b0d00000,0x00000007b1a00000)
 ParOldGen       total 72704K, used 29527K [0x0000000760000000, 0x0000000764700000, 0x00000007a0000000)
  object space 72704K, 40% used [0x0000000760000000,0x0000000761cd5e58,0x0000000764700000)
 Metaspace       used 57343K, capacity 58952K, committed 59008K, reserved 1099776K
  class space    used 7655K, capacity 8034K, committed 8064K, reserved 1048576K
Event: 223.508 GC heap after
Heap after GC invocations=16 (full 3):
 PSYoungGen      total 200192K, used 0K [0x00000007a0000000, 0x00000007b1a00000, 0x00000007c0000000)
  eden space 186880K, 0% used [0x00000007a0000000,0x00000007a0000000,0x00000007ab680000)
  from space 13312K, 0% used [0x00000007ab680000,0x00000007ab680000,0x00000007ac380000)
  to   space 13312K, 0% used [0x00000007b0d00000,0x00000007b0d00000,0x00000007b1a00000)
 ParOldGen       total 96256K, used 27702K [0x0000000760000000, 0x0000000765e00000, 0x00000007a0000000)
  object space 96256K, 28% used [0x0000000760000000,0x0000000761b0d840,0x0000000765e00000)
 Metaspace       used 57343K, capacity 58952K, committed 59008K, reserved 1099776K
  class space    used 7655K, capacity 8034K, committed 8064K, reserved 1048576K
}
Event: 233.045 GC heap before
{Heap before GC invocations=17 (full 3):
 PSYoungGen      total 200192K, used 186880K [0x00000007a0000000, 0x00000007b1a00000, 0x00000007c0000000)
  eden space 186880K, 100% used [0x00000007a0000000,0x00000007ab680000,0x00000007ab680000)
  from space 13312K, 0% used [0x00000007ab680000,0x00000007ab680000,0x00000007ac380000)
  to   space 13312K, 0% used [0x00000007b0d00000,0x00000007b0d00000,0x00000007b1a00000)
 ParOldGen       total 96256K, used 27702K [0x0000000760000000, 0x0000000765e00000, 0x00000007a0000000)
  object space 96256K, 28% used [0x0000000760000000,0x0000000761b0d840,0x0000000765e00000)
 Metaspace       used 63245K, capacity 65124K, committed 65152K, reserved 1105920K
  class space    used 8349K, capacity 8817K, committed 8832K, reserved 1048576K
Event: 233.062 GC heap after
Heap after GC invocations=17 (full 3):
 PSYoungGen      total 189440K, used 8957K [0x00000007a0000000, 0x00000007b1600000, 0x00000007c0000000)
  eden space 180224K, 0% used [0x00000007a0000000,0x00000007a0000000,0x00000007ab000000)
  from space 9216K, 97% used [0x00000007b0d00000,0x00000007b15bf4e0,0x00000007b1600000)
  to   space 13824K, 0% used [0x00000007afb00000,0x00000007afb00000,0x00000007b0880000)
 ParOldGen       total 96256K, used 27710K [0x0000000760000000, 0x0000000765e00000, 0x00000007a0000000)
  object space 96256K, 28% used [0x0000000760000000,0x0000000761b0f840,0x0000000765e00000)
 Metaspace       used 63245K, capacity 65124K, committed 65152K, reserved 1105920K
  class space    used 8349K, capacity 8817K, committed 8832K, reserved 1048576K
}

Deoptimization events (10 events):
Event: 233.216 Thread 0x00007fbfce741000 Uncommon trap: reason=class_check action=maybe_recompile pc=0x000000010fc51bbc method=java.io.BufferedOutputStream.write([BII)V @ 20
Event: 233.217 Thread 0x00007fbfce741000 Uncommon trap: reason=class_check action=maybe_recompile pc=0x000000010fc51bbc method=java.io.BufferedOutputStream.write([BII)V @ 20
Event: 233.609 Thread 0x00007fbfcc612800 Uncommon trap: reason=array_check action=maybe_recompile pc=0x000000010fcc4028 method=java.util.AbstractCollection.toArray([Ljava/lang/Object;)[Ljava/lang/Object; @ 119
Event: 233.609 Thread 0x00007fbfcc612800 Uncommon trap: reason=array_check action=maybe_recompile pc=0x000000010fcc4028 method=java.util.AbstractCollection.toArray([Ljava/lang/Object;)[Ljava/lang/Object; @ 119
Event: 233.609 Thread 0x00007fbfcc612800 Uncommon trap: reason=array_check action=maybe_recompile pc=0x000000010fcc4028 method=java.util.AbstractCollection.toArray([Ljava/lang/Object;)[Ljava/lang/Object; @ 119
Event: 233.609 Thread 0x00007fbfcc612800 Uncommon trap: reason=array_check action=maybe_recompile pc=0x000000010fcc4028 method=java.util.AbstractCollection.toArray([Ljava/lang/Object;)[Ljava/lang/Object; @ 119
Event: 233.614 Thread 0x00007fbfcc612800 Uncommon trap: reason=unstable_if action=reinterpret pc=0x000000010fcc2710 method=java.io.BufferedReader.readLine(Z)Ljava/lang/String; @ 192
Event: 233.833 Thread 0x00007fbfcc612800 Uncommon trap: reason=unstable_if action=reinterpret pc=0x000000010fcc1218 method=java.lang.Integer.parseInt(Ljava/lang/String;I)I @ 1
Event: 233.833 Thread 0x00007fbfcc612800 Uncommon trap: reason=unstable_if action=reinterpret pc=0x000000010f2bb300 method=java.lang.Integer.parseInt(Ljava/lang/String;I)I @ 1
Event: 233.947 Thread 0x00007fbfcc612800 Uncommon trap: reason=unstable_if action=reinterpret pc=0x000000010ed5b058 method=java.lang.ClassLoader.checkCerts(Ljava/lang/String;Ljava/security/CodeSource;)V @ 45

Internal exceptions (10 events):
Event: 233.207 Thread 0x00007fbfce190000 Exception <a 'sun/nio/fs/UnixException'> (0x00000007a0e2adc8) thrown at [/Users/java_re/workspace/8-2-build-macosx-x86_64/jdk8u141/9370/hotspot/src/share/vm/prims/jni.cpp, line 709]
Event: 233.214 Thread 0x00007fbfcb21f800 Exception <a 'sun/nio/fs/UnixException'> (0x00000007a0ef32a0) thrown at [/Users/java_re/workspace/8-2-build-macosx-x86_64/jdk8u141/9370/hotspot/src/share/vm/prims/jni.cpp, line 709]
Event: 233.216 Thread 0x00007fbfcb21f800 Exception <a 'sun/nio/fs/UnixException'> (0x00000007a0f09c68) thrown at [/Users/java_re/workspace/8-2-build-macosx-x86_64/jdk8u141/9370/hotspot/src/share/vm/prims/jni.cpp, line 709]
Event: 233.251 Thread 0x00007fbfcc612800 Exception <a 'sun/nio/fs/UnixException'> (0x00000007a1044280) thrown at [/Users/java_re/workspace/8-2-build-macosx-x86_64/jdk8u141/9370/hotspot/src/share/vm/prims/jni.cpp, line 709]
Event: 233.272 Thread 0x00007fbfcc612800 Exception <a 'java/lang/NoSuchMethodError': java.lang.Object.lambda$negate$1(Ljava/lang/Object;)Z> (0x00000007a10ffdd0) thrown at [/Users/java_re/workspace/8-2-build-macosx-x86_64/jdk8u141/9370/hotspot/src/share/vm/interpreter/linkResolver.cpp, line 582]
Event: 233.589 Thread 0x00007fbfcc612800 Exception <a 'java/lang/NoSuchMethodError': java.lang.Object.lambda$comparingInt$7b0bb60$1(Ljava/util/function/ToIntFunction;Ljava/lang/Object;Ljava/lang/Object;)I> (0x00000007a12c4b10) thrown at [/Users/java_re/workspace/8-2-build-macosx-x86_64/jdk8u141/
Event: 233.833 Thread 0x00007fbfcc612800 Implicit null exception at 0x000000010fcc0d6f to 0x000000010fcc1209
Event: 233.833 Thread 0x00007fbfcc612800 Implicit null exception at 0x000000010f2badb1 to 0x000000010f2bb2ed
Event: 244.052 Thread 0x00007fbfcc612800 JVM_StopThread thread JavaThread 0x00007fbfcf832000 as oop 0x00000007a2b79480 [exception 0x000000012ad8bd78]
Event: 244.064 Thread 0x00007fbfcc612800 Exception <a 'java/lang/NoSuchFieldError': TCSANOW> (0x00000007a2cf22e0) thrown at [/Users/java_re/workspace/8-2-build-macosx-x86_64/jdk8u141/9370/hotspot/src/share/vm/prims/jni.cpp, line 2955]

Events (10 events):
Event: 244.060 loading class org/jetbrains/kotlin/cli/common/messages/XmlMessageRenderer
Event: 244.060 loading class org/jetbrains/kotlin/cli/common/messages/XmlMessageRenderer done
Event: 244.060 loading class org/jetbrains/kotlin/cli/common/messages/MessageRenderer$1
Event: 244.060 loading class org/jetbrains/kotlin/cli/common/messages/MessageRenderer$1 done
Event: 244.060 loading class org/jetbrains/kotlin/cli/common/messages/PlainTextMessageRenderer
Event: 244.060 loading class org/jetbrains/kotlin/cli/common/messages/PlainTextMessageRenderer done
Event: 244.061 loading class org/fusesource/jansi/internal/CLibrary
Event: 244.061 loading class org/fusesource/jansi/internal/CLibrary done
Event: 244.061 loading class org/jetbrains/kotlin/org/fusesource/hawtjni/runtime/Library
Event: 244.061 loading class org/jetbrains/kotlin/org/fusesource/hawtjni/runtime/Library done


Dynamic libraries:
0x000000000b2a1000 	/System/Library/Frameworks/Cocoa.framework/Versions/A/Cocoa
0x000000000b2a1000 	/System/Library/Frameworks/Security.framework/Versions/A/Security
0x000000000b2a1000 	/System/Library/Frameworks/ApplicationServices.framework/Versions/A/ApplicationServices
0x000000000b2a1000 	/usr/lib/libz.1.dylib
0x000000000b2a1000 	/usr/lib/libSystem.B.dylib
0x000000000b2a1000 	/usr/lib/libobjc.A.dylib
0x000000000b2a1000 	/System/Library/Frameworks/CoreFoundation.framework/Versions/A/CoreFoundation
0x000000000b2a1000 	/System/Library/Frameworks/Foundation.framework/Versions/C/Foundation
0x000000000b2a1000 	/System/Library/Frameworks/AppKit.framework/Versions/C/AppKit
0x000000000b2a1000 	/System/Library/Frameworks/CoreData.framework/Versions/A/CoreData
0x000000000b2a1000 	/System/Library/PrivateFrameworks/RemoteViewServices.framework/Versions/A/RemoteViewServices
0x000000000b2a1000 	/System/Library/PrivateFrameworks/UIFoundation.framework/Versions/A/UIFoundation
0x000000000b2a1000 	/System/Library/Frameworks/IOSurface.framework/Versions/A/IOSurface
0x000000000b2a1000 	/System/Library/Frameworks/AudioToolbox.framework/Versions/A/AudioToolbox
0x000000000b2a1000 	/System/Library/Frameworks/AudioUnit.framework/Versions/A/AudioUnit
0x000000000b2a1000 	/System/Library/PrivateFrameworks/DataDetectorsCore.framework/Versions/A/DataDetectorsCore
0x000000000b2a1000 	/System/Library/PrivateFrameworks/DesktopServicesPriv.framework/Versions/A/DesktopServicesPriv
0x000000000b2a1000 	/System/Library/Frameworks/Carbon.framework/Versions/A/Frameworks/HIToolbox.framework/Versions/A/HIToolbox
0x000000000b2a1000 	/System/Library/Frameworks/QuartzCore.framework/Versions/A/QuartzCore
0x000000000b2a1000 	/System/Library/Frameworks/Carbon.framework/Versions/A/Frameworks/SpeechRecognition.framework/Versions/A/SpeechRecognition
0x000000000b2a1000 	/usr/lib/libauto.dylib
0x000000000b2a1000 	/usr/lib/libicucore.A.dylib
0x000000000b2a1000 	/usr/lib/libxml2.2.dylib
0x000000000b2a1000 	/System/Library/PrivateFrameworks/CoreUI.framework/Versions/A/CoreUI
0x000000000b2a1000 	/System/Library/Frameworks/CoreAudio.framework/Versions/A/CoreAudio
0x000000000b2a1000 	/System/Library/Frameworks/DiskArbitration.framework/Versions/A/DiskArbitration
0x000000000b2a1000 	/usr/lib/liblangid.dylib
0x000000000b2a1000 	/System/Library/PrivateFrameworks/MultitouchSupport.framework/Versions/A/MultitouchSupport
0x000000000b2a1000 	/System/Library/Frameworks/IOKit.framework/Versions/A/IOKit
0x000000000b2a1000 	/usr/lib/libDiagnosticMessagesClient.dylib
0x000000000b2a1000 	/System/Library/Frameworks/CoreServices.framework/Versions/A/CoreServices
0x000000000b2a1000 	/System/Library/PrivateFrameworks/PerformanceAnalysis.framework/Versions/A/PerformanceAnalysis
0x000000000b2a1000 	/System/Library/PrivateFrameworks/GenerationalStorage.framework/Versions/A/GenerationalStorage
0x000000000b2a1000 	/System/Library/Frameworks/OpenGL.framework/Versions/A/OpenGL
0x000000000b2a1000 	/System/Library/PrivateFrameworks/Sharing.framework/Versions/A/Sharing
0x000000000b2a1000 	/System/Library/Frameworks/CoreGraphics.framework/Versions/A/CoreGraphics
0x000000000b2a1000 	/System/Library/Frameworks/CoreText.framework/Versions/A/CoreText
0x000000000b2a1000 	/System/Library/Frameworks/ImageIO.framework/Versions/A/ImageIO
0x000000000b2a1000 	/usr/lib/libextension.dylib
0x000000000b2a1000 	/System/Library/PrivateFrameworks/Backup.framework/Versions/A/Backup
0x000000000b2a1000 	/usr/lib/libarchive.2.dylib
0x000000000b2a1000 	/System/Library/Frameworks/CFNetwork.framework/Versions/A/CFNetwork
0x000000000b2a1000 	/System/Library/Frameworks/SystemConfiguration.framework/Versions/A/SystemConfiguration
0x000000000b2a1000 	/usr/lib/libCRFSuite.dylib
0x000000000b2a1000 	/usr/lib/libc++.1.dylib
0x000000000b2a1000 	/usr/lib/libc++abi.dylib
0x000000000b2a1000 	/usr/lib/system/libcache.dylib
0x000000000b2a1000 	/usr/lib/system/libcommonCrypto.dylib
0x000000000b2a1000 	/usr/lib/system/libcompiler_rt.dylib
0x000000000b2a1000 	/usr/lib/system/libcopyfile.dylib
0x000000000b2a1000 	/usr/lib/system/libcorecrypto.dylib
0x000000000b2a1000 	/usr/lib/system/libdispatch.dylib
0x000000000b2a1000 	/usr/lib/system/libdyld.dylib
0x000000000b2a1000 	/usr/lib/system/libkeymgr.dylib
0x000000000b2a1000 	/usr/lib/system/liblaunch.dylib
0x000000000b2a1000 	/usr/lib/system/libmacho.dylib
0x000000000b2a1000 	/usr/lib/system/libquarantine.dylib
0x000000000b2a1000 	/usr/lib/system/libremovefile.dylib
0x000000000b2a1000 	/usr/lib/system/libsystem_asl.dylib
0x000000000b2a1000 	/usr/lib/system/libsystem_blocks.dylib
0x000000000b2a1000 	/usr/lib/system/libsystem_c.dylib
0x000000000b2a1000 	/usr/lib/system/libsystem_configuration.dylib
0x000000000b2a1000 	/usr/lib/system/libsystem_coreservices.dylib
0x000000000b2a1000 	/usr/lib/system/libsystem_coretls.dylib
0x000000000b2a1000 	/usr/lib/system/libsystem_dnssd.dylib
0x000000000b2a1000 	/usr/lib/system/libsystem_info.dylib
0x000000000b2a1000 	/usr/lib/system/libsystem_kernel.dylib
0x000000000b2a1000 	/usr/lib/system/libsystem_m.dylib
0x000000000b2a1000 	/usr/lib/system/libsystem_malloc.dylib
0x000000000b2a1000 	/usr/lib/system/libsystem_network.dylib
0x000000000b2a1000 	/usr/lib/system/libsystem_networkextension.dylib
0x000000000b2a1000 	/usr/lib/system/libsystem_notify.dylib
0x000000000b2a1000 	/usr/lib/system/libsystem_platform.dylib
0x000000000b2a1000 	/usr/lib/system/libsystem_pthread.dylib
0x000000000b2a1000 	/usr/lib/system/libsystem_sandbox.dylib
0x000000000b2a1000 	/usr/lib/system/libsystem_secinit.dylib
0x000000000b2a1000 	/usr/lib/system/libsystem_stats.dylib
0x000000000b2a1000 	/usr/lib/system/libsystem_trace.dylib
0x000000000b2a1000 	/usr/lib/system/libunc.dylib
0x000000000b2a1000 	/usr/lib/system/libunwind.dylib
0x000000000b2a1000 	/usr/lib/system/libxpc.dylib
0x000000000b2a1000 	/usr/lib/libbz2.1.0.dylib
0x000000000b2a1000 	/usr/lib/liblzma.5.dylib
0x000000000b2a1000 	/usr/lib/libbsm.0.dylib
0x000000000b2a1000 	/usr/lib/libsqlite3.dylib
0x000000000b2a1000 	/usr/lib/system/libkxld.dylib
0x000000000b2a1000 	/usr/lib/libxar.1.dylib
0x000000000b2a1000 	/usr/lib/libpam.2.dylib
0x000000000b2a1000 	/usr/lib/libOpenScriptingUtil.dylib
0x000000000b2a1000 	/System/Library/Frameworks/CoreServices.framework/Versions/A/Frameworks/FSEvents.framework/Versions/A/FSEvents
0x000000000b2a1000 	/System/Library/Frameworks/CoreServices.framework/Versions/A/Frameworks/CarbonCore.framework/Versions/A/CarbonCore
0x000000000b2a1000 	/System/Library/Frameworks/CoreServices.framework/Versions/A/Frameworks/Metadata.framework/Versions/A/Metadata
0x000000000b2a1000 	/System/Library/Frameworks/CoreServices.framework/Versions/A/Frameworks/OSServices.framework/Versions/A/OSServices
0x000000000b2a1000 	/System/Library/Frameworks/CoreServices.framework/Versions/A/Frameworks/SearchKit.framework/Versions/A/SearchKit
0x000000000b2a1000 	/System/Library/Frameworks/CoreServices.framework/Versions/A/Frameworks/AE.framework/Versions/A/AE
0x000000000b2a1000 	/System/Library/Frameworks/CoreServices.framework/Versions/A/Frameworks/LaunchServices.framework/Versions/A/LaunchServices
0x000000000b2a1000 	/System/Library/Frameworks/CoreServices.framework/Versions/A/Frameworks/DictionaryServices.framework/Versions/A/DictionaryServices
0x000000000b2a1000 	/System/Library/Frameworks/NetFS.framework/Versions/A/NetFS
0x000000000b2a1000 	/System/Library/PrivateFrameworks/NetAuth.framework/Versions/A/NetAuth
0x000000000b2a1000 	/System/Library/PrivateFrameworks/login.framework/Versions/A/Frameworks/loginsupport.framework/Versions/A/loginsupport
0x000000000b2a1000 	/System/Library/PrivateFrameworks/TCC.framework/Versions/A/TCC
0x000000000b2a1000 	/usr/lib/libmecabra.dylib
0x000000000b2a1000 	/System/Library/Frameworks/ApplicationServices.framework/Versions/A/Frameworks/ATS.framework/Versions/A/ATS
0x000000000b2a1000 	/System/Library/Frameworks/ApplicationServices.framework/Versions/A/Frameworks/ColorSync.framework/Versions/A/ColorSync
0x000000000b2a1000 	/System/Library/Frameworks/ApplicationServices.framework/Versions/A/Frameworks/HIServices.framework/Versions/A/HIServices
0x000000000b2a1000 	/System/Library/Frameworks/ApplicationServices.framework/Versions/A/Frameworks/LangAnalysis.framework/Versions/A/LangAnalysis
0x000000000b2a1000 	/System/Library/Frameworks/ApplicationServices.framework/Versions/A/Frameworks/PrintCore.framework/Versions/A/PrintCore
0x000000000b2a1000 	/System/Library/Frameworks/ApplicationServices.framework/Versions/A/Frameworks/QD.framework/Versions/A/QD
0x000000000b2a1000 	/System/Library/Frameworks/ApplicationServices.framework/Versions/A/Frameworks/SpeechSynthesis.framework/Versions/A/SpeechSynthesis
0x000000000b2a1000 	/System/Library/Frameworks/Accelerate.framework/Versions/A/Accelerate
0x000000000b2a1000 	/System/Library/Frameworks/Accelerate.framework/Versions/A/Frameworks/vImage.framework/Versions/A/vImage
0x000000000b2a1000 	/System/Library/Frameworks/Accelerate.framework/Versions/A/Frameworks/vecLib.framework/Versions/A/vecLib
0x000000000b2a1000 	/System/Library/Frameworks/Accelerate.framework/Versions/A/Frameworks/vecLib.framework/Versions/A/libvDSP.dylib
0x000000000b2a1000 	/System/Library/Frameworks/Accelerate.framework/Versions/A/Frameworks/vecLib.framework/Versions/A/libvMisc.dylib
0x000000000b2a1000 	/System/Library/Frameworks/Accelerate.framework/Versions/A/Frameworks/vecLib.framework/Versions/A/libLAPACK.dylib
0x000000000b2a1000 	/System/Library/Frameworks/Accelerate.framework/Versions/A/Frameworks/vecLib.framework/Versions/A/libBLAS.dylib
0x000000000b2a1000 	/System/Library/Frameworks/Accelerate.framework/Versions/A/Frameworks/vecLib.framework/Versions/A/libLinearAlgebra.dylib
0x000000000b2a1000 	/System/Library/Frameworks/ApplicationServices.framework/Versions/A/Frameworks/ATS.framework/Versions/A/Resources/libFontParser.dylib
0x000000000b2a1000 	/System/Library/Frameworks/ApplicationServices.framework/Versions/A/Frameworks/ATS.framework/Versions/A/Resources/libFontRegistry.dylib
0x000000000b2a1000 	/System/Library/PrivateFrameworks/AppleVPA.framework/Versions/A/AppleVPA
0x000000000b2a1000 	/System/Library/PrivateFrameworks/AppleJPEG.framework/Versions/A/AppleJPEG
0x000000000b2a1000 	/System/Library/Frameworks/ImageIO.framework/Versions/A/Resources/libJPEG.dylib
0x000000000b2a1000 	/System/Library/Frameworks/ImageIO.framework/Versions/A/Resources/libTIFF.dylib
0x000000000b2a1000 	/System/Library/Frameworks/ImageIO.framework/Versions/A/Resources/libPng.dylib
0x000000000b2a1000 	/System/Library/Frameworks/ImageIO.framework/Versions/A/Resources/libGIF.dylib
0x000000000b2a1000 	/System/Library/Frameworks/ImageIO.framework/Versions/A/Resources/libJP2.dylib
0x000000000b2a1000 	/System/Library/Frameworks/ImageIO.framework/Versions/A/Resources/libRadiance.dylib
0x000000000b2a1000 	/System/Library/Frameworks/CoreVideo.framework/Versions/A/CoreVideo
0x000000000b2a1000 	/System/Library/Frameworks/OpenGL.framework/Versions/A/Libraries/libGLU.dylib
0x000000000b2a1000 	/System/Library/Frameworks/OpenGL.framework/Versions/A/Libraries/libGFXShared.dylib
0x000000000b2a1000 	/System/Library/Frameworks/OpenGL.framework/Versions/A/Libraries/libGL.dylib
0x000000000b2a1000 	/System/Library/Frameworks/OpenGL.framework/Versions/A/Libraries/libGLImage.dylib
0x000000000b2a1000 	/System/Library/Frameworks/OpenGL.framework/Versions/A/Libraries/libCVMSPluginSupport.dylib
0x000000000b2a1000 	/System/Library/Frameworks/OpenGL.framework/Versions/A/Libraries/libCoreVMClient.dylib
0x000000000b2a1000 	/usr/lib/libcups.2.dylib
0x000000000b2a1000 	/System/Library/Frameworks/Kerberos.framework/Versions/A/Kerberos
0x000000000b2a1000 	/System/Library/Frameworks/GSS.framework/Versions/A/GSS
0x000000000b2a1000 	/usr/lib/libresolv.9.dylib
0x000000000b2a1000 	/usr/lib/libiconv.2.dylib
0x000000000b2a1000 	/System/Library/PrivateFrameworks/Heimdal.framework/Versions/A/Heimdal
0x000000000b2a1000 	/usr/lib/libheimdal-asn1.dylib
0x000000000b2a1000 	/System/Library/Frameworks/OpenDirectory.framework/Versions/A/OpenDirectory
0x000000000b2a1000 	/System/Library/PrivateFrameworks/CommonAuth.framework/Versions/A/CommonAuth
0x000000000b2a1000 	/System/Library/Frameworks/OpenDirectory.framework/Versions/A/Frameworks/CFOpenDirectory.framework/Versions/A/CFOpenDirectory
0x000000000b2a1000 	/System/Library/Frameworks/SecurityFoundation.framework/Versions/A/SecurityFoundation
0x000000000b2a1000 	/System/Library/PrivateFrameworks/LanguageModeling.framework/Versions/A/LanguageModeling
0x000000000b2a1000 	/usr/lib/libcmph.dylib
0x000000000b2a1000 	/System/Library/Frameworks/ServiceManagement.framework/Versions/A/ServiceManagement
0x000000000b2a1000 	/usr/lib/libxslt.1.dylib
0x000000000b2a1000 	/System/Library/Frameworks/Carbon.framework/Versions/A/Frameworks/Ink.framework/Versions/A/Ink
0x000000000b2a1000 	/System/Library/Frameworks/QuartzCore.framework/Versions/A/Frameworks/CoreImage.framework/Versions/A/CoreImage
0x000000000b2a1000 	/System/Library/PrivateFrameworks/CrashReporterSupport.framework/Versions/A/CrashReporterSupport
0x000000000b2a1000 	/System/Library/Frameworks/OpenCL.framework/Versions/A/OpenCL
0x000000000b2a1000 	/System/Library/PrivateFrameworks/FaceCore.framework/Versions/A/FaceCore
0x000000000b2a1000 	/System/Library/PrivateFrameworks/Ubiquity.framework/Versions/A/Ubiquity
0x000000000b2a1000 	/System/Library/PrivateFrameworks/IconServices.framework/Versions/A/IconServices
0x000000000b2a1000 	/System/Library/PrivateFrameworks/ChunkingLibrary.framework/Versions/A/ChunkingLibrary
0x000000000b2a1000 	/System/Library/PrivateFrameworks/Apple80211.framework/Versions/A/Apple80211
0x000000000b2a1000 	/System/Library/Frameworks/CoreWLAN.framework/Versions/A/CoreWLAN
0x000000000b2a1000 	/System/Library/Frameworks/IOBluetooth.framework/Versions/A/IOBluetooth
0x000000000b2a1000 	/System/Library/PrivateFrameworks/CoreWiFi.framework/Versions/A/CoreWiFi
0x000000000b2a1000 	/System/Library/Frameworks/CoreBluetooth.framework/Versions/A/CoreBluetooth
0x000000000b2a1000 	/System/Library/PrivateFrameworks/DebugSymbols.framework/Versions/A/DebugSymbols
0x000000000b2a1000 	/System/Library/PrivateFrameworks/CoreSymbolication.framework/Versions/A/CoreSymbolication
0x000000000b2a1000 	/System/Library/PrivateFrameworks/Symbolication.framework/Versions/A/Symbolication
0x000000000b2a1000 	/System/Library/PrivateFrameworks/SpeechRecognitionCore.framework/Versions/A/SpeechRecognitionCore
0x000000010d400000 	/Library/Java/JavaVirtualMachines/jdk1.8.0_141.jdk/Contents/Home/jre/lib/server/libjvm.dylib
0x000000000b2a1000 	/usr/lib/libstdc++.6.dylib
0x000000010cb92000 	/Library/Java/JavaVirtualMachines/jdk1.8.0_141.jdk/Contents/Home/jre/lib/libverify.dylib
0x000000010cba0000 	/Library/Java/JavaVirtualMachines/jdk1.8.0_141.jdk/Contents/Home/jre/lib/libjava.dylib
0x000000010cbdf000 	/Library/Java/JavaVirtualMachines/jdk1.8.0_141.jdk/Contents/Home/jre/lib/libzip.dylib
0x000000012326e000 	/System/Library/Frameworks/JavaVM.framework/Frameworks/JavaRuntimeSupport.framework/JavaRuntimeSupport
0x000000010cbe9000 	/System/Library/Frameworks/JavaVM.framework/Versions/A/Frameworks/JavaNativeFoundation.framework/Versions/A/JavaNativeFoundation
0x0000000123289000 	/System/Library/Frameworks/JavaVM.framework/Versions/A/JavaVM
0x000000000b2a1000 	/System/Library/Frameworks/Carbon.framework/Versions/A/Carbon
0x0000000123296000 	/System/Library/PrivateFrameworks/JavaLaunching.framework/Versions/A/JavaLaunching
0x000000000b2a1000 	/System/Library/Frameworks/Carbon.framework/Versions/A/Frameworks/CommonPanels.framework/Versions/A/CommonPanels
0x000000000b2a1000 	/System/Library/Frameworks/Carbon.framework/Versions/A/Frameworks/Help.framework/Versions/A/Help
0x000000000b2a1000 	/System/Library/Frameworks/Carbon.framework/Versions/A/Frameworks/ImageCapture.framework/Versions/A/ImageCapture
0x000000000b2a1000 	/System/Library/Frameworks/Carbon.framework/Versions/A/Frameworks/OpenScripting.framework/Versions/A/OpenScripting
0x000000000b2a1000 	/System/Library/Frameworks/Carbon.framework/Versions/A/Frameworks/Print.framework/Versions/A/Print
0x000000000b2a1000 	/System/Library/Frameworks/Carbon.framework/Versions/A/Frameworks/SecurityHI.framework/Versions/A/SecurityHI
0x000000012573c000 	/Library/Java/JavaVirtualMachines/jdk1.8.0_141.jdk/Contents/Home/jre/lib/libnet.dylib
0x0000000125753000 	/Library/Java/JavaVirtualMachines/jdk1.8.0_141.jdk/Contents/Home/jre/lib/libnio.dylib
0x000000012339c000 	/Users/jonathanrichards/.gradle/native/25/osx-amd64/libnative-platform.dylib
0x0000000125b3d000 	/Library/Java/JavaVirtualMachines/jdk1.8.0_141.jdk/Contents/Home/jre/lib/libmanagement.dylib
0x0000000129bba000 	/private/var/folders/6_/lzlsqnfj0yg2p3y8rs_cmns80000gn/T/aapt2_2217531829643659893/libc++.dylib
0x000000012b377000 	/private/var/folders/6_/lzlsqnfj0yg2p3y8rs_cmns80000gn/T/aapt2_2217531829643659893/libaapt2_jni.dylib
0x000000012841b000 	/Library/Java/JavaVirtualMachines/jdk1.8.0_141.jdk/Contents/Home/jre/lib/libawt.dylib
0x000000012a7b8000 	/Library/Java/JavaVirtualMachines/jdk1.8.0_141.jdk/Contents/Home/jre/lib/./libmlib_image.dylib
0x000000012af97000 	/Library/Java/JavaVirtualMachines/jdk1.8.0_141.jdk/Contents/Home/jre/lib/libawt_lwawt.dylib
0x000000012581b000 	/Library/Java/JavaVirtualMachines/jdk1.8.0_141.jdk/Contents/Home/jre/lib/./libosxapp.dylib
0x000000000b2a1000 	/System/Library/Frameworks/ExceptionHandling.framework/Versions/A/ExceptionHandling
0x000000000b2a1000 	/System/Library/PrivateFrameworks/CoreServicesInternal.framework/Versions/A/CoreServicesInternal
0x000000000b2a1000 	/System/Library/PrivateFrameworks/CloudDocs.framework/Versions/A/CloudDocs
0x000000000b2a1000 	/System/Library/PrivateFrameworks/CoreDuet.framework/Versions/A/CoreDuet
0x000000000b2a1000 	/System/Library/Frameworks/CloudKit.framework/Versions/A/CloudKit
0x000000000b2a1000 	/System/Library/PrivateFrameworks/ProtocolBuffer.framework/Versions/A/ProtocolBuffer
0x000000000b2a1000 	/System/Library/PrivateFrameworks/CoreDuetDaemonProtocol.framework/Versions/A/CoreDuetDaemonProtocol
0x000000000b2a1000 	/System/Library/PrivateFrameworks/CoreDuetDebugLogging.framework/Versions/A/CoreDuetDebugLogging
0x000000000b2a1000 	/System/Library/PrivateFrameworks/MMCS.framework/Versions/A/MMCS
0x000000000b2a1000 	/System/Library/Frameworks/CoreLocation.framework/Versions/A/CoreLocation
0x000000000b2a1000 	/System/Library/PrivateFrameworks/ProtectedCloudStorage.framework/Versions/A/ProtectedCloudStorage
0x000000000b2a1000 	/System/Library/PrivateFrameworks/GeoServices.framework/Versions/A/GeoServices
0x000000000b2a1000 	/System/Library/Frameworks/CoreGraphics.framework/Versions/A/Resources/libCGCMS.A.dylib
0x000000000b2a1000 	/System/Library/Frameworks/CoreGraphics.framework/Versions/A/Resources/libRIP.A.dylib
0x000000000b2a1000 	/System/Library/Frameworks/OpenCL.framework/Versions/A/Libraries/libcldcpuengine.dylib
0x000000000b2a1000 	/System/Library/PrivateFrameworks/DiskImages.framework/Versions/A/DiskImages
0x000000000b2a1000 	/System/Library/Frameworks/DiscRecording.framework/Versions/A/DiscRecording
0x000000000b2a1000 	/usr/lib/libcsfde.dylib
0x000000000b2a1000 	/usr/lib/libcurl.4.dylib
0x000000000b2a1000 	/System/Library/PrivateFrameworks/MediaKit.framework/Versions/A/MediaKit
0x000000000b2a1000 	/usr/lib/libCoreStorage.dylib
0x000000000b2a1000 	/System/Library/PrivateFrameworks/EFILogin.framework/Versions/A/EFILogin
0x000000000b2a1000 	/usr/lib/libutil.dylib
0x000000000b2a1000 	/System/Library/PrivateFrameworks/FindMyDevice.framework/Versions/A/FindMyDevice
0x000000000b2a1000 	/System/Library/Frameworks/LDAP.framework/Versions/A/LDAP
0x000000000b2a1000 	/usr/lib/libsasl2.2.dylib
0x000000000b2a1000 	/System/Library/PrivateFrameworks/CoreDaemon.framework/Versions/B/CoreDaemon
0x000000000b2a1000 	/usr/lib/libcrypto.0.9.8.dylib
0x000000000b2a1000 	/System/Library/PrivateFrameworks/AppleSRP.framework/Versions/A/AppleSRP
0x000000000b2a1000 	/System/Library/PrivateFrameworks/TrustEvaluationAgent.framework/Versions/A/TrustEvaluationAgent
0x0000000127c51000 	cl_kernels
0x000000012e9e6000 	/System/Library/Frameworks/OpenCL.framework/Versions/A/Libraries/ImageFormats/unorm8_bgra.dylib
0x00000001280b7000 	cl_kernels
0x000000000b2a1000 	/System/Library/PrivateFrameworks/FamilyControls.framework/Versions/A/FamilyControls
0x000000000b2a1000 	/System/Library/PrivateFrameworks/CommerceKit.framework/Versions/A/Frameworks/CommerceCore.framework/Versions/A/CommerceCore
0x000000000b2a1000 	/System/Library/PrivateFrameworks/SystemAdministration.framework/Versions/A/SystemAdministration
0x000000000b2a1000 	/System/Library/PrivateFrameworks/AppContainer.framework/Versions/A/AppContainer
0x000000000b2a1000 	/System/Library/PrivateFrameworks/SecCodeWrapper.framework/Versions/A/SecCodeWrapper
0x000000000b2a1000 	/System/Library/Frameworks/DirectoryService.framework/Versions/A/DirectoryService
0x000000000b2a1000 	/System/Library/PrivateFrameworks/LoginUIKit.framework/Versions/A/Frameworks/LoginUICore.framework/Versions/A/LoginUICore
0x000000000b2a1000 	/usr/lib/libodfde.dylib
0x000000000b2a1000 	/System/Library/Frameworks/OpenGL.framework/Versions/A/Resources/GLEngine.bundle/GLEngine
0x000000000b2a1000 	/System/Library/Frameworks/OpenGL.framework/Versions/A/Libraries/libGLProgrammability.dylib
0x0000000130206000 	/System/Library/Extensions/AppleIntelBDWGraphicsGLDriver.bundle/Contents/MacOS/AppleIntelBDWGraphicsGLDriver
0x000000000b2a1000 	/System/Library/PrivateFrameworks/IOAccelerator.framework/Versions/A/IOAccelerator
0x000000000b2a1000 	/System/Library/PrivateFrameworks/GPUSupport.framework/Versions/A/Libraries/libGPUSupportMercury.dylib
0x000000000b2a1000 	/System/Library/Frameworks/OpenGL.framework/Versions/A/Resources/GLRendererFloat.bundle/GLRendererFloat
0x000000012e3c3000 	/Library/Java/JavaVirtualMachines/jdk1.8.0_141.jdk/Contents/Home/jre/lib/libdcpr.dylib
0x0000000125780000 	/private/var/folders/6_/lzlsqnfj0yg2p3y8rs_cmns80000gn/T/native-platform7438405020042123338dir/libnative-platform.dylib
0x00000001257b2000 	/Users/jonathanrichards/.gradle/native/jansi/1.14/osx/libjansi.jnilib

VM Arguments:
jvm_args: -Xmx1536m -Dfile.encoding=UTF-8 -Duser.country=US -Duser.language=en -Duser.variant 
java_command: org.gradle.launcher.daemon.bootstrap.GradleDaemon 4.1-milestone-1
java_class_path (initial): /Users/jonathanrichards/.gradle/wrapper/dists/gradle-4.1-milestone-1-all/9uoz4qrz3xxqtt8z3tsnbtd3e/gradle-4.1-milestone-1/lib/gradle-launcher-4.1.jar
Launcher Type: SUN_STANDARD

Environment Variables:
PATH=/opt/local/bin:/opt/local/sbin:/usr/local/bin:/usr/bin:/bin:/usr/sbin:/sbin:/opt/X11/bin:/opt/local/bin:/opt/local/sbin:/://platform-tools://usr/bin:/Users/jonathanrichards/Downloads/grails-2.4.0/bin:/Users/jonathanrichards/Work/apache-tomcat-7.0.65/bin:/Users/jonathanrichards/Work/Arxan Technologies/GuardIT_for_Java_5.1 2:/Users/jonathanrichards/Library/Android/sdk//platform-tools:/Users/jonathanrichards/Library/Android/sdk//tools:/Users/jonathanrichards/Library/Android/sdk/:/Users/jonathanrichards/Library/Android/sdk/ndk-bundle:/Users/jonathanrichards/Downloads/grails-2.4.0/bin:/Users/jonathanrichards/Work/apache-tomcat-7.0.65/bin:/Users/jonathanrichards/Work/Arxan Technologies/GuardIT_for_Java_5.1 2:/Users/jonathanrichards/Library/Android/sdk//platform-tools:/Users/jonathanrichards/Library/Android/sdk//tools:/Users/jonathanrichards/Library/Android/sdk/:/Users/jonathanrichards/Library/Android/sdk/ndk-bundle
SHELL=/bin/bash
DISPLAY=/private/tmp/com.apple.launchd.n1cWAH0FtT/org.macosforge.xquartz:0

Signal Handlers:
SIGSEGV: [libjvm.dylib+0x5b26e5], sa_mask[0]=11111111011111110111111111111111, sa_flags=SA_ONSTACK|SA_RESTART|SA_SIGINFO
SIGBUS: [libjvm.dylib+0x5b26e5], sa_mask[0]=11111111011111110111111111111111, sa_flags=SA_RESTART|SA_SIGINFO
SIGFPE: [libjvm.dylib+0x489100], sa_mask[0]=11111111011111110111111111111111, sa_flags=SA_RESTART|SA_SIGINFO
SIGPIPE: [libjvm.dylib+0x489100], sa_mask[0]=11111111011111110111111111111111, sa_flags=SA_RESTART|SA_SIGINFO
SIGXFSZ: [libjvm.dylib+0x489100], sa_mask[0]=11111111011111110111111111111111, sa_flags=SA_RESTART|SA_SIGINFO
SIGILL: [libjvm.dylib+0x489100], sa_mask[0]=11111111011111110111111111111111, sa_flags=SA_RESTART|SA_SIGINFO
SIGUSR1: SIG_DFL, sa_mask[0]=11011111011111100000000111000110, sa_flags=none
SIGUSR2: [libjvm.dylib+0x488c1e], sa_mask[0]=00100000000000000000000000000000, sa_flags=SA_RESTART|SA_SIGINFO
SIGHUP: [libjvm.dylib+0x4871f5], sa_mask[0]=11111111011111110111111111111111, sa_flags=SA_RESTART|SA_SIGINFO
SIGINT: [libjvm.dylib+0x4871f5], sa_mask[0]=11111111011111110111111111111111, sa_flags=SA_RESTART|SA_SIGINFO
SIGTERM: [libjvm.dylib+0x4871f5], sa_mask[0]=11111111011111110111111111111111, sa_flags=SA_RESTART|SA_SIGINFO
SIGQUIT: [libjvm.dylib+0x4871f5], sa_mask[0]=11111111011111110111111111111111, sa_flags=SA_RESTART|SA_SIGINFO


---------------  S Y S T E M  ---------------

OS:Bsduname:Darwin 14.5.0 Darwin Kernel Version 14.5.0: Mon Aug 29 21:14:16 PDT 2016; root:xnu-2782.50.6~1/RELEASE_X86_64 x86_64
rlimit: STACK 8192k, CORE 0k, NPROC 709, NOFILE 10240, AS infinity
load average:3.28 3.85 3.47

CPU:total 4 (initial active 4) (2 cores per cpu, 2 threads per core) family 6 model 61 stepping 4, cmov, cx8, fxsr, mmx, sse, sse2, sse3, ssse3, sse4.1, sse4.2, popcnt, avx, avx2, aes, clmul, erms, 3dnowpref, lzcnt, ht, tsc, tscinvbit, bmi1, bmi2, adx

Memory: 4k page, physical 8388608k(22476k free)

/proc/meminfo:


vm_info: Java HotSpot(TM) 64-Bit Server VM (25.141-b15) for bsd-amd64 JRE (1.8.0_141-b15), built on Jul 12 2017 04:35:23 by "java_re" with gcc 4.2.1 (Based on Apple Inc. build 5658) (LLVM build 2336.11.00)

time: Thu Jul 27 15:09:40 2017
elapsed time: 244 seconds (0d 0h 4m 4s)

