#
# A fatal error has been detected by the Java Runtime Environment:
#
#  SIGSEGV (0xb) at pc=0x000000010771f46f, pid=3958, tid=0x0000000000007307
#
# JRE version: Java(TM) SE Runtime Environment (8.0_141-b15) (build 1.8.0_141-b15)
# Java VM: Java HotSpot(TM) 64-Bit Server VM (25.141-b15 mixed mode bsd-amd64 compressed oops)
# Problematic frame:
# V  [libjvm.dylib+0x31f46f]  jni_SetStaticIntField+0xa0
#
# Failed to write core dump. Core dumps have been disabled. To enable core dumping, try "ulimit -c unlimited" before starting Java again
#
# If you would like to submit a bug report, please visit:
#   http://bugreport.java.com/bugreport/crash.jsp
#

---------------  T H R E A D  ---------------

Current thread (0x00007f9a9bb30800):  JavaThread "Task worker for ':'" [_thread_in_vm, id=29447, stack(0x0000000124fd3000,0x00000001250d3000)]

siginfo: si_signo: 11 (SIGSEGV), si_code: 1 (SEGV_MAPERR), si_addr: 0x0000000000000010

Registers:
RAX=0x0000000107cef060, RBX=0x0000000000000000, RCX=0x0000000000000000, RDX=0x0000000000000000
RSP=0x00000001250ce730, RBP=0x00000001250ce7a0, RSI=0x00000001250ce840, RDI=0x00007f9a9bb309f8
R8 =0x0000000000000000, R9 =0x00007fff8c5dcd60, R10=0x00000001079e9bea, R11=0x00007f9994616837
R12=0x00007f9a9bb309f8, R13=0x00007f9a9bb30800, R14=0x0000000000000000, R15=0x00000001250ce840
RIP=0x000000010771f46f, EFLAGS=0x0000000000010246, ERR=0x0000000000000004
  TRAPNO=0x000000000000000e

Top of Stack: (sp=0x00000001250ce730)
0x00000001250ce730:   00000001257324f8 00007f9a9bb30800
0x00000001250ce740:   00007f9a9bb30800 00007f9a9bb30800
0x00000001250ce750:   00007f9aa08e4238 0000000100000b8b
0x00000001250ce760:   00000001079ff498 00007f9a9bb30800
0x00000001250ce770:   00007f9a9bb30800 00007f9a9bb309f8
0x00000001250ce780:   000000010771f3cf 0000000125732910
0x00000001250ce790:   00000001250ce840 000000011f6b2e39
0x00000001250ce7a0:   00000001250ce7e0 000000011f6b1f98
0x00000001250ce7b0:   000000011f6b1e90 0000000125732918
0x00000001250ce7c0:   0000000000000000 0000000125732910
0x00000001250ce7d0:   00000001250ce848 00007f9a9bb30800
0x00000001250ce7e0:   00000001250ce830 00000001084c19f4
0x00000001250ce7f0:   00000001250ce7f0 0000000125732910
0x00000001250ce800:   00000001250ce848 0000000125732b30
0x00000001250ce810:   0000000000000000 0000000125732918
0x00000001250ce820:   0000000000000000 00000001250ce850
0x00000001250ce830:   00000001250ce890 00000001084b22bd
0x00000001250ce840:   00000007a4106a78 00000001084bb538
0x00000001250ce850:   00000001250ce850 0000000125732a94
0x00000001250ce860:   00000001250ce898 0000000125732b30
0x00000001250ce870:   0000000000000000 0000000125732aa0
0x00000001250ce880:   00000001250ce850 00000001250ce8a0
0x00000001250ce890:   00000001250ce900 00000001084aa7a7
0x00000001250ce8a0:   0000000100001fa0 000000000000000a
0x00000001250ce8b0:   00007f9a9bb30800 0000000000000000
0x00000001250ce8c0:   00000001084aa71f 0000000125732aa0
0x00000001250ce8d0:   00000001250ce998 00000001250cead0
0x00000001250ce8e0:   00007f9a0000000a 0000000125732aa0
0x00000001250ce8f0:   00000001084bcc80 00000001250ceae0
0x00000001250ce900:   00000001250ceab0 00000001076ee70a
0x00000001250ce910:   0000000100000000 00007f9a9bb30800
0x00000001250ce920:   00007f9a9bb30801 00000001250cead0 

Instructions: (pc=0x000000010771f46f)
0x000000010771f44f:   45 a0 48 89 44 24 08 c7 04 24 49 00 00 00 31 f6
0x000000010771f45f:   41 b9 01 00 00 00 31 d2 4d 89 f0 e8 2b 54 07 00
0x000000010771f46f:   49 63 46 10 49 8b 0e 48 8b 49 68 89 1c 01 90 0f
0x000000010771f47f:   1f 40 00 48 83 7d b0 00 74 09 48 8d 7d a8 e8 02 

Register to memory mapping:

RAX=0x0000000107cef060: _ZN11JvmtiExport31_should_post_field_modificationE+0 in /Library/Java/JavaVirtualMachines/jdk1.8.0_141.jdk/Contents/Home/jre/lib/server/libjvm.dylib at 0x0000000107400000
RBX=0x0000000000000000 is an unknown value
RCX=0x0000000000000000 is an unknown value
RDX=0x0000000000000000 is an unknown value
RSP=0x00000001250ce730 is pointing into the stack for thread: 0x00007f9a9bb30800
RBP=0x00000001250ce7a0 is pointing into the stack for thread: 0x00007f9a9bb30800
RSI=0x00000001250ce840 is pointing into the stack for thread: 0x00007f9a9bb30800
RDI=0x00007f9a9bb309f8 is an unknown value
R8 =0x0000000000000000 is an unknown value
R9 =0x00007fff8c5dcd60: zeroes+0 in /usr/lib/system/libsystem_c.dylib at 0x00007fff8c555000
R10=0x00000001079e9bea: _ZL24decode_instructions_name+0x9e2 in /Library/Java/JavaVirtualMachines/jdk1.8.0_141.jdk/Contents/Home/jre/lib/server/libjvm.dylib at 0x0000000107400000
R11=0x00007f9994616837 is an unknown value
R12=0x00007f9a9bb309f8 is an unknown value
R13=0x00007f9a9bb30800 is a thread
R14=0x0000000000000000 is an unknown value
R15=0x00000001250ce840 is pointing into the stack for thread: 0x00007f9a9bb30800


Stack: [0x0000000124fd3000,0x00000001250d3000],  sp=0x00000001250ce730,  free space=1005k
Native frames: (J=compiled Java code, j=interpreted, Vv=VM code, C=native code)
V  [libjvm.dylib+0x31f46f]  jni_SetStaticIntField+0xa0
C  [libjansi.jnilib+0xf98]  Java_org_fusesource_jansi_internal_CLibrary_init+0x108
j  org.fusesource.jansi.internal.CLibrary.init()V+0
j  org.fusesource.jansi.internal.CLibrary.<clinit>()V+20
v  ~StubRoutines::call_stub
V  [libjvm.dylib+0x2ee70a]  JavaCalls::call_helper(JavaValue*, methodHandle*, JavaCallArguments*, Thread*)+0x6ae
V  [libjvm.dylib+0x2c12c1]  InstanceKlass::call_class_initializer_impl(instanceKlassHandle, Thread*)+0xbf
V  [libjvm.dylib+0x2c2925]  InstanceKlass::initialize_impl(instanceKlassHandle, Thread*)+0x4b5
V  [libjvm.dylib+0x2c2bbb]  InstanceKlass::initialize(Thread*)+0x3d
V  [libjvm.dylib+0x3c9b1e]  LinkResolver::resolve_field(fieldDescriptor&, KlassHandle, Symbol*, Symbol*, KlassHandle, Bytecodes::Code, bool, bool, Thread*)+0x31a
V  [libjvm.dylib+0x3cc103]  LinkResolver::resolve_field_access(fieldDescriptor&, constantPoolHandle, int, Bytecodes::Code, Thread*)+0x101
V  [libjvm.dylib+0x2e95f7]  InterpreterRuntime::resolve_get_put(JavaThread*, Bytecodes::Code)+0x119
j  org.jetbrains.kotlin.cli.common.messages.PlainTextMessageRenderer.<clinit>()V+21
v  ~StubRoutines::call_stub
V  [libjvm.dylib+0x2ee70a]  JavaCalls::call_helper(JavaValue*, methodHandle*, JavaCallArguments*, Thread*)+0x6ae
V  [libjvm.dylib+0x2c12c1]  InstanceKlass::call_class_initializer_impl(instanceKlassHandle, Thread*)+0xbf
V  [libjvm.dylib+0x2c2925]  InstanceKlass::initialize_impl(instanceKlassHandle, Thread*)+0x4b5
V  [libjvm.dylib+0x2c2bbb]  InstanceKlass::initialize(Thread*)+0x3d
V  [libjvm.dylib+0x2c2763]  InstanceKlass::initialize_impl(instanceKlassHandle, Thread*)+0x2f3
V  [libjvm.dylib+0x2c2bbb]  InstanceKlass::initialize(Thread*)+0x3d
V  [libjvm.dylib+0x2ea15c]  InterpreterRuntime::_new(JavaThread*, ConstantPool*, int)+0x5e
j  org.jetbrains.kotlin.cli.common.messages.MessageRenderer.<clinit>()V+10
v  ~StubRoutines::call_stub
V  [libjvm.dylib+0x2ee70a]  JavaCalls::call_helper(JavaValue*, methodHandle*, JavaCallArguments*, Thread*)+0x6ae
V  [libjvm.dylib+0x2c12c1]  InstanceKlass::call_class_initializer_impl(instanceKlassHandle, Thread*)+0xbf
V  [libjvm.dylib+0x2c2925]  InstanceKlass::initialize_impl(instanceKlassHandle, Thread*)+0x4b5
V  [libjvm.dylib+0x2c2bbb]  InstanceKlass::initialize(Thread*)+0x3d
V  [libjvm.dylib+0x3c9b1e]  LinkResolver::resolve_field(fieldDescriptor&, KlassHandle, Symbol*, Symbol*, KlassHandle, Bytecodes::Code, bool, bool, Thread*)+0x31a
V  [libjvm.dylib+0x3cc103]  LinkResolver::resolve_field_access(fieldDescriptor&, constantPoolHandle, int, Bytecodes::Code, Thread*)+0x101
V  [libjvm.dylib+0x2e95f7]  InterpreterRuntime::resolve_get_put(JavaThread*, Bytecodes::Code)+0x119
j  org.jetbrains.kotlin.compilerRunner.GradleCompilerRunner$loggingMessageCollector$2$1.<init>(Lorg/jetbrains/kotlin/compilerRunner/GradleCompilerRunner$loggingMessageCollector$2;)V+10
j  org.jetbrains.kotlin.compilerRunner.GradleCompilerRunner$loggingMessageCollector$2.invoke()Lorg/jetbrains/kotlin/compilerRunner/GradleCompilerRunner$loggingMessageCollector$2$1;+5
j  org.jetbrains.kotlin.compilerRunner.GradleCompilerRunner$loggingMessageCollector$2.invoke()Ljava/lang/Object;+1
j  kotlin.SynchronizedLazyImpl.getValue()Ljava/lang/Object;+49
j  org.jetbrains.kotlin.compilerRunner.GradleCompilerRunner.getLoggingMessageCollector()Lorg/jetbrains/kotlin/cli/common/messages/MessageCollector;+14
j  org.jetbrains.kotlin.compilerRunner.GradleCompilerRunner.compileOutOfProcess([Ljava/lang/String;Ljava/lang/String;Lorg/jetbrains/kotlin/compilerRunner/GradleCompilerEnvironment;)Lorg/jetbrains/kotlin/cli/common/ExitCode;+238
j  org.jetbrains.kotlin.compilerRunner.GradleCompilerRunner.compileWithDaemonOrFallback(Ljava/lang/String;Lorg/jetbrains/kotlin/cli/common/arguments/CommonCompilerArguments;Lorg/jetbrains/kotlin/compilerRunner/GradleCompilerEnvironment;)Lorg/jetbrains/kotlin/cli/common/ExitCode;+584
j  org.jetbrains.kotlin.compilerRunner.GradleCompilerRunner.compileWithDaemonOrFallback(Ljava/lang/String;Lorg/jetbrains/kotlin/cli/common/arguments/CommonCompilerArguments;Lorg/jetbrains/kotlin/compilerRunner/CompilerEnvironment;)Lorg/jetbrains/kotlin/cli/common/ExitCode;+7
j  org.jetbrains.kotlin.compilerRunner.KotlinCompilerRunner.runCompiler(Ljava/lang/String;Lorg/jetbrains/kotlin/cli/common/arguments/CommonCompilerArguments;Lorg/jetbrains/kotlin/compilerRunner/CompilerEnvironment;)Lorg/jetbrains/kotlin/cli/common/ExitCode;+25
j  org.jetbrains.kotlin.compilerRunner.GradleCompilerRunner.runJvmCompiler(Ljava/util/List;Ljava/lang/Iterable;Lorg/jetbrains/kotlin/cli/common/arguments/K2JVMCompilerArguments;Lorg/jetbrains/kotlin/compilerRunner/GradleCompilerEnvironment;)Lorg/jetbrains/kotlin/cli/common/ExitCode;+234
j  org.jetbrains.kotlin.gradle.tasks.KotlinCompile.callCompiler$kotlin_gradle_plugin(Lorg/jetbrains/kotlin/cli/common/arguments/K2JVMCompilerArguments;Lorg/jetbrains/kotlin/gradle/tasks/SourceRoots;Lorg/jetbrains/kotlin/incremental/ChangedFiles;)V+291
j  org.jetbrains.kotlin.gradle.tasks.KotlinCompile.callCompiler$kotlin_gradle_plugin(Lorg/jetbrains/kotlin/cli/common/arguments/CommonCompilerArguments;Lorg/jetbrains/kotlin/gradle/tasks/SourceRoots;Lorg/jetbrains/kotlin/incremental/ChangedFiles;)V+7
j  org.jetbrains.kotlin.gradle.tasks.AbstractKotlinCompile.execute(Lorg/gradle/api/tasks/incremental/IncrementalTaskInputs;)V+189
v  ~StubRoutines::call_stub
V  [libjvm.dylib+0x2ee70a]  JavaCalls::call_helper(JavaValue*, methodHandle*, JavaCallArguments*, Thread*)+0x6ae
V  [libjvm.dylib+0x4d3c0c]  Reflection::invoke(instanceKlassHandle, methodHandle, Handle, bool, objArrayHandle, BasicType, objArrayHandle, bool, Thread*)+0xe12
V  [libjvm.dylib+0x4d4140]  Reflection::invoke_method(oopDesc*, Handle, objArrayHandle, Thread*)+0x16c
V  [libjvm.dylib+0x346b0c]  JVM_InvokeMethod+0x166
J 1379  sun.reflect.NativeMethodAccessorImpl.invoke0(Ljava/lang/reflect/Method;Ljava/lang/Object;[Ljava/lang/Object;)Ljava/lang/Object; (0 bytes) @ 0x00000001089051ed [0x0000000108905100+0xed]
J 1378 C1 sun.reflect.NativeMethodAccessorImpl.invoke(Ljava/lang/Object;[Ljava/lang/Object;)Ljava/lang/Object; (104 bytes) @ 0x0000000108907214 [0x0000000108906040+0x11d4]
J 7409 C2 java.lang.reflect.Method.invoke(Ljava/lang/Object;[Ljava/lang/Object;)Ljava/lang/Object; (62 bytes) @ 0x000000010984afcc [0x000000010984af40+0x8c]
J 2089 C1 org.gradle.internal.reflect.JavaMethod.invoke(Ljava/lang/Object;[Ljava/lang/Object;)Ljava/lang/Object; (74 bytes) @ 0x0000000108be94bc [0x0000000108be93a0+0x11c]
j  org.gradle.api.internal.project.taskfactory.DefaultTaskClassInfoStore$IncrementalTaskAction.doExecute(Lorg/gradle/api/Task;Ljava/lang/String;)V+35
j  org.gradle.api.internal.project.taskfactory.DefaultTaskClassInfoStore$StandardTaskAction.execute(Lorg/gradle/api/Task;)V+32
j  org.gradle.api.internal.project.taskfactory.DefaultTaskClassInfoStore$StandardTaskAction.execute(Ljava/lang/Object;)V+5
j  org.gradle.api.internal.tasks.execution.ExecuteActionsTaskExecuter$1.run(Lorg/gradle/internal/operations/BuildOperationContext;)V+23
J 7859 C1 org.gradle.internal.progress.DefaultBuildOperationExecutor$RunnableBuildOperationWorker.execute(Lorg/gradle/internal/operations/BuildOperation;Lorg/gradle/internal/operations/BuildOperationContext;)V (10 bytes) @ 0x0000000109906374 [0x00000001099062c0+0xb4]
J 7662 C1 org.gradle.internal.progress.DefaultBuildOperationExecutor.execute(Lorg/gradle/internal/operations/BuildOperation;Lorg/gradle/internal/operations/BuildOperationWorker;Lorg/gradle/internal/progress/DefaultBuildOperationExecutor$DefaultBuildOperationState;)V (430 bytes) @ 0x00000001098adb5c [0x00000001098ad1c0+0x99c]
J 10418 C1 org.gradle.internal.progress.DefaultBuildOperationExecutor.run(Lorg/gradle/internal/operations/RunnableBuildOperation;)V (38 bytes) @ 0x0000000109f3d85c [0x0000000109f3d520+0x33c]
j  org.gradle.api.internal.tasks.execution.ExecuteActionsTaskExecuter.executeAction(Ljava/lang/String;Lorg/gradle/api/internal/TaskInternal;Lorg/gradle/api/internal/tasks/ContextAwareTaskAction;Lorg/gradle/api/internal/tasks/TaskExecutionContext;)V+23
j  org.gradle.api.internal.tasks.execution.ExecuteActionsTaskExecuter.executeActions(Lorg/gradle/api/internal/TaskInternal;Lorg/gradle/api/internal/tasks/TaskStateInternal;Lorg/gradle/api/internal/tasks/TaskExecutionContext;)Lorg/gradle/api/GradleException;+131
j  org.gradle.api.internal.tasks.execution.ExecuteActionsTaskExecuter.execute(Lorg/gradle/api/internal/TaskInternal;Lorg/gradle/api/internal/tasks/TaskStateInternal;Lorg/gradle/api/internal/tasks/TaskExecutionContext;)V+42
j  org.gradle.api.internal.tasks.execution.SkipUpToDateTaskExecuter.execute(Lorg/gradle/api/internal/TaskInternal;Lorg/gradle/api/internal/tasks/TaskStateInternal;Lorg/gradle/api/internal/tasks/TaskExecutionContext;)V+124
j  org.gradle.api.internal.tasks.execution.ResolveTaskOutputCachingStateExecuter.execute(Lorg/gradle/api/internal/TaskInternal;Lorg/gradle/api/internal/tasks/TaskStateInternal;Lorg/gradle/api/internal/tasks/TaskExecutionContext;)V+96
j  org.gradle.api.internal.tasks.execution.ValidatingTaskExecuter.execute(Lorg/gradle/api/internal/TaskInternal;Lorg/gradle/api/internal/tasks/TaskStateInternal;Lorg/gradle/api/internal/tasks/TaskExecutionContext;)V+215
j  org.gradle.api.internal.tasks.execution.SkipEmptySourceFilesTaskExecuter.execute(Lorg/gradle/api/internal/TaskInternal;Lorg/gradle/api/internal/tasks/TaskStateInternal;Lorg/gradle/api/internal/tasks/TaskExecutionContext;)V+335
j  org.gradle.api.internal.tasks.execution.ResolveTaskArtifactStateTaskExecuter.execute(Lorg/gradle/api/internal/TaskInternal;Lorg/gradle/api/internal/tasks/TaskStateInternal;Lorg/gradle/api/internal/tasks/TaskExecutionContext;)V+72
j  org.gradle.api.internal.tasks.execution.SkipTaskWithNoActionsExecuter.execute(Lorg/gradle/api/internal/TaskInternal;Lorg/gradle/api/internal/tasks/TaskStateInternal;Lorg/gradle/api/internal/tasks/TaskExecutionContext;)V+124
j  org.gradle.api.internal.tasks.execution.SkipOnlyIfTaskExecuter.execute(Lorg/gradle/api/internal/TaskInternal;Lorg/gradle/api/internal/tasks/TaskStateInternal;Lorg/gradle/api/internal/tasks/TaskExecutionContext;)V+85
j  org.gradle.api.internal.tasks.execution.ExecuteAtMostOnceTaskExecuter.execute(Lorg/gradle/api/internal/TaskInternal;Lorg/gradle/api/internal/tasks/TaskStateInternal;Lorg/gradle/api/internal/tasks/TaskExecutionContext;)V+26
j  org.gradle.api.internal.tasks.execution.CatchExceptionTaskExecuter.execute(Lorg/gradle/api/internal/TaskInternal;Lorg/gradle/api/internal/tasks/TaskStateInternal;Lorg/gradle/api/internal/tasks/TaskExecutionContext;)V+7
j  org.gradle.execution.taskgraph.DefaultTaskGraphExecuter$EventFiringTaskWorker$1.run(Lorg/gradle/internal/operations/BuildOperationContext;)V+56
J 7859 C1 org.gradle.internal.progress.DefaultBuildOperationExecutor$RunnableBuildOperationWorker.execute(Lorg/gradle/internal/operations/BuildOperation;Lorg/gradle/internal/operations/BuildOperationContext;)V (10 bytes) @ 0x0000000109906374 [0x00000001099062c0+0xb4]
J 7662 C1 org.gradle.internal.progress.DefaultBuildOperationExecutor.execute(Lorg/gradle/internal/operations/BuildOperation;Lorg/gradle/internal/operations/BuildOperationWorker;Lorg/gradle/internal/progress/DefaultBuildOperationExecutor$DefaultBuildOperationState;)V (430 bytes) @ 0x00000001098adb5c [0x00000001098ad1c0+0x99c]
J 10418 C1 org.gradle.internal.progress.DefaultBuildOperationExecutor.run(Lorg/gradle/internal/operations/RunnableBuildOperation;)V (38 bytes) @ 0x0000000109f3d85c [0x0000000109f3d520+0x33c]
j  org.gradle.execution.taskgraph.DefaultTaskGraphExecuter$EventFiringTaskWorker.execute(Lorg/gradle/api/internal/TaskInternal;)V+16
j  org.gradle.execution.taskgraph.DefaultTaskGraphExecuter$EventFiringTaskWorker.execute(Ljava/lang/Object;)V+5
j  org.gradle.execution.taskgraph.DefaultTaskPlanExecutor$TaskExecutorWorker.processTask(Lorg/gradle/execution/taskgraph/TaskInfo;)V+8
j  org.gradle.execution.taskgraph.DefaultTaskPlanExecutor$TaskExecutorWorker.access$200(Lorg/gradle/execution/taskgraph/DefaultTaskPlanExecutor$TaskExecutorWorker;Lorg/gradle/execution/taskgraph/TaskInfo;)V+2
j  org.gradle.execution.taskgraph.DefaultTaskPlanExecutor$TaskExecutorWorker$1.execute(Lorg/gradle/execution/taskgraph/TaskInfo;)V+38
j  org.gradle.execution.taskgraph.DefaultTaskPlanExecutor$TaskExecutorWorker$1.execute(Ljava/lang/Object;)V+5
j  org.gradle.execution.taskgraph.DefaultTaskExecutionPlan.execute(Lorg/gradle/execution/taskgraph/TaskInfo;Lorg/gradle/internal/work/WorkerLeaseRegistry$WorkerLease;Lorg/gradle/api/Action;)V+14
j  org.gradle.execution.taskgraph.DefaultTaskExecutionPlan.executeWithTask(Lorg/gradle/internal/work/WorkerLeaseRegistry$WorkerLease;Lorg/gradle/api/Action;)Z+53
j  org.gradle.execution.taskgraph.DefaultTaskPlanExecutor$TaskExecutorWorker.run()V+52
J 9734 C1 org.gradle.internal.concurrent.ManagedExecutorImpl$1.run()V (57 bytes) @ 0x0000000108fa4d64 [0x0000000108fa4840+0x524]
j  java.util.concurrent.ThreadPoolExecutor.runWorker(Ljava/util/concurrent/ThreadPoolExecutor$Worker;)V+95
j  java.util.concurrent.ThreadPoolExecutor$Worker.run()V+5
j  org.gradle.internal.concurrent.ThreadFactoryImpl$ManagedThreadRunnable.run()V+7
j  java.lang.Thread.run()V+11
v  ~StubRoutines::call_stub
V  [libjvm.dylib+0x2ee70a]  JavaCalls::call_helper(JavaValue*, methodHandle*, JavaCallArguments*, Thread*)+0x6ae
V  [libjvm.dylib+0x2eeeae]  JavaCalls::call_virtual(JavaValue*, KlassHandle, Symbol*, Symbol*, JavaCallArguments*, Thread*)+0x164
V  [libjvm.dylib+0x2ef05a]  JavaCalls::call_virtual(JavaValue*, Handle, KlassHandle, Symbol*, Symbol*, Thread*)+0x4a
V  [libjvm.dylib+0x3497b1]  thread_entry(JavaThread*, Thread*)+0x7c
V  [libjvm.dylib+0x56c0b3]  JavaThread::thread_main_inner()+0x9b
V  [libjvm.dylib+0x56d7a0]  JavaThread::run()+0x1c2
V  [libjvm.dylib+0x48baee]  java_start(Thread*)+0xf6
C  [libsystem_pthread.dylib+0x405a]  _pthread_body+0x83
C  [libsystem_pthread.dylib+0x3fd7]  _pthread_body+0x0
C  [libsystem_pthread.dylib+0x13ed]  thread_start+0xd
...<more frames>...

Java frames: (J=compiled Java code, j=interpreted, Vv=VM code)
j  org.fusesource.jansi.internal.CLibrary.init()V+0
j  org.fusesource.jansi.internal.CLibrary.<clinit>()V+20
v  ~StubRoutines::call_stub
j  org.jetbrains.kotlin.cli.common.messages.PlainTextMessageRenderer.<clinit>()V+21
v  ~StubRoutines::call_stub
j  org.jetbrains.kotlin.cli.common.messages.MessageRenderer.<clinit>()V+10
v  ~StubRoutines::call_stub
j  org.jetbrains.kotlin.compilerRunner.GradleCompilerRunner$loggingMessageCollector$2$1.<init>(Lorg/jetbrains/kotlin/compilerRunner/GradleCompilerRunner$loggingMessageCollector$2;)V+10
j  org.jetbrains.kotlin.compilerRunner.GradleCompilerRunner$loggingMessageCollector$2.invoke()Lorg/jetbrains/kotlin/compilerRunner/GradleCompilerRunner$loggingMessageCollector$2$1;+5
j  org.jetbrains.kotlin.compilerRunner.GradleCompilerRunner$loggingMessageCollector$2.invoke()Ljava/lang/Object;+1
j  kotlin.SynchronizedLazyImpl.getValue()Ljava/lang/Object;+49
j  org.jetbrains.kotlin.compilerRunner.GradleCompilerRunner.getLoggingMessageCollector()Lorg/jetbrains/kotlin/cli/common/messages/MessageCollector;+14
j  org.jetbrains.kotlin.compilerRunner.GradleCompilerRunner.compileOutOfProcess([Ljava/lang/String;Ljava/lang/String;Lorg/jetbrains/kotlin/compilerRunner/GradleCompilerEnvironment;)Lorg/jetbrains/kotlin/cli/common/ExitCode;+238
j  org.jetbrains.kotlin.compilerRunner.GradleCompilerRunner.compileWithDaemonOrFallback(Ljava/lang/String;Lorg/jetbrains/kotlin/cli/common/arguments/CommonCompilerArguments;Lorg/jetbrains/kotlin/compilerRunner/GradleCompilerEnvironment;)Lorg/jetbrains/kotlin/cli/common/ExitCode;+584
j  org.jetbrains.kotlin.compilerRunner.GradleCompilerRunner.compileWithDaemonOrFallback(Ljava/lang/String;Lorg/jetbrains/kotlin/cli/common/arguments/CommonCompilerArguments;Lorg/jetbrains/kotlin/compilerRunner/CompilerEnvironment;)Lorg/jetbrains/kotlin/cli/common/ExitCode;+7
j  org.jetbrains.kotlin.compilerRunner.KotlinCompilerRunner.runCompiler(Ljava/lang/String;Lorg/jetbrains/kotlin/cli/common/arguments/CommonCompilerArguments;Lorg/jetbrains/kotlin/compilerRunner/CompilerEnvironment;)Lorg/jetbrains/kotlin/cli/common/ExitCode;+25
j  org.jetbrains.kotlin.compilerRunner.GradleCompilerRunner.runJvmCompiler(Ljava/util/List;Ljava/lang/Iterable;Lorg/jetbrains/kotlin/cli/common/arguments/K2JVMCompilerArguments;Lorg/jetbrains/kotlin/compilerRunner/GradleCompilerEnvironment;)Lorg/jetbrains/kotlin/cli/common/ExitCode;+234
j  org.jetbrains.kotlin.gradle.tasks.KotlinCompile.callCompiler$kotlin_gradle_plugin(Lorg/jetbrains/kotlin/cli/common/arguments/K2JVMCompilerArguments;Lorg/jetbrains/kotlin/gradle/tasks/SourceRoots;Lorg/jetbrains/kotlin/incremental/ChangedFiles;)V+291
j  org.jetbrains.kotlin.gradle.tasks.KotlinCompile.callCompiler$kotlin_gradle_plugin(Lorg/jetbrains/kotlin/cli/common/arguments/CommonCompilerArguments;Lorg/jetbrains/kotlin/gradle/tasks/SourceRoots;Lorg/jetbrains/kotlin/incremental/ChangedFiles;)V+7
j  org.jetbrains.kotlin.gradle.tasks.AbstractKotlinCompile.execute(Lorg/gradle/api/tasks/incremental/IncrementalTaskInputs;)V+189
v  ~StubRoutines::call_stub
J 1379  sun.reflect.NativeMethodAccessorImpl.invoke0(Ljava/lang/reflect/Method;Ljava/lang/Object;[Ljava/lang/Object;)Ljava/lang/Object; (0 bytes) @ 0x0000000108905177 [0x0000000108905100+0x77]
J 1378 C1 sun.reflect.NativeMethodAccessorImpl.invoke(Ljava/lang/Object;[Ljava/lang/Object;)Ljava/lang/Object; (104 bytes) @ 0x0000000108907214 [0x0000000108906040+0x11d4]
J 7409 C2 java.lang.reflect.Method.invoke(Ljava/lang/Object;[Ljava/lang/Object;)Ljava/lang/Object; (62 bytes) @ 0x000000010984afcc [0x000000010984af40+0x8c]
J 2089 C1 org.gradle.internal.reflect.JavaMethod.invoke(Ljava/lang/Object;[Ljava/lang/Object;)Ljava/lang/Object; (74 bytes) @ 0x0000000108be94bc [0x0000000108be93a0+0x11c]
j  org.gradle.api.internal.project.taskfactory.DefaultTaskClassInfoStore$IncrementalTaskAction.doExecute(Lorg/gradle/api/Task;Ljava/lang/String;)V+35
j  org.gradle.api.internal.project.taskfactory.DefaultTaskClassInfoStore$StandardTaskAction.execute(Lorg/gradle/api/Task;)V+32
j  org.gradle.api.internal.project.taskfactory.DefaultTaskClassInfoStore$StandardTaskAction.execute(Ljava/lang/Object;)V+5
j  org.gradle.api.internal.tasks.execution.ExecuteActionsTaskExecuter$1.run(Lorg/gradle/internal/operations/BuildOperationContext;)V+23
J 7859 C1 org.gradle.internal.progress.DefaultBuildOperationExecutor$RunnableBuildOperationWorker.execute(Lorg/gradle/internal/operations/BuildOperation;Lorg/gradle/internal/operations/BuildOperationContext;)V (10 bytes) @ 0x0000000109906374 [0x00000001099062c0+0xb4]
J 7662 C1 org.gradle.internal.progress.DefaultBuildOperationExecutor.execute(Lorg/gradle/internal/operations/BuildOperation;Lorg/gradle/internal/operations/BuildOperationWorker;Lorg/gradle/internal/progress/DefaultBuildOperationExecutor$DefaultBuildOperationState;)V (430 bytes) @ 0x00000001098adb5c [0x00000001098ad1c0+0x99c]
J 10418 C1 org.gradle.internal.progress.DefaultBuildOperationExecutor.run(Lorg/gradle/internal/operations/RunnableBuildOperation;)V (38 bytes) @ 0x0000000109f3d85c [0x0000000109f3d520+0x33c]
j  org.gradle.api.internal.tasks.execution.ExecuteActionsTaskExecuter.executeAction(Ljava/lang/String;Lorg/gradle/api/internal/TaskInternal;Lorg/gradle/api/internal/tasks/ContextAwareTaskAction;Lorg/gradle/api/internal/tasks/TaskExecutionContext;)V+23
j  org.gradle.api.internal.tasks.execution.ExecuteActionsTaskExecuter.executeActions(Lorg/gradle/api/internal/TaskInternal;Lorg/gradle/api/internal/tasks/TaskStateInternal;Lorg/gradle/api/internal/tasks/TaskExecutionContext;)Lorg/gradle/api/GradleException;+131
j  org.gradle.api.internal.tasks.execution.ExecuteActionsTaskExecuter.execute(Lorg/gradle/api/internal/TaskInternal;Lorg/gradle/api/internal/tasks/TaskStateInternal;Lorg/gradle/api/internal/tasks/TaskExecutionContext;)V+42
j  org.gradle.api.internal.tasks.execution.SkipUpToDateTaskExecuter.execute(Lorg/gradle/api/internal/TaskInternal;Lorg/gradle/api/internal/tasks/TaskStateInternal;Lorg/gradle/api/internal/tasks/TaskExecutionContext;)V+124
j  org.gradle.api.internal.tasks.execution.ResolveTaskOutputCachingStateExecuter.execute(Lorg/gradle/api/internal/TaskInternal;Lorg/gradle/api/internal/tasks/TaskStateInternal;Lorg/gradle/api/internal/tasks/TaskExecutionContext;)V+96
j  org.gradle.api.internal.tasks.execution.ValidatingTaskExecuter.execute(Lorg/gradle/api/internal/TaskInternal;Lorg/gradle/api/internal/tasks/TaskStateInternal;Lorg/gradle/api/internal/tasks/TaskExecutionContext;)V+215
j  org.gradle.api.internal.tasks.execution.SkipEmptySourceFilesTaskExecuter.execute(Lorg/gradle/api/internal/TaskInternal;Lorg/gradle/api/internal/tasks/TaskStateInternal;Lorg/gradle/api/internal/tasks/TaskExecutionContext;)V+335
j  org.gradle.api.internal.tasks.execution.ResolveTaskArtifactStateTaskExecuter.execute(Lorg/gradle/api/internal/TaskInternal;Lorg/gradle/api/internal/tasks/TaskStateInternal;Lorg/gradle/api/internal/tasks/TaskExecutionContext;)V+72
j  org.gradle.api.internal.tasks.execution.SkipTaskWithNoActionsExecuter.execute(Lorg/gradle/api/internal/TaskInternal;Lorg/gradle/api/internal/tasks/TaskStateInternal;Lorg/gradle/api/internal/tasks/TaskExecutionContext;)V+124
j  org.gradle.api.internal.tasks.execution.SkipOnlyIfTaskExecuter.execute(Lorg/gradle/api/internal/TaskInternal;Lorg/gradle/api/internal/tasks/TaskStateInternal;Lorg/gradle/api/internal/tasks/TaskExecutionContext;)V+85
j  org.gradle.api.internal.tasks.execution.ExecuteAtMostOnceTaskExecuter.execute(Lorg/gradle/api/internal/TaskInternal;Lorg/gradle/api/internal/tasks/TaskStateInternal;Lorg/gradle/api/internal/tasks/TaskExecutionContext;)V+26
j  org.gradle.api.internal.tasks.execution.CatchExceptionTaskExecuter.execute(Lorg/gradle/api/internal/TaskInternal;Lorg/gradle/api/internal/tasks/TaskStateInternal;Lorg/gradle/api/internal/tasks/TaskExecutionContext;)V+7
j  org.gradle.execution.taskgraph.DefaultTaskGraphExecuter$EventFiringTaskWorker$1.run(Lorg/gradle/internal/operations/BuildOperationContext;)V+56
J 7859 C1 org.gradle.internal.progress.DefaultBuildOperationExecutor$RunnableBuildOperationWorker.execute(Lorg/gradle/internal/operations/BuildOperation;Lorg/gradle/internal/operations/BuildOperationContext;)V (10 bytes) @ 0x0000000109906374 [0x00000001099062c0+0xb4]
J 7662 C1 org.gradle.internal.progress.DefaultBuildOperationExecutor.execute(Lorg/gradle/internal/operations/BuildOperation;Lorg/gradle/internal/operations/BuildOperationWorker;Lorg/gradle/internal/progress/DefaultBuildOperationExecutor$DefaultBuildOperationState;)V (430 bytes) @ 0x00000001098adb5c [0x00000001098ad1c0+0x99c]
J 10418 C1 org.gradle.internal.progress.DefaultBuildOperationExecutor.run(Lorg/gradle/internal/operations/RunnableBuildOperation;)V (38 bytes) @ 0x0000000109f3d85c [0x0000000109f3d520+0x33c]
j  org.gradle.execution.taskgraph.DefaultTaskGraphExecuter$EventFiringTaskWorker.execute(Lorg/gradle/api/internal/TaskInternal;)V+16
j  org.gradle.execution.taskgraph.DefaultTaskGraphExecuter$EventFiringTaskWorker.execute(Ljava/lang/Object;)V+5
j  org.gradle.execution.taskgraph.DefaultTaskPlanExecutor$TaskExecutorWorker.processTask(Lorg/gradle/execution/taskgraph/TaskInfo;)V+8
j  org.gradle.execution.taskgraph.DefaultTaskPlanExecutor$TaskExecutorWorker.access$200(Lorg/gradle/execution/taskgraph/DefaultTaskPlanExecutor$TaskExecutorWorker;Lorg/gradle/execution/taskgraph/TaskInfo;)V+2
j  org.gradle.execution.taskgraph.DefaultTaskPlanExecutor$TaskExecutorWorker$1.execute(Lorg/gradle/execution/taskgraph/TaskInfo;)V+38
j  org.gradle.execution.taskgraph.DefaultTaskPlanExecutor$TaskExecutorWorker$1.execute(Ljava/lang/Object;)V+5
j  org.gradle.execution.taskgraph.DefaultTaskExecutionPlan.execute(Lorg/gradle/execution/taskgraph/TaskInfo;Lorg/gradle/internal/work/WorkerLeaseRegistry$WorkerLease;Lorg/gradle/api/Action;)V+14
j  org.gradle.execution.taskgraph.DefaultTaskExecutionPlan.executeWithTask(Lorg/gradle/internal/work/WorkerLeaseRegistry$WorkerLease;Lorg/gradle/api/Action;)Z+53
j  org.gradle.execution.taskgraph.DefaultTaskPlanExecutor$TaskExecutorWorker.run()V+52
J 9734 C1 org.gradle.internal.concurrent.ManagedExecutorImpl$1.run()V (57 bytes) @ 0x0000000108fa4d64 [0x0000000108fa4840+0x524]
j  java.util.concurrent.ThreadPoolExecutor.runWorker(Ljava/util/concurrent/ThreadPoolExecutor$Worker;)V+95
j  java.util.concurrent.ThreadPoolExecutor$Worker.run()V+5
j  org.gradle.internal.concurrent.ThreadFactoryImpl$ManagedThreadRunnable.run()V+7
j  java.lang.Thread.run()V+11
v  ~StubRoutines::call_stub

---------------  P R O C E S S  ---------------

Java Threads: ( => current thread )
  0x00007f9aa01b4800 JavaThread "Thread-59" [_thread_in_native, id=29963, stack(0x00000001258dc000,0x00000001259dc000)]
  0x00007f9aa05de800 JavaThread "process reaper" daemon [_thread_in_native, id=32519, stack(0x000000011f81c000,0x000000011f844000)]
  0x00007f9aa098c000 JavaThread "Task worker for ':' Thread 3" [_thread_blocked, id=28679, stack(0x00000001251d9000,0x00000001252d9000)]
  0x00007f9aa0d3d800 JavaThread "Task worker for ':' Thread 2" [_thread_blocked, id=28423, stack(0x00000001250d6000,0x00000001251d6000)]
=>0x00007f9a9bb30800 JavaThread "Task worker for ':'" [_thread_in_vm, id=29447, stack(0x0000000124fd3000,0x00000001250d3000)]
  0x00007f9aa05df800 JavaThread "Cache worker for task history cache (/Users/jonathanrichards/Work/MyApplication/.gradle/4.1-rc-1/taskHistory)" [_thread_blocked, id=27911, stack(0x0000000124ed0000,0x0000000124fd0000)]
  0x00007f9a9b735000 JavaThread "Cache worker for file content cache (/Users/jonathanrichards/Work/MyApplication/.gradle/4.1-rc-1/fileContent)" [_thread_blocked, id=13843, stack(0x0000000124bcc000,0x0000000124ccc000)]
  0x00007f9aa02af000 JavaThread "build operations Thread 4" [_thread_blocked, id=26123, stack(0x0000000124ac9000,0x0000000124bc9000)]
  0x00007f9aa02ae000 JavaThread "build operations Thread 3" [_thread_blocked, id=13327, stack(0x0000000123b9b000,0x0000000123c9b000)]
  0x00007f9aa0cc6000 JavaThread "build operations Thread 2" [_thread_blocked, id=14607, stack(0x0000000122d67000,0x0000000122e67000)]
  0x00007f9aa02ad800 JavaThread "build operations" [_thread_blocked, id=26379, stack(0x00000001229e0000,0x0000000122ae0000)]
  0x00007f9a9b736800 JavaThread "Cache worker for Artifact transforms cache (/Users/jonathanrichards/.gradle/caches/transforms-1)" [_thread_blocked, id=25099, stack(0x00000001228dd000,0x00000001229dd000)]
  0x00007f9a9b180800 JavaThread "Cache worker for file hash cache (/Users/jonathanrichards/Work/MyApplication/.gradle/4.1-rc-1/fileHashes)" [_thread_blocked, id=23563, stack(0x000000012168a000,0x000000012178a000)]
  0x00007f9a9b17f800 JavaThread "Stdin handler" [_thread_blocked, id=23051, stack(0x0000000121387000,0x0000000121487000)]
  0x00007f9aa0acb000 JavaThread "Asynchronous log dispatcher for DefaultDaemonConnection: socket connection from /127.94.0.1:52681 to /127.94.0.1:52892" [_thread_blocked, id=22027, stack(0x0000000121256000,0x0000000121356000)]
  0x00007f9a9ed64800 JavaThread "Daemon worker Thread 2" [_thread_blocked, id=21515, stack(0x0000000120868000,0x0000000120968000)]
  0x00007f9a9fa2b000 JavaThread "Cancel handler" [_thread_blocked, id=30983, stack(0x00000001204b5000,0x00000001205b5000)]
  0x00007f9a9ebe7800 JavaThread "Handler for socket connection from /127.94.0.1:52681 to /127.94.0.1:52892" [_thread_in_native, id=22535, stack(0x00000001203b2000,0x00000001204b2000)]
  0x00007f9a9ebe6800 JavaThread "Daemon Thread 2" [_thread_blocked, id=20999, stack(0x00000001200bf000,0x00000001201bf000)]
  0x00007f9a9f83b800 JavaThread "Memory manager" [_thread_blocked, id=27395, stack(0x0000000123a98000,0x0000000123b98000)]
  0x00007f9aa00ca000 JavaThread "pool-1-thread-1" [_thread_blocked, id=26883, stack(0x0000000123546000,0x0000000123646000)]
  0x00007f9a9b354000 JavaThread "File lock request listener" [_thread_in_native, id=24579, stack(0x0000000120b25000,0x0000000120c25000)]
  0x00007f9a9b860000 JavaThread "Cache worker for file hash cache (/Users/jonathanrichards/.gradle/caches/4.1-rc-1/fileHashes)" [_thread_blocked, id=24067, stack(0x0000000120a22000,0x0000000120b22000)]
  0x00007f9a9c9e1800 JavaThread "Daemon periodic checks" [_thread_blocked, id=20483, stack(0x000000011ffbc000,0x00000001200bc000)]
  0x00007f9a9b2e4800 JavaThread "Incoming local TCP Connector on port 52681" [_thread_in_native, id=19971, stack(0x000000011feb9000,0x000000011ffb9000)]
  0x00007f9a9b228000 JavaThread "Daemon health stats" [_thread_blocked, id=19459, stack(0x000000011fbb1000,0x000000011fcb1000)]
  0x00007f9a9b805800 JavaThread "Service Thread" daemon [_thread_blocked, id=18435, stack(0x000000011ef7c000,0x000000011f07c000)]
  0x00007f9a9b815800 JavaThread "C1 CompilerThread2" daemon [_thread_blocked, id=17923, stack(0x000000011ee79000,0x000000011ef79000)]
  0x00007f9a9c82b800 JavaThread "C2 CompilerThread1" daemon [_thread_blocked, id=17411, stack(0x000000011ed76000,0x000000011ee76000)]
  0x00007f9a9c024800 JavaThread "C2 CompilerThread0" daemon [_thread_blocked, id=16899, stack(0x000000011ec73000,0x000000011ed73000)]
  0x00007f9a9c023800 JavaThread "Signal Dispatcher" daemon [_thread_blocked, id=16415, stack(0x000000011eb70000,0x000000011ec70000)]
  0x00007f9a9c01c800 JavaThread "Finalizer" daemon [_thread_blocked, id=12035, stack(0x000000011d14e000,0x000000011d24e000)]
  0x00007f9a9c81f000 JavaThread "Reference Handler" daemon [_thread_blocked, id=11523, stack(0x000000011d04b000,0x000000011d14b000)]
  0x00007f9a9b007800 JavaThread "main" [_thread_blocked, id=5379, stack(0x00000001083a8000,0x00000001084a8000)]

Other Threads:
  0x00007f9a9b012800 VMThread [stack: 0x000000011cf48000,0x000000011d048000] [id=11011]
  0x00007f9a9c820000 WatcherThread [stack: 0x000000011f07f000,0x000000011f17f000] [id=18947]

VM state:not at safepoint (normal execution)

VM Mutex/Monitor currently owned by a thread: None

Heap:
 PSYoungGen      total 326144K, used 78803K [0x00000007a0000000, 0x00000007b7400000, 0x00000007c0000000)
  eden space 313856K, 21% used [0x00000007a0000000,0x00000007a41525f8,0x00000007b3280000)
  from space 12288K, 96% used [0x00000007b6800000,0x00000007b73a27d0,0x00000007b7400000)
  to   space 28160K, 0% used [0x00000007b3d00000,0x00000007b3d00000,0x00000007b5880000)
 ParOldGen       total 164352K, used 47164K [0x0000000760000000, 0x000000076a080000, 0x00000007a0000000)
  object space 164352K, 28% used [0x0000000760000000,0x0000000762e0f1d0,0x000000076a080000)
 Metaspace       used 66310K, capacity 69608K, committed 69808K, reserved 1110016K
  class space    used 9021K, capacity 9870K, committed 9904K, reserved 1048576K

Card table byte_map: [0x000000011786a000,0x0000000117b6b000] byte_map_base: 0x0000000113d6a000

Marking Bits: (ParMarkBitMap*) 0x0000000107cf35d0
 Begin Bits: [0x0000000118177000, 0x0000000119977000)
 End Bits:   [0x0000000119977000, 0x000000011b177000)

Polling page: 0x0000000106bbd000

CodeCache: size=245760Kb used=27882Kb max_used=28006Kb free=217878Kb
 bounds [0x00000001084aa000, 0x000000010a02a000, 0x00000001174aa000]
 total_blobs=9904 nmethods=9093 adapters=722
 compilation: enabled

Compilation events (10 events):
Event: 311.034 Thread 0x00007f9a9b815800 10756       1       kotlin.text.RegexOption::getMask (5 bytes)
Event: 311.034 Thread 0x00007f9a9b815800 nmethod 10756 0x0000000108cb9390 code [0x0000000108cb94e0, 0x0000000108cb95f0]
Event: 311.034 Thread 0x00007f9a9b815800 10757       1       kotlin.text.RegexOption::getValue (5 bytes)
Event: 311.034 Thread 0x00007f9a9b815800 nmethod 10757 0x000000010895fb90 code [0x000000010895fce0, 0x000000010895fdf0]
Event: 311.092 Thread 0x00007f9a9c024800 10758       4       kotlin.jvm.internal.Intrinsics::checkParameterIsNotNull (9 bytes)
Event: 311.093 Thread 0x00007f9a9c024800 nmethod 10758 0x0000000108ccf450 code [0x0000000108ccf5a0, 0x0000000108ccf5f8]
Event: 311.114 Thread 0x00007f9a9b815800 10759   !   3       java.lang.ClassLoader::checkCerts (195 bytes)
Event: 311.115 Thread 0x00007f9a9b815800 nmethod 10759 0x00000001093ad910 code [0x00000001093adbe0, 0x00000001093af258]
Event: 321.140 Thread 0x00007f9a9b815800 10760       3       org.gradle.internal.logging.sink.ProgressLogEventGenerator$Operation::completeHeader (154 bytes)
Event: 321.143 Thread 0x00007f9a9b815800 nmethod 10760 0x0000000108e7e410 code [0x0000000108e7e7e0, 0x0000000108e80b28]

GC Heap History (10 events):
Event: 25.257 GC heap before
{Heap before GC invocations=9 (full 2):
 PSYoungGen      total 192512K, used 182784K [0x00000007a0000000, 0x00000007ad180000, 0x00000007c0000000)
  eden space 182784K, 100% used [0x00000007a0000000,0x00000007ab280000,0x00000007ab280000)
  from space 9728K, 0% used [0x00000007ac800000,0x00000007ac800000,0x00000007ad180000)
  to   space 14336K, 0% used [0x00000007ab580000,0x00000007ab580000,0x00000007ac380000)
 ParOldGen       total 104448K, used 17868K [0x0000000760000000, 0x0000000766600000, 0x00000007a0000000)
  object space 104448K, 17% used [0x0000000760000000,0x0000000761173168,0x0000000766600000)
 Metaspace       used 47466K, capacity 48536K, committed 48944K, reserved 1091584K
  class space    used 6490K, capacity 6854K, committed 6960K, reserved 1048576K
Event: 25.285 GC heap after
Heap after GC invocations=9 (full 2):
 PSYoungGen      total 200192K, used 14335K [0x00000007a0000000, 0x00000007b2480000, 0x00000007c0000000)
  eden space 185856K, 0% used [0x00000007a0000000,0x00000007a0000000,0x00000007ab580000)
  from space 14336K, 99% used [0x00000007ab580000,0x00000007ac37fd58,0x00000007ac380000)
  to   space 17408K, 0% used [0x00000007b1380000,0x00000007b1380000,0x00000007b2480000)
 ParOldGen       total 104448K, used 20158K [0x0000000760000000, 0x0000000766600000, 0x00000007a0000000)
  object space 104448K, 19% used [0x0000000760000000,0x00000007613af820,0x0000000766600000)
 Metaspace       used 47466K, capacity 48536K, committed 48944K, reserved 1091584K
  class space    used 6490K, capacity 6854K, committed 6960K, reserved 1048576K
}
Event: 27.679 GC heap before
{Heap before GC invocations=10 (full 2):
 PSYoungGen      total 200192K, used 200191K [0x00000007a0000000, 0x00000007b2480000, 0x00000007c0000000)
  eden space 185856K, 100% used [0x00000007a0000000,0x00000007ab580000,0x00000007ab580000)
  from space 14336K, 99% used [0x00000007ab580000,0x00000007ac37fd58,0x00000007ac380000)
  to   space 17408K, 0% used [0x00000007b1380000,0x00000007b1380000,0x00000007b2480000)
 ParOldGen       total 104448K, used 20158K [0x0000000760000000, 0x0000000766600000, 0x00000007a0000000)
  object space 104448K, 19% used [0x0000000760000000,0x00000007613af820,0x0000000766600000)
 Metaspace       used 54049K, capacity 55768K, committed 55856K, reserved 1097728K
  class space    used 7504K, capacity 7948K, committed 7984K, reserved 1048576K
Event: 27.717 GC heap after
Heap after GC invocations=10 (full 2):
 PSYoungGen      total 277504K, used 17385K [0x00000007a0000000, 0x00000007b3500000, 0x00000007c0000000)
  eden space 260096K, 0% used [0x00000007a0000000,0x00000007a0000000,0x00000007afe00000)
  from space 17408K, 99% used [0x00000007b1380000,0x00000007b247a7b0,0x00000007b2480000)
  to   space 22016K, 0% used [0x00000007afe00000,0x00000007afe00000,0x00000007b1380000)
 ParOldGen       total 104448K, used 24393K [0x0000000760000000, 0x0000000766600000, 0x00000007a0000000)
  object space 104448K, 23% used [0x0000000760000000,0x00000007617d26a8,0x0000000766600000)
 Metaspace       used 54049K, capacity 55768K, committed 55856K, reserved 1097728K
  class space    used 7504K, capacity 7948K, committed 7984K, reserved 1048576K
}
Event: 30.399 GC heap before
{Heap before GC invocations=11 (full 2):
 PSYoungGen      total 277504K, used 193729K [0x00000007a0000000, 0x00000007b3500000, 0x00000007c0000000)
  eden space 260096K, 67% used [0x00000007a0000000,0x00000007aac35d60,0x00000007afe00000)
  from space 17408K, 99% used [0x00000007b1380000,0x00000007b247a7b0,0x00000007b2480000)
  to   space 22016K, 0% used [0x00000007afe00000,0x00000007afe00000,0x00000007b1380000)
 ParOldGen       total 104448K, used 24393K [0x0000000760000000, 0x0000000766600000, 0x00000007a0000000)
  object space 104448K, 23% used [0x0000000760000000,0x00000007617d26a8,0x0000000766600000)
 Metaspace       used 56901K, capacity 59012K, committed 59160K, reserved 1099776K
  class space    used 7919K, capacity 8470K, committed 8496K, reserved 1048576K
Event: 30.458 GC heap after
Heap after GC invocations=11 (full 2):
 PSYoungGen      total 282112K, used 22012K [0x00000007a0000000, 0x00000007b8500000, 0x00000007c0000000)
  eden space 260096K, 0% used [0x00000007a0000000,0x00000007a0000000,0x00000007afe00000)
  from space 22016K, 99% used [0x00000007afe00000,0x00000007b137f2e0,0x00000007b1380000)
  to   space 29696K, 0% used [0x00000007b6800000,0x00000007b6800000,0x00000007b8500000)
 ParOldGen       total 104448K, used 35355K [0x0000000760000000, 0x0000000766600000, 0x00000007a0000000)
  object space 104448K, 33% used [0x0000000760000000,0x0000000762286f60,0x0000000766600000)
 Metaspace       used 56901K, capacity 59012K, committed 59160K, reserved 1099776K
  class space    used 7919K, capacity 8470K, committed 8496K, reserved 1048576K
}
Event: 30.459 GC heap before
{Heap before GC invocations=12 (full 3):
 PSYoungGen      total 282112K, used 22012K [0x00000007a0000000, 0x00000007b8500000, 0x00000007c0000000)
  eden space 260096K, 0% used [0x00000007a0000000,0x00000007a0000000,0x00000007afe00000)
  from space 22016K, 99% used [0x00000007afe00000,0x00000007b137f2e0,0x00000007b1380000)
  to   space 29696K, 0% used [0x00000007b6800000,0x00000007b6800000,0x00000007b8500000)
 ParOldGen       total 104448K, used 35355K [0x0000000760000000, 0x0000000766600000, 0x00000007a0000000)
  object space 104448K, 33% used [0x0000000760000000,0x0000000762286f60,0x0000000766600000)
 Metaspace       used 56901K, capacity 59012K, committed 59160K, reserved 1099776K
  class space    used 7919K, capacity 8470K, committed 8496K, reserved 1048576K
Event: 30.788 GC heap after
Heap after GC invocations=12 (full 3):
 PSYoungGen      total 282112K, used 0K [0x00000007a0000000, 0x00000007b8500000, 0x00000007c0000000)
  eden space 260096K, 0% used [0x00000007a0000000,0x00000007a0000000,0x00000007afe00000)
  from space 22016K, 0% used [0x00000007afe00000,0x00000007afe00000,0x00000007b1380000)
  to   space 29696K, 0% used [0x00000007b6800000,0x00000007b6800000,0x00000007b8500000)
 ParOldGen       total 164352K, used 47156K [0x0000000760000000, 0x000000076a080000, 0x00000007a0000000)
  object space 164352K, 28% used [0x0000000760000000,0x0000000762e0d1d0,0x000000076a080000)
 Metaspace       used 56901K, capacity 59012K, committed 59160K, reserved 1099776K
  class space    used 7919K, capacity 8470K, committed 8496K, reserved 1048576K
}
Event: 309.027 GC heap before
{Heap before GC invocations=13 (full 3):
 PSYoungGen      total 282112K, used 260096K [0x00000007a0000000, 0x00000007b8500000, 0x00000007c0000000)
  eden space 260096K, 100% used [0x00000007a0000000,0x00000007afe00000,0x00000007afe00000)
  from space 22016K, 0% used [0x00000007afe00000,0x00000007afe00000,0x00000007b1380000)
  to   space 29696K, 0% used [0x00000007b6800000,0x00000007b6800000,0x00000007b8500000)
 ParOldGen       total 164352K, used 47156K [0x0000000760000000, 0x000000076a080000, 0x00000007a0000000)
  object space 164352K, 28% used [0x0000000760000000,0x0000000762e0d1d0,0x000000076a080000)
 Metaspace       used 64619K, capacity 67756K, committed 68016K, reserved 1107968K
  class space    used 8784K, capacity 9545K, committed 9648K, reserved 1048576K
Event: 309.124 GC heap after
Heap after GC invocations=13 (full 3):
 PSYoungGen      total 326144K, used 11913K [0x00000007a0000000, 0x00000007b7400000, 0x00000007c0000000)
  eden space 313856K, 0% used [0x00000007a0000000,0x00000007a0000000,0x00000007b3280000)
  from space 12288K, 96% used [0x00000007b6800000,0x00000007b73a27d0,0x00000007b7400000)
  to   space 28160K, 0% used [0x00000007b3d00000,0x00000007b3d00000,0x00000007b5880000)
 ParOldGen       total 164352K, used 47164K [0x0000000760000000, 0x000000076a080000, 0x00000007a0000000)
  object space 164352K, 28% used [0x0000000760000000,0x0000000762e0f1d0,0x000000076a080000)
 Metaspace       used 64619K, capacity 67756K, committed 68016K, reserved 1107968K
  class space    used 8784K, capacity 9545K, committed 9648K, reserved 1048576K
}

Deoptimization events (10 events):
Event: 309.923 Thread 0x00007f9a9bb30800 Uncommon trap: reason=class_check action=maybe_recompile pc=0x0000000109f92158 method=com.google.common.base.Objects.equal(Ljava/lang/Object;Ljava/lang/Object;)Z @ 11
Event: 310.792 Thread 0x00007f9a9bb30800 Uncommon trap: reason=class_check action=maybe_recompile pc=0x0000000109e7e094 method=com.google.common.collect.ImmutableMap.containsKey(Ljava/lang/Object;)Z @ 2
Event: 310.792 Thread 0x00007f9a9bb30800 Uncommon trap: reason=class_check action=maybe_recompile pc=0x0000000109e7e094 method=com.google.common.collect.ImmutableMap.containsKey(Ljava/lang/Object;)Z @ 2
Event: 310.816 Thread 0x00007f9a9bb30800 Uncommon trap: reason=unstable_if action=reinterpret pc=0x0000000109ff054c method=org.gradle.api.internal.file.collections.jdk7.Jdk7DirectoryWalker$1.checkStopFlag()Ljava/nio/file/FileVisitResult; @ 7
Event: 310.910 Thread 0x00007f9a9bb30800 Uncommon trap: reason=unstable_if action=reinterpret pc=0x0000000109fa7638 method=java.lang.Integer.parseInt(Ljava/lang/String;I)I @ 1
Event: 311.023 Thread 0x00007f9a9bb30800 Uncommon trap: reason=unstable_if action=reinterpret pc=0x0000000108e6b0fc method=java.lang.ClassLoader.checkCerts(Ljava/lang/String;Ljava/security/CodeSource;)V @ 45
Event: 311.024 Thread 0x00007f9a9bb30800 Uncommon trap: reason=class_check action=maybe_recompile pc=0x000000010874e678 method=java.lang.ClassLoader.checkPackageAccess(Ljava/lang/Class;Ljava/security/ProtectionDomain;)V @ 115
Event: 311.024 Thread 0x00007f9a9bb30800 Uncommon trap: reason=class_check action=maybe_recompile pc=0x000000010874e678 method=java.lang.ClassLoader.checkPackageAccess(Ljava/lang/Class;Ljava/security/ProtectionDomain;)V @ 115
Event: 311.024 Thread 0x00007f9a9bb30800 Uncommon trap: reason=class_check action=maybe_recompile pc=0x000000010874e678 method=java.lang.ClassLoader.checkPackageAccess(Ljava/lang/Class;Ljava/security/ProtectionDomain;)V @ 115
Event: 311.024 Thread 0x00007f9a9bb30800 Uncommon trap: reason=class_check action=maybe_recompile pc=0x000000010874e678 method=java.lang.ClassLoader.checkPackageAccess(Ljava/lang/Class;Ljava/security/ProtectionDomain;)V @ 115

Internal exceptions (10 events):
Event: 308.289 Thread 0x00007f9a9ed64800 Exception <a 'java/lang/NoSuchMethodError': <clinit>> (0x00000007ac833a50) thrown at [/Users/java_re/workspace/8-2-build-macosx-x86_64/jdk8u141/9370/hotspot/src/share/vm/prims/jni.cpp, line 1613]
Event: 308.298 Thread 0x00007f9a9ed64800 Exception <a 'java/lang/NoSuchMethodError': <clinit>> (0x00000007ac8b2030) thrown at [/Users/java_re/workspace/8-2-build-macosx-x86_64/jdk8u141/9370/hotspot/src/share/vm/prims/jni.cpp, line 1613]
Event: 308.298 Thread 0x00007f9a9ed64800 Exception <a 'java/lang/NoSuchMethodError': <clinit>> (0x00000007ac8b5c88) thrown at [/Users/java_re/workspace/8-2-build-macosx-x86_64/jdk8u141/9370/hotspot/src/share/vm/prims/jni.cpp, line 1613]
Event: 308.298 Thread 0x00007f9a9ed64800 Exception <a 'java/lang/NoSuchMethodError': <clinit>> (0x00000007ac8b7790) thrown at [/Users/java_re/workspace/8-2-build-macosx-x86_64/jdk8u141/9370/hotspot/src/share/vm/prims/jni.cpp, line 1613]
Event: 308.364 Thread 0x00007f9a9ed64800 Exception <a 'java/lang/ClassNotFoundException': sync_local_repo602_3m1uf8sf1ffht91je3an1p577BeanInfo> (0x00000007aca80af8) thrown at [/Users/java_re/workspace/8-2-build-macosx-x86_64/jdk8u141/9370/hotspot/src/share/vm/classfile/systemDictionary.cpp, line
Event: 308.365 Thread 0x00007f9a9ed64800 Exception <a 'java/lang/ClassNotFoundException': sync_local_repo602_3m1uf8sf1ffht91je3an1p577Customizer> (0x00000007aca8cbd8) thrown at [/Users/java_re/workspace/8-2-build-macosx-x86_64/jdk8u141/9370/hotspot/src/share/vm/classfile/systemDictionary.cpp, li
Event: 308.971 Thread 0x00007f9a9ed64800 Exception <a 'sun/nio/fs/UnixException'> (0x00000007afca7128) thrown at [/Users/java_re/workspace/8-2-build-macosx-x86_64/jdk8u141/9370/hotspot/src/share/vm/prims/jni.cpp, line 709]
Event: 310.910 Thread 0x00007f9a9bb30800 Implicit null exception at 0x0000000109fa70f1 to 0x0000000109fa7625
Event: 321.136 Thread 0x00007f9a9bb30800 JVM_StopThread thread JavaThread 0x00007f9aa01b4800 as oop 0x00000007a3f7ff68 [exception 0x00000001250cfe38]
Event: 321.150 Thread 0x00007f9a9bb30800 Exception <a 'java/lang/NoSuchFieldError': TCSANOW> (0x00000007a4116030) thrown at [/Users/java_re/workspace/8-2-build-macosx-x86_64/jdk8u141/9370/hotspot/src/share/vm/prims/jni.cpp, line 2955]

Events (10 events):
Event: 321.142 loading class org/jetbrains/kotlin/cli/common/messages/XmlMessageRenderer
Event: 321.142 loading class org/jetbrains/kotlin/cli/common/messages/XmlMessageRenderer done
Event: 321.143 loading class org/jetbrains/kotlin/cli/common/messages/MessageRenderer$1
Event: 321.143 loading class org/jetbrains/kotlin/cli/common/messages/MessageRenderer$1 done
Event: 321.143 loading class org/jetbrains/kotlin/cli/common/messages/PlainTextMessageRenderer
Event: 321.143 loading class org/jetbrains/kotlin/cli/common/messages/PlainTextMessageRenderer done
Event: 321.146 loading class org/fusesource/jansi/internal/CLibrary
Event: 321.146 loading class org/fusesource/jansi/internal/CLibrary done
Event: 321.146 loading class org/jetbrains/kotlin/org/fusesource/hawtjni/runtime/Library
Event: 321.146 loading class org/jetbrains/kotlin/org/fusesource/hawtjni/runtime/Library done


Dynamic libraries:
0x000000000c2bc000 	/System/Library/Frameworks/Cocoa.framework/Versions/A/Cocoa
0x000000000c2bc000 	/System/Library/Frameworks/Security.framework/Versions/A/Security
0x000000000c2bc000 	/System/Library/Frameworks/ApplicationServices.framework/Versions/A/ApplicationServices
0x000000000c2bc000 	/usr/lib/libz.1.dylib
0x000000000c2bc000 	/usr/lib/libSystem.B.dylib
0x000000000c2bc000 	/usr/lib/libobjc.A.dylib
0x000000000c2bc000 	/System/Library/Frameworks/CoreFoundation.framework/Versions/A/CoreFoundation
0x000000000c2bc000 	/System/Library/Frameworks/Foundation.framework/Versions/C/Foundation
0x000000000c2bc000 	/System/Library/Frameworks/AppKit.framework/Versions/C/AppKit
0x000000000c2bc000 	/System/Library/Frameworks/CoreData.framework/Versions/A/CoreData
0x000000000c2bc000 	/System/Library/PrivateFrameworks/RemoteViewServices.framework/Versions/A/RemoteViewServices
0x000000000c2bc000 	/System/Library/PrivateFrameworks/UIFoundation.framework/Versions/A/UIFoundation
0x000000000c2bc000 	/System/Library/Frameworks/IOSurface.framework/Versions/A/IOSurface
0x000000000c2bc000 	/System/Library/Frameworks/AudioToolbox.framework/Versions/A/AudioToolbox
0x000000000c2bc000 	/System/Library/Frameworks/AudioUnit.framework/Versions/A/AudioUnit
0x000000000c2bc000 	/System/Library/PrivateFrameworks/DataDetectorsCore.framework/Versions/A/DataDetectorsCore
0x000000000c2bc000 	/System/Library/PrivateFrameworks/DesktopServicesPriv.framework/Versions/A/DesktopServicesPriv
0x000000000c2bc000 	/System/Library/Frameworks/Carbon.framework/Versions/A/Frameworks/HIToolbox.framework/Versions/A/HIToolbox
0x000000000c2bc000 	/System/Library/Frameworks/QuartzCore.framework/Versions/A/QuartzCore
0x000000000c2bc000 	/System/Library/Frameworks/Carbon.framework/Versions/A/Frameworks/SpeechRecognition.framework/Versions/A/SpeechRecognition
0x000000000c2bc000 	/usr/lib/libauto.dylib
0x000000000c2bc000 	/usr/lib/libicucore.A.dylib
0x000000000c2bc000 	/usr/lib/libxml2.2.dylib
0x000000000c2bc000 	/System/Library/PrivateFrameworks/CoreUI.framework/Versions/A/CoreUI
0x000000000c2bc000 	/System/Library/Frameworks/CoreAudio.framework/Versions/A/CoreAudio
0x000000000c2bc000 	/System/Library/Frameworks/DiskArbitration.framework/Versions/A/DiskArbitration
0x000000000c2bc000 	/usr/lib/liblangid.dylib
0x000000000c2bc000 	/System/Library/PrivateFrameworks/MultitouchSupport.framework/Versions/A/MultitouchSupport
0x000000000c2bc000 	/System/Library/Frameworks/IOKit.framework/Versions/A/IOKit
0x000000000c2bc000 	/usr/lib/libDiagnosticMessagesClient.dylib
0x000000000c2bc000 	/System/Library/Frameworks/CoreServices.framework/Versions/A/CoreServices
0x000000000c2bc000 	/System/Library/PrivateFrameworks/PerformanceAnalysis.framework/Versions/A/PerformanceAnalysis
0x000000000c2bc000 	/System/Library/PrivateFrameworks/GenerationalStorage.framework/Versions/A/GenerationalStorage
0x000000000c2bc000 	/System/Library/Frameworks/OpenGL.framework/Versions/A/OpenGL
0x000000000c2bc000 	/System/Library/PrivateFrameworks/Sharing.framework/Versions/A/Sharing
0x000000000c2bc000 	/System/Library/Frameworks/CoreGraphics.framework/Versions/A/CoreGraphics
0x000000000c2bc000 	/System/Library/Frameworks/CoreText.framework/Versions/A/CoreText
0x000000000c2bc000 	/System/Library/Frameworks/ImageIO.framework/Versions/A/ImageIO
0x000000000c2bc000 	/usr/lib/libextension.dylib
0x000000000c2bc000 	/System/Library/PrivateFrameworks/Backup.framework/Versions/A/Backup
0x000000000c2bc000 	/usr/lib/libarchive.2.dylib
0x000000000c2bc000 	/System/Library/Frameworks/CFNetwork.framework/Versions/A/CFNetwork
0x000000000c2bc000 	/System/Library/Frameworks/SystemConfiguration.framework/Versions/A/SystemConfiguration
0x000000000c2bc000 	/usr/lib/libCRFSuite.dylib
0x000000000c2bc000 	/usr/lib/libc++.1.dylib
0x000000000c2bc000 	/usr/lib/libc++abi.dylib
0x000000000c2bc000 	/usr/lib/system/libcache.dylib
0x000000000c2bc000 	/usr/lib/system/libcommonCrypto.dylib
0x000000000c2bc000 	/usr/lib/system/libcompiler_rt.dylib
0x000000000c2bc000 	/usr/lib/system/libcopyfile.dylib
0x000000000c2bc000 	/usr/lib/system/libcorecrypto.dylib
0x000000000c2bc000 	/usr/lib/system/libdispatch.dylib
0x000000000c2bc000 	/usr/lib/system/libdyld.dylib
0x000000000c2bc000 	/usr/lib/system/libkeymgr.dylib
0x000000000c2bc000 	/usr/lib/system/liblaunch.dylib
0x000000000c2bc000 	/usr/lib/system/libmacho.dylib
0x000000000c2bc000 	/usr/lib/system/libquarantine.dylib
0x000000000c2bc000 	/usr/lib/system/libremovefile.dylib
0x000000000c2bc000 	/usr/lib/system/libsystem_asl.dylib
0x000000000c2bc000 	/usr/lib/system/libsystem_blocks.dylib
0x000000000c2bc000 	/usr/lib/system/libsystem_c.dylib
0x000000000c2bc000 	/usr/lib/system/libsystem_configuration.dylib
0x000000000c2bc000 	/usr/lib/system/libsystem_coreservices.dylib
0x000000000c2bc000 	/usr/lib/system/libsystem_coretls.dylib
0x000000000c2bc000 	/usr/lib/system/libsystem_dnssd.dylib
0x000000000c2bc000 	/usr/lib/system/libsystem_info.dylib
0x000000000c2bc000 	/usr/lib/system/libsystem_kernel.dylib
0x000000000c2bc000 	/usr/lib/system/libsystem_m.dylib
0x000000000c2bc000 	/usr/lib/system/libsystem_malloc.dylib
0x000000000c2bc000 	/usr/lib/system/libsystem_network.dylib
0x000000000c2bc000 	/usr/lib/system/libsystem_networkextension.dylib
0x000000000c2bc000 	/usr/lib/system/libsystem_notify.dylib
0x000000000c2bc000 	/usr/lib/system/libsystem_platform.dylib
0x000000000c2bc000 	/usr/lib/system/libsystem_pthread.dylib
0x000000000c2bc000 	/usr/lib/system/libsystem_sandbox.dylib
0x000000000c2bc000 	/usr/lib/system/libsystem_secinit.dylib
0x000000000c2bc000 	/usr/lib/system/libsystem_stats.dylib
0x000000000c2bc000 	/usr/lib/system/libsystem_trace.dylib
0x000000000c2bc000 	/usr/lib/system/libunc.dylib
0x000000000c2bc000 	/usr/lib/system/libunwind.dylib
0x000000000c2bc000 	/usr/lib/system/libxpc.dylib
0x000000000c2bc000 	/usr/lib/libbz2.1.0.dylib
0x000000000c2bc000 	/usr/lib/liblzma.5.dylib
0x000000000c2bc000 	/usr/lib/libbsm.0.dylib
0x000000000c2bc000 	/usr/lib/libsqlite3.dylib
0x000000000c2bc000 	/usr/lib/system/libkxld.dylib
0x000000000c2bc000 	/usr/lib/libxar.1.dylib
0x000000000c2bc000 	/usr/lib/libpam.2.dylib
0x000000000c2bc000 	/usr/lib/libOpenScriptingUtil.dylib
0x000000000c2bc000 	/System/Library/Frameworks/CoreServices.framework/Versions/A/Frameworks/FSEvents.framework/Versions/A/FSEvents
0x000000000c2bc000 	/System/Library/Frameworks/CoreServices.framework/Versions/A/Frameworks/CarbonCore.framework/Versions/A/CarbonCore
0x000000000c2bc000 	/System/Library/Frameworks/CoreServices.framework/Versions/A/Frameworks/Metadata.framework/Versions/A/Metadata
0x000000000c2bc000 	/System/Library/Frameworks/CoreServices.framework/Versions/A/Frameworks/OSServices.framework/Versions/A/OSServices
0x000000000c2bc000 	/System/Library/Frameworks/CoreServices.framework/Versions/A/Frameworks/SearchKit.framework/Versions/A/SearchKit
0x000000000c2bc000 	/System/Library/Frameworks/CoreServices.framework/Versions/A/Frameworks/AE.framework/Versions/A/AE
0x000000000c2bc000 	/System/Library/Frameworks/CoreServices.framework/Versions/A/Frameworks/LaunchServices.framework/Versions/A/LaunchServices
0x000000000c2bc000 	/System/Library/Frameworks/CoreServices.framework/Versions/A/Frameworks/DictionaryServices.framework/Versions/A/DictionaryServices
0x000000000c2bc000 	/System/Library/Frameworks/NetFS.framework/Versions/A/NetFS
0x000000000c2bc000 	/System/Library/PrivateFrameworks/NetAuth.framework/Versions/A/NetAuth
0x000000000c2bc000 	/System/Library/PrivateFrameworks/login.framework/Versions/A/Frameworks/loginsupport.framework/Versions/A/loginsupport
0x000000000c2bc000 	/System/Library/PrivateFrameworks/TCC.framework/Versions/A/TCC
0x000000000c2bc000 	/usr/lib/libmecabra.dylib
0x000000000c2bc000 	/System/Library/Frameworks/ApplicationServices.framework/Versions/A/Frameworks/ATS.framework/Versions/A/ATS
0x000000000c2bc000 	/System/Library/Frameworks/ApplicationServices.framework/Versions/A/Frameworks/ColorSync.framework/Versions/A/ColorSync
0x000000000c2bc000 	/System/Library/Frameworks/ApplicationServices.framework/Versions/A/Frameworks/HIServices.framework/Versions/A/HIServices
0x000000000c2bc000 	/System/Library/Frameworks/ApplicationServices.framework/Versions/A/Frameworks/LangAnalysis.framework/Versions/A/LangAnalysis
0x000000000c2bc000 	/System/Library/Frameworks/ApplicationServices.framework/Versions/A/Frameworks/PrintCore.framework/Versions/A/PrintCore
0x000000000c2bc000 	/System/Library/Frameworks/ApplicationServices.framework/Versions/A/Frameworks/QD.framework/Versions/A/QD
0x000000000c2bc000 	/System/Library/Frameworks/ApplicationServices.framework/Versions/A/Frameworks/SpeechSynthesis.framework/Versions/A/SpeechSynthesis
0x000000000c2bc000 	/System/Library/Frameworks/Accelerate.framework/Versions/A/Accelerate
0x000000000c2bc000 	/System/Library/Frameworks/Accelerate.framework/Versions/A/Frameworks/vImage.framework/Versions/A/vImage
0x000000000c2bc000 	/System/Library/Frameworks/Accelerate.framework/Versions/A/Frameworks/vecLib.framework/Versions/A/vecLib
0x000000000c2bc000 	/System/Library/Frameworks/Accelerate.framework/Versions/A/Frameworks/vecLib.framework/Versions/A/libvDSP.dylib
0x000000000c2bc000 	/System/Library/Frameworks/Accelerate.framework/Versions/A/Frameworks/vecLib.framework/Versions/A/libvMisc.dylib
0x000000000c2bc000 	/System/Library/Frameworks/Accelerate.framework/Versions/A/Frameworks/vecLib.framework/Versions/A/libLAPACK.dylib
0x000000000c2bc000 	/System/Library/Frameworks/Accelerate.framework/Versions/A/Frameworks/vecLib.framework/Versions/A/libBLAS.dylib
0x000000000c2bc000 	/System/Library/Frameworks/Accelerate.framework/Versions/A/Frameworks/vecLib.framework/Versions/A/libLinearAlgebra.dylib
0x000000000c2bc000 	/System/Library/Frameworks/ApplicationServices.framework/Versions/A/Frameworks/ATS.framework/Versions/A/Resources/libFontParser.dylib
0x000000000c2bc000 	/System/Library/Frameworks/ApplicationServices.framework/Versions/A/Frameworks/ATS.framework/Versions/A/Resources/libFontRegistry.dylib
0x000000000c2bc000 	/System/Library/PrivateFrameworks/AppleVPA.framework/Versions/A/AppleVPA
0x000000000c2bc000 	/System/Library/PrivateFrameworks/AppleJPEG.framework/Versions/A/AppleJPEG
0x000000000c2bc000 	/System/Library/Frameworks/ImageIO.framework/Versions/A/Resources/libJPEG.dylib
0x000000000c2bc000 	/System/Library/Frameworks/ImageIO.framework/Versions/A/Resources/libTIFF.dylib
0x000000000c2bc000 	/System/Library/Frameworks/ImageIO.framework/Versions/A/Resources/libPng.dylib
0x000000000c2bc000 	/System/Library/Frameworks/ImageIO.framework/Versions/A/Resources/libGIF.dylib
0x000000000c2bc000 	/System/Library/Frameworks/ImageIO.framework/Versions/A/Resources/libJP2.dylib
0x000000000c2bc000 	/System/Library/Frameworks/ImageIO.framework/Versions/A/Resources/libRadiance.dylib
0x000000000c2bc000 	/System/Library/Frameworks/CoreVideo.framework/Versions/A/CoreVideo
0x000000000c2bc000 	/System/Library/Frameworks/OpenGL.framework/Versions/A/Libraries/libGLU.dylib
0x000000000c2bc000 	/System/Library/Frameworks/OpenGL.framework/Versions/A/Libraries/libGFXShared.dylib
0x000000000c2bc000 	/System/Library/Frameworks/OpenGL.framework/Versions/A/Libraries/libGL.dylib
0x000000000c2bc000 	/System/Library/Frameworks/OpenGL.framework/Versions/A/Libraries/libGLImage.dylib
0x000000000c2bc000 	/System/Library/Frameworks/OpenGL.framework/Versions/A/Libraries/libCVMSPluginSupport.dylib
0x000000000c2bc000 	/System/Library/Frameworks/OpenGL.framework/Versions/A/Libraries/libCoreVMClient.dylib
0x000000000c2bc000 	/usr/lib/libcups.2.dylib
0x000000000c2bc000 	/System/Library/Frameworks/Kerberos.framework/Versions/A/Kerberos
0x000000000c2bc000 	/System/Library/Frameworks/GSS.framework/Versions/A/GSS
0x000000000c2bc000 	/usr/lib/libresolv.9.dylib
0x000000000c2bc000 	/usr/lib/libiconv.2.dylib
0x000000000c2bc000 	/System/Library/PrivateFrameworks/Heimdal.framework/Versions/A/Heimdal
0x000000000c2bc000 	/usr/lib/libheimdal-asn1.dylib
0x000000000c2bc000 	/System/Library/Frameworks/OpenDirectory.framework/Versions/A/OpenDirectory
0x000000000c2bc000 	/System/Library/PrivateFrameworks/CommonAuth.framework/Versions/A/CommonAuth
0x000000000c2bc000 	/System/Library/Frameworks/OpenDirectory.framework/Versions/A/Frameworks/CFOpenDirectory.framework/Versions/A/CFOpenDirectory
0x000000000c2bc000 	/System/Library/Frameworks/SecurityFoundation.framework/Versions/A/SecurityFoundation
0x000000000c2bc000 	/System/Library/PrivateFrameworks/LanguageModeling.framework/Versions/A/LanguageModeling
0x000000000c2bc000 	/usr/lib/libcmph.dylib
0x000000000c2bc000 	/System/Library/Frameworks/ServiceManagement.framework/Versions/A/ServiceManagement
0x000000000c2bc000 	/usr/lib/libxslt.1.dylib
0x000000000c2bc000 	/System/Library/Frameworks/Carbon.framework/Versions/A/Frameworks/Ink.framework/Versions/A/Ink
0x000000000c2bc000 	/System/Library/Frameworks/QuartzCore.framework/Versions/A/Frameworks/CoreImage.framework/Versions/A/CoreImage
0x000000000c2bc000 	/System/Library/PrivateFrameworks/CrashReporterSupport.framework/Versions/A/CrashReporterSupport
0x000000000c2bc000 	/System/Library/Frameworks/OpenCL.framework/Versions/A/OpenCL
0x000000000c2bc000 	/System/Library/PrivateFrameworks/FaceCore.framework/Versions/A/FaceCore
0x000000000c2bc000 	/System/Library/PrivateFrameworks/Ubiquity.framework/Versions/A/Ubiquity
0x000000000c2bc000 	/System/Library/PrivateFrameworks/IconServices.framework/Versions/A/IconServices
0x000000000c2bc000 	/System/Library/PrivateFrameworks/ChunkingLibrary.framework/Versions/A/ChunkingLibrary
0x000000000c2bc000 	/System/Library/PrivateFrameworks/Apple80211.framework/Versions/A/Apple80211
0x000000000c2bc000 	/System/Library/Frameworks/CoreWLAN.framework/Versions/A/CoreWLAN
0x000000000c2bc000 	/System/Library/Frameworks/IOBluetooth.framework/Versions/A/IOBluetooth
0x000000000c2bc000 	/System/Library/PrivateFrameworks/CoreWiFi.framework/Versions/A/CoreWiFi
0x000000000c2bc000 	/System/Library/Frameworks/CoreBluetooth.framework/Versions/A/CoreBluetooth
0x000000000c2bc000 	/System/Library/PrivateFrameworks/DebugSymbols.framework/Versions/A/DebugSymbols
0x000000000c2bc000 	/System/Library/PrivateFrameworks/CoreSymbolication.framework/Versions/A/CoreSymbolication
0x000000000c2bc000 	/System/Library/PrivateFrameworks/Symbolication.framework/Versions/A/Symbolication
0x000000000c2bc000 	/System/Library/PrivateFrameworks/SpeechRecognitionCore.framework/Versions/A/SpeechRecognitionCore
0x0000000107400000 	/Library/Java/JavaVirtualMachines/jdk1.8.0_141.jdk/Contents/Home/jre/lib/server/libjvm.dylib
0x000000000c2bc000 	/usr/lib/libstdc++.6.dylib
0x0000000106b7a000 	/Library/Java/JavaVirtualMachines/jdk1.8.0_141.jdk/Contents/Home/jre/lib/libverify.dylib
0x0000000106b88000 	/Library/Java/JavaVirtualMachines/jdk1.8.0_141.jdk/Contents/Home/jre/lib/libjava.dylib
0x0000000106bc7000 	/Library/Java/JavaVirtualMachines/jdk1.8.0_141.jdk/Contents/Home/jre/lib/libzip.dylib
0x000000011d250000 	/System/Library/Frameworks/JavaVM.framework/Frameworks/JavaRuntimeSupport.framework/JavaRuntimeSupport
0x000000011d26b000 	/System/Library/Frameworks/JavaVM.framework/Versions/A/Frameworks/JavaNativeFoundation.framework/Versions/A/JavaNativeFoundation
0x0000000106bef000 	/System/Library/Frameworks/JavaVM.framework/Versions/A/JavaVM
0x000000000c2bc000 	/System/Library/Frameworks/Carbon.framework/Versions/A/Carbon
0x000000011d280000 	/System/Library/PrivateFrameworks/JavaLaunching.framework/Versions/A/JavaLaunching
0x000000000c2bc000 	/System/Library/Frameworks/Carbon.framework/Versions/A/Frameworks/CommonPanels.framework/Versions/A/CommonPanels
0x000000000c2bc000 	/System/Library/Frameworks/Carbon.framework/Versions/A/Frameworks/Help.framework/Versions/A/Help
0x000000000c2bc000 	/System/Library/Frameworks/Carbon.framework/Versions/A/Frameworks/ImageCapture.framework/Versions/A/ImageCapture
0x000000000c2bc000 	/System/Library/Frameworks/Carbon.framework/Versions/A/Frameworks/OpenScripting.framework/Versions/A/OpenScripting
0x000000000c2bc000 	/System/Library/Frameworks/Carbon.framework/Versions/A/Frameworks/Print.framework/Versions/A/Print
0x000000000c2bc000 	/System/Library/Frameworks/Carbon.framework/Versions/A/Frameworks/SecurityHI.framework/Versions/A/SecurityHI
0x000000011f7ab000 	/Library/Java/JavaVirtualMachines/jdk1.8.0_141.jdk/Contents/Home/jre/lib/libnet.dylib
0x000000011f80a000 	/Library/Java/JavaVirtualMachines/jdk1.8.0_141.jdk/Contents/Home/jre/lib/libnio.dylib
0x000000011f8eb000 	/Users/jonathanrichards/.gradle/native/25/osx-amd64/libnative-platform.dylib
0x000000011fba2000 	/Library/Java/JavaVirtualMachines/jdk1.8.0_141.jdk/Contents/Home/jre/lib/libmanagement.dylib
0x000000011d33f000 	/private/var/folders/6_/lzlsqnfj0yg2p3y8rs_cmns80000gn/T/native-platform5824034123890292244dir/libnative-platform.dylib
0x000000011f6b1000 	/Users/jonathanrichards/.gradle/native/jansi/1.14/osx/libjansi.jnilib

VM Arguments:
jvm_args: -Xmx1536m -Dfile.encoding=UTF-8 -Duser.country=US -Duser.language=en -Duser.variant 
java_command: org.gradle.launcher.daemon.bootstrap.GradleDaemon 4.1-rc-1
java_class_path (initial): /Users/jonathanrichards/.gradle/wrapper/dists/gradle-4.1-rc-1-all/936kh1brdchce6fvd2c1o8t8x/gradle-4.1-rc-1/lib/gradle-launcher-4.1.jar
Launcher Type: SUN_STANDARD

Environment Variables:
PATH=/usr/bin:/bin:/usr/sbin:/sbin:/://platform-tools://usr/bin:/bin:/usr/sbin:/sbin
SHELL=/bin/bash
DISPLAY=/private/tmp/com.apple.launchd.UuqMfhL2YC/org.macosforge.xquartz:0

Signal Handlers:
SIGSEGV: [libjvm.dylib+0x5b26e5], sa_mask[0]=11111111011111110111111111111111, sa_flags=SA_ONSTACK|SA_RESTART|SA_SIGINFO
SIGBUS: [libjvm.dylib+0x5b26e5], sa_mask[0]=11111111011111110111111111111111, sa_flags=SA_RESTART|SA_SIGINFO
SIGFPE: [libjvm.dylib+0x489100], sa_mask[0]=11111111011111110111111111111111, sa_flags=SA_RESTART|SA_SIGINFO
SIGPIPE: [libjvm.dylib+0x489100], sa_mask[0]=11111111011111110111111111111111, sa_flags=SA_RESTART|SA_SIGINFO
SIGXFSZ: [libjvm.dylib+0x489100], sa_mask[0]=11111111011111110111111111111111, sa_flags=SA_RESTART|SA_SIGINFO
SIGILL: [libjvm.dylib+0x489100], sa_mask[0]=11111111011111110111111111111111, sa_flags=SA_RESTART|SA_SIGINFO
SIGUSR1: SIG_DFL, sa_mask[0]=00000000000000000000000000000000, sa_flags=none
SIGUSR2: [libjvm.dylib+0x488c1e], sa_mask[0]=00100000000000000000000000000000, sa_flags=SA_RESTART|SA_SIGINFO
SIGHUP: [libjvm.dylib+0x4871f5], sa_mask[0]=11111111011111110111111111111111, sa_flags=SA_RESTART|SA_SIGINFO
SIGINT: [libjvm.dylib+0x4871f5], sa_mask[0]=11111111011111110111111111111111, sa_flags=SA_RESTART|SA_SIGINFO
SIGTERM: [libjvm.dylib+0x4871f5], sa_mask[0]=11111111011111110111111111111111, sa_flags=SA_RESTART|SA_SIGINFO
SIGQUIT: [libjvm.dylib+0x4871f5], sa_mask[0]=11111111011111110111111111111111, sa_flags=SA_RESTART|SA_SIGINFO


---------------  S Y S T E M  ---------------

OS:Bsduname:Darwin 14.5.0 Darwin Kernel Version 14.5.0: Mon Aug 29 21:14:16 PDT 2016; root:xnu-2782.50.6~1/RELEASE_X86_64 x86_64
rlimit: STACK 8192k, CORE 0k, NPROC 709, NOFILE 10240, AS infinity
load average:2.77 3.56 3.71

CPU:total 4 (initial active 4) (2 cores per cpu, 2 threads per core) family 6 model 61 stepping 4, cmov, cx8, fxsr, mmx, sse, sse2, sse3, ssse3, sse4.1, sse4.2, popcnt, avx, avx2, aes, clmul, erms, 3dnowpref, lzcnt, ht, tsc, tscinvbit, bmi1, bmi2, adx

Memory: 4k page, physical 8388608k(98940k free)

/proc/meminfo:


vm_info: Java HotSpot(TM) 64-Bit Server VM (25.141-b15) for bsd-amd64 JRE (1.8.0_141-b15), built on Jul 12 2017 04:35:23 by "java_re" with gcc 4.2.1 (Based on Apple Inc. build 5658) (LLVM build 2336.11.00)

time: Wed Aug  9 09:55:27 2017
elapsed time: 321 seconds (0d 0h 5m 21s)

